2025-12-15 07:46:35,797 [ERROR] ConfigurationRetriever:142 - IOException on connection: Read timed out
2025-12-15 07:47:19,385 [ERROR] LogOutputStream:75 - [STDERR_REDIRECT] 
2025-12-15 07:47:19,386 [ERROR] LogOutputStream:75 - [STDERR_REDIRECT] 
2025-12-15 08:19:13,889 [INFO] Activator:176 - 


2025-12-15 08:19:13,892 [INFO] Activator:177 - !SESSION log4j initialized
2025-12-15 08:19:23,624 [INFO] LogOutputStream:77 - [STDOUT_REDIRECT] 
2025-12-15 08:19:25,342 [INFO] ApplicationProperties:184 - Using Application install path: D:\Install\STM32CubeIDE_1.18.1\STM32CubeIDE\plugins\com.st.stm32cube.common.mx_6.14.1.202504091515
2025-12-15 08:19:25,368 [INFO] DbMcusXml:78 - Set database path to: D:\Install\STM32CubeIDE_1.18.1\STM32CubeIDE\plugins\com.st.stm32cube.common.mx_6.14.1.202504091515\\db\/mcu/
2025-12-15 08:19:25,368 [INFO] ApiDb:274 - Set plugin database path to: D:\Install\STM32CubeIDE_1.18.1\STM32CubeIDE\plugins\com.st.stm32cube.common.mx_6.14.1.202504091515\\db\/plugins/boardmanager/
2025-12-15 08:19:25,368 [WARN] ApiDb:259 - Overriding images path with different value:  => D:\Install\STM32CubeIDE_1.18.1\STM32CubeIDE\plugins\com.st.stm32cube.common.mx_6.14.1.202504091515\\db\/plugins/mcufinder/images/
2025-12-15 08:19:25,385 [INFO] ApiDb:250 - Set database path to: C:\Users\DELL\.stmcufinder\plugins\mcufinder//mcu/
2025-12-15 08:19:25,386 [INFO] DbMcusAds:125 - Set database path to: C:\Users\DELL\.stmcufinder\plugins\mcufinder//mcu/
2025-12-15 08:19:25,390 [INFO] CrossReferenceDbSqlite:203 - Set database path to: C:\Users\DELL\.stmcufinder\plugins\mcufinder//mcu/cs/
2025-12-15 08:19:25,555 [INFO] RulesReader:64 - Compatibility file has been processed (302 Rules)
2025-12-15 08:19:25,692 [INFO] DbMcusXml:78 - Set database path to: D:\Install\STM32CubeIDE_1.18.1\STM32CubeIDE\plugins\com.st.stm32cube.common.mx_6.14.1.202504091515\\db\/mcu/
2025-12-15 08:19:25,693 [INFO] ApiDb:274 - Set plugin database path to: D:\Install\STM32CubeIDE_1.18.1\STM32CubeIDE\plugins\com.st.stm32cube.common.mx_6.14.1.202504091515\\db\/plugins/boardmanager/
2025-12-15 08:19:25,693 [INFO] ApiDb:261 - Set plugin images path to: D:\Install\STM32CubeIDE_1.18.1\STM32CubeIDE\plugins\com.st.stm32cube.common.mx_6.14.1.202504091515\\db\/plugins/mcufinder/images/
2025-12-15 08:19:25,693 [WARN] DbFile:41 - Overriding database path with different value: C:\Users\DELL\.stmcufinder\plugins\mcufinder/ => C:\Users\DELL\.stmcufinder\plugins\mcufinder
2025-12-15 08:19:25,693 [INFO] ApiDb:250 - Set database path to: C:\Users\DELL\.stmcufinder\plugins\mcufinder//mcu/
2025-12-15 08:19:25,693 [WARN] DbFile:41 - Overriding database path with different value: C:\Users\DELL\.stmcufinder\plugins\mcufinder/ => C:\Users\DELL\.stmcufinder\plugins\mcufinder
2025-12-15 08:19:25,693 [INFO] DbMcusAds:125 - Set database path to: C:\Users\DELL\.stmcufinder\plugins\mcufinder//mcu/
2025-12-15 08:19:25,694 [WARN] DbFile:41 - Overriding database path with different value: C:\Users\DELL\.stmcufinder\plugins\mcufinder/ => C:\Users\DELL\.stmcufinder\plugins\mcufinder
2025-12-15 08:19:25,694 [WARN] DbFile:41 - Overriding database path with different value: C:\Users\DELL\.stmcufinder\plugins\mcufinder/ => C:\Users\DELL\.stmcufinder\plugins\mcufinder
2025-12-15 08:19:25,694 [INFO] CrossReferenceDbSqlite:203 - Set database path to: C:\Users\DELL\.stmcufinder\plugins\mcufinder//mcu/cs/
2025-12-15 08:19:25,812 [INFO] MainPanel:272 - HeapMemory: 268435456
2025-12-15 08:19:26,015 [INFO] DbMcusXml:78 - Set database path to: D:\Install\STM32CubeIDE_1.18.1\STM32CubeIDE\plugins\com.st.stm32cube.common.mx_6.14.1.202504091515\\db\/mcu/
2025-12-15 08:19:26,016 [INFO] ApiDb:274 - Set plugin database path to: D:\Install\STM32CubeIDE_1.18.1\STM32CubeIDE\plugins\com.st.stm32cube.common.mx_6.14.1.202504091515\\db\/plugins/boardmanager/
2025-12-15 08:19:26,016 [INFO] ApiDb:261 - Set plugin images path to: D:\Install\STM32CubeIDE_1.18.1\STM32CubeIDE\plugins\com.st.stm32cube.common.mx_6.14.1.202504091515\\db\/plugins/mcufinder/images/
2025-12-15 08:19:26,016 [WARN] DbFile:41 - Overriding database path with different value: C:\Users\DELL\.stmcufinder\plugins\mcufinder/ => C:\Users\DELL\.stmcufinder\plugins\mcufinder
2025-12-15 08:19:26,017 [INFO] ApiDb:250 - Set database path to: C:\Users\DELL\.stmcufinder\plugins\mcufinder//mcu/
2025-12-15 08:19:26,017 [WARN] DbFile:41 - Overriding database path with different value: C:\Users\DELL\.stmcufinder\plugins\mcufinder/ => C:\Users\DELL\.stmcufinder\plugins\mcufinder
2025-12-15 08:19:26,017 [INFO] DbMcusAds:125 - Set database path to: C:\Users\DELL\.stmcufinder\plugins\mcufinder//mcu/
2025-12-15 08:19:26,017 [WARN] DbFile:41 - Overriding database path with different value: C:\Users\DELL\.stmcufinder\plugins\mcufinder/ => C:\Users\DELL\.stmcufinder\plugins\mcufinder
2025-12-15 08:19:26,017 [WARN] DbFile:41 - Overriding database path with different value: C:\Users\DELL\.stmcufinder\plugins\mcufinder/ => C:\Users\DELL\.stmcufinder\plugins\mcufinder
2025-12-15 08:19:26,017 [INFO] CrossReferenceDbSqlite:203 - Set database path to: C:\Users\DELL\.stmcufinder\plugins\mcufinder//mcu/cs/
2025-12-15 08:19:26,046 [INFO] ApplicationProperties:184 - Using Application install path: D:\Install\STM32CubeIDE_1.18.1\STM32CubeIDE\plugins\com.st.stm32cube.common.mx_6.14.1.202504091515
2025-12-15 08:19:26,048 [INFO] PluginManage:196 - Search for loadable plugins [exclusion list=, ]
2025-12-15 08:19:26,050 [INFO] PluginManage:310 - Check plugin analytics
2025-12-15 08:19:26,343 [INFO] AnalyticsPlugin:253 - Accepted Software Licenses: STM32CubeMX.6.14.1
2025-12-15 08:19:26,343 [INFO] AnalyticsPlugin:255 - Accepted CMSIS Pack Licenses: 
2025-12-15 08:19:26,344 [INFO] AnalyticsPlugin:257 - Accepted Firmware Licenses: FW.WL.1.3.0,FW.L4.1.18.0,FW.F4.1.28.0
2025-12-15 08:19:26,347 [INFO] PluginManage:359 - Loaded plugin analytics (category:tool,tabindex:-1)
2025-12-15 08:19:26,347 [INFO] PluginManage:310 - Check plugin cadmodel
2025-12-15 08:19:26,357 [INFO] CADModel:105 - Init CAD model plugin
2025-12-15 08:19:26,358 [INFO] PluginManage:359 - Loaded plugin cadmodel (category:power,tabindex:5)
2025-12-15 08:19:26,358 [INFO] PluginManage:310 - Check plugin clock
2025-12-15 08:19:26,382 [INFO] PluginManage:359 - Loaded plugin clock (category:base,tabindex:2)
2025-12-15 08:19:26,383 [INFO] PluginManage:310 - Check plugin ddr
2025-12-15 08:19:26,387 [INFO] PluginManage:359 - Loaded plugin ddr (category:tool,tabindex:6)
2025-12-15 08:19:26,388 [INFO] PluginManage:310 - Check plugin filemanager
2025-12-15 08:19:26,599 [INFO] PluginManage:359 - Loaded plugin filemanager (category:base,tabindex:10)
2025-12-15 08:19:26,599 [INFO] PluginManage:310 - Check plugin ipmanager
2025-12-15 08:19:26,608 [INFO] PluginManage:359 - Loaded plugin ipmanager (category:base,tabindex:5)
2025-12-15 08:19:26,608 [INFO] PluginManage:310 - Check plugin lpbam
2025-12-15 08:19:26,617 [INFO] PluginManage:359 - Loaded plugin lpbam (category:base,tabindex:0)
2025-12-15 08:19:26,617 [INFO] PluginManage:310 - Check plugin memorymap
2025-12-15 08:19:26,638 [INFO] PluginManage:359 - Loaded plugin memorymap (category:base,tabindex:4)
2025-12-15 08:19:26,638 [INFO] PluginManage:310 - Check plugin pinoutandconfiguration
2025-12-15 08:19:26,652 [INFO] PluginManage:359 - Loaded plugin pinoutandconfiguration (category:base,tabindex:1)
2025-12-15 08:19:26,652 [INFO] PluginManage:310 - Check plugin pinoutconfig
2025-12-15 08:19:26,783 [WARN] SupportedApi:132 - Cannot load RTOS API schema: s4s-elt-must-match.1: The content of 'definitions' must match (annotation?, (simpleType | complexType)?, (unique | key | keyref)*)). A problem was found starting at: attribute.
2025-12-15 08:19:27,002 [INFO] PluginManage:359 - Loaded plugin pinoutconfig (category:base,tabindex:0)
2025-12-15 08:19:27,003 [INFO] PluginManage:310 - Check plugin power
2025-12-15 08:19:27,018 [INFO] PluginManage:359 - Loaded plugin power (category:power,tabindex:4)
2025-12-15 08:19:27,018 [INFO] PluginManage:310 - Check plugin projectmanager
2025-12-15 08:19:27,041 [INFO] PluginManage:359 - Loaded plugin projectmanager (category:projectmanager,tabindex:4)
2025-12-15 08:19:27,042 [INFO] PluginManage:310 - Check plugin rif
2025-12-15 08:19:27,055 [INFO] PluginManage:359 - Loaded plugin rif (category:base,tabindex:3)
2025-12-15 08:19:27,055 [INFO] PluginManage:310 - Check plugin thirdparty
2025-12-15 08:19:27,277 [INFO] PluginManage:359 - Loaded plugin thirdparty (category:base,tabindex:-1)
2025-12-15 08:19:27,277 [INFO] PluginManage:310 - Check plugin tools
2025-12-15 08:19:27,279 [WARN] IntegrityCheckThread:84 - waiting for thirdparty lock release [integrity check]
2025-12-15 08:19:27,281 [INFO] IntegrityCheckThread:86 - entering critical section [integrity check]
2025-12-15 08:19:27,281 [INFO] ThirdPartyUpdaterWithRetryManager:70 - Updater plugin not ready yet. [1/15]
2025-12-15 08:19:27,282 [INFO] PluginManage:359 - Loaded plugin tools (category:base,tabindex:7)
2025-12-15 08:19:27,282 [INFO] PluginManage:310 - Check plugin tutovideos
2025-12-15 08:19:27,504 [INFO] PluginManage:359 - Loaded plugin tutovideos (category:base,tabindex:-1)
2025-12-15 08:19:27,504 [INFO] PluginManage:310 - Check plugin updater
2025-12-15 08:19:27,568 [INFO] PluginManage:359 - Loaded plugin updater (category:base,tabindex:12)
2025-12-15 08:19:27,569 [INFO] PluginManage:310 - Check plugin userauth
2025-12-15 08:19:27,575 [INFO] UserAuth:118 - Init User Auth plugin
2025-12-15 08:19:27,576 [INFO] PluginManage:359 - Loaded plugin userauth (category:base,tabindex:14)
2025-12-15 08:19:27,576 [INFO] PluginManage:283 - PluginManage : Loaded plugins [18]
2025-12-15 08:19:27,918 [INFO] PinOutPanel:1589 - setPackage(No Configuration,No Configuration)
2025-12-15 08:19:28,046 [INFO] CADModel:165 - CPN selected for project level
2025-12-15 08:19:28,046 [INFO] CADModel:114 - Register for checkConnection events
2025-12-15 08:19:28,066 [INFO] IPUIPlugin:80 - create IPUIPlugin
2025-12-15 08:19:28,066 [INFO] PluginManager:220 - loadIPPluginJar : add adc
2025-12-15 08:19:28,070 [INFO] IPUIPlugin:80 - create IPUIPlugin
2025-12-15 08:19:28,070 [INFO] PluginManager:220 - loadIPPluginJar : add aes
2025-12-15 08:19:28,074 [INFO] IPUIPlugin:80 - create IPUIPlugin
2025-12-15 08:19:28,074 [INFO] PluginManager:220 - loadIPPluginJar : add can
2025-12-15 08:19:28,077 [INFO] IPUIPlugin:80 - create IPUIPlugin
2025-12-15 08:19:28,077 [INFO] PluginManager:220 - loadIPPluginJar : add comp
2025-12-15 08:19:28,081 [INFO] IPUIPlugin:80 - create IPUIPlugin
2025-12-15 08:19:28,081 [INFO] PluginManager:220 - loadIPPluginJar : add cryp
2025-12-15 08:19:28,085 [INFO] IPUIPlugin:80 - create IPUIPlugin
2025-12-15 08:19:28,085 [INFO] PluginManager:220 - loadIPPluginJar : add ddr_ctrl_phy
2025-12-15 08:19:28,089 [INFO] IPUIPlugin:80 - create IPUIPlugin
2025-12-15 08:19:28,089 [INFO] PluginManager:220 - loadIPPluginJar : add dfsdm
2025-12-15 08:19:28,095 [INFO] IPUIPlugin:80 - create IPUIPlugin
2025-12-15 08:19:28,096 [INFO] PluginManager:220 - loadIPPluginJar : add dma
2025-12-15 08:19:28,101 [INFO] IPUIPlugin:80 - create IPUIPlugin
2025-12-15 08:19:28,101 [INFO] PluginManager:220 - loadIPPluginJar : add dma3
2025-12-15 08:19:28,105 [INFO] IPUIPlugin:80 - create IPUIPlugin
2025-12-15 08:19:28,105 [INFO] PluginManager:220 - loadIPPluginJar : add extmemmanager
2025-12-15 08:19:28,107 [INFO] IPUIPlugin:80 - create IPUIPlugin
2025-12-15 08:19:28,108 [INFO] PluginManager:220 - loadIPPluginJar : add fatfs
2025-12-15 08:19:28,114 [INFO] IPUIPlugin:80 - create IPUIPlugin
2025-12-15 08:19:28,114 [INFO] PluginManager:220 - loadIPPluginJar : add fmc
2025-12-15 08:19:28,123 [INFO] IPUIPlugin:80 - create IPUIPlugin
2025-12-15 08:19:28,123 [INFO] PluginManager:220 - loadIPPluginJar : add freertos
2025-12-15 08:19:28,125 [INFO] IPUIPlugin:80 - create IPUIPlugin
2025-12-15 08:19:28,126 [INFO] PluginManager:220 - loadIPPluginJar : add genericplugin
2025-12-15 08:19:28,129 [INFO] IPUIPlugin:80 - create IPUIPlugin
2025-12-15 08:19:28,129 [INFO] PluginManager:220 - loadIPPluginJar : add gfxmmu
2025-12-15 08:19:28,135 [INFO] IPUIPlugin:80 - create IPUIPlugin
2025-12-15 08:19:28,135 [INFO] PluginManager:220 - loadIPPluginJar : add gic
2025-12-15 08:19:28,141 [INFO] IPUIPlugin:80 - create IPUIPlugin
2025-12-15 08:19:28,141 [INFO] PluginManager:220 - loadIPPluginJar : add gpio
2025-12-15 08:19:28,145 [INFO] IPUIPlugin:80 - create IPUIPlugin
2025-12-15 08:19:28,145 [INFO] PluginManager:220 - loadIPPluginJar : add gtzc
2025-12-15 08:19:28,149 [INFO] IPUIPlugin:80 - create IPUIPlugin
2025-12-15 08:19:28,149 [INFO] PluginManager:220 - loadIPPluginJar : add hash
2025-12-15 08:19:28,153 [INFO] IPUIPlugin:80 - create IPUIPlugin
2025-12-15 08:19:28,153 [INFO] PluginManager:220 - loadIPPluginJar : add i2c
2025-12-15 08:19:28,157 [INFO] IPUIPlugin:80 - create IPUIPlugin
2025-12-15 08:19:28,157 [INFO] PluginManager:220 - loadIPPluginJar : add i2s
2025-12-15 08:19:28,161 [INFO] IPUIPlugin:80 - create IPUIPlugin
2025-12-15 08:19:28,161 [INFO] PluginManager:220 - loadIPPluginJar : add i3c
2025-12-15 08:19:28,166 [INFO] IPUIPlugin:80 - create IPUIPlugin
2025-12-15 08:19:28,166 [INFO] PluginManager:220 - loadIPPluginJar : add ipddr
2025-12-15 08:19:28,174 [INFO] IPUIPlugin:80 - create IPUIPlugin
2025-12-15 08:19:28,174 [INFO] PluginManager:220 - loadIPPluginJar : add linkedlist
2025-12-15 08:19:28,178 [INFO] IPUIPlugin:80 - create IPUIPlugin
2025-12-15 08:19:28,178 [INFO] PluginManager:220 - loadIPPluginJar : add lorawan
2025-12-15 08:19:28,184 [INFO] IPUIPlugin:80 - create IPUIPlugin
2025-12-15 08:19:28,184 [INFO] PluginManager:220 - loadIPPluginJar : add ltdc
2025-12-15 08:19:28,193 [INFO] IPUIPlugin:80 - create IPUIPlugin
2025-12-15 08:19:28,193 [INFO] PluginManager:220 - loadIPPluginJar : add mdma
2025-12-15 08:19:28,198 [INFO] IPUIPlugin:80 - create IPUIPlugin
2025-12-15 08:19:28,198 [INFO] PluginManager:220 - loadIPPluginJar : add nvic
2025-12-15 08:19:28,203 [INFO] IPUIPlugin:80 - create IPUIPlugin
2025-12-15 08:19:28,203 [INFO] PluginManager:220 - loadIPPluginJar : add opamp
2025-12-15 08:19:28,207 [INFO] IPUIPlugin:80 - create IPUIPlugin
2025-12-15 08:19:28,207 [INFO] PluginManager:220 - loadIPPluginJar : add openamp
2025-12-15 08:19:28,212 [INFO] IPUIPlugin:80 - create IPUIPlugin
2025-12-15 08:19:28,212 [INFO] PluginManager:220 - loadIPPluginJar : add pdm2pcm
2025-12-15 08:19:28,218 [INFO] IPUIPlugin:80 - create IPUIPlugin
2025-12-15 08:19:28,221 [INFO] PluginManager:220 - loadIPPluginJar : add plateformsettings
2025-12-15 08:19:28,224 [INFO] IPUIPlugin:80 - create IPUIPlugin
2025-12-15 08:19:28,224 [INFO] PluginManager:220 - loadIPPluginJar : add quadspi
2025-12-15 08:19:28,227 [INFO] IPUIPlugin:80 - create IPUIPlugin
2025-12-15 08:19:28,229 [INFO] PluginManager:220 - loadIPPluginJar : add radio
2025-12-15 08:19:28,234 [INFO] IPUIPlugin:80 - create IPUIPlugin
2025-12-15 08:19:28,235 [INFO] PluginManager:220 - loadIPPluginJar : add resmgrutility
2025-12-15 08:19:28,239 [INFO] IPUIPlugin:80 - create IPUIPlugin
2025-12-15 08:19:28,239 [INFO] PluginManager:220 - loadIPPluginJar : add sai
2025-12-15 08:19:28,244 [INFO] IPUIPlugin:80 - create IPUIPlugin
2025-12-15 08:19:28,244 [INFO] PluginManager:220 - loadIPPluginJar : add spi
2025-12-15 08:19:28,252 [INFO] IPUIPlugin:80 - create IPUIPlugin
2025-12-15 08:19:28,253 [INFO] PluginManager:220 - loadIPPluginJar : add stm32_wpan
2025-12-15 08:19:28,255 [INFO] IPUIPlugin:80 - create IPUIPlugin
2025-12-15 08:19:28,255 [INFO] PluginManager:220 - loadIPPluginJar : add tim
2025-12-15 08:19:28,260 [INFO] IPUIPlugin:80 - create IPUIPlugin
2025-12-15 08:19:28,260 [INFO] PluginManager:220 - loadIPPluginJar : add touchsensing
2025-12-15 08:19:28,264 [INFO] IPUIPlugin:80 - create IPUIPlugin
2025-12-15 08:19:28,264 [INFO] PluginManager:220 - loadIPPluginJar : add tracer_emb
2025-12-15 08:19:28,267 [INFO] IPUIPlugin:80 - create IPUIPlugin
2025-12-15 08:19:28,267 [INFO] PluginManager:220 - loadIPPluginJar : add ts
2025-12-15 08:19:28,269 [INFO] IPUIPlugin:80 - create IPUIPlugin
2025-12-15 08:19:28,270 [INFO] PluginManager:220 - loadIPPluginJar : add tsc
2025-12-15 08:19:28,272 [INFO] IPUIPlugin:80 - create IPUIPlugin
2025-12-15 08:19:28,272 [INFO] PluginManager:220 - loadIPPluginJar : add ucpd
2025-12-15 08:19:28,276 [INFO] IPUIPlugin:80 - create IPUIPlugin
2025-12-15 08:19:28,276 [INFO] PluginManager:220 - loadIPPluginJar : add usart
2025-12-15 08:19:28,281 [INFO] IPUIPlugin:80 - create IPUIPlugin
2025-12-15 08:19:28,281 [INFO] PluginManager:220 - loadIPPluginJar : add usbx
2025-12-15 08:19:28,434 [FATAL] Updater:351 - Updater called before beeing initialized
2025-12-15 08:19:28,506 [INFO] RulesReader:64 - Compatibility file has been processed (302 Rules)
2025-12-15 08:19:28,525 [INFO] RulesReader:64 - Compatibility file has been processed (302 Rules)
2025-12-15 08:19:28,535 [INFO] CADModel:165 - CPN selected for project level
2025-12-15 08:19:28,535 [INFO] CADModel:114 - Register for checkConnection events
2025-12-15 08:19:28,536 [FATAL] Updater:351 - Updater called before beeing initialized
2025-12-15 08:19:28,536 [ERROR] CADModel:125 - Updater not yet initialized, retry later 
2025-12-15 08:19:28,723 [FATAL] Updater:351 - Updater called before beeing initialized
2025-12-15 08:19:28,725 [INFO] CADModel:165 - CPN selected for project level
2025-12-15 08:19:28,725 [INFO] CADModel:114 - Register for checkConnection events
2025-12-15 08:19:28,726 [FATAL] Updater:351 - Updater called before beeing initialized
2025-12-15 08:19:28,726 [ERROR] CADModel:125 - Updater not yet initialized, retry later 
2025-12-15 08:19:28,730 [FATAL] Updater:351 - Updater called before beeing initialized
2025-12-15 08:19:28,894 [FATAL] Updater:351 - Updater called before beeing initialized
2025-12-15 08:19:28,900 [INFO] DbMcusAds:53 - JSON generation date=Mon Dec 08 19:28:09 PKT 2025 (1765204089858)
2025-12-15 08:19:28,900 [FATAL] Updater:351 - Updater called before beeing initialized
2025-12-15 08:19:28,954 [WARN] DetailPanel:346 - Failed to get advertising image, set to default
2025-12-15 08:19:29,264 [FATAL] Updater:351 - Updater called before beeing initialized
2025-12-15 08:19:29,269 [FATAL] Updater:351 - Updater called before beeing initialized
2025-12-15 08:19:29,269 [FATAL] Updater:351 - Updater called before beeing initialized
2025-12-15 08:19:29,269 [WARN] DetailPanel:346 - Failed to get advertising image, set to default
2025-12-15 08:19:29,270 [FATAL] Updater:351 - Updater called before beeing initialized
2025-12-15 08:19:29,345 [ERROR] Updater:1198 - MainUpdater not yet initialized. External WinMGr cannot be set.
2025-12-15 08:19:29,347 [INFO] Updater:1134 - Updater Version found : 6.14.1
2025-12-15 08:19:29,373 [INFO] ApplicationProperties:184 - Using Application install path: D:\Install\STM32CubeIDE_1.18.1\STM32CubeIDE\plugins\com.st.stm32cube.common.mx_6.14.1.202504091515
2025-12-15 08:19:30,282 [INFO] ThirdPartyUpdaterWithRetryManager:70 - Updater plugin not ready yet. [2/15]
2025-12-15 08:19:30,962 [ERROR] LogOutputStream:75 - [STDERR_REDIRECT] Dec 15, 2025 8:19:30 AM java.util.prefs.WindowsPreferences <init>
2025-12-15 08:19:30,969 [ERROR] LogOutputStream:75 - [STDERR_REDIRECT] WARNING: Could not open/create prefs root node Software\JavaSoft\Prefs at root 0xffffffff80000002. Windows RegCreateKeyEx(...) returned error code 5.
2025-12-15 08:19:30,970 [ERROR] LogOutputStream:75 - [STDERR_REDIRECT] 
2025-12-15 08:19:31,900 [INFO] MainUpdater:2872 - connection check result : 10
2025-12-15 08:19:31,901 [INFO] MainUpdater:289 - Updater Check For Update Now.
2025-12-15 08:19:31,902 [INFO] MicroXplorer:498 - Change Database Version : DB.6.0.141
2025-12-15 08:19:31,916 [INFO] McuFinderGlobals:63 - Set McuFinder mode to 2 (CubeIDE integrated)
2025-12-15 08:19:31,917 [INFO] UserAuth:484 - Internet connection configuration mode: 1
2025-12-15 08:19:31,952 [INFO] JxBrowserEngine:152 - Initiate JxBrowser Engine with user profile folder
2025-12-15 08:19:32,174 [INFO] CheckServerUpdateThread:120 - End of CheckServer Thread
2025-12-15 08:19:34,101 [WARN] PackLoader:240 - Cannot read IP mode file for STMicroelectronics.FP-SNS-MOTENVWB1.1.4.0
2025-12-15 08:19:34,117 [WARN] PackLoader:240 - Cannot read IP mode file for STMicroelectronics.FP-ATR-ASTRA1.2.0.2
2025-12-15 08:19:34,128 [WARN] PackLoader:240 - Cannot read IP mode file for STMicroelectronics.X-CUBE-SMBUS.2.1.0
2025-12-15 08:19:34,137 [WARN] PackLoader:240 - Cannot read IP mode file for STMicroelectronics.X-CUBE-ST60.1.0.0
2025-12-15 08:19:34,247 [WARN] PackLoader:240 - Cannot read IP mode file for STMicroelectronics.X-CUBE-AZRTOS-F7.1.1.0
2025-12-15 08:19:34,287 [WARN] PackLoader:240 - Cannot read IP mode file for Cesanta.I-CUBE-Mongoose.7.19.0
2025-12-15 08:19:34,292 [ERROR] Engine:466 - C:\Users\DELL\.stm32cubemx\thirdparties\pdsc\STMicroelectronics.FP-SNS-MOTENV1.5.1.0.pdsc: PDSC version is not supported
2025-12-15 08:19:34,299 [ERROR] Engine:466 - C:\Users\DELL\.stm32cubemx\thirdparties\pdsc\WES.I-CUBE-Cesium.1.4.0.pdsc: PDSC version is not supported
2025-12-15 08:19:34,340 [WARN] PackLoader:240 - Cannot read IP mode file for Infineon.AIROC-Wi-Fi-Bluetooth-STM32.1.7.1
2025-12-15 08:19:34,411 [WARN] PackLoader:240 - Cannot read IP mode file for STMicroelectronics.X-CUBE-AZRTOS-H7.3.4.0
2025-12-15 08:19:34,430 [WARN] PackLoader:240 - Cannot read IP mode file for STMicroelectronics.X-CUBE-DISPLAY.3.0.0
2025-12-15 08:19:34,451 [WARN] PackLoader:240 - Cannot read IP mode file for STMicroelectronics.X-CUBE-NFC10.1.0.0
2025-12-15 08:19:34,461 [WARN] PackLoader:240 - Cannot read IP mode file for STMicroelectronics.X-CUBE-ST60.1.1.0
2025-12-15 08:19:34,472 [WARN] PackLoader:240 - Cannot read IP mode file for emotas.I-CUBE-CANOPEN.1.3.0
2025-12-15 08:19:34,482 [WARN] PackLoader:240 - Cannot read IP mode file for STMicroelectronics.X-CUBE-GNSS1.7.1.0
2025-12-15 08:19:34,490 [ERROR] Engine:466 - C:\Users\DELL\.stm32cubemx\thirdparties\pdsc\STMicroelectronics.FP-SNS-STBOX1.2.1.0.pdsc: PDSC version is not supported
2025-12-15 08:19:34,497 [WARN] PackLoader:240 - Cannot read IP mode file for STMicroelectronics.FP-SNS-SMARTAG2.1.2.0
2025-12-15 08:19:34,504 [WARN] PackLoader:240 - Cannot read IP mode file for STMicroelectronics.FP-SNS-FLIGHT1.5.1.0
2025-12-15 08:19:34,538 [INFO] LogOutputStream:77 - [STDOUT_REDIRECT] 1 : Invalid condition id : UX_CORESTACK_Condition cause : null
2025-12-15 08:19:34,538 [INFO] LogOutputStream:77 - [STDOUT_REDIRECT] 1 : Invalid condition id : UX_CORESTACK_Condition cause : null
2025-12-15 08:19:34,540 [INFO] LogOutputStream:77 - [STDOUT_REDIRECT] 1 : Invalid condition id : UX_CORESTACK_Condition cause : null
2025-12-15 08:19:34,542 [INFO] LogOutputStream:77 - [STDOUT_REDIRECT] 1 : Invalid condition id : UX_CORESTACK_Condition cause : null
2025-12-15 08:19:34,544 [INFO] LogOutputStream:77 - [STDOUT_REDIRECT] 1 : Invalid condition id : UX_CORESTACK_Condition cause : null
2025-12-15 08:19:34,548 [WARN] PackLoader:240 - Cannot read IP mode file for STMicroelectronics.X-CUBE-AZRTOS-WL.2.0.0
2025-12-15 08:19:34,556 [WARN] PackLoader:240 - Cannot read IP mode file for STMicroelectronics.FP-SNS-MOTENV1.5.0.0
2025-12-15 08:19:34,588 [WARN] PackLoader:240 - Cannot read IP mode file for STMicroelectronics.X-CUBE-AZRTOS-H7RS.1.2.0
2025-12-15 08:19:34,598 [WARN] PackLoader:240 - Cannot read IP mode file for STMicroelectronics.X-CUBE-BLE2.3.3.0
2025-12-15 08:19:34,629 [WARN] PackLoader:240 - Cannot read IP mode file for STMicroelectronics.X-CUBE-NFC9.1.0.0
2025-12-15 08:19:34,664 [WARN] PackLoader:240 - Cannot read IP mode file for wolfSSL.I-CUBE-wolfSSL.5.8.2
2025-12-15 08:19:34,672 [WARN] PackLoader:240 - Cannot read IP mode file for STMicroelectronics.X-CUBE-BLE1.7.1.0
2025-12-15 08:19:34,680 [WARN] PackLoader:240 - Cannot read IP mode file for wolfSSL.I-CUBE-wolfMQTT.1.19.2
2025-12-15 08:19:34,685 [ERROR] Engine:466 - C:\Users\DELL\.stm32cubemx\thirdparties\pdsc\STMicroelectronics.X-CUBE-FREERTOS.1.4.0.pdsc: PDSC version is not supported
2025-12-15 08:19:34,694 [WARN] PackLoader:240 - Cannot read IP mode file for STMicroelectronics.X-CUBE-EEPRMA1.5.2.0
2025-12-15 08:19:34,701 [ERROR] Engine:466 - C:\Users\DELL\.stm32cubemx\thirdparties\pdsc\STMicroelectronics.X-CUBE-ST67W61.1.1.0.pdsc: PDSC version is not supported
2025-12-15 08:19:34,818 [WARN] PackLoader:240 - Cannot read IP mode file for STMicroelectronics.X-CUBE-MEMS1.12.0.0
2025-12-15 08:19:34,840 [INFO] WebApp:169 - Instantiating new browser for Auth
2025-12-15 08:19:35,207 [WARN] PackLoader:240 - Cannot read IP mode file for STMicroelectronics.X-CUBE-AZRTOS-G0.1.1.0
2025-12-15 08:19:35,227 [WARN] PackLoader:240 - Cannot read IP mode file for STMicroelectronics.X-CUBE-SAFEA1.1.2.2
2025-12-15 08:19:35,262 [WARN] PackLoader:240 - Cannot read IP mode file for STMicroelectronics.X-CUBE-NFC4.3.0.0
2025-12-15 08:19:35,282 [WARN] PackLoader:240 - Cannot read IP mode file for EmbeddedOffice.I-CUBE-FS-RTOS.1.0.1
2025-12-15 08:19:35,295 [WARN] PackLoader:240 - Cannot read IP mode file for STMicroelectronics.X-CUBE-WB05N.2.0.0
2025-12-15 08:19:35,301 [WARN] PackLoader:240 - Cannot read IP mode file for wolfSSL.I-CUBE-wolfTPM.3.8.0
2025-12-15 08:19:35,312 [WARN] PackLoader:240 - Cannot read IP mode file for STMicroelectronics.X-CUBE-TCPP.4.2.0
2025-12-15 08:19:35,331 [WARN] PackLoader:240 - Cannot read IP mode file for RealThread.X-CUBE-RT-Thread_Nano.4.1.1
2025-12-15 08:19:35,354 [WARN] PackLoader:240 - Cannot read IP mode file for STMicroelectronics.FP-ATR-SIGFOX1.3.2.0
2025-12-15 08:19:35,364 [WARN] PackLoader:240 - Cannot read IP mode file for ITTIA_DB.I-CUBE-ITTIADB.8.9.0
2025-12-15 08:19:35,373 [WARN] PackLoader:240 - Cannot read IP mode file for STMicroelectronics.X-CUBE-ST67W61.1.0.0
2025-12-15 08:19:35,379 [WARN] PackLoader:240 - Cannot read IP mode file for STMicroelectronics.X-CUBE-AI.10.2.0
2025-12-15 08:19:35,422 [WARN] PackLoader:240 - Cannot read IP mode file for SEGGER.I-CUBE-embOS.1.3.1
2025-12-15 08:19:35,518 [WARN] PackLoader:240 - Cannot read IP mode file for STMicroelectronics.X-CUBE-ALGOBUILD.1.4.0
2025-12-15 08:19:35,631 [WARN] PackLoader:240 - Cannot read IP mode file for STMicroelectronics.X-CUBE-MEMS1.11.3.0
2025-12-15 08:19:35,892 [WARN] PackLoader:240 - Cannot read IP mode file for STMicroelectronics.X-CUBE-PM33A1.1.0.0
2025-12-15 08:19:36,474 [WARN] PackLoader:240 - Cannot read IP mode file for STMicroelectronics.X-CUBE-AZRTOS-F4.1.1.0
2025-12-15 08:19:36,487 [WARN] PackLoader:240 - Cannot read IP mode file for Avnet-IotConnect.X-CUBE-IoTC-DA16k-PMOD.1.0.0
2025-12-15 08:19:36,497 [WARN] PackLoader:240 - Cannot read IP mode file for STMicroelectronics.X-CUBE-ISPU.2.1.0
2025-12-15 08:19:36,512 [ERROR] Engine:466 - C:\Users\DELL\.stm32cubemx\thirdparties\pdsc\STMicroelectronics.X-CUBE-IPS.3.2.0.pdsc: PDSC version is not supported
2025-12-15 08:19:36,527 [WARN] PackLoader:240 - Cannot read IP mode file for STMicroelectronics.X-CUBE-NFC12.1.0.0
2025-12-15 08:19:36,560 [WARN] PackLoader:240 - Cannot read IP mode file for STMicroelectronics.X-CUBE-AZRTOS-L5.2.0.0
2025-12-15 08:19:36,582 [WARN] PackLoader:240 - Cannot read IP mode file for STMicroelectronics.X-CUBE-NFC6.3.1.0
2025-12-15 08:19:36,629 [WARN] PackLoader:240 - Cannot read IP mode file for STMicroelectronics.X-CUBE-FREERTOS.1.3.1
2025-12-15 08:19:36,639 [WARN] PackLoader:240 - Cannot read IP mode file for STMicroelectronics.X-CUBE-TOUCHGFX.4.26.0
2025-12-15 08:19:36,653 [WARN] PackLoader:240 - Cannot read IP mode file for STMicroelectronics.FP-SNS-STAIOTCFT.1.0.0
2025-12-15 08:19:36,663 [WARN] PackLoader:240 - Cannot read IP mode file for STMicroelectronics.X-CUBE-DPower.1.3.0
2025-12-15 08:19:36,709 [WARN] ConditionMgr:438 - getConditionDescription Invalid condition id : LAN8742 Phy interface Condition cause : null
2025-12-15 08:19:36,712 [WARN] PackLoader:240 - Cannot read IP mode file for STMicroelectronics.X-CUBE-AZRTOS-L4.2.0.0
2025-12-15 08:19:36,713 [WARN] ConditionMgr:1044 - genDependencies : Invalid condition id : LAN8742 Phy interface Condition cause : null
2025-12-15 08:19:36,714 [WARN] ConditionMgr:1044 - genDependencies : Invalid condition id : LAN8742 Phy interface Condition cause : null
2025-12-15 08:19:36,714 [WARN] ConditionMgr:1044 - genDependencies : Invalid condition id : LAN8742 Phy interface Condition cause : null
2025-12-15 08:19:36,735 [WARN] PackLoader:240 - Cannot read IP mode file for STMicroelectronics.X-CUBE-SFXS2LP1.4.0.0
2025-12-15 08:19:36,755 [WARN] PackLoader:240 - Cannot read IP mode file for STMicroelectronics.X-CUBE-BLEMGR.4.1.0
2025-12-15 08:19:36,802 [WARN] ConditionMgr:438 - getConditionDescription Invalid condition id : UX DEVICE CLASS RTOS Condition cause : null
2025-12-15 08:19:36,802 [WARN] ConditionMgr:438 - getConditionDescription Invalid condition id : UX DEVICE CLASS RTOS Condition cause : null
2025-12-15 08:19:36,805 [WARN] PackLoader:240 - Cannot read IP mode file for STMicroelectronics.X-CUBE-AZRTOS-WB.2.0.0
2025-12-15 08:19:36,806 [WARN] ConditionMgr:1044 - genDependencies : Invalid condition id : UX DEVICE CLASS RTOS Condition cause : null
2025-12-15 08:19:36,807 [WARN] ConditionMgr:1044 - genDependencies : Invalid condition id : UX DEVICE CLASS RTOS Condition cause : null
2025-12-15 08:19:36,807 [WARN] ConditionMgr:1044 - genDependencies : Invalid condition id : UX DEVICE CLASS RTOS Condition cause : null
2025-12-15 08:19:36,808 [WARN] ConditionMgr:1044 - genDependencies : Invalid condition id : UX DEVICE CLASS RTOS Condition cause : null
2025-12-15 08:19:36,809 [WARN] ConditionMgr:1044 - genDependencies : Invalid condition id : UX DEVICE CLASS RTOS Condition cause : null
2025-12-15 08:19:36,819 [WARN] PackLoader:240 - Cannot read IP mode file for STMicroelectronics.X-CUBE-GNSS1.7.0.1
2025-12-15 08:19:36,824 [WARN] PackLoader:240 - Cannot read IP mode file for STMicroelectronics.X-CUBE-TOUCHGFX.4.25.0
2025-12-15 08:19:36,831 [WARN] ConditionMgr:438 - getConditionDescription Invalid condition id : Cortex-A Device cause : null
2025-12-15 08:19:36,860 [WARN] ConditionMgr:1044 - genDependencies : Invalid condition id : Cortex-A Device cause : null
2025-12-15 08:19:36,861 [WARN] ConditionMgr:1044 - genDependencies : Invalid condition id : Cortex-A Device cause : null
2025-12-15 08:19:36,861 [WARN] ConditionMgr:1044 - genDependencies : Invalid condition id : Cortex-A Device cause : null
2025-12-15 08:19:36,882 [WARN] PackLoader:240 - Cannot read IP mode file for STMicroelectronics.X-CUBE-SUBG2.5.0.0
2025-12-15 08:19:36,954 [WARN] PackLoader:240 - Cannot read IP mode file for STMicroelectronics.X-CUBE-AZRTOS-H7RS.1.1.0
2025-12-15 08:19:36,979 [WARN] PackLoader:240 - Cannot read IP mode file for STMicroelectronics.X-CUBE-AZRTOS-G4.2.0.0
2025-12-15 08:19:36,988 [WARN] PackLoader:240 - Cannot read IP mode file for wolfSSL.I-CUBE-wolfSSH.1.4.20
2025-12-15 08:19:36,994 [WARN] PackLoader:240 - Cannot read IP mode file for STMicroelectronics.X-CUBE-NFC7.2.0.0
2025-12-15 08:19:37,010 [WARN] PackLoader:240 - Cannot read IP mode file for STMicroelectronics.X-CUBE-IPS.3.1.0
2025-12-15 08:19:37,023 [WARN] PackLoader:240 - Cannot read IP mode file for STMicroelectronics.X-CUBE-ALS.1.0.2
2025-12-15 08:19:37,034 [WARN] PackLoader:240 - Cannot read IP mode file for STMicroelectronics.X-CUBE-STSE01.1.0.0
2025-12-15 08:19:37,060 [WARN] PackLoader:240 - Cannot read IP mode file for STMicroelectronics.X-CUBE-TOF1.3.4.3
2025-12-15 08:19:37,098 [INFO] ThirdParty:978 - Integrity check success = true
2025-12-15 08:19:37,098 [INFO] IntegrityCheckThread:100 - exiting critical section [integrity check]
2025-12-15 08:19:37,098 [INFO] IntegrityCheckThread:103 - End integrity checks thread
2025-12-15 08:19:38,060 [INFO] WebApp:463 - Apply proxy settings
2025-12-15 08:19:38,061 [INFO] WebApp:548 - Chromium requires no authentication
2025-12-15 08:19:38,077 [INFO] WebApp:491 - Direct internet connection detected
2025-12-15 08:19:38,119 [INFO] WebApp:894 - Register for checkConnection events
2025-12-15 08:19:38,119 [INFO] WebApp:463 - Apply proxy settings
2025-12-15 08:19:38,119 [INFO] WebApp:548 - Chromium requires no authentication
2025-12-15 08:19:38,120 [INFO] WebApp:491 - Direct internet connection detected
2025-12-15 08:19:38,415 [INFO] WebApp:225 - Starting web application
2025-12-15 08:19:38,416 [INFO] WebApp:593 - Web application path used D:\Install\STM32CubeIDE_1.18.1\STM32CubeIDE\plugins\com.st.stm32cube.common.mx_6.14.1.202504091515\db\plugins\mcufinder\reactClient1\index.html
2025-12-15 08:19:38,731 [INFO] WebApp:191 - Connection restablished
2025-12-15 08:19:38,977 [INFO] UserAuth:484 - Internet connection configuration mode: 1
2025-12-15 11:31:07,584 [INFO] WebApp:194 - Connection lost
2025-12-15 11:31:08,524 [INFO] WebApp:191 - Connection restablished
2025-12-15 11:33:23,997 [INFO] WebApp:194 - Connection lost
2025-12-15 11:33:24,410 [INFO] WebApp:191 - Connection restablished
2025-12-15 12:15:26,522 [INFO] WebApp:194 - Connection lost
2025-12-15 12:15:27,235 [INFO] WebApp:191 - Connection restablished
2025-12-15 13:55:49,660 [INFO] WebApp:194 - Connection lost
2025-12-15 13:55:50,113 [INFO] WebApp:191 - Connection restablished
2025-12-15 13:55:51,489 [INFO] WebApp:194 - Connection lost
2025-12-15 13:55:51,798 [INFO] WebApp:191 - Connection restablished
2025-12-15 14:30:54,000 [INFO] WebApp:194 - Connection lost
2025-12-15 14:30:54,425 [INFO] WebApp:191 - Connection restablished
2025-12-15 18:04:05,999 [INFO] WebApp:194 - Connection lost
2025-12-15 18:07:09,939 [INFO] WebApp:191 - Connection restablished
2025-12-15 18:07:11,141 [INFO] WebApp:194 - Connection lost
2025-12-15 18:07:11,642 [INFO] WebApp:191 - Connection restablished
2025-12-15 18:07:25,517 [INFO] WebApp:194 - Connection lost
2025-12-15 18:07:25,974 [INFO] WebApp:191 - Connection restablished
2025-12-15 18:07:41,710 [INFO] WebApp:194 - Connection lost
2025-12-15 18:07:52,674 [INFO] WebApp:191 - Connection restablished
2025-12-15 18:07:54,495 [INFO] WebApp:194 - Connection lost
2025-12-15 18:07:54,925 [INFO] WebApp:191 - Connection restablished
2025-12-15 18:08:28,032 [INFO] WebApp:194 - Connection lost
2025-12-15 18:08:28,580 [INFO] WebApp:191 - Connection restablished
2025-12-15 18:08:39,667 [INFO] WebApp:194 - Connection lost
2025-12-15 18:08:40,121 [INFO] WebApp:191 - Connection restablished
2025-12-15 18:08:49,259 [INFO] WebApp:194 - Connection lost
2025-12-15 18:08:57,018 [INFO] WebApp:191 - Connection restablished
2025-12-15 18:08:58,505 [INFO] WebApp:194 - Connection lost
2025-12-15 18:08:58,986 [INFO] WebApp:191 - Connection restablished
2025-12-15 18:09:00,961 [INFO] WebApp:194 - Connection lost
2025-12-15 18:09:01,529 [INFO] WebApp:191 - Connection restablished
2025-12-15 18:10:00,667 [INFO] WebApp:194 - Connection lost
2025-12-15 19:03:44,770 [INFO] WebApp:191 - Connection restablished
2025-12-15 19:03:47,516 [INFO] WebApp:194 - Connection lost
2025-12-15 19:03:48,040 [INFO] WebApp:191 - Connection restablished
2025-12-15 19:21:28,655 [INFO] WebApp:194 - Connection lost
2025-12-15 19:22:18,776 [INFO] WebApp:191 - Connection restablished
2025-12-15 19:22:19,992 [INFO] WebApp:194 - Connection lost
2025-12-15 19:22:20,458 [INFO] WebApp:191 - Connection restablished
2025-12-15 21:21:56,004 [INFO] WebApp:194 - Connection lost
2025-12-15 21:21:56,470 [INFO] WebApp:191 - Connection restablished
2025-12-15 21:21:57,987 [INFO] WebApp:194 - Connection lost
2025-12-15 21:21:58,305 [INFO] WebApp:191 - Connection restablished
2025-12-15 21:22:44,052 [ERROR] LogOutputStream:75 - [STDERR_REDIRECT] 
