2026-02-09 09:57:00,488 [ERROR] LogOutputStream:75 - [STDERR_REDIRECT] 
2026-02-09 10:06:39,698 [INFO] Activator:176 - 


2026-02-09 10:06:39,701 [INFO] Activator:177 - !SESSION log4j initialized
2026-02-09 10:06:50,822 [INFO] LogOutputStream:77 - [STDOUT_REDIRECT] 
2026-02-09 10:06:53,402 [INFO] ApplicationProperties:184 - Using Application install path: D:\Install\STM32CubeIDE_1.18.1\STM32CubeIDE\plugins\com.st.stm32cube.common.mx_6.14.1.202504091515
2026-02-09 10:06:53,428 [INFO] DbMcusXml:78 - Set database path to: D:\Install\STM32CubeIDE_1.18.1\STM32CubeIDE\plugins\com.st.stm32cube.common.mx_6.14.1.202504091515\\db\/mcu/
2026-02-09 10:06:53,429 [INFO] ApiDb:274 - Set plugin database path to: D:\Install\STM32CubeIDE_1.18.1\STM32CubeIDE\plugins\com.st.stm32cube.common.mx_6.14.1.202504091515\\db\/plugins/boardmanager/
2026-02-09 10:06:53,429 [WARN] ApiDb:259 - Overriding images path with different value:  => D:\Install\STM32CubeIDE_1.18.1\STM32CubeIDE\plugins\com.st.stm32cube.common.mx_6.14.1.202504091515\\db\/plugins/mcufinder/images/
2026-02-09 10:06:53,442 [INFO] ApiDb:250 - Set database path to: C:\Users\DELL\.stmcufinder\plugins\mcufinder//mcu/
2026-02-09 10:06:53,444 [INFO] DbMcusAds:125 - Set database path to: C:\Users\DELL\.stmcufinder\plugins\mcufinder//mcu/
2026-02-09 10:06:53,447 [INFO] CrossReferenceDbSqlite:203 - Set database path to: C:\Users\DELL\.stmcufinder\plugins\mcufinder//mcu/cs/
2026-02-09 10:06:53,611 [INFO] RulesReader:64 - Compatibility file has been processed (302 Rules)
2026-02-09 10:06:53,731 [INFO] DbMcusXml:78 - Set database path to: D:\Install\STM32CubeIDE_1.18.1\STM32CubeIDE\plugins\com.st.stm32cube.common.mx_6.14.1.202504091515\\db\/mcu/
2026-02-09 10:06:53,731 [INFO] ApiDb:274 - Set plugin database path to: D:\Install\STM32CubeIDE_1.18.1\STM32CubeIDE\plugins\com.st.stm32cube.common.mx_6.14.1.202504091515\\db\/plugins/boardmanager/
2026-02-09 10:06:53,731 [INFO] ApiDb:261 - Set plugin images path to: D:\Install\STM32CubeIDE_1.18.1\STM32CubeIDE\plugins\com.st.stm32cube.common.mx_6.14.1.202504091515\\db\/plugins/mcufinder/images/
2026-02-09 10:06:53,731 [WARN] DbFile:41 - Overriding database path with different value: C:\Users\DELL\.stmcufinder\plugins\mcufinder/ => C:\Users\DELL\.stmcufinder\plugins\mcufinder
2026-02-09 10:06:53,732 [INFO] ApiDb:250 - Set database path to: C:\Users\DELL\.stmcufinder\plugins\mcufinder//mcu/
2026-02-09 10:06:53,732 [WARN] DbFile:41 - Overriding database path with different value: C:\Users\DELL\.stmcufinder\plugins\mcufinder/ => C:\Users\DELL\.stmcufinder\plugins\mcufinder
2026-02-09 10:06:53,732 [INFO] DbMcusAds:125 - Set database path to: C:\Users\DELL\.stmcufinder\plugins\mcufinder//mcu/
2026-02-09 10:06:53,732 [WARN] DbFile:41 - Overriding database path with different value: C:\Users\DELL\.stmcufinder\plugins\mcufinder/ => C:\Users\DELL\.stmcufinder\plugins\mcufinder
2026-02-09 10:06:53,732 [WARN] DbFile:41 - Overriding database path with different value: C:\Users\DELL\.stmcufinder\plugins\mcufinder/ => C:\Users\DELL\.stmcufinder\plugins\mcufinder
2026-02-09 10:06:53,732 [INFO] CrossReferenceDbSqlite:203 - Set database path to: C:\Users\DELL\.stmcufinder\plugins\mcufinder//mcu/cs/
2026-02-09 10:06:53,855 [INFO] MainPanel:272 - HeapMemory: 268435456
2026-02-09 10:06:54,015 [INFO] DbMcusXml:78 - Set database path to: D:\Install\STM32CubeIDE_1.18.1\STM32CubeIDE\plugins\com.st.stm32cube.common.mx_6.14.1.202504091515\\db\/mcu/
2026-02-09 10:06:54,015 [INFO] ApiDb:274 - Set plugin database path to: D:\Install\STM32CubeIDE_1.18.1\STM32CubeIDE\plugins\com.st.stm32cube.common.mx_6.14.1.202504091515\\db\/plugins/boardmanager/
2026-02-09 10:06:54,015 [INFO] ApiDb:261 - Set plugin images path to: D:\Install\STM32CubeIDE_1.18.1\STM32CubeIDE\plugins\com.st.stm32cube.common.mx_6.14.1.202504091515\\db\/plugins/mcufinder/images/
2026-02-09 10:06:54,016 [WARN] DbFile:41 - Overriding database path with different value: C:\Users\DELL\.stmcufinder\plugins\mcufinder/ => C:\Users\DELL\.stmcufinder\plugins\mcufinder
2026-02-09 10:06:54,016 [INFO] ApiDb:250 - Set database path to: C:\Users\DELL\.stmcufinder\plugins\mcufinder//mcu/
2026-02-09 10:06:54,016 [WARN] DbFile:41 - Overriding database path with different value: C:\Users\DELL\.stmcufinder\plugins\mcufinder/ => C:\Users\DELL\.stmcufinder\plugins\mcufinder
2026-02-09 10:06:54,016 [INFO] DbMcusAds:125 - Set database path to: C:\Users\DELL\.stmcufinder\plugins\mcufinder//mcu/
2026-02-09 10:06:54,016 [WARN] DbFile:41 - Overriding database path with different value: C:\Users\DELL\.stmcufinder\plugins\mcufinder/ => C:\Users\DELL\.stmcufinder\plugins\mcufinder
2026-02-09 10:06:54,016 [WARN] DbFile:41 - Overriding database path with different value: C:\Users\DELL\.stmcufinder\plugins\mcufinder/ => C:\Users\DELL\.stmcufinder\plugins\mcufinder
2026-02-09 10:06:54,016 [INFO] CrossReferenceDbSqlite:203 - Set database path to: C:\Users\DELL\.stmcufinder\plugins\mcufinder//mcu/cs/
2026-02-09 10:06:54,043 [INFO] ApplicationProperties:184 - Using Application install path: D:\Install\STM32CubeIDE_1.18.1\STM32CubeIDE\plugins\com.st.stm32cube.common.mx_6.14.1.202504091515
2026-02-09 10:06:54,044 [INFO] PluginManage:196 - Search for loadable plugins [exclusion list=, ]
2026-02-09 10:06:54,047 [INFO] PluginManage:310 - Check plugin analytics
2026-02-09 10:06:54,296 [INFO] AnalyticsPlugin:253 - Accepted Software Licenses: STM32CubeMX.6.14.1
2026-02-09 10:06:54,296 [INFO] AnalyticsPlugin:255 - Accepted CMSIS Pack Licenses: 
2026-02-09 10:06:54,297 [INFO] AnalyticsPlugin:257 - Accepted Firmware Licenses: FW.WL.1.3.0,FW.L4.1.18.0,FW.F4.1.28.0
2026-02-09 10:06:54,300 [INFO] PluginManage:359 - Loaded plugin analytics (category:tool,tabindex:-1)
2026-02-09 10:06:54,300 [INFO] PluginManage:310 - Check plugin cadmodel
2026-02-09 10:06:54,383 [INFO] CADModel:105 - Init CAD model plugin
2026-02-09 10:06:54,384 [INFO] PluginManage:359 - Loaded plugin cadmodel (category:power,tabindex:5)
2026-02-09 10:06:54,384 [INFO] PluginManage:310 - Check plugin clock
2026-02-09 10:06:54,401 [INFO] PluginManage:359 - Loaded plugin clock (category:base,tabindex:2)
2026-02-09 10:06:54,402 [INFO] PluginManage:310 - Check plugin ddr
2026-02-09 10:06:54,406 [INFO] PluginManage:359 - Loaded plugin ddr (category:tool,tabindex:6)
2026-02-09 10:06:54,406 [INFO] PluginManage:310 - Check plugin filemanager
2026-02-09 10:06:54,593 [INFO] PluginManage:359 - Loaded plugin filemanager (category:base,tabindex:10)
2026-02-09 10:06:54,593 [INFO] PluginManage:310 - Check plugin ipmanager
2026-02-09 10:06:54,602 [INFO] PluginManage:359 - Loaded plugin ipmanager (category:base,tabindex:5)
2026-02-09 10:06:54,603 [INFO] PluginManage:310 - Check plugin lpbam
2026-02-09 10:06:54,614 [INFO] PluginManage:359 - Loaded plugin lpbam (category:base,tabindex:0)
2026-02-09 10:06:54,614 [INFO] PluginManage:310 - Check plugin memorymap
2026-02-09 10:06:54,634 [INFO] PluginManage:359 - Loaded plugin memorymap (category:base,tabindex:4)
2026-02-09 10:06:54,634 [INFO] PluginManage:310 - Check plugin pinoutandconfiguration
2026-02-09 10:06:54,645 [INFO] PluginManage:359 - Loaded plugin pinoutandconfiguration (category:base,tabindex:1)
2026-02-09 10:06:54,645 [INFO] PluginManage:310 - Check plugin pinoutconfig
2026-02-09 10:06:54,754 [WARN] SupportedApi:132 - Cannot load RTOS API schema: s4s-elt-must-match.1: The content of 'definitions' must match (annotation?, (simpleType | complexType)?, (unique | key | keyref)*)). A problem was found starting at: attribute.
2026-02-09 10:06:54,981 [INFO] PluginManage:359 - Loaded plugin pinoutconfig (category:base,tabindex:0)
2026-02-09 10:06:54,981 [INFO] PluginManage:310 - Check plugin power
2026-02-09 10:06:54,997 [INFO] PluginManage:359 - Loaded plugin power (category:power,tabindex:4)
2026-02-09 10:06:54,998 [INFO] PluginManage:310 - Check plugin projectmanager
2026-02-09 10:06:55,022 [INFO] PluginManage:359 - Loaded plugin projectmanager (category:projectmanager,tabindex:4)
2026-02-09 10:06:55,023 [INFO] PluginManage:310 - Check plugin rif
2026-02-09 10:06:55,035 [INFO] PluginManage:359 - Loaded plugin rif (category:base,tabindex:3)
2026-02-09 10:06:55,036 [INFO] PluginManage:310 - Check plugin thirdparty
2026-02-09 10:06:55,258 [INFO] PluginManage:359 - Loaded plugin thirdparty (category:base,tabindex:-1)
2026-02-09 10:06:55,258 [INFO] PluginManage:310 - Check plugin tools
2026-02-09 10:06:55,259 [WARN] IntegrityCheckThread:84 - waiting for thirdparty lock release [integrity check]
2026-02-09 10:06:55,262 [INFO] IntegrityCheckThread:86 - entering critical section [integrity check]
2026-02-09 10:06:55,262 [INFO] ThirdPartyUpdaterWithRetryManager:70 - Updater plugin not ready yet. [1/15]
2026-02-09 10:06:55,263 [INFO] PluginManage:359 - Loaded plugin tools (category:base,tabindex:7)
2026-02-09 10:06:55,264 [INFO] PluginManage:310 - Check plugin tutovideos
2026-02-09 10:06:55,676 [INFO] PluginManage:359 - Loaded plugin tutovideos (category:base,tabindex:-1)
2026-02-09 10:06:55,676 [INFO] PluginManage:310 - Check plugin updater
2026-02-09 10:06:55,769 [INFO] PluginManage:359 - Loaded plugin updater (category:base,tabindex:12)
2026-02-09 10:06:55,770 [INFO] PluginManage:310 - Check plugin userauth
2026-02-09 10:06:55,775 [INFO] UserAuth:118 - Init User Auth plugin
2026-02-09 10:06:55,778 [INFO] PluginManage:359 - Loaded plugin userauth (category:base,tabindex:14)
2026-02-09 10:06:55,778 [INFO] PluginManage:283 - PluginManage : Loaded plugins [18]
2026-02-09 10:06:56,149 [INFO] PinOutPanel:1589 - setPackage(No Configuration,No Configuration)
2026-02-09 10:06:56,267 [INFO] CADModel:165 - CPN selected for project level
2026-02-09 10:06:56,267 [INFO] CADModel:114 - Register for checkConnection events
2026-02-09 10:06:56,297 [INFO] IPUIPlugin:80 - create IPUIPlugin
2026-02-09 10:06:56,297 [INFO] PluginManager:220 - loadIPPluginJar : add adc
2026-02-09 10:06:56,301 [INFO] IPUIPlugin:80 - create IPUIPlugin
2026-02-09 10:06:56,301 [INFO] PluginManager:220 - loadIPPluginJar : add aes
2026-02-09 10:06:56,306 [INFO] IPUIPlugin:80 - create IPUIPlugin
2026-02-09 10:06:56,306 [INFO] PluginManager:220 - loadIPPluginJar : add can
2026-02-09 10:06:56,309 [INFO] IPUIPlugin:80 - create IPUIPlugin
2026-02-09 10:06:56,309 [INFO] PluginManager:220 - loadIPPluginJar : add comp
2026-02-09 10:06:56,313 [INFO] IPUIPlugin:80 - create IPUIPlugin
2026-02-09 10:06:56,313 [INFO] PluginManager:220 - loadIPPluginJar : add cryp
2026-02-09 10:06:56,318 [INFO] IPUIPlugin:80 - create IPUIPlugin
2026-02-09 10:06:56,318 [INFO] PluginManager:220 - loadIPPluginJar : add ddr_ctrl_phy
2026-02-09 10:06:56,322 [INFO] IPUIPlugin:80 - create IPUIPlugin
2026-02-09 10:06:56,322 [INFO] PluginManager:220 - loadIPPluginJar : add dfsdm
2026-02-09 10:06:56,329 [INFO] IPUIPlugin:80 - create IPUIPlugin
2026-02-09 10:06:56,329 [INFO] PluginManager:220 - loadIPPluginJar : add dma
2026-02-09 10:06:56,334 [INFO] IPUIPlugin:80 - create IPUIPlugin
2026-02-09 10:06:56,334 [INFO] PluginManager:220 - loadIPPluginJar : add dma3
2026-02-09 10:06:56,338 [INFO] IPUIPlugin:80 - create IPUIPlugin
2026-02-09 10:06:56,338 [INFO] PluginManager:220 - loadIPPluginJar : add extmemmanager
2026-02-09 10:06:56,340 [INFO] IPUIPlugin:80 - create IPUIPlugin
2026-02-09 10:06:56,341 [INFO] PluginManager:220 - loadIPPluginJar : add fatfs
2026-02-09 10:06:56,346 [INFO] IPUIPlugin:80 - create IPUIPlugin
2026-02-09 10:06:56,346 [INFO] PluginManager:220 - loadIPPluginJar : add fmc
2026-02-09 10:06:56,356 [INFO] IPUIPlugin:80 - create IPUIPlugin
2026-02-09 10:06:56,356 [INFO] PluginManager:220 - loadIPPluginJar : add freertos
2026-02-09 10:06:56,358 [INFO] IPUIPlugin:80 - create IPUIPlugin
2026-02-09 10:06:56,359 [INFO] PluginManager:220 - loadIPPluginJar : add genericplugin
2026-02-09 10:06:56,362 [INFO] IPUIPlugin:80 - create IPUIPlugin
2026-02-09 10:06:56,362 [INFO] PluginManager:220 - loadIPPluginJar : add gfxmmu
2026-02-09 10:06:56,367 [INFO] IPUIPlugin:80 - create IPUIPlugin
2026-02-09 10:06:56,368 [INFO] PluginManager:220 - loadIPPluginJar : add gic
2026-02-09 10:06:56,374 [INFO] IPUIPlugin:80 - create IPUIPlugin
2026-02-09 10:06:56,374 [INFO] PluginManager:220 - loadIPPluginJar : add gpio
2026-02-09 10:06:56,378 [INFO] IPUIPlugin:80 - create IPUIPlugin
2026-02-09 10:06:56,378 [INFO] PluginManager:220 - loadIPPluginJar : add gtzc
2026-02-09 10:06:56,381 [INFO] IPUIPlugin:80 - create IPUIPlugin
2026-02-09 10:06:56,382 [INFO] PluginManager:220 - loadIPPluginJar : add hash
2026-02-09 10:06:56,385 [INFO] IPUIPlugin:80 - create IPUIPlugin
2026-02-09 10:06:56,386 [INFO] PluginManager:220 - loadIPPluginJar : add i2c
2026-02-09 10:06:56,390 [INFO] IPUIPlugin:80 - create IPUIPlugin
2026-02-09 10:06:56,390 [INFO] PluginManager:220 - loadIPPluginJar : add i2s
2026-02-09 10:06:56,395 [INFO] IPUIPlugin:80 - create IPUIPlugin
2026-02-09 10:06:56,395 [INFO] PluginManager:220 - loadIPPluginJar : add i3c
2026-02-09 10:06:56,400 [INFO] IPUIPlugin:80 - create IPUIPlugin
2026-02-09 10:06:56,401 [INFO] PluginManager:220 - loadIPPluginJar : add ipddr
2026-02-09 10:06:56,414 [INFO] IPUIPlugin:80 - create IPUIPlugin
2026-02-09 10:06:56,414 [INFO] PluginManager:220 - loadIPPluginJar : add linkedlist
2026-02-09 10:06:56,419 [INFO] IPUIPlugin:80 - create IPUIPlugin
2026-02-09 10:06:56,419 [INFO] PluginManager:220 - loadIPPluginJar : add lorawan
2026-02-09 10:06:56,422 [INFO] IPUIPlugin:80 - create IPUIPlugin
2026-02-09 10:06:56,422 [INFO] PluginManager:220 - loadIPPluginJar : add ltdc
2026-02-09 10:06:56,429 [INFO] IPUIPlugin:80 - create IPUIPlugin
2026-02-09 10:06:56,430 [INFO] PluginManager:220 - loadIPPluginJar : add mdma
2026-02-09 10:06:56,435 [INFO] IPUIPlugin:80 - create IPUIPlugin
2026-02-09 10:06:56,435 [INFO] PluginManager:220 - loadIPPluginJar : add nvic
2026-02-09 10:06:56,440 [INFO] IPUIPlugin:80 - create IPUIPlugin
2026-02-09 10:06:56,440 [INFO] PluginManager:220 - loadIPPluginJar : add opamp
2026-02-09 10:06:56,445 [INFO] IPUIPlugin:80 - create IPUIPlugin
2026-02-09 10:06:56,445 [INFO] PluginManager:220 - loadIPPluginJar : add openamp
2026-02-09 10:06:56,450 [INFO] IPUIPlugin:80 - create IPUIPlugin
2026-02-09 10:06:56,450 [INFO] PluginManager:220 - loadIPPluginJar : add pdm2pcm
2026-02-09 10:06:56,461 [INFO] IPUIPlugin:80 - create IPUIPlugin
2026-02-09 10:06:56,465 [INFO] PluginManager:220 - loadIPPluginJar : add plateformsettings
2026-02-09 10:06:56,468 [INFO] IPUIPlugin:80 - create IPUIPlugin
2026-02-09 10:06:56,468 [INFO] PluginManager:220 - loadIPPluginJar : add quadspi
2026-02-09 10:06:56,471 [INFO] IPUIPlugin:80 - create IPUIPlugin
2026-02-09 10:06:56,472 [INFO] PluginManager:220 - loadIPPluginJar : add radio
2026-02-09 10:06:56,478 [INFO] IPUIPlugin:80 - create IPUIPlugin
2026-02-09 10:06:56,478 [INFO] PluginManager:220 - loadIPPluginJar : add resmgrutility
2026-02-09 10:06:56,483 [INFO] IPUIPlugin:80 - create IPUIPlugin
2026-02-09 10:06:56,483 [INFO] PluginManager:220 - loadIPPluginJar : add sai
2026-02-09 10:06:56,488 [INFO] IPUIPlugin:80 - create IPUIPlugin
2026-02-09 10:06:56,488 [INFO] PluginManager:220 - loadIPPluginJar : add spi
2026-02-09 10:06:56,497 [INFO] IPUIPlugin:80 - create IPUIPlugin
2026-02-09 10:06:56,497 [INFO] PluginManager:220 - loadIPPluginJar : add stm32_wpan
2026-02-09 10:06:56,500 [INFO] IPUIPlugin:80 - create IPUIPlugin
2026-02-09 10:06:56,500 [INFO] PluginManager:220 - loadIPPluginJar : add tim
2026-02-09 10:06:56,504 [INFO] IPUIPlugin:80 - create IPUIPlugin
2026-02-09 10:06:56,505 [INFO] PluginManager:220 - loadIPPluginJar : add touchsensing
2026-02-09 10:06:56,508 [INFO] IPUIPlugin:80 - create IPUIPlugin
2026-02-09 10:06:56,508 [INFO] PluginManager:220 - loadIPPluginJar : add tracer_emb
2026-02-09 10:06:56,511 [INFO] IPUIPlugin:80 - create IPUIPlugin
2026-02-09 10:06:56,511 [INFO] PluginManager:220 - loadIPPluginJar : add ts
2026-02-09 10:06:56,513 [INFO] IPUIPlugin:80 - create IPUIPlugin
2026-02-09 10:06:56,513 [INFO] PluginManager:220 - loadIPPluginJar : add tsc
2026-02-09 10:06:56,516 [INFO] IPUIPlugin:80 - create IPUIPlugin
2026-02-09 10:06:56,517 [INFO] PluginManager:220 - loadIPPluginJar : add ucpd
2026-02-09 10:06:56,520 [INFO] IPUIPlugin:80 - create IPUIPlugin
2026-02-09 10:06:56,521 [INFO] PluginManager:220 - loadIPPluginJar : add usart
2026-02-09 10:06:56,525 [INFO] IPUIPlugin:80 - create IPUIPlugin
2026-02-09 10:06:56,526 [INFO] PluginManager:220 - loadIPPluginJar : add usbx
2026-02-09 10:06:56,688 [FATAL] Updater:351 - Updater called before beeing initialized
2026-02-09 10:06:56,734 [INFO] RulesReader:64 - Compatibility file has been processed (302 Rules)
2026-02-09 10:06:56,755 [INFO] RulesReader:64 - Compatibility file has been processed (302 Rules)
2026-02-09 10:06:56,767 [INFO] CADModel:165 - CPN selected for project level
2026-02-09 10:06:56,767 [INFO] CADModel:114 - Register for checkConnection events
2026-02-09 10:06:56,767 [FATAL] Updater:351 - Updater called before beeing initialized
2026-02-09 10:06:56,767 [ERROR] CADModel:125 - Updater not yet initialized, retry later 
2026-02-09 10:06:56,970 [FATAL] Updater:351 - Updater called before beeing initialized
2026-02-09 10:06:56,972 [INFO] CADModel:165 - CPN selected for project level
2026-02-09 10:06:56,973 [INFO] CADModel:114 - Register for checkConnection events
2026-02-09 10:06:56,973 [FATAL] Updater:351 - Updater called before beeing initialized
2026-02-09 10:06:56,973 [ERROR] CADModel:125 - Updater not yet initialized, retry later 
2026-02-09 10:06:56,978 [FATAL] Updater:351 - Updater called before beeing initialized
2026-02-09 10:06:57,154 [FATAL] Updater:351 - Updater called before beeing initialized
2026-02-09 10:06:57,160 [INFO] DbMcusAds:53 - JSON generation date=Thu Jan 08 20:57:51 PKT 2026 (1767887871456)
2026-02-09 10:06:57,161 [FATAL] Updater:351 - Updater called before beeing initialized
2026-02-09 10:06:57,215 [WARN] DetailPanel:346 - Failed to get advertising image, set to default
2026-02-09 10:06:57,571 [FATAL] Updater:351 - Updater called before beeing initialized
2026-02-09 10:06:57,576 [FATAL] Updater:351 - Updater called before beeing initialized
2026-02-09 10:06:57,576 [FATAL] Updater:351 - Updater called before beeing initialized
2026-02-09 10:06:57,576 [WARN] DetailPanel:346 - Failed to get advertising image, set to default
2026-02-09 10:06:57,578 [FATAL] Updater:351 - Updater called before beeing initialized
2026-02-09 10:06:57,646 [ERROR] Updater:1198 - MainUpdater not yet initialized. External WinMGr cannot be set.
2026-02-09 10:06:57,650 [INFO] Updater:1134 - Updater Version found : 6.14.1
2026-02-09 10:06:57,674 [INFO] ApplicationProperties:184 - Using Application install path: D:\Install\STM32CubeIDE_1.18.1\STM32CubeIDE\plugins\com.st.stm32cube.common.mx_6.14.1.202504091515
2026-02-09 10:06:58,263 [INFO] ThirdPartyUpdaterWithRetryManager:70 - Updater plugin not ready yet. [2/15]
2026-02-09 10:06:59,272 [ERROR] LogOutputStream:75 - [STDERR_REDIRECT] Feb 09, 2026 10:06:59 AM java.util.prefs.WindowsPreferences <init>
2026-02-09 10:06:59,278 [ERROR] LogOutputStream:75 - [STDERR_REDIRECT] WARNING: Could not open/create prefs root node Software\JavaSoft\Prefs at root 0xffffffff80000002. Windows RegCreateKeyEx(...) returned error code 5.
2026-02-09 10:06:59,278 [ERROR] LogOutputStream:75 - [STDERR_REDIRECT] 
2026-02-09 10:06:59,959 [INFO] MainUpdater:2872 - connection check result : 10
2026-02-09 10:06:59,960 [INFO] MainUpdater:289 - Updater Check For Update Now.
2026-02-09 10:06:59,960 [INFO] MicroXplorer:498 - Change Database Version : DB.6.0.141
2026-02-09 10:06:59,970 [INFO] McuFinderGlobals:63 - Set McuFinder mode to 2 (CubeIDE integrated)
2026-02-09 10:06:59,971 [INFO] UserAuth:484 - Internet connection configuration mode: 1
2026-02-09 10:07:00,037 [INFO] JxBrowserEngine:152 - Initiate JxBrowser Engine with user profile folder
2026-02-09 10:07:00,232 [INFO] CheckServerUpdateThread:120 - End of CheckServer Thread
2026-02-09 10:07:02,322 [WARN] PackLoader:240 - Cannot read IP mode file for STMicroelectronics.FP-SNS-MOTENVWB1.1.4.0
2026-02-09 10:07:02,336 [WARN] PackLoader:240 - Cannot read IP mode file for STMicroelectronics.FP-ATR-ASTRA1.2.0.2
2026-02-09 10:07:02,352 [WARN] PackLoader:240 - Cannot read IP mode file for STMicroelectronics.X-CUBE-SMBUS.2.1.0
2026-02-09 10:07:02,364 [WARN] PackLoader:240 - Cannot read IP mode file for STMicroelectronics.X-CUBE-ST60.1.0.0
2026-02-09 10:07:02,414 [WARN] PackLoader:240 - Cannot read IP mode file for STMicroelectronics.X-CUBE-AZRTOS-F7.1.1.0
2026-02-09 10:07:02,454 [WARN] PackLoader:240 - Cannot read IP mode file for Cesanta.I-CUBE-Mongoose.7.19.0
2026-02-09 10:07:02,459 [ERROR] Engine:466 - C:\Users\DELL\.stm32cubemx\thirdparties\pdsc\STMicroelectronics.FP-SNS-MOTENV1.5.1.0.pdsc: PDSC version is not supported
2026-02-09 10:07:02,468 [ERROR] Engine:466 - C:\Users\DELL\.stm32cubemx\thirdparties\pdsc\WES.I-CUBE-Cesium.1.4.0.pdsc: PDSC version is not supported
2026-02-09 10:07:02,508 [WARN] PackLoader:240 - Cannot read IP mode file for Infineon.AIROC-Wi-Fi-Bluetooth-STM32.1.7.1
2026-02-09 10:07:02,601 [WARN] PackLoader:240 - Cannot read IP mode file for STMicroelectronics.X-CUBE-AZRTOS-H7.3.4.0
2026-02-09 10:07:02,619 [WARN] PackLoader:240 - Cannot read IP mode file for STMicroelectronics.X-CUBE-DISPLAY.3.0.0
2026-02-09 10:07:02,639 [WARN] PackLoader:240 - Cannot read IP mode file for STMicroelectronics.X-CUBE-NFC10.1.0.0
2026-02-09 10:07:02,648 [WARN] PackLoader:240 - Cannot read IP mode file for STMicroelectronics.X-CUBE-ST60.1.1.0
2026-02-09 10:07:02,658 [WARN] PackLoader:240 - Cannot read IP mode file for emotas.I-CUBE-CANOPEN.1.3.0
2026-02-09 10:07:02,669 [WARN] PackLoader:240 - Cannot read IP mode file for STMicroelectronics.X-CUBE-GNSS1.7.1.0
2026-02-09 10:07:02,678 [ERROR] Engine:466 - C:\Users\DELL\.stm32cubemx\thirdparties\pdsc\STMicroelectronics.FP-SNS-STBOX1.2.1.0.pdsc: PDSC version is not supported
2026-02-09 10:07:02,684 [WARN] PackLoader:240 - Cannot read IP mode file for STMicroelectronics.FP-SNS-SMARTAG2.1.2.0
2026-02-09 10:07:02,691 [WARN] PackLoader:240 - Cannot read IP mode file for STMicroelectronics.FP-SNS-FLIGHT1.5.1.0
2026-02-09 10:07:02,745 [INFO] LogOutputStream:77 - [STDOUT_REDIRECT] 1 : Invalid condition id : UX_CORESTACK_Condition cause : null
2026-02-09 10:07:02,746 [INFO] LogOutputStream:77 - [STDOUT_REDIRECT] 1 : Invalid condition id : UX_CORESTACK_Condition cause : null
2026-02-09 10:07:02,748 [INFO] LogOutputStream:77 - [STDOUT_REDIRECT] 1 : Invalid condition id : UX_CORESTACK_Condition cause : null
2026-02-09 10:07:02,750 [INFO] LogOutputStream:77 - [STDOUT_REDIRECT] 1 : Invalid condition id : UX_CORESTACK_Condition cause : null
2026-02-09 10:07:02,752 [INFO] LogOutputStream:77 - [STDOUT_REDIRECT] 1 : Invalid condition id : UX_CORESTACK_Condition cause : null
2026-02-09 10:07:02,815 [WARN] PackLoader:240 - Cannot read IP mode file for STMicroelectronics.X-CUBE-AZRTOS-WL.2.0.0
2026-02-09 10:07:02,890 [WARN] PackLoader:240 - Cannot read IP mode file for STMicroelectronics.FP-SNS-MOTENV1.5.0.0
2026-02-09 10:07:02,933 [WARN] PackLoader:240 - Cannot read IP mode file for STMicroelectronics.X-CUBE-AZRTOS-H7RS.1.2.0
2026-02-09 10:07:02,944 [WARN] PackLoader:240 - Cannot read IP mode file for STMicroelectronics.X-CUBE-BLE2.3.3.0
2026-02-09 10:07:02,980 [INFO] WebApp:169 - Instantiating new browser for Auth
2026-02-09 10:07:02,989 [WARN] PackLoader:240 - Cannot read IP mode file for STMicroelectronics.X-CUBE-NFC9.1.0.0
2026-02-09 10:07:03,001 [WARN] PackLoader:240 - Cannot read IP mode file for wolfSSL.I-CUBE-wolfSSL.5.8.2
2026-02-09 10:07:03,010 [WARN] PackLoader:240 - Cannot read IP mode file for STMicroelectronics.X-CUBE-BLE1.7.1.0
2026-02-09 10:07:03,016 [WARN] PackLoader:240 - Cannot read IP mode file for wolfSSL.I-CUBE-wolfMQTT.1.19.2
2026-02-09 10:07:03,021 [ERROR] Engine:466 - C:\Users\DELL\.stm32cubemx\thirdparties\pdsc\STMicroelectronics.X-CUBE-FREERTOS.1.4.0.pdsc: PDSC version is not supported
2026-02-09 10:07:03,033 [WARN] PackLoader:240 - Cannot read IP mode file for STMicroelectronics.X-CUBE-EEPRMA1.5.2.0
2026-02-09 10:07:03,065 [ERROR] Engine:466 - C:\Users\DELL\.stm32cubemx\thirdparties\pdsc\STMicroelectronics.X-CUBE-ST67W61.1.1.0.pdsc: PDSC version is not supported
2026-02-09 10:07:03,223 [WARN] PackLoader:240 - Cannot read IP mode file for STMicroelectronics.X-CUBE-MEMS1.12.0.0
2026-02-09 10:07:03,486 [WARN] PackLoader:240 - Cannot read IP mode file for STMicroelectronics.X-CUBE-AZRTOS-G0.1.1.0
2026-02-09 10:07:03,498 [WARN] PackLoader:240 - Cannot read IP mode file for STMicroelectronics.X-CUBE-SAFEA1.1.2.2
2026-02-09 10:07:03,507 [WARN] PackLoader:240 - Cannot read IP mode file for STMicroelectronics.X-CUBE-NFC4.3.0.0
2026-02-09 10:07:03,534 [WARN] PackLoader:240 - Cannot read IP mode file for EmbeddedOffice.I-CUBE-FS-RTOS.1.0.1
2026-02-09 10:07:03,551 [WARN] PackLoader:240 - Cannot read IP mode file for STMicroelectronics.X-CUBE-WB05N.2.0.0
2026-02-09 10:07:03,566 [WARN] PackLoader:240 - Cannot read IP mode file for wolfSSL.I-CUBE-wolfTPM.3.8.0
2026-02-09 10:07:03,623 [WARN] PackLoader:240 - Cannot read IP mode file for STMicroelectronics.X-CUBE-TCPP.4.2.0
2026-02-09 10:07:03,639 [WARN] PackLoader:240 - Cannot read IP mode file for RealThread.X-CUBE-RT-Thread_Nano.4.1.1
2026-02-09 10:07:03,646 [WARN] PackLoader:240 - Cannot read IP mode file for STMicroelectronics.FP-ATR-SIGFOX1.3.2.0
2026-02-09 10:07:03,660 [WARN] PackLoader:240 - Cannot read IP mode file for ITTIA_DB.I-CUBE-ITTIADB.8.9.0
2026-02-09 10:07:03,694 [WARN] PackLoader:240 - Cannot read IP mode file for STMicroelectronics.X-CUBE-NFC6.3.2.0
2026-02-09 10:07:03,706 [WARN] PackLoader:240 - Cannot read IP mode file for STMicroelectronics.X-CUBE-ST67W61.1.0.0
2026-02-09 10:07:03,715 [WARN] PackLoader:240 - Cannot read IP mode file for STMicroelectronics.X-CUBE-AI.10.2.0
2026-02-09 10:07:03,766 [WARN] PackLoader:240 - Cannot read IP mode file for SEGGER.I-CUBE-embOS.1.3.1
2026-02-09 10:07:03,914 [WARN] PackLoader:240 - Cannot read IP mode file for STMicroelectronics.X-CUBE-ALGOBUILD.1.4.0
2026-02-09 10:07:04,036 [WARN] PackLoader:240 - Cannot read IP mode file for STMicroelectronics.X-CUBE-MEMS1.11.3.0
2026-02-09 10:07:04,339 [WARN] PackLoader:240 - Cannot read IP mode file for STMicroelectronics.X-CUBE-PM33A1.1.0.0
2026-02-09 10:07:04,370 [WARN] PackLoader:240 - Cannot read IP mode file for STMicroelectronics.X-CUBE-AZRTOS-F4.1.1.0
2026-02-09 10:07:04,386 [WARN] PackLoader:240 - Cannot read IP mode file for Avnet-IotConnect.X-CUBE-IoTC-DA16k-PMOD.1.0.0
2026-02-09 10:07:04,421 [WARN] PackLoader:240 - Cannot read IP mode file for STMicroelectronics.X-CUBE-ISPU.2.1.0
2026-02-09 10:07:04,430 [ERROR] Engine:466 - C:\Users\DELL\.stm32cubemx\thirdparties\pdsc\STMicroelectronics.X-CUBE-IPS.3.2.0.pdsc: PDSC version is not supported
2026-02-09 10:07:04,437 [WARN] PackLoader:240 - Cannot read IP mode file for STMicroelectronics.X-CUBE-NFC12.1.0.0
2026-02-09 10:07:04,462 [WARN] PackLoader:240 - Cannot read IP mode file for STMicroelectronics.X-CUBE-AZRTOS-L5.2.0.0
2026-02-09 10:07:04,474 [WARN] PackLoader:240 - Cannot read IP mode file for STMicroelectronics.X-CUBE-NFC6.3.1.0
2026-02-09 10:07:04,484 [WARN] PackLoader:240 - Cannot read IP mode file for STMicroelectronics.X-CUBE-FREERTOS.1.3.1
2026-02-09 10:07:04,492 [WARN] PackLoader:240 - Cannot read IP mode file for STMicroelectronics.X-CUBE-TOUCHGFX.4.26.0
2026-02-09 10:07:04,499 [WARN] PackLoader:240 - Cannot read IP mode file for STMicroelectronics.FP-SNS-STAIOTCFT.1.0.0
2026-02-09 10:07:04,506 [WARN] PackLoader:240 - Cannot read IP mode file for STMicroelectronics.X-CUBE-DPower.1.3.0
2026-02-09 10:07:04,558 [WARN] ConditionMgr:438 - getConditionDescription Invalid condition id : LAN8742 Phy interface Condition cause : null
2026-02-09 10:07:04,559 [WARN] PackLoader:240 - Cannot read IP mode file for STMicroelectronics.X-CUBE-AZRTOS-L4.2.0.0
2026-02-09 10:07:04,561 [WARN] ConditionMgr:1044 - genDependencies : Invalid condition id : LAN8742 Phy interface Condition cause : null
2026-02-09 10:07:04,561 [WARN] ConditionMgr:1044 - genDependencies : Invalid condition id : LAN8742 Phy interface Condition cause : null
2026-02-09 10:07:04,562 [WARN] ConditionMgr:1044 - genDependencies : Invalid condition id : LAN8742 Phy interface Condition cause : null
2026-02-09 10:07:04,573 [WARN] PackLoader:240 - Cannot read IP mode file for STMicroelectronics.X-CUBE-SFXS2LP1.4.0.0
2026-02-09 10:07:04,599 [ERROR] Engine:466 - C:\Users\DELL\.stm32cubemx\thirdparties\pdsc\STMicroelectronics.X-CUBE-ST67W61.1.2.0.pdsc: PDSC version is not supported
2026-02-09 10:07:04,614 [WARN] PackLoader:240 - Cannot read IP mode file for STMicroelectronics.X-CUBE-BLEMGR.4.1.0
2026-02-09 10:07:04,638 [WARN] ConditionMgr:438 - getConditionDescription Invalid condition id : UX DEVICE CLASS RTOS Condition cause : null
2026-02-09 10:07:04,638 [WARN] ConditionMgr:438 - getConditionDescription Invalid condition id : UX DEVICE CLASS RTOS Condition cause : null
2026-02-09 10:07:04,642 [WARN] PackLoader:240 - Cannot read IP mode file for STMicroelectronics.X-CUBE-AZRTOS-WB.2.0.0
2026-02-09 10:07:04,642 [WARN] ConditionMgr:1044 - genDependencies : Invalid condition id : UX DEVICE CLASS RTOS Condition cause : null
2026-02-09 10:07:04,643 [WARN] ConditionMgr:1044 - genDependencies : Invalid condition id : UX DEVICE CLASS RTOS Condition cause : null
2026-02-09 10:07:04,643 [WARN] ConditionMgr:1044 - genDependencies : Invalid condition id : UX DEVICE CLASS RTOS Condition cause : null
2026-02-09 10:07:04,644 [WARN] ConditionMgr:1044 - genDependencies : Invalid condition id : UX DEVICE CLASS RTOS Condition cause : null
2026-02-09 10:07:04,644 [WARN] ConditionMgr:1044 - genDependencies : Invalid condition id : UX DEVICE CLASS RTOS Condition cause : null
2026-02-09 10:07:04,711 [WARN] PackLoader:240 - Cannot read IP mode file for STMicroelectronics.X-CUBE-GNSS1.7.0.1
2026-02-09 10:07:04,726 [WARN] PackLoader:240 - Cannot read IP mode file for STMicroelectronics.X-CUBE-TOUCHGFX.4.25.0
2026-02-09 10:07:04,732 [WARN] ConditionMgr:438 - getConditionDescription Invalid condition id : Cortex-A Device cause : null
2026-02-09 10:07:04,757 [WARN] ConditionMgr:1044 - genDependencies : Invalid condition id : Cortex-A Device cause : null
2026-02-09 10:07:04,757 [WARN] ConditionMgr:1044 - genDependencies : Invalid condition id : Cortex-A Device cause : null
2026-02-09 10:07:04,757 [WARN] ConditionMgr:1044 - genDependencies : Invalid condition id : Cortex-A Device cause : null
2026-02-09 10:07:04,768 [WARN] PackLoader:240 - Cannot read IP mode file for STMicroelectronics.X-CUBE-STSE01.2.0.0
2026-02-09 10:07:04,788 [WARN] PackLoader:240 - Cannot read IP mode file for STMicroelectronics.X-CUBE-SUBG2.5.0.0
2026-02-09 10:07:04,834 [WARN] PackLoader:240 - Cannot read IP mode file for STMicroelectronics.X-CUBE-AZRTOS-H7RS.1.1.0
2026-02-09 10:07:04,858 [WARN] PackLoader:240 - Cannot read IP mode file for STMicroelectronics.X-CUBE-AZRTOS-G4.2.0.0
2026-02-09 10:07:04,867 [WARN] PackLoader:240 - Cannot read IP mode file for wolfSSL.I-CUBE-wolfSSH.1.4.20
2026-02-09 10:07:04,892 [WARN] PackLoader:240 - Cannot read IP mode file for STMicroelectronics.X-CUBE-NFC7.2.0.0
2026-02-09 10:07:04,965 [WARN] PackLoader:240 - Cannot read IP mode file for STMicroelectronics.X-CUBE-IPS.3.1.0
2026-02-09 10:07:04,979 [WARN] PackLoader:240 - Cannot read IP mode file for STMicroelectronics.X-CUBE-ALS.1.0.2
2026-02-09 10:07:04,990 [WARN] PackLoader:240 - Cannot read IP mode file for STMicroelectronics.X-CUBE-STSE01.1.0.0
2026-02-09 10:07:05,077 [WARN] PackLoader:240 - Cannot read IP mode file for STMicroelectronics.X-CUBE-TOF1.3.4.3
2026-02-09 10:07:05,278 [INFO] ThirdParty:978 - Integrity check success = true
2026-02-09 10:07:05,278 [INFO] IntegrityCheckThread:100 - exiting critical section [integrity check]
2026-02-09 10:07:05,278 [INFO] IntegrityCheckThread:103 - End integrity checks thread
2026-02-09 10:07:06,171 [INFO] WebApp:463 - Apply proxy settings
2026-02-09 10:07:06,172 [INFO] WebApp:548 - Chromium requires no authentication
2026-02-09 10:07:06,187 [INFO] WebApp:491 - Direct internet connection detected
2026-02-09 10:07:06,231 [INFO] WebApp:894 - Register for checkConnection events
2026-02-09 10:07:06,231 [INFO] WebApp:463 - Apply proxy settings
2026-02-09 10:07:06,232 [INFO] WebApp:548 - Chromium requires no authentication
2026-02-09 10:07:06,232 [INFO] WebApp:491 - Direct internet connection detected
2026-02-09 10:07:06,527 [INFO] WebApp:225 - Starting web application
2026-02-09 10:07:06,528 [INFO] WebApp:593 - Web application path used D:\Install\STM32CubeIDE_1.18.1\STM32CubeIDE\plugins\com.st.stm32cube.common.mx_6.14.1.202504091515\db\plugins\mcufinder\reactClient1\index.html
2026-02-09 10:07:06,923 [INFO] WebApp:191 - Connection restablished
2026-02-09 10:07:07,027 [INFO] UserAuth:484 - Internet connection configuration mode: 1
2026-02-09 11:06:36,358 [INFO] WebApp:194 - Connection lost
2026-02-09 11:06:36,772 [INFO] WebApp:191 - Connection restablished
2026-02-09 12:05:47,650 [INFO] WebApp:194 - Connection lost
2026-02-09 12:05:48,216 [INFO] WebApp:191 - Connection restablished
2026-02-09 12:06:08,123 [INFO] WebApp:194 - Connection lost
2026-02-09 12:06:08,391 [INFO] WebApp:191 - Connection restablished
2026-02-09 12:44:02,924 [INFO] WebApp:194 - Connection lost
2026-02-09 12:44:03,434 [INFO] WebApp:191 - Connection restablished
2026-02-09 12:44:05,119 [INFO] WebApp:194 - Connection lost
2026-02-09 12:44:05,968 [INFO] WebApp:191 - Connection restablished
2026-02-09 18:22:16,128 [INFO] WebApp:194 - Connection lost
2026-02-09 18:22:17,896 [INFO] WebApp:191 - Connection restablished
2026-02-09 18:22:30,169 [INFO] WebApp:194 - Connection lost
2026-02-09 18:22:30,735 [INFO] WebApp:191 - Connection restablished
2026-02-09 18:47:16,395 [INFO] WebApp:194 - Connection lost
2026-02-09 18:47:16,758 [INFO] WebApp:191 - Connection restablished
2026-02-09 20:54:45,526 [INFO] WebApp:194 - Connection lost
2026-02-09 20:54:46,074 [INFO] WebApp:191 - Connection restablished
2026-02-09 20:54:48,201 [INFO] WebApp:194 - Connection lost
2026-02-09 20:54:48,510 [INFO] WebApp:191 - Connection restablished
2026-02-09 21:38:10,636 [ERROR] LogOutputStream:75 - [STDERR_REDIRECT] 
