2026-02-24 05:54:20,214 [ERROR] LogOutputStream:75 - [STDERR_REDIRECT] 
2026-02-24 20:06:13,714 [INFO] Activator:176 - 


2026-02-24 20:06:13,717 [INFO] Activator:177 - !SESSION log4j initialized
2026-02-24 20:06:25,098 [INFO] LogOutputStream:77 - [STDOUT_REDIRECT] 
2026-02-24 20:06:27,520 [INFO] ApplicationProperties:184 - Using Application install path: D:\Install\STM32CubeIDE_1.18.1\STM32CubeIDE\plugins\com.st.stm32cube.common.mx_6.14.1.202504091515
2026-02-24 20:06:27,545 [INFO] DbMcusXml:78 - Set database path to: D:\Install\STM32CubeIDE_1.18.1\STM32CubeIDE\plugins\com.st.stm32cube.common.mx_6.14.1.202504091515\\db\/mcu/
2026-02-24 20:06:27,545 [INFO] ApiDb:274 - Set plugin database path to: D:\Install\STM32CubeIDE_1.18.1\STM32CubeIDE\plugins\com.st.stm32cube.common.mx_6.14.1.202504091515\\db\/plugins/boardmanager/
2026-02-24 20:06:27,546 [WARN] ApiDb:259 - Overriding images path with different value:  => D:\Install\STM32CubeIDE_1.18.1\STM32CubeIDE\plugins\com.st.stm32cube.common.mx_6.14.1.202504091515\\db\/plugins/mcufinder/images/
2026-02-24 20:06:27,559 [INFO] ApiDb:250 - Set database path to: C:\Users\DELL\.stmcufinder\plugins\mcufinder//mcu/
2026-02-24 20:06:27,560 [INFO] DbMcusAds:125 - Set database path to: C:\Users\DELL\.stmcufinder\plugins\mcufinder//mcu/
2026-02-24 20:06:27,564 [INFO] CrossReferenceDbSqlite:203 - Set database path to: C:\Users\DELL\.stmcufinder\plugins\mcufinder//mcu/cs/
2026-02-24 20:06:27,726 [INFO] RulesReader:64 - Compatibility file has been processed (302 Rules)
2026-02-24 20:06:27,842 [INFO] DbMcusXml:78 - Set database path to: D:\Install\STM32CubeIDE_1.18.1\STM32CubeIDE\plugins\com.st.stm32cube.common.mx_6.14.1.202504091515\\db\/mcu/
2026-02-24 20:06:27,842 [INFO] ApiDb:274 - Set plugin database path to: D:\Install\STM32CubeIDE_1.18.1\STM32CubeIDE\plugins\com.st.stm32cube.common.mx_6.14.1.202504091515\\db\/plugins/boardmanager/
2026-02-24 20:06:27,843 [INFO] ApiDb:261 - Set plugin images path to: D:\Install\STM32CubeIDE_1.18.1\STM32CubeIDE\plugins\com.st.stm32cube.common.mx_6.14.1.202504091515\\db\/plugins/mcufinder/images/
2026-02-24 20:06:27,843 [WARN] DbFile:41 - Overriding database path with different value: C:\Users\DELL\.stmcufinder\plugins\mcufinder/ => C:\Users\DELL\.stmcufinder\plugins\mcufinder
2026-02-24 20:06:27,843 [INFO] ApiDb:250 - Set database path to: C:\Users\DELL\.stmcufinder\plugins\mcufinder//mcu/
2026-02-24 20:06:27,843 [WARN] DbFile:41 - Overriding database path with different value: C:\Users\DELL\.stmcufinder\plugins\mcufinder/ => C:\Users\DELL\.stmcufinder\plugins\mcufinder
2026-02-24 20:06:27,843 [INFO] DbMcusAds:125 - Set database path to: C:\Users\DELL\.stmcufinder\plugins\mcufinder//mcu/
2026-02-24 20:06:27,843 [WARN] DbFile:41 - Overriding database path with different value: C:\Users\DELL\.stmcufinder\plugins\mcufinder/ => C:\Users\DELL\.stmcufinder\plugins\mcufinder
2026-02-24 20:06:27,843 [WARN] DbFile:41 - Overriding database path with different value: C:\Users\DELL\.stmcufinder\plugins\mcufinder/ => C:\Users\DELL\.stmcufinder\plugins\mcufinder
2026-02-24 20:06:27,844 [INFO] CrossReferenceDbSqlite:203 - Set database path to: C:\Users\DELL\.stmcufinder\plugins\mcufinder//mcu/cs/
2026-02-24 20:06:27,954 [INFO] MainPanel:272 - HeapMemory: 271581184
2026-02-24 20:06:28,116 [INFO] DbMcusXml:78 - Set database path to: D:\Install\STM32CubeIDE_1.18.1\STM32CubeIDE\plugins\com.st.stm32cube.common.mx_6.14.1.202504091515\\db\/mcu/
2026-02-24 20:06:28,116 [INFO] ApiDb:274 - Set plugin database path to: D:\Install\STM32CubeIDE_1.18.1\STM32CubeIDE\plugins\com.st.stm32cube.common.mx_6.14.1.202504091515\\db\/plugins/boardmanager/
2026-02-24 20:06:28,117 [INFO] ApiDb:261 - Set plugin images path to: D:\Install\STM32CubeIDE_1.18.1\STM32CubeIDE\plugins\com.st.stm32cube.common.mx_6.14.1.202504091515\\db\/plugins/mcufinder/images/
2026-02-24 20:06:28,117 [WARN] DbFile:41 - Overriding database path with different value: C:\Users\DELL\.stmcufinder\plugins\mcufinder/ => C:\Users\DELL\.stmcufinder\plugins\mcufinder
2026-02-24 20:06:28,117 [INFO] ApiDb:250 - Set database path to: C:\Users\DELL\.stmcufinder\plugins\mcufinder//mcu/
2026-02-24 20:06:28,117 [WARN] DbFile:41 - Overriding database path with different value: C:\Users\DELL\.stmcufinder\plugins\mcufinder/ => C:\Users\DELL\.stmcufinder\plugins\mcufinder
2026-02-24 20:06:28,117 [INFO] DbMcusAds:125 - Set database path to: C:\Users\DELL\.stmcufinder\plugins\mcufinder//mcu/
2026-02-24 20:06:28,117 [WARN] DbFile:41 - Overriding database path with different value: C:\Users\DELL\.stmcufinder\plugins\mcufinder/ => C:\Users\DELL\.stmcufinder\plugins\mcufinder
2026-02-24 20:06:28,117 [WARN] DbFile:41 - Overriding database path with different value: C:\Users\DELL\.stmcufinder\plugins\mcufinder/ => C:\Users\DELL\.stmcufinder\plugins\mcufinder
2026-02-24 20:06:28,118 [INFO] CrossReferenceDbSqlite:203 - Set database path to: C:\Users\DELL\.stmcufinder\plugins\mcufinder//mcu/cs/
2026-02-24 20:06:28,144 [INFO] ApplicationProperties:184 - Using Application install path: D:\Install\STM32CubeIDE_1.18.1\STM32CubeIDE\plugins\com.st.stm32cube.common.mx_6.14.1.202504091515
2026-02-24 20:06:28,145 [INFO] PluginManage:196 - Search for loadable plugins [exclusion list=, ]
2026-02-24 20:06:28,148 [INFO] PluginManage:310 - Check plugin analytics
2026-02-24 20:06:28,400 [INFO] AnalyticsPlugin:253 - Accepted Software Licenses: STM32CubeMX.6.14.1
2026-02-24 20:06:28,401 [INFO] AnalyticsPlugin:255 - Accepted CMSIS Pack Licenses: 
2026-02-24 20:06:28,401 [INFO] AnalyticsPlugin:257 - Accepted Firmware Licenses: FW.WL.1.3.0,FW.L4.1.18.0,FW.F4.1.28.0
2026-02-24 20:06:28,407 [INFO] PluginManage:359 - Loaded plugin analytics (category:tool,tabindex:-1)
2026-02-24 20:06:28,408 [INFO] PluginManage:310 - Check plugin cadmodel
2026-02-24 20:06:28,415 [INFO] CADModel:105 - Init CAD model plugin
2026-02-24 20:06:28,415 [INFO] PluginManage:359 - Loaded plugin cadmodel (category:power,tabindex:5)
2026-02-24 20:06:28,415 [INFO] PluginManage:310 - Check plugin clock
2026-02-24 20:06:28,429 [INFO] PluginManage:359 - Loaded plugin clock (category:base,tabindex:2)
2026-02-24 20:06:28,429 [INFO] PluginManage:310 - Check plugin ddr
2026-02-24 20:06:28,432 [INFO] PluginManage:359 - Loaded plugin ddr (category:tool,tabindex:6)
2026-02-24 20:06:28,433 [INFO] PluginManage:310 - Check plugin filemanager
2026-02-24 20:06:28,603 [INFO] PluginManage:359 - Loaded plugin filemanager (category:base,tabindex:10)
2026-02-24 20:06:28,603 [INFO] PluginManage:310 - Check plugin ipmanager
2026-02-24 20:06:28,612 [INFO] PluginManage:359 - Loaded plugin ipmanager (category:base,tabindex:5)
2026-02-24 20:06:28,612 [INFO] PluginManage:310 - Check plugin lpbam
2026-02-24 20:06:28,623 [INFO] PluginManage:359 - Loaded plugin lpbam (category:base,tabindex:0)
2026-02-24 20:06:28,623 [INFO] PluginManage:310 - Check plugin memorymap
2026-02-24 20:06:28,641 [INFO] PluginManage:359 - Loaded plugin memorymap (category:base,tabindex:4)
2026-02-24 20:06:28,641 [INFO] PluginManage:310 - Check plugin pinoutandconfiguration
2026-02-24 20:06:28,653 [INFO] PluginManage:359 - Loaded plugin pinoutandconfiguration (category:base,tabindex:1)
2026-02-24 20:06:28,653 [INFO] PluginManage:310 - Check plugin pinoutconfig
2026-02-24 20:06:28,760 [WARN] SupportedApi:132 - Cannot load RTOS API schema: s4s-elt-must-match.1: The content of 'definitions' must match (annotation?, (simpleType | complexType)?, (unique | key | keyref)*)). A problem was found starting at: attribute.
2026-02-24 20:06:28,966 [INFO] PluginManage:359 - Loaded plugin pinoutconfig (category:base,tabindex:0)
2026-02-24 20:06:28,966 [INFO] PluginManage:310 - Check plugin power
2026-02-24 20:06:28,981 [INFO] PluginManage:359 - Loaded plugin power (category:power,tabindex:4)
2026-02-24 20:06:28,981 [INFO] PluginManage:310 - Check plugin projectmanager
2026-02-24 20:06:29,002 [INFO] PluginManage:359 - Loaded plugin projectmanager (category:projectmanager,tabindex:4)
2026-02-24 20:06:29,003 [INFO] PluginManage:310 - Check plugin rif
2026-02-24 20:06:29,013 [INFO] PluginManage:359 - Loaded plugin rif (category:base,tabindex:3)
2026-02-24 20:06:29,013 [INFO] PluginManage:310 - Check plugin thirdparty
2026-02-24 20:06:29,215 [INFO] PluginManage:359 - Loaded plugin thirdparty (category:base,tabindex:-1)
2026-02-24 20:06:29,215 [INFO] PluginManage:310 - Check plugin tools
2026-02-24 20:06:29,215 [WARN] IntegrityCheckThread:84 - waiting for thirdparty lock release [integrity check]
2026-02-24 20:06:29,216 [INFO] IntegrityCheckThread:86 - entering critical section [integrity check]
2026-02-24 20:06:29,216 [INFO] ThirdPartyUpdaterWithRetryManager:70 - Updater plugin not ready yet. [1/15]
2026-02-24 20:06:29,219 [INFO] PluginManage:359 - Loaded plugin tools (category:base,tabindex:7)
2026-02-24 20:06:29,219 [INFO] PluginManage:310 - Check plugin tutovideos
2026-02-24 20:06:29,426 [INFO] PluginManage:359 - Loaded plugin tutovideos (category:base,tabindex:-1)
2026-02-24 20:06:29,426 [INFO] PluginManage:310 - Check plugin updater
2026-02-24 20:06:29,460 [INFO] PluginManage:359 - Loaded plugin updater (category:base,tabindex:12)
2026-02-24 20:06:29,460 [INFO] PluginManage:310 - Check plugin userauth
2026-02-24 20:06:29,466 [INFO] UserAuth:118 - Init User Auth plugin
2026-02-24 20:06:29,467 [INFO] PluginManage:359 - Loaded plugin userauth (category:base,tabindex:14)
2026-02-24 20:06:29,467 [INFO] PluginManage:283 - PluginManage : Loaded plugins [18]
2026-02-24 20:06:29,794 [INFO] PinOutPanel:1589 - setPackage(No Configuration,No Configuration)
2026-02-24 20:06:29,919 [INFO] CADModel:165 - CPN selected for project level
2026-02-24 20:06:29,919 [INFO] CADModel:114 - Register for checkConnection events
2026-02-24 20:06:29,944 [INFO] IPUIPlugin:80 - create IPUIPlugin
2026-02-24 20:06:29,944 [INFO] PluginManager:220 - loadIPPluginJar : add adc
2026-02-24 20:06:29,948 [INFO] IPUIPlugin:80 - create IPUIPlugin
2026-02-24 20:06:29,948 [INFO] PluginManager:220 - loadIPPluginJar : add aes
2026-02-24 20:06:29,952 [INFO] IPUIPlugin:80 - create IPUIPlugin
2026-02-24 20:06:29,952 [INFO] PluginManager:220 - loadIPPluginJar : add can
2026-02-24 20:06:29,954 [INFO] IPUIPlugin:80 - create IPUIPlugin
2026-02-24 20:06:29,954 [INFO] PluginManager:220 - loadIPPluginJar : add comp
2026-02-24 20:06:29,959 [INFO] IPUIPlugin:80 - create IPUIPlugin
2026-02-24 20:06:29,959 [INFO] PluginManager:220 - loadIPPluginJar : add cryp
2026-02-24 20:06:29,964 [INFO] IPUIPlugin:80 - create IPUIPlugin
2026-02-24 20:06:29,964 [INFO] PluginManager:220 - loadIPPluginJar : add ddr_ctrl_phy
2026-02-24 20:06:29,968 [INFO] IPUIPlugin:80 - create IPUIPlugin
2026-02-24 20:06:29,968 [INFO] PluginManager:220 - loadIPPluginJar : add dfsdm
2026-02-24 20:06:29,975 [INFO] IPUIPlugin:80 - create IPUIPlugin
2026-02-24 20:06:29,976 [INFO] PluginManager:220 - loadIPPluginJar : add dma
2026-02-24 20:06:29,980 [INFO] IPUIPlugin:80 - create IPUIPlugin
2026-02-24 20:06:29,980 [INFO] PluginManager:220 - loadIPPluginJar : add dma3
2026-02-24 20:06:29,984 [INFO] IPUIPlugin:80 - create IPUIPlugin
2026-02-24 20:06:29,984 [INFO] PluginManager:220 - loadIPPluginJar : add extmemmanager
2026-02-24 20:06:29,986 [INFO] IPUIPlugin:80 - create IPUIPlugin
2026-02-24 20:06:29,987 [INFO] PluginManager:220 - loadIPPluginJar : add fatfs
2026-02-24 20:06:29,993 [INFO] IPUIPlugin:80 - create IPUIPlugin
2026-02-24 20:06:29,993 [INFO] PluginManager:220 - loadIPPluginJar : add fmc
2026-02-24 20:06:30,002 [INFO] IPUIPlugin:80 - create IPUIPlugin
2026-02-24 20:06:30,002 [INFO] PluginManager:220 - loadIPPluginJar : add freertos
2026-02-24 20:06:30,004 [INFO] IPUIPlugin:80 - create IPUIPlugin
2026-02-24 20:06:30,004 [INFO] PluginManager:220 - loadIPPluginJar : add genericplugin
2026-02-24 20:06:30,007 [INFO] IPUIPlugin:80 - create IPUIPlugin
2026-02-24 20:06:30,007 [INFO] PluginManager:220 - loadIPPluginJar : add gfxmmu
2026-02-24 20:06:30,012 [INFO] IPUIPlugin:80 - create IPUIPlugin
2026-02-24 20:06:30,012 [INFO] PluginManager:220 - loadIPPluginJar : add gic
2026-02-24 20:06:30,018 [INFO] IPUIPlugin:80 - create IPUIPlugin
2026-02-24 20:06:30,018 [INFO] PluginManager:220 - loadIPPluginJar : add gpio
2026-02-24 20:06:30,022 [INFO] IPUIPlugin:80 - create IPUIPlugin
2026-02-24 20:06:30,022 [INFO] PluginManager:220 - loadIPPluginJar : add gtzc
2026-02-24 20:06:30,026 [INFO] IPUIPlugin:80 - create IPUIPlugin
2026-02-24 20:06:30,026 [INFO] PluginManager:220 - loadIPPluginJar : add hash
2026-02-24 20:06:30,030 [INFO] IPUIPlugin:80 - create IPUIPlugin
2026-02-24 20:06:30,030 [INFO] PluginManager:220 - loadIPPluginJar : add i2c
2026-02-24 20:06:30,033 [INFO] IPUIPlugin:80 - create IPUIPlugin
2026-02-24 20:06:30,034 [INFO] PluginManager:220 - loadIPPluginJar : add i2s
2026-02-24 20:06:30,038 [INFO] IPUIPlugin:80 - create IPUIPlugin
2026-02-24 20:06:30,038 [INFO] PluginManager:220 - loadIPPluginJar : add i3c
2026-02-24 20:06:30,042 [INFO] IPUIPlugin:80 - create IPUIPlugin
2026-02-24 20:06:30,043 [INFO] PluginManager:220 - loadIPPluginJar : add ipddr
2026-02-24 20:06:30,052 [INFO] IPUIPlugin:80 - create IPUIPlugin
2026-02-24 20:06:30,052 [INFO] PluginManager:220 - loadIPPluginJar : add linkedlist
2026-02-24 20:06:30,056 [INFO] IPUIPlugin:80 - create IPUIPlugin
2026-02-24 20:06:30,056 [INFO] PluginManager:220 - loadIPPluginJar : add lorawan
2026-02-24 20:06:30,058 [INFO] IPUIPlugin:80 - create IPUIPlugin
2026-02-24 20:06:30,059 [INFO] PluginManager:220 - loadIPPluginJar : add ltdc
2026-02-24 20:06:30,065 [INFO] IPUIPlugin:80 - create IPUIPlugin
2026-02-24 20:06:30,065 [INFO] PluginManager:220 - loadIPPluginJar : add mdma
2026-02-24 20:06:30,070 [INFO] IPUIPlugin:80 - create IPUIPlugin
2026-02-24 20:06:30,071 [INFO] PluginManager:220 - loadIPPluginJar : add nvic
2026-02-24 20:06:30,075 [INFO] IPUIPlugin:80 - create IPUIPlugin
2026-02-24 20:06:30,075 [INFO] PluginManager:220 - loadIPPluginJar : add opamp
2026-02-24 20:06:30,080 [INFO] IPUIPlugin:80 - create IPUIPlugin
2026-02-24 20:06:30,080 [INFO] PluginManager:220 - loadIPPluginJar : add openamp
2026-02-24 20:06:30,084 [INFO] IPUIPlugin:80 - create IPUIPlugin
2026-02-24 20:06:30,085 [INFO] PluginManager:220 - loadIPPluginJar : add pdm2pcm
2026-02-24 20:06:30,093 [INFO] IPUIPlugin:80 - create IPUIPlugin
2026-02-24 20:06:30,096 [INFO] PluginManager:220 - loadIPPluginJar : add plateformsettings
2026-02-24 20:06:30,098 [INFO] IPUIPlugin:80 - create IPUIPlugin
2026-02-24 20:06:30,098 [INFO] PluginManager:220 - loadIPPluginJar : add quadspi
2026-02-24 20:06:30,101 [INFO] IPUIPlugin:80 - create IPUIPlugin
2026-02-24 20:06:30,102 [INFO] PluginManager:220 - loadIPPluginJar : add radio
2026-02-24 20:06:30,109 [INFO] IPUIPlugin:80 - create IPUIPlugin
2026-02-24 20:06:30,109 [INFO] PluginManager:220 - loadIPPluginJar : add resmgrutility
2026-02-24 20:06:30,114 [INFO] IPUIPlugin:80 - create IPUIPlugin
2026-02-24 20:06:30,114 [INFO] PluginManager:220 - loadIPPluginJar : add sai
2026-02-24 20:06:30,117 [INFO] IPUIPlugin:80 - create IPUIPlugin
2026-02-24 20:06:30,118 [INFO] PluginManager:220 - loadIPPluginJar : add spi
2026-02-24 20:06:30,125 [INFO] IPUIPlugin:80 - create IPUIPlugin
2026-02-24 20:06:30,125 [INFO] PluginManager:220 - loadIPPluginJar : add stm32_wpan
2026-02-24 20:06:30,128 [INFO] IPUIPlugin:80 - create IPUIPlugin
2026-02-24 20:06:30,128 [INFO] PluginManager:220 - loadIPPluginJar : add tim
2026-02-24 20:06:30,133 [INFO] IPUIPlugin:80 - create IPUIPlugin
2026-02-24 20:06:30,133 [INFO] PluginManager:220 - loadIPPluginJar : add touchsensing
2026-02-24 20:06:30,136 [INFO] IPUIPlugin:80 - create IPUIPlugin
2026-02-24 20:06:30,136 [INFO] PluginManager:220 - loadIPPluginJar : add tracer_emb
2026-02-24 20:06:30,139 [INFO] IPUIPlugin:80 - create IPUIPlugin
2026-02-24 20:06:30,139 [INFO] PluginManager:220 - loadIPPluginJar : add ts
2026-02-24 20:06:30,141 [INFO] IPUIPlugin:80 - create IPUIPlugin
2026-02-24 20:06:30,141 [INFO] PluginManager:220 - loadIPPluginJar : add tsc
2026-02-24 20:06:30,144 [INFO] IPUIPlugin:80 - create IPUIPlugin
2026-02-24 20:06:30,144 [INFO] PluginManager:220 - loadIPPluginJar : add ucpd
2026-02-24 20:06:30,148 [INFO] IPUIPlugin:80 - create IPUIPlugin
2026-02-24 20:06:30,148 [INFO] PluginManager:220 - loadIPPluginJar : add usart
2026-02-24 20:06:30,153 [INFO] IPUIPlugin:80 - create IPUIPlugin
2026-02-24 20:06:30,153 [INFO] PluginManager:220 - loadIPPluginJar : add usbx
2026-02-24 20:06:30,308 [FATAL] Updater:351 - Updater called before beeing initialized
2026-02-24 20:06:30,360 [INFO] RulesReader:64 - Compatibility file has been processed (302 Rules)
2026-02-24 20:06:30,375 [INFO] RulesReader:64 - Compatibility file has been processed (302 Rules)
2026-02-24 20:06:30,383 [INFO] CADModel:165 - CPN selected for project level
2026-02-24 20:06:30,383 [INFO] CADModel:114 - Register for checkConnection events
2026-02-24 20:06:30,383 [FATAL] Updater:351 - Updater called before beeing initialized
2026-02-24 20:06:30,383 [ERROR] CADModel:125 - Updater not yet initialized, retry later 
2026-02-24 20:06:30,566 [FATAL] Updater:351 - Updater called before beeing initialized
2026-02-24 20:06:30,569 [INFO] CADModel:165 - CPN selected for project level
2026-02-24 20:06:30,569 [INFO] CADModel:114 - Register for checkConnection events
2026-02-24 20:06:30,570 [FATAL] Updater:351 - Updater called before beeing initialized
2026-02-24 20:06:30,570 [ERROR] CADModel:125 - Updater not yet initialized, retry later 
2026-02-24 20:06:30,575 [FATAL] Updater:351 - Updater called before beeing initialized
2026-02-24 20:06:30,787 [FATAL] Updater:351 - Updater called before beeing initialized
2026-02-24 20:06:30,793 [INFO] DbMcusAds:53 - JSON generation date=Wed Feb 18 19:32:49 PKT 2026 (1771425169665)
2026-02-24 20:06:30,793 [FATAL] Updater:351 - Updater called before beeing initialized
2026-02-24 20:06:30,874 [WARN] DetailPanel:346 - Failed to get advertising image, set to default
2026-02-24 20:06:31,258 [FATAL] Updater:351 - Updater called before beeing initialized
2026-02-24 20:06:31,261 [FATAL] Updater:351 - Updater called before beeing initialized
2026-02-24 20:06:31,261 [FATAL] Updater:351 - Updater called before beeing initialized
2026-02-24 20:06:31,261 [WARN] DetailPanel:346 - Failed to get advertising image, set to default
2026-02-24 20:06:31,263 [FATAL] Updater:351 - Updater called before beeing initialized
2026-02-24 20:06:31,334 [ERROR] Updater:1198 - MainUpdater not yet initialized. External WinMGr cannot be set.
2026-02-24 20:06:31,337 [INFO] Updater:1134 - Updater Version found : 6.14.1
2026-02-24 20:06:31,361 [INFO] ApplicationProperties:184 - Using Application install path: D:\Install\STM32CubeIDE_1.18.1\STM32CubeIDE\plugins\com.st.stm32cube.common.mx_6.14.1.202504091515
2026-02-24 20:06:32,218 [INFO] ThirdPartyUpdaterWithRetryManager:70 - Updater plugin not ready yet. [2/15]
2026-02-24 20:06:32,955 [ERROR] LogOutputStream:75 - [STDERR_REDIRECT] Feb 24, 2026 8:06:32 PM java.util.prefs.WindowsPreferences <init>
2026-02-24 20:06:32,964 [ERROR] LogOutputStream:75 - [STDERR_REDIRECT] WARNING: Could not open/create prefs root node Software\JavaSoft\Prefs at root 0xffffffff80000002. Windows RegCreateKeyEx(...) returned error code 5.
2026-02-24 20:06:32,964 [ERROR] LogOutputStream:75 - [STDERR_REDIRECT] 
2026-02-24 20:06:33,988 [INFO] MainUpdater:2872 - connection check result : 10
2026-02-24 20:06:33,989 [INFO] MainUpdater:289 - Updater Check For Update Now.
2026-02-24 20:06:33,990 [INFO] MicroXplorer:498 - Change Database Version : DB.6.0.141
2026-02-24 20:06:34,002 [INFO] McuFinderGlobals:63 - Set McuFinder mode to 2 (CubeIDE integrated)
2026-02-24 20:06:34,003 [INFO] UserAuth:484 - Internet connection configuration mode: 1
2026-02-24 20:06:34,067 [INFO] JxBrowserEngine:152 - Initiate JxBrowser Engine with user profile folder
2026-02-24 20:06:34,239 [INFO] CheckServerUpdateThread:120 - End of CheckServer Thread
2026-02-24 20:06:36,085 [WARN] PackLoader:240 - Cannot read IP mode file for STMicroelectronics.FP-SNS-MOTENVWB1.1.4.0
2026-02-24 20:06:36,098 [WARN] PackLoader:240 - Cannot read IP mode file for STMicroelectronics.FP-ATR-ASTRA1.2.0.2
2026-02-24 20:06:36,133 [WARN] PackLoader:240 - Cannot read IP mode file for STMicroelectronics.X-CUBE-SMBUS.2.1.0
2026-02-24 20:06:36,142 [WARN] PackLoader:240 - Cannot read IP mode file for STMicroelectronics.X-CUBE-ST60.1.0.0
2026-02-24 20:06:36,192 [WARN] PackLoader:240 - Cannot read IP mode file for STMicroelectronics.X-CUBE-AZRTOS-F7.1.1.0
2026-02-24 20:06:36,207 [WARN] PackLoader:240 - Cannot read IP mode file for Cesanta.I-CUBE-Mongoose.7.19.0
2026-02-24 20:06:36,215 [ERROR] Engine:466 - C:\Users\DELL\.stm32cubemx\thirdparties\pdsc\STMicroelectronics.FP-SNS-MOTENV1.5.1.0.pdsc: PDSC version is not supported
2026-02-24 20:06:36,245 [ERROR] Engine:466 - C:\Users\DELL\.stm32cubemx\thirdparties\pdsc\WES.I-CUBE-Cesium.1.4.0.pdsc: PDSC version is not supported
2026-02-24 20:06:36,330 [WARN] PackLoader:240 - Cannot read IP mode file for Infineon.AIROC-Wi-Fi-Bluetooth-STM32.1.7.1
2026-02-24 20:06:36,400 [WARN] PackLoader:240 - Cannot read IP mode file for STMicroelectronics.X-CUBE-AZRTOS-H7.3.4.0
2026-02-24 20:06:36,416 [WARN] PackLoader:240 - Cannot read IP mode file for STMicroelectronics.X-CUBE-DISPLAY.3.0.0
2026-02-24 20:06:36,427 [ERROR] Engine:466 - C:\Users\DELL\.stm32cubemx\thirdparties\pdsc\STMicroelectronics.FP-SNS-MOTENVWB1.1.5.0.pdsc: PDSC version is not supported
2026-02-24 20:06:36,478 [WARN] PackLoader:240 - Cannot read IP mode file for STMicroelectronics.X-CUBE-NFC10.1.0.0
2026-02-24 20:06:36,487 [WARN] PackLoader:240 - Cannot read IP mode file for STMicroelectronics.X-CUBE-ST60.1.1.0
2026-02-24 20:06:36,496 [WARN] PackLoader:240 - Cannot read IP mode file for emotas.I-CUBE-CANOPEN.1.3.0
2026-02-24 20:06:36,507 [WARN] PackLoader:240 - Cannot read IP mode file for STMicroelectronics.X-CUBE-GNSS1.7.1.0
2026-02-24 20:06:36,515 [ERROR] Engine:466 - C:\Users\DELL\.stm32cubemx\thirdparties\pdsc\STMicroelectronics.FP-SNS-STBOX1.2.1.0.pdsc: PDSC version is not supported
2026-02-24 20:06:36,524 [WARN] PackLoader:240 - Cannot read IP mode file for STMicroelectronics.FP-SNS-SMARTAG2.1.2.0
2026-02-24 20:06:36,532 [WARN] PackLoader:240 - Cannot read IP mode file for STMicroelectronics.FP-SNS-FLIGHT1.5.1.0
2026-02-24 20:06:36,595 [INFO] WebApp:169 - Instantiating new browser for Auth
2026-02-24 20:06:36,652 [INFO] LogOutputStream:77 - [STDOUT_REDIRECT] 1 : Invalid condition id : UX_CORESTACK_Condition cause : null
2026-02-24 20:06:36,654 [INFO] LogOutputStream:77 - [STDOUT_REDIRECT] 1 : Invalid condition id : UX_CORESTACK_Condition cause : null
2026-02-24 20:06:36,656 [INFO] LogOutputStream:77 - [STDOUT_REDIRECT] 1 : Invalid condition id : UX_CORESTACK_Condition cause : null
2026-02-24 20:06:36,658 [INFO] LogOutputStream:77 - [STDOUT_REDIRECT] 1 : Invalid condition id : UX_CORESTACK_Condition cause : null
2026-02-24 20:06:36,660 [INFO] LogOutputStream:77 - [STDOUT_REDIRECT] 1 : Invalid condition id : UX_CORESTACK_Condition cause : null
2026-02-24 20:06:36,664 [WARN] PackLoader:240 - Cannot read IP mode file for STMicroelectronics.X-CUBE-AZRTOS-WL.2.0.0
2026-02-24 20:06:36,673 [WARN] PackLoader:240 - Cannot read IP mode file for STMicroelectronics.FP-SNS-MOTENV1.5.0.0
2026-02-24 20:06:36,704 [WARN] PackLoader:240 - Cannot read IP mode file for STMicroelectronics.X-CUBE-AZRTOS-H7RS.1.2.0
2026-02-24 20:06:36,719 [WARN] PackLoader:240 - Cannot read IP mode file for STMicroelectronics.X-CUBE-BLE2.3.3.0
2026-02-24 20:06:36,872 [WARN] PackLoader:240 - Cannot read IP mode file for STMicroelectronics.X-CUBE-NFC9.1.0.0
2026-02-24 20:06:36,884 [WARN] PackLoader:240 - Cannot read IP mode file for wolfSSL.I-CUBE-wolfSSL.5.8.2
2026-02-24 20:06:36,892 [WARN] PackLoader:240 - Cannot read IP mode file for STMicroelectronics.X-CUBE-BLE1.7.1.0
2026-02-24 20:06:36,991 [WARN] PackLoader:240 - Cannot read IP mode file for wolfSSL.I-CUBE-wolfMQTT.1.19.2
2026-02-24 20:06:36,999 [ERROR] Engine:466 - C:\Users\DELL\.stm32cubemx\thirdparties\pdsc\STMicroelectronics.X-CUBE-FREERTOS.1.4.0.pdsc: PDSC version is not supported
2026-02-24 20:06:37,010 [WARN] PackLoader:240 - Cannot read IP mode file for STMicroelectronics.X-CUBE-EEPRMA1.5.2.0
2026-02-24 20:06:37,022 [ERROR] Engine:466 - C:\Users\DELL\.stm32cubemx\thirdparties\pdsc\STMicroelectronics.X-CUBE-ST67W61.1.1.0.pdsc: PDSC version is not supported
2026-02-24 20:06:37,250 [WARN] PackLoader:240 - Cannot read IP mode file for STMicroelectronics.X-CUBE-MEMS1.12.0.0
2026-02-24 20:06:37,669 [WARN] PackLoader:240 - Cannot read IP mode file for STMicroelectronics.X-CUBE-AZRTOS-G0.1.1.0
2026-02-24 20:06:37,680 [WARN] PackLoader:240 - Cannot read IP mode file for STMicroelectronics.X-CUBE-SAFEA1.1.2.2
2026-02-24 20:06:37,689 [WARN] PackLoader:240 - Cannot read IP mode file for STMicroelectronics.X-CUBE-NFC4.3.0.0
2026-02-24 20:06:37,701 [WARN] PackLoader:240 - Cannot read IP mode file for EmbeddedOffice.I-CUBE-FS-RTOS.1.0.1
2026-02-24 20:06:37,845 [WARN] PackLoader:240 - Cannot read IP mode file for STMicroelectronics.X-CUBE-WB05N.2.0.0
2026-02-24 20:06:37,854 [WARN] PackLoader:240 - Cannot read IP mode file for wolfSSL.I-CUBE-wolfTPM.3.8.0
2026-02-24 20:06:37,863 [WARN] PackLoader:240 - Cannot read IP mode file for STMicroelectronics.X-CUBE-TCPP.4.2.0
2026-02-24 20:06:37,873 [WARN] PackLoader:240 - Cannot read IP mode file for RealThread.X-CUBE-RT-Thread_Nano.4.1.1
2026-02-24 20:06:37,881 [WARN] PackLoader:240 - Cannot read IP mode file for STMicroelectronics.FP-ATR-SIGFOX1.3.2.0
2026-02-24 20:06:37,918 [WARN] PackLoader:240 - Cannot read IP mode file for ITTIA_DB.I-CUBE-ITTIADB.8.9.0
2026-02-24 20:06:37,928 [WARN] PackLoader:240 - Cannot read IP mode file for STMicroelectronics.X-CUBE-NFC6.3.2.0
2026-02-24 20:06:37,940 [WARN] PackLoader:240 - Cannot read IP mode file for STMicroelectronics.X-CUBE-ST67W61.1.0.0
2026-02-24 20:06:37,947 [WARN] PackLoader:240 - Cannot read IP mode file for STMicroelectronics.X-CUBE-AI.10.2.0
2026-02-24 20:06:38,090 [WARN] PackLoader:240 - Cannot read IP mode file for SEGGER.I-CUBE-embOS.1.3.1
2026-02-24 20:06:38,193 [WARN] PackLoader:240 - Cannot read IP mode file for STMicroelectronics.X-CUBE-ALGOBUILD.1.4.0
2026-02-24 20:06:38,288 [WARN] PackLoader:240 - Cannot read IP mode file for STMicroelectronics.X-CUBE-MEMS1.11.3.0
2026-02-24 20:06:38,713 [WARN] PackLoader:240 - Cannot read IP mode file for STMicroelectronics.X-CUBE-PM33A1.1.0.0
2026-02-24 20:06:38,741 [WARN] PackLoader:240 - Cannot read IP mode file for STMicroelectronics.X-CUBE-AZRTOS-F4.1.1.0
2026-02-24 20:06:38,752 [WARN] PackLoader:240 - Cannot read IP mode file for Avnet-IotConnect.X-CUBE-IoTC-DA16k-PMOD.1.0.0
2026-02-24 20:06:38,758 [WARN] PackLoader:240 - Cannot read IP mode file for STMicroelectronics.X-CUBE-ISPU.2.1.0
2026-02-24 20:06:38,768 [ERROR] Engine:466 - C:\Users\DELL\.stm32cubemx\thirdparties\pdsc\STMicroelectronics.X-CUBE-IPS.3.2.0.pdsc: PDSC version is not supported
2026-02-24 20:06:38,777 [WARN] PackLoader:240 - Cannot read IP mode file for STMicroelectronics.X-CUBE-NFC12.1.0.0
2026-02-24 20:06:38,830 [WARN] PackLoader:240 - Cannot read IP mode file for STMicroelectronics.X-CUBE-AZRTOS-L5.2.0.0
2026-02-24 20:06:38,844 [WARN] PackLoader:240 - Cannot read IP mode file for STMicroelectronics.X-CUBE-NFC6.3.1.0
2026-02-24 20:06:38,855 [WARN] PackLoader:240 - Cannot read IP mode file for STMicroelectronics.X-CUBE-FREERTOS.1.3.1
2026-02-24 20:06:38,862 [WARN] PackLoader:240 - Cannot read IP mode file for STMicroelectronics.X-CUBE-TOUCHGFX.4.26.0
2026-02-24 20:06:38,869 [WARN] PackLoader:240 - Cannot read IP mode file for STMicroelectronics.FP-SNS-STAIOTCFT.1.0.0
2026-02-24 20:06:38,878 [WARN] PackLoader:240 - Cannot read IP mode file for STMicroelectronics.X-CUBE-DPower.1.3.0
2026-02-24 20:06:38,914 [WARN] ConditionMgr:438 - getConditionDescription Invalid condition id : LAN8742 Phy interface Condition cause : null
2026-02-24 20:06:38,916 [WARN] PackLoader:240 - Cannot read IP mode file for STMicroelectronics.X-CUBE-AZRTOS-L4.2.0.0
2026-02-24 20:06:38,918 [WARN] ConditionMgr:1044 - genDependencies : Invalid condition id : LAN8742 Phy interface Condition cause : null
2026-02-24 20:06:38,919 [WARN] ConditionMgr:1044 - genDependencies : Invalid condition id : LAN8742 Phy interface Condition cause : null
2026-02-24 20:06:38,920 [WARN] ConditionMgr:1044 - genDependencies : Invalid condition id : LAN8742 Phy interface Condition cause : null
2026-02-24 20:06:38,953 [WARN] PackLoader:240 - Cannot read IP mode file for STMicroelectronics.X-CUBE-SFXS2LP1.4.0.0
2026-02-24 20:06:38,961 [ERROR] Engine:466 - C:\Users\DELL\.stm32cubemx\thirdparties\pdsc\STMicroelectronics.X-CUBE-ST67W61.1.2.0.pdsc: PDSC version is not supported
2026-02-24 20:06:38,979 [WARN] PackLoader:240 - Cannot read IP mode file for STMicroelectronics.X-CUBE-BLEMGR.4.1.0
2026-02-24 20:06:39,006 [WARN] ConditionMgr:438 - getConditionDescription Invalid condition id : UX DEVICE CLASS RTOS Condition cause : null
2026-02-24 20:06:39,007 [WARN] ConditionMgr:438 - getConditionDescription Invalid condition id : UX DEVICE CLASS RTOS Condition cause : null
2026-02-24 20:06:39,010 [WARN] PackLoader:240 - Cannot read IP mode file for STMicroelectronics.X-CUBE-AZRTOS-WB.2.0.0
2026-02-24 20:06:39,011 [WARN] ConditionMgr:1044 - genDependencies : Invalid condition id : UX DEVICE CLASS RTOS Condition cause : null
2026-02-24 20:06:39,012 [WARN] ConditionMgr:1044 - genDependencies : Invalid condition id : UX DEVICE CLASS RTOS Condition cause : null
2026-02-24 20:06:39,012 [WARN] ConditionMgr:1044 - genDependencies : Invalid condition id : UX DEVICE CLASS RTOS Condition cause : null
2026-02-24 20:06:39,013 [WARN] ConditionMgr:1044 - genDependencies : Invalid condition id : UX DEVICE CLASS RTOS Condition cause : null
2026-02-24 20:06:39,013 [WARN] ConditionMgr:1044 - genDependencies : Invalid condition id : UX DEVICE CLASS RTOS Condition cause : null
2026-02-24 20:06:39,025 [WARN] PackLoader:240 - Cannot read IP mode file for STMicroelectronics.X-CUBE-GNSS1.7.0.1
2026-02-24 20:06:39,033 [WARN] PackLoader:240 - Cannot read IP mode file for STMicroelectronics.X-CUBE-TOUCHGFX.4.25.0
2026-02-24 20:06:39,041 [WARN] ConditionMgr:438 - getConditionDescription Invalid condition id : Cortex-A Device cause : null
2026-02-24 20:06:39,056 [WARN] ConditionMgr:1044 - genDependencies : Invalid condition id : Cortex-A Device cause : null
2026-02-24 20:06:39,056 [WARN] ConditionMgr:1044 - genDependencies : Invalid condition id : Cortex-A Device cause : null
2026-02-24 20:06:39,056 [WARN] ConditionMgr:1044 - genDependencies : Invalid condition id : Cortex-A Device cause : null
2026-02-24 20:06:39,095 [WARN] PackLoader:240 - Cannot read IP mode file for STMicroelectronics.X-CUBE-STSE01.2.0.0
2026-02-24 20:06:39,110 [WARN] PackLoader:240 - Cannot read IP mode file for STMicroelectronics.X-CUBE-SUBG2.5.0.0
2026-02-24 20:06:39,141 [WARN] PackLoader:240 - Cannot read IP mode file for STMicroelectronics.X-CUBE-AZRTOS-H7RS.1.1.0
2026-02-24 20:06:39,168 [WARN] PackLoader:240 - Cannot read IP mode file for STMicroelectronics.X-CUBE-AZRTOS-G4.2.0.0
2026-02-24 20:06:39,176 [WARN] PackLoader:240 - Cannot read IP mode file for wolfSSL.I-CUBE-wolfSSH.1.4.20
2026-02-24 20:06:39,184 [WARN] PackLoader:240 - Cannot read IP mode file for STMicroelectronics.X-CUBE-NFC7.2.0.0
2026-02-24 20:06:39,227 [WARN] PackLoader:240 - Cannot read IP mode file for STMicroelectronics.X-CUBE-IPS.3.1.0
2026-02-24 20:06:39,241 [WARN] PackLoader:240 - Cannot read IP mode file for STMicroelectronics.X-CUBE-ALS.1.0.2
2026-02-24 20:06:39,251 [WARN] PackLoader:240 - Cannot read IP mode file for STMicroelectronics.X-CUBE-STSE01.1.0.0
2026-02-24 20:06:39,268 [WARN] PackLoader:240 - Cannot read IP mode file for STMicroelectronics.X-CUBE-TOF1.3.4.3
2026-02-24 20:06:39,286 [INFO] ThirdParty:978 - Integrity check success = true
2026-02-24 20:06:39,286 [INFO] IntegrityCheckThread:100 - exiting critical section [integrity check]
2026-02-24 20:06:39,286 [INFO] IntegrityCheckThread:103 - End integrity checks thread
2026-02-24 20:06:39,585 [INFO] WebApp:463 - Apply proxy settings
2026-02-24 20:06:39,585 [INFO] WebApp:548 - Chromium requires no authentication
2026-02-24 20:06:39,606 [INFO] WebApp:491 - Direct internet connection detected
2026-02-24 20:06:39,658 [INFO] WebApp:894 - Register for checkConnection events
2026-02-24 20:06:39,659 [INFO] WebApp:463 - Apply proxy settings
2026-02-24 20:06:39,659 [INFO] WebApp:548 - Chromium requires no authentication
2026-02-24 20:06:39,663 [INFO] WebApp:491 - Direct internet connection detected
2026-02-24 20:06:40,012 [INFO] WebApp:225 - Starting web application
2026-02-24 20:06:40,013 [INFO] WebApp:593 - Web application path used D:\Install\STM32CubeIDE_1.18.1\STM32CubeIDE\plugins\com.st.stm32cube.common.mx_6.14.1.202504091515\db\plugins\mcufinder\reactClient1\index.html
2026-02-24 20:06:40,472 [INFO] UserAuth:484 - Internet connection configuration mode: 1
2026-02-24 20:06:40,530 [INFO] WebApp:191 - Connection restablished
2026-02-24 20:15:55,350 [INFO] WebApp:194 - Connection lost
2026-02-24 20:19:28,719 [INFO] WebApp:191 - Connection restablished
2026-02-24 20:19:41,611 [INFO] WebApp:194 - Connection lost
2026-02-24 20:19:47,990 [INFO] WebApp:191 - Connection restablished
2026-02-24 20:19:49,800 [INFO] WebApp:194 - Connection lost
2026-02-24 20:19:50,100 [INFO] WebApp:191 - Connection restablished
2026-02-24 20:19:52,828 [INFO] WebApp:194 - Connection lost
2026-02-24 20:19:53,131 [INFO] WebApp:191 - Connection restablished
2026-02-24 20:21:37,825 [INFO] WebApp:194 - Connection lost
2026-02-24 20:21:38,253 [INFO] WebApp:191 - Connection restablished
2026-02-24 21:01:36,549 [ERROR] ConfigurationRetriever:142 - IOException on connection: Connect timed out
2026-02-24 21:03:52,341 [ERROR] ConfigurationRetriever:142 - IOException on connection: Read timed out
2026-02-24 21:03:55,018 [ERROR] ConfigurationRetriever:142 - IOException on connection: Connect timed out
2026-02-24 23:23:14,919 [INFO] WebApp:194 - Connection lost
2026-02-24 23:23:16,082 [INFO] WebApp:191 - Connection restablished
2026-02-24 23:23:17,081 [INFO] WebApp:194 - Connection lost
2026-02-24 23:23:17,356 [INFO] WebApp:191 - Connection restablished
