2025-12-07 08:39:23,308 [ERROR] LogOutputStream:75 - [STDERR_REDIRECT] 
2025-12-07 09:01:02,478 [INFO] Activator:176 - 


2025-12-07 09:01:02,481 [INFO] Activator:177 - !SESSION log4j initialized
2025-12-07 09:01:12,705 [INFO] LogOutputStream:77 - [STDOUT_REDIRECT] 
2025-12-07 09:01:14,516 [INFO] ApplicationProperties:184 - Using Application install path: D:\Install\STM32CubeIDE_1.18.1\STM32CubeIDE\plugins\com.st.stm32cube.common.mx_6.14.1.202504091515
2025-12-07 09:01:14,540 [INFO] DbMcusXml:78 - Set database path to: D:\Install\STM32CubeIDE_1.18.1\STM32CubeIDE\plugins\com.st.stm32cube.common.mx_6.14.1.202504091515\\db\/mcu/
2025-12-07 09:01:14,540 [INFO] ApiDb:274 - Set plugin database path to: D:\Install\STM32CubeIDE_1.18.1\STM32CubeIDE\plugins\com.st.stm32cube.common.mx_6.14.1.202504091515\\db\/plugins/boardmanager/
2025-12-07 09:01:14,540 [WARN] ApiDb:259 - Overriding images path with different value:  => D:\Install\STM32CubeIDE_1.18.1\STM32CubeIDE\plugins\com.st.stm32cube.common.mx_6.14.1.202504091515\\db\/plugins/mcufinder/images/
2025-12-07 09:01:14,552 [INFO] ApiDb:250 - Set database path to: C:\Users\DELL\.stmcufinder\plugins\mcufinder//mcu/
2025-12-07 09:01:14,553 [INFO] DbMcusAds:125 - Set database path to: C:\Users\DELL\.stmcufinder\plugins\mcufinder//mcu/
2025-12-07 09:01:14,556 [INFO] CrossReferenceDbSqlite:203 - Set database path to: C:\Users\DELL\.stmcufinder\plugins\mcufinder//mcu/cs/
2025-12-07 09:01:14,710 [INFO] RulesReader:64 - Compatibility file has been processed (302 Rules)
2025-12-07 09:01:14,817 [INFO] DbMcusXml:78 - Set database path to: D:\Install\STM32CubeIDE_1.18.1\STM32CubeIDE\plugins\com.st.stm32cube.common.mx_6.14.1.202504091515\\db\/mcu/
2025-12-07 09:01:14,817 [INFO] ApiDb:274 - Set plugin database path to: D:\Install\STM32CubeIDE_1.18.1\STM32CubeIDE\plugins\com.st.stm32cube.common.mx_6.14.1.202504091515\\db\/plugins/boardmanager/
2025-12-07 09:01:14,818 [INFO] ApiDb:261 - Set plugin images path to: D:\Install\STM32CubeIDE_1.18.1\STM32CubeIDE\plugins\com.st.stm32cube.common.mx_6.14.1.202504091515\\db\/plugins/mcufinder/images/
2025-12-07 09:01:14,818 [WARN] DbFile:41 - Overriding database path with different value: C:\Users\DELL\.stmcufinder\plugins\mcufinder/ => C:\Users\DELL\.stmcufinder\plugins\mcufinder
2025-12-07 09:01:14,818 [INFO] ApiDb:250 - Set database path to: C:\Users\DELL\.stmcufinder\plugins\mcufinder//mcu/
2025-12-07 09:01:14,818 [WARN] DbFile:41 - Overriding database path with different value: C:\Users\DELL\.stmcufinder\plugins\mcufinder/ => C:\Users\DELL\.stmcufinder\plugins\mcufinder
2025-12-07 09:01:14,818 [INFO] DbMcusAds:125 - Set database path to: C:\Users\DELL\.stmcufinder\plugins\mcufinder//mcu/
2025-12-07 09:01:14,818 [WARN] DbFile:41 - Overriding database path with different value: C:\Users\DELL\.stmcufinder\plugins\mcufinder/ => C:\Users\DELL\.stmcufinder\plugins\mcufinder
2025-12-07 09:01:14,818 [WARN] DbFile:41 - Overriding database path with different value: C:\Users\DELL\.stmcufinder\plugins\mcufinder/ => C:\Users\DELL\.stmcufinder\plugins\mcufinder
2025-12-07 09:01:14,818 [INFO] CrossReferenceDbSqlite:203 - Set database path to: C:\Users\DELL\.stmcufinder\plugins\mcufinder//mcu/cs/
2025-12-07 09:01:14,919 [INFO] MainPanel:272 - HeapMemory: 268435456
2025-12-07 09:01:15,086 [INFO] DbMcusXml:78 - Set database path to: D:\Install\STM32CubeIDE_1.18.1\STM32CubeIDE\plugins\com.st.stm32cube.common.mx_6.14.1.202504091515\\db\/mcu/
2025-12-07 09:01:15,086 [INFO] ApiDb:274 - Set plugin database path to: D:\Install\STM32CubeIDE_1.18.1\STM32CubeIDE\plugins\com.st.stm32cube.common.mx_6.14.1.202504091515\\db\/plugins/boardmanager/
2025-12-07 09:01:15,086 [INFO] ApiDb:261 - Set plugin images path to: D:\Install\STM32CubeIDE_1.18.1\STM32CubeIDE\plugins\com.st.stm32cube.common.mx_6.14.1.202504091515\\db\/plugins/mcufinder/images/
2025-12-07 09:01:15,087 [WARN] DbFile:41 - Overriding database path with different value: C:\Users\DELL\.stmcufinder\plugins\mcufinder/ => C:\Users\DELL\.stmcufinder\plugins\mcufinder
2025-12-07 09:01:15,087 [INFO] ApiDb:250 - Set database path to: C:\Users\DELL\.stmcufinder\plugins\mcufinder//mcu/
2025-12-07 09:01:15,087 [WARN] DbFile:41 - Overriding database path with different value: C:\Users\DELL\.stmcufinder\plugins\mcufinder/ => C:\Users\DELL\.stmcufinder\plugins\mcufinder
2025-12-07 09:01:15,087 [INFO] DbMcusAds:125 - Set database path to: C:\Users\DELL\.stmcufinder\plugins\mcufinder//mcu/
2025-12-07 09:01:15,088 [WARN] DbFile:41 - Overriding database path with different value: C:\Users\DELL\.stmcufinder\plugins\mcufinder/ => C:\Users\DELL\.stmcufinder\plugins\mcufinder
2025-12-07 09:01:15,088 [WARN] DbFile:41 - Overriding database path with different value: C:\Users\DELL\.stmcufinder\plugins\mcufinder/ => C:\Users\DELL\.stmcufinder\plugins\mcufinder
2025-12-07 09:01:15,088 [INFO] CrossReferenceDbSqlite:203 - Set database path to: C:\Users\DELL\.stmcufinder\plugins\mcufinder//mcu/cs/
2025-12-07 09:01:15,112 [INFO] ApplicationProperties:184 - Using Application install path: D:\Install\STM32CubeIDE_1.18.1\STM32CubeIDE\plugins\com.st.stm32cube.common.mx_6.14.1.202504091515
2025-12-07 09:01:15,114 [INFO] PluginManage:196 - Search for loadable plugins [exclusion list=, ]
2025-12-07 09:01:15,115 [INFO] PluginManage:310 - Check plugin analytics
2025-12-07 09:01:15,339 [INFO] AnalyticsPlugin:253 - Accepted Software Licenses: STM32CubeMX.6.14.1
2025-12-07 09:01:15,340 [INFO] AnalyticsPlugin:255 - Accepted CMSIS Pack Licenses: 
2025-12-07 09:01:15,340 [INFO] AnalyticsPlugin:257 - Accepted Firmware Licenses: FW.WL.1.3.0,FW.L4.1.18.0,FW.F4.1.28.0
2025-12-07 09:01:15,345 [INFO] PluginManage:359 - Loaded plugin analytics (category:tool,tabindex:-1)
2025-12-07 09:01:15,345 [INFO] PluginManage:310 - Check plugin cadmodel
2025-12-07 09:01:15,353 [INFO] CADModel:105 - Init CAD model plugin
2025-12-07 09:01:15,353 [INFO] PluginManage:359 - Loaded plugin cadmodel (category:power,tabindex:5)
2025-12-07 09:01:15,353 [INFO] PluginManage:310 - Check plugin clock
2025-12-07 09:01:15,366 [INFO] PluginManage:359 - Loaded plugin clock (category:base,tabindex:2)
2025-12-07 09:01:15,366 [INFO] PluginManage:310 - Check plugin ddr
2025-12-07 09:01:15,371 [INFO] PluginManage:359 - Loaded plugin ddr (category:tool,tabindex:6)
2025-12-07 09:01:15,371 [INFO] PluginManage:310 - Check plugin filemanager
2025-12-07 09:01:15,547 [INFO] PluginManage:359 - Loaded plugin filemanager (category:base,tabindex:10)
2025-12-07 09:01:15,547 [INFO] PluginManage:310 - Check plugin ipmanager
2025-12-07 09:01:15,556 [INFO] PluginManage:359 - Loaded plugin ipmanager (category:base,tabindex:5)
2025-12-07 09:01:15,557 [INFO] PluginManage:310 - Check plugin lpbam
2025-12-07 09:01:15,566 [INFO] PluginManage:359 - Loaded plugin lpbam (category:base,tabindex:0)
2025-12-07 09:01:15,566 [INFO] PluginManage:310 - Check plugin memorymap
2025-12-07 09:01:15,584 [INFO] PluginManage:359 - Loaded plugin memorymap (category:base,tabindex:4)
2025-12-07 09:01:15,584 [INFO] PluginManage:310 - Check plugin pinoutandconfiguration
2025-12-07 09:01:15,597 [INFO] PluginManage:359 - Loaded plugin pinoutandconfiguration (category:base,tabindex:1)
2025-12-07 09:01:15,597 [INFO] PluginManage:310 - Check plugin pinoutconfig
2025-12-07 09:01:15,722 [WARN] SupportedApi:132 - Cannot load RTOS API schema: s4s-elt-must-match.1: The content of 'definitions' must match (annotation?, (simpleType | complexType)?, (unique | key | keyref)*)). A problem was found starting at: attribute.
2025-12-07 09:01:15,901 [INFO] PluginManage:359 - Loaded plugin pinoutconfig (category:base,tabindex:0)
2025-12-07 09:01:15,901 [INFO] PluginManage:310 - Check plugin power
2025-12-07 09:01:15,915 [INFO] PluginManage:359 - Loaded plugin power (category:power,tabindex:4)
2025-12-07 09:01:15,915 [INFO] PluginManage:310 - Check plugin projectmanager
2025-12-07 09:01:15,966 [INFO] PluginManage:359 - Loaded plugin projectmanager (category:projectmanager,tabindex:4)
2025-12-07 09:01:15,966 [INFO] PluginManage:310 - Check plugin rif
2025-12-07 09:01:15,976 [INFO] PluginManage:359 - Loaded plugin rif (category:base,tabindex:3)
2025-12-07 09:01:15,976 [INFO] PluginManage:310 - Check plugin thirdparty
2025-12-07 09:01:16,164 [INFO] PluginManage:359 - Loaded plugin thirdparty (category:base,tabindex:-1)
2025-12-07 09:01:16,164 [WARN] IntegrityCheckThread:84 - waiting for thirdparty lock release [integrity check]
2025-12-07 09:01:16,164 [INFO] PluginManage:310 - Check plugin tools
2025-12-07 09:01:16,165 [INFO] IntegrityCheckThread:86 - entering critical section [integrity check]
2025-12-07 09:01:16,165 [INFO] ThirdPartyUpdaterWithRetryManager:70 - Updater plugin not ready yet. [1/15]
2025-12-07 09:01:16,168 [INFO] PluginManage:359 - Loaded plugin tools (category:base,tabindex:7)
2025-12-07 09:01:16,168 [INFO] PluginManage:310 - Check plugin tutovideos
2025-12-07 09:01:16,387 [INFO] PluginManage:359 - Loaded plugin tutovideos (category:base,tabindex:-1)
2025-12-07 09:01:16,387 [INFO] PluginManage:310 - Check plugin updater
2025-12-07 09:01:16,421 [INFO] PluginManage:359 - Loaded plugin updater (category:base,tabindex:12)
2025-12-07 09:01:16,422 [INFO] PluginManage:310 - Check plugin userauth
2025-12-07 09:01:16,427 [INFO] UserAuth:118 - Init User Auth plugin
2025-12-07 09:01:16,428 [INFO] PluginManage:359 - Loaded plugin userauth (category:base,tabindex:14)
2025-12-07 09:01:16,429 [INFO] PluginManage:283 - PluginManage : Loaded plugins [18]
2025-12-07 09:01:16,758 [INFO] PinOutPanel:1589 - setPackage(No Configuration,No Configuration)
2025-12-07 09:01:16,888 [INFO] CADModel:165 - CPN selected for project level
2025-12-07 09:01:16,888 [INFO] CADModel:114 - Register for checkConnection events
2025-12-07 09:01:16,915 [INFO] IPUIPlugin:80 - create IPUIPlugin
2025-12-07 09:01:16,916 [INFO] PluginManager:220 - loadIPPluginJar : add adc
2025-12-07 09:01:16,920 [INFO] IPUIPlugin:80 - create IPUIPlugin
2025-12-07 09:01:16,920 [INFO] PluginManager:220 - loadIPPluginJar : add aes
2025-12-07 09:01:16,924 [INFO] IPUIPlugin:80 - create IPUIPlugin
2025-12-07 09:01:16,925 [INFO] PluginManager:220 - loadIPPluginJar : add can
2025-12-07 09:01:16,927 [INFO] IPUIPlugin:80 - create IPUIPlugin
2025-12-07 09:01:16,927 [INFO] PluginManager:220 - loadIPPluginJar : add comp
2025-12-07 09:01:16,931 [INFO] IPUIPlugin:80 - create IPUIPlugin
2025-12-07 09:01:16,931 [INFO] PluginManager:220 - loadIPPluginJar : add cryp
2025-12-07 09:01:16,936 [INFO] IPUIPlugin:80 - create IPUIPlugin
2025-12-07 09:01:16,937 [INFO] PluginManager:220 - loadIPPluginJar : add ddr_ctrl_phy
2025-12-07 09:01:16,941 [INFO] IPUIPlugin:80 - create IPUIPlugin
2025-12-07 09:01:16,941 [INFO] PluginManager:220 - loadIPPluginJar : add dfsdm
2025-12-07 09:01:16,950 [INFO] IPUIPlugin:80 - create IPUIPlugin
2025-12-07 09:01:16,951 [INFO] PluginManager:220 - loadIPPluginJar : add dma
2025-12-07 09:01:16,955 [INFO] IPUIPlugin:80 - create IPUIPlugin
2025-12-07 09:01:16,955 [INFO] PluginManager:220 - loadIPPluginJar : add dma3
2025-12-07 09:01:16,960 [INFO] IPUIPlugin:80 - create IPUIPlugin
2025-12-07 09:01:16,960 [INFO] PluginManager:220 - loadIPPluginJar : add extmemmanager
2025-12-07 09:01:16,962 [INFO] IPUIPlugin:80 - create IPUIPlugin
2025-12-07 09:01:16,962 [INFO] PluginManager:220 - loadIPPluginJar : add fatfs
2025-12-07 09:01:16,969 [INFO] IPUIPlugin:80 - create IPUIPlugin
2025-12-07 09:01:16,969 [INFO] PluginManager:220 - loadIPPluginJar : add fmc
2025-12-07 09:01:16,983 [INFO] IPUIPlugin:80 - create IPUIPlugin
2025-12-07 09:01:16,983 [INFO] PluginManager:220 - loadIPPluginJar : add freertos
2025-12-07 09:01:16,986 [INFO] IPUIPlugin:80 - create IPUIPlugin
2025-12-07 09:01:16,986 [INFO] PluginManager:220 - loadIPPluginJar : add genericplugin
2025-12-07 09:01:16,990 [INFO] IPUIPlugin:80 - create IPUIPlugin
2025-12-07 09:01:16,990 [INFO] PluginManager:220 - loadIPPluginJar : add gfxmmu
2025-12-07 09:01:16,997 [INFO] IPUIPlugin:80 - create IPUIPlugin
2025-12-07 09:01:16,998 [INFO] PluginManager:220 - loadIPPluginJar : add gic
2025-12-07 09:01:17,005 [INFO] IPUIPlugin:80 - create IPUIPlugin
2025-12-07 09:01:17,005 [INFO] PluginManager:220 - loadIPPluginJar : add gpio
2025-12-07 09:01:17,010 [INFO] IPUIPlugin:80 - create IPUIPlugin
2025-12-07 09:01:17,011 [INFO] PluginManager:220 - loadIPPluginJar : add gtzc
2025-12-07 09:01:17,015 [INFO] IPUIPlugin:80 - create IPUIPlugin
2025-12-07 09:01:17,015 [INFO] PluginManager:220 - loadIPPluginJar : add hash
2025-12-07 09:01:17,020 [INFO] IPUIPlugin:80 - create IPUIPlugin
2025-12-07 09:01:17,021 [INFO] PluginManager:220 - loadIPPluginJar : add i2c
2025-12-07 09:01:17,025 [INFO] IPUIPlugin:80 - create IPUIPlugin
2025-12-07 09:01:17,025 [INFO] PluginManager:220 - loadIPPluginJar : add i2s
2025-12-07 09:01:17,029 [INFO] IPUIPlugin:80 - create IPUIPlugin
2025-12-07 09:01:17,030 [INFO] PluginManager:220 - loadIPPluginJar : add i3c
2025-12-07 09:01:17,036 [INFO] IPUIPlugin:80 - create IPUIPlugin
2025-12-07 09:01:17,036 [INFO] PluginManager:220 - loadIPPluginJar : add ipddr
2025-12-07 09:01:17,046 [INFO] IPUIPlugin:80 - create IPUIPlugin
2025-12-07 09:01:17,046 [INFO] PluginManager:220 - loadIPPluginJar : add linkedlist
2025-12-07 09:01:17,051 [INFO] IPUIPlugin:80 - create IPUIPlugin
2025-12-07 09:01:17,051 [INFO] PluginManager:220 - loadIPPluginJar : add lorawan
2025-12-07 09:01:17,054 [INFO] IPUIPlugin:80 - create IPUIPlugin
2025-12-07 09:01:17,054 [INFO] PluginManager:220 - loadIPPluginJar : add ltdc
2025-12-07 09:01:17,062 [INFO] IPUIPlugin:80 - create IPUIPlugin
2025-12-07 09:01:17,062 [INFO] PluginManager:220 - loadIPPluginJar : add mdma
2025-12-07 09:01:17,068 [INFO] IPUIPlugin:80 - create IPUIPlugin
2025-12-07 09:01:17,068 [INFO] PluginManager:220 - loadIPPluginJar : add nvic
2025-12-07 09:01:17,073 [INFO] IPUIPlugin:80 - create IPUIPlugin
2025-12-07 09:01:17,073 [INFO] PluginManager:220 - loadIPPluginJar : add opamp
2025-12-07 09:01:17,078 [INFO] IPUIPlugin:80 - create IPUIPlugin
2025-12-07 09:01:17,078 [INFO] PluginManager:220 - loadIPPluginJar : add openamp
2025-12-07 09:01:17,082 [INFO] IPUIPlugin:80 - create IPUIPlugin
2025-12-07 09:01:17,082 [INFO] PluginManager:220 - loadIPPluginJar : add pdm2pcm
2025-12-07 09:01:17,089 [INFO] IPUIPlugin:80 - create IPUIPlugin
2025-12-07 09:01:17,092 [INFO] PluginManager:220 - loadIPPluginJar : add plateformsettings
2025-12-07 09:01:17,094 [INFO] IPUIPlugin:80 - create IPUIPlugin
2025-12-07 09:01:17,095 [INFO] PluginManager:220 - loadIPPluginJar : add quadspi
2025-12-07 09:01:17,097 [INFO] IPUIPlugin:80 - create IPUIPlugin
2025-12-07 09:01:17,098 [INFO] PluginManager:220 - loadIPPluginJar : add radio
2025-12-07 09:01:17,104 [INFO] IPUIPlugin:80 - create IPUIPlugin
2025-12-07 09:01:17,104 [INFO] PluginManager:220 - loadIPPluginJar : add resmgrutility
2025-12-07 09:01:17,109 [INFO] IPUIPlugin:80 - create IPUIPlugin
2025-12-07 09:01:17,109 [INFO] PluginManager:220 - loadIPPluginJar : add sai
2025-12-07 09:01:17,113 [INFO] IPUIPlugin:80 - create IPUIPlugin
2025-12-07 09:01:17,113 [INFO] PluginManager:220 - loadIPPluginJar : add spi
2025-12-07 09:01:17,131 [INFO] IPUIPlugin:80 - create IPUIPlugin
2025-12-07 09:01:17,131 [INFO] PluginManager:220 - loadIPPluginJar : add stm32_wpan
2025-12-07 09:01:17,137 [INFO] IPUIPlugin:80 - create IPUIPlugin
2025-12-07 09:01:17,137 [INFO] PluginManager:220 - loadIPPluginJar : add tim
2025-12-07 09:01:17,144 [INFO] IPUIPlugin:80 - create IPUIPlugin
2025-12-07 09:01:17,145 [INFO] PluginManager:220 - loadIPPluginJar : add touchsensing
2025-12-07 09:01:17,149 [INFO] IPUIPlugin:80 - create IPUIPlugin
2025-12-07 09:01:17,149 [INFO] PluginManager:220 - loadIPPluginJar : add tracer_emb
2025-12-07 09:01:17,153 [INFO] IPUIPlugin:80 - create IPUIPlugin
2025-12-07 09:01:17,153 [INFO] PluginManager:220 - loadIPPluginJar : add ts
2025-12-07 09:01:17,155 [INFO] IPUIPlugin:80 - create IPUIPlugin
2025-12-07 09:01:17,156 [INFO] PluginManager:220 - loadIPPluginJar : add tsc
2025-12-07 09:01:17,159 [INFO] IPUIPlugin:80 - create IPUIPlugin
2025-12-07 09:01:17,159 [INFO] PluginManager:220 - loadIPPluginJar : add ucpd
2025-12-07 09:01:17,164 [INFO] IPUIPlugin:80 - create IPUIPlugin
2025-12-07 09:01:17,164 [INFO] PluginManager:220 - loadIPPluginJar : add usart
2025-12-07 09:01:17,169 [INFO] IPUIPlugin:80 - create IPUIPlugin
2025-12-07 09:01:17,170 [INFO] PluginManager:220 - loadIPPluginJar : add usbx
2025-12-07 09:01:17,410 [FATAL] Updater:351 - Updater called before beeing initialized
2025-12-07 09:01:17,482 [INFO] RulesReader:64 - Compatibility file has been processed (302 Rules)
2025-12-07 09:01:17,506 [INFO] RulesReader:64 - Compatibility file has been processed (302 Rules)
2025-12-07 09:01:17,519 [INFO] CADModel:165 - CPN selected for project level
2025-12-07 09:01:17,520 [INFO] CADModel:114 - Register for checkConnection events
2025-12-07 09:01:17,520 [FATAL] Updater:351 - Updater called before beeing initialized
2025-12-07 09:01:17,520 [ERROR] CADModel:125 - Updater not yet initialized, retry later 
2025-12-07 09:01:17,753 [FATAL] Updater:351 - Updater called before beeing initialized
2025-12-07 09:01:17,757 [INFO] CADModel:165 - CPN selected for project level
2025-12-07 09:01:17,757 [INFO] CADModel:114 - Register for checkConnection events
2025-12-07 09:01:17,757 [FATAL] Updater:351 - Updater called before beeing initialized
2025-12-07 09:01:17,758 [ERROR] CADModel:125 - Updater not yet initialized, retry later 
2025-12-07 09:01:17,764 [FATAL] Updater:351 - Updater called before beeing initialized
2025-12-07 09:01:17,949 [FATAL] Updater:351 - Updater called before beeing initialized
2025-12-07 09:01:17,955 [INFO] DbMcusAds:53 - JSON generation date=Tue Nov 25 19:08:32 PKT 2025 (1764079712835)
2025-12-07 09:01:17,955 [FATAL] Updater:351 - Updater called before beeing initialized
2025-12-07 09:01:18,022 [WARN] DetailPanel:346 - Failed to get advertising image, set to default
2025-12-07 09:01:18,401 [FATAL] Updater:351 - Updater called before beeing initialized
2025-12-07 09:01:18,404 [FATAL] Updater:351 - Updater called before beeing initialized
2025-12-07 09:01:18,405 [FATAL] Updater:351 - Updater called before beeing initialized
2025-12-07 09:01:18,405 [WARN] DetailPanel:346 - Failed to get advertising image, set to default
2025-12-07 09:01:18,406 [FATAL] Updater:351 - Updater called before beeing initialized
2025-12-07 09:01:18,491 [ERROR] Updater:1198 - MainUpdater not yet initialized. External WinMGr cannot be set.
2025-12-07 09:01:18,494 [INFO] Updater:1134 - Updater Version found : 6.14.1
2025-12-07 09:01:18,527 [INFO] ApplicationProperties:184 - Using Application install path: D:\Install\STM32CubeIDE_1.18.1\STM32CubeIDE\plugins\com.st.stm32cube.common.mx_6.14.1.202504091515
2025-12-07 09:01:19,167 [INFO] ThirdPartyUpdaterWithRetryManager:70 - Updater plugin not ready yet. [2/15]
2025-12-07 09:01:20,110 [ERROR] LogOutputStream:75 - [STDERR_REDIRECT] Dec 07, 2025 9:01:20 AM java.util.prefs.WindowsPreferences <init>
2025-12-07 09:01:20,113 [ERROR] LogOutputStream:75 - [STDERR_REDIRECT] WARNING: Could not open/create prefs root node Software\JavaSoft\Prefs at root 0xffffffff80000002. Windows RegCreateKeyEx(...) returned error code 5.
2025-12-07 09:01:20,113 [ERROR] LogOutputStream:75 - [STDERR_REDIRECT] 
2025-12-07 09:01:20,995 [INFO] MainUpdater:2872 - connection check result : 10
2025-12-07 09:01:20,996 [INFO] MainUpdater:289 - Updater Check For Update Now.
2025-12-07 09:01:20,996 [INFO] MicroXplorer:498 - Change Database Version : DB.6.0.141
2025-12-07 09:01:21,005 [INFO] McuFinderGlobals:63 - Set McuFinder mode to 2 (CubeIDE integrated)
2025-12-07 09:01:21,006 [INFO] UserAuth:484 - Internet connection configuration mode: 1
2025-12-07 09:01:21,078 [INFO] JxBrowserEngine:152 - Initiate JxBrowser Engine with user profile folder
2025-12-07 09:01:21,426 [INFO] CheckServerUpdateThread:120 - End of CheckServer Thread
2025-12-07 09:01:23,086 [WARN] PackLoader:240 - Cannot read IP mode file for STMicroelectronics.FP-SNS-MOTENVWB1.1.4.0
2025-12-07 09:01:23,102 [WARN] PackLoader:240 - Cannot read IP mode file for STMicroelectronics.FP-ATR-ASTRA1.2.0.2
2025-12-07 09:01:23,117 [WARN] PackLoader:240 - Cannot read IP mode file for STMicroelectronics.X-CUBE-SMBUS.2.1.0
2025-12-07 09:01:23,128 [WARN] PackLoader:240 - Cannot read IP mode file for STMicroelectronics.X-CUBE-ST60.1.0.0
2025-12-07 09:01:23,181 [WARN] PackLoader:240 - Cannot read IP mode file for STMicroelectronics.X-CUBE-AZRTOS-F7.1.1.0
2025-12-07 09:01:23,195 [WARN] PackLoader:240 - Cannot read IP mode file for Cesanta.I-CUBE-Mongoose.7.19.0
2025-12-07 09:01:23,201 [ERROR] Engine:466 - C:\Users\DELL\.stm32cubemx\thirdparties\pdsc\STMicroelectronics.FP-SNS-MOTENV1.5.1.0.pdsc: PDSC version is not supported
2025-12-07 09:01:23,225 [ERROR] Engine:466 - C:\Users\DELL\.stm32cubemx\thirdparties\pdsc\WES.I-CUBE-Cesium.1.4.0.pdsc: PDSC version is not supported
2025-12-07 09:01:23,270 [WARN] PackLoader:240 - Cannot read IP mode file for Infineon.AIROC-Wi-Fi-Bluetooth-STM32.1.7.1
2025-12-07 09:01:23,321 [WARN] PackLoader:240 - Cannot read IP mode file for STMicroelectronics.X-CUBE-AZRTOS-H7.3.4.0
2025-12-07 09:01:23,347 [WARN] PackLoader:240 - Cannot read IP mode file for STMicroelectronics.X-CUBE-DISPLAY.3.0.0
2025-12-07 09:01:23,365 [WARN] PackLoader:240 - Cannot read IP mode file for STMicroelectronics.X-CUBE-NFC10.1.0.0
2025-12-07 09:01:23,373 [WARN] PackLoader:240 - Cannot read IP mode file for STMicroelectronics.X-CUBE-ST60.1.1.0
2025-12-07 09:01:23,382 [WARN] PackLoader:240 - Cannot read IP mode file for emotas.I-CUBE-CANOPEN.1.3.0
2025-12-07 09:01:23,390 [WARN] PackLoader:240 - Cannot read IP mode file for STMicroelectronics.X-CUBE-GNSS1.7.1.0
2025-12-07 09:01:23,399 [ERROR] Engine:466 - C:\Users\DELL\.stm32cubemx\thirdparties\pdsc\STMicroelectronics.FP-SNS-STBOX1.2.1.0.pdsc: PDSC version is not supported
2025-12-07 09:01:23,405 [WARN] PackLoader:240 - Cannot read IP mode file for STMicroelectronics.FP-SNS-SMARTAG2.1.2.0
2025-12-07 09:01:23,413 [WARN] PackLoader:240 - Cannot read IP mode file for STMicroelectronics.FP-SNS-FLIGHT1.5.1.0
2025-12-07 09:01:23,433 [INFO] LogOutputStream:77 - [STDOUT_REDIRECT] 1 : Invalid condition id : UX_CORESTACK_Condition cause : null
2025-12-07 09:01:23,435 [INFO] LogOutputStream:77 - [STDOUT_REDIRECT] 1 : Invalid condition id : UX_CORESTACK_Condition cause : null
2025-12-07 09:01:23,440 [INFO] LogOutputStream:77 - [STDOUT_REDIRECT] 1 : Invalid condition id : UX_CORESTACK_Condition cause : null
2025-12-07 09:01:23,442 [INFO] LogOutputStream:77 - [STDOUT_REDIRECT] 1 : Invalid condition id : UX_CORESTACK_Condition cause : null
2025-12-07 09:01:23,444 [INFO] LogOutputStream:77 - [STDOUT_REDIRECT] 1 : Invalid condition id : UX_CORESTACK_Condition cause : null
2025-12-07 09:01:23,449 [WARN] PackLoader:240 - Cannot read IP mode file for STMicroelectronics.X-CUBE-AZRTOS-WL.2.0.0
2025-12-07 09:01:23,462 [WARN] PackLoader:240 - Cannot read IP mode file for STMicroelectronics.FP-SNS-MOTENV1.5.0.0
2025-12-07 09:01:23,499 [WARN] PackLoader:240 - Cannot read IP mode file for STMicroelectronics.X-CUBE-AZRTOS-H7RS.1.2.0
2025-12-07 09:01:23,511 [WARN] PackLoader:240 - Cannot read IP mode file for STMicroelectronics.X-CUBE-BLE2.3.3.0
2025-12-07 09:01:23,687 [WARN] PackLoader:240 - Cannot read IP mode file for STMicroelectronics.X-CUBE-NFC9.1.0.0
2025-12-07 09:01:23,699 [WARN] PackLoader:240 - Cannot read IP mode file for wolfSSL.I-CUBE-wolfSSL.5.8.2
2025-12-07 09:01:23,708 [WARN] PackLoader:240 - Cannot read IP mode file for STMicroelectronics.X-CUBE-BLE1.7.1.0
2025-12-07 09:01:23,716 [WARN] PackLoader:240 - Cannot read IP mode file for wolfSSL.I-CUBE-wolfMQTT.1.19.2
2025-12-07 09:01:23,721 [ERROR] Engine:466 - C:\Users\DELL\.stm32cubemx\thirdparties\pdsc\STMicroelectronics.X-CUBE-FREERTOS.1.4.0.pdsc: PDSC version is not supported
2025-12-07 09:01:23,735 [WARN] PackLoader:240 - Cannot read IP mode file for STMicroelectronics.X-CUBE-EEPRMA1.5.2.0
2025-12-07 09:01:23,744 [ERROR] Engine:466 - C:\Users\DELL\.stm32cubemx\thirdparties\pdsc\STMicroelectronics.X-CUBE-ST67W61.1.1.0.pdsc: PDSC version is not supported
2025-12-07 09:01:23,958 [WARN] PackLoader:240 - Cannot read IP mode file for STMicroelectronics.X-CUBE-MEMS1.12.0.0
2025-12-07 09:01:24,184 [WARN] PackLoader:240 - Cannot read IP mode file for STMicroelectronics.X-CUBE-AZRTOS-G0.1.1.0
2025-12-07 09:01:24,197 [WARN] PackLoader:240 - Cannot read IP mode file for STMicroelectronics.X-CUBE-SAFEA1.1.2.2
2025-12-07 09:01:24,206 [WARN] PackLoader:240 - Cannot read IP mode file for STMicroelectronics.X-CUBE-NFC4.3.0.0
2025-12-07 09:01:24,219 [WARN] PackLoader:240 - Cannot read IP mode file for EmbeddedOffice.I-CUBE-FS-RTOS.1.0.1
2025-12-07 09:01:24,228 [WARN] PackLoader:240 - Cannot read IP mode file for STMicroelectronics.X-CUBE-WB05N.2.0.0
2025-12-07 09:01:24,236 [WARN] PackLoader:240 - Cannot read IP mode file for wolfSSL.I-CUBE-wolfTPM.3.8.0
2025-12-07 09:01:24,245 [WARN] PackLoader:240 - Cannot read IP mode file for STMicroelectronics.X-CUBE-TCPP.4.2.0
2025-12-07 09:01:24,256 [WARN] PackLoader:240 - Cannot read IP mode file for RealThread.X-CUBE-RT-Thread_Nano.4.1.1
2025-12-07 09:01:24,263 [WARN] PackLoader:240 - Cannot read IP mode file for STMicroelectronics.FP-ATR-SIGFOX1.3.2.0
2025-12-07 09:01:24,276 [WARN] PackLoader:240 - Cannot read IP mode file for ITTIA_DB.I-CUBE-ITTIADB.8.9.0
2025-12-07 09:01:24,305 [WARN] PackLoader:240 - Cannot read IP mode file for STMicroelectronics.X-CUBE-ST67W61.1.0.0
2025-12-07 09:01:24,312 [WARN] PackLoader:240 - Cannot read IP mode file for STMicroelectronics.X-CUBE-AI.10.2.0
2025-12-07 09:01:24,380 [WARN] PackLoader:240 - Cannot read IP mode file for SEGGER.I-CUBE-embOS.1.3.1
2025-12-07 09:01:24,479 [WARN] PackLoader:240 - Cannot read IP mode file for STMicroelectronics.X-CUBE-ALGOBUILD.1.4.0
2025-12-07 09:01:24,570 [WARN] PackLoader:240 - Cannot read IP mode file for STMicroelectronics.X-CUBE-MEMS1.11.3.0
2025-12-07 09:01:24,867 [WARN] PackLoader:240 - Cannot read IP mode file for STMicroelectronics.X-CUBE-PM33A1.1.0.0
2025-12-07 09:01:24,893 [WARN] PackLoader:240 - Cannot read IP mode file for STMicroelectronics.X-CUBE-AZRTOS-F4.1.1.0
2025-12-07 09:01:24,898 [INFO] WebApp:169 - Instantiating new browser for Auth
2025-12-07 09:01:24,902 [WARN] PackLoader:240 - Cannot read IP mode file for Avnet-IotConnect.X-CUBE-IoTC-DA16k-PMOD.1.0.0
2025-12-07 09:01:24,908 [WARN] PackLoader:240 - Cannot read IP mode file for STMicroelectronics.X-CUBE-ISPU.2.1.0
2025-12-07 09:01:24,920 [ERROR] Engine:466 - C:\Users\DELL\.stm32cubemx\thirdparties\pdsc\STMicroelectronics.X-CUBE-IPS.3.2.0.pdsc: PDSC version is not supported
2025-12-07 09:01:24,942 [WARN] PackLoader:240 - Cannot read IP mode file for STMicroelectronics.X-CUBE-NFC12.1.0.0
2025-12-07 09:01:24,968 [WARN] PackLoader:240 - Cannot read IP mode file for STMicroelectronics.X-CUBE-AZRTOS-L5.2.0.0
2025-12-07 09:01:24,981 [WARN] PackLoader:240 - Cannot read IP mode file for STMicroelectronics.X-CUBE-NFC6.3.1.0
2025-12-07 09:01:24,991 [WARN] PackLoader:240 - Cannot read IP mode file for STMicroelectronics.X-CUBE-FREERTOS.1.3.1
2025-12-07 09:01:24,997 [WARN] PackLoader:240 - Cannot read IP mode file for STMicroelectronics.X-CUBE-TOUCHGFX.4.26.0
2025-12-07 09:01:25,004 [WARN] PackLoader:240 - Cannot read IP mode file for STMicroelectronics.FP-SNS-STAIOTCFT.1.0.0
2025-12-07 09:01:25,012 [WARN] PackLoader:240 - Cannot read IP mode file for STMicroelectronics.X-CUBE-DPower.1.3.0
2025-12-07 09:01:25,037 [WARN] ConditionMgr:438 - getConditionDescription Invalid condition id : LAN8742 Phy interface Condition cause : null
2025-12-07 09:01:25,038 [WARN] PackLoader:240 - Cannot read IP mode file for STMicroelectronics.X-CUBE-AZRTOS-L4.2.0.0
2025-12-07 09:01:25,039 [WARN] ConditionMgr:1044 - genDependencies : Invalid condition id : LAN8742 Phy interface Condition cause : null
2025-12-07 09:01:25,040 [WARN] ConditionMgr:1044 - genDependencies : Invalid condition id : LAN8742 Phy interface Condition cause : null
2025-12-07 09:01:25,040 [WARN] ConditionMgr:1044 - genDependencies : Invalid condition id : LAN8742 Phy interface Condition cause : null
2025-12-07 09:01:25,085 [WARN] PackLoader:240 - Cannot read IP mode file for STMicroelectronics.X-CUBE-SFXS2LP1.4.0.0
2025-12-07 09:01:25,104 [WARN] PackLoader:240 - Cannot read IP mode file for STMicroelectronics.X-CUBE-BLEMGR.4.1.0
2025-12-07 09:01:25,131 [WARN] ConditionMgr:438 - getConditionDescription Invalid condition id : UX DEVICE CLASS RTOS Condition cause : null
2025-12-07 09:01:25,131 [WARN] ConditionMgr:438 - getConditionDescription Invalid condition id : UX DEVICE CLASS RTOS Condition cause : null
2025-12-07 09:01:25,134 [WARN] PackLoader:240 - Cannot read IP mode file for STMicroelectronics.X-CUBE-AZRTOS-WB.2.0.0
2025-12-07 09:01:25,134 [WARN] ConditionMgr:1044 - genDependencies : Invalid condition id : UX DEVICE CLASS RTOS Condition cause : null
2025-12-07 09:01:25,135 [WARN] ConditionMgr:1044 - genDependencies : Invalid condition id : UX DEVICE CLASS RTOS Condition cause : null
2025-12-07 09:01:25,135 [WARN] ConditionMgr:1044 - genDependencies : Invalid condition id : UX DEVICE CLASS RTOS Condition cause : null
2025-12-07 09:01:25,135 [WARN] ConditionMgr:1044 - genDependencies : Invalid condition id : UX DEVICE CLASS RTOS Condition cause : null
2025-12-07 09:01:25,136 [WARN] ConditionMgr:1044 - genDependencies : Invalid condition id : UX DEVICE CLASS RTOS Condition cause : null
2025-12-07 09:01:25,143 [WARN] PackLoader:240 - Cannot read IP mode file for STMicroelectronics.X-CUBE-GNSS1.7.0.1
2025-12-07 09:01:25,149 [WARN] PackLoader:240 - Cannot read IP mode file for STMicroelectronics.X-CUBE-TOUCHGFX.4.25.0
2025-12-07 09:01:25,154 [WARN] ConditionMgr:438 - getConditionDescription Invalid condition id : Cortex-A Device cause : null
2025-12-07 09:01:25,165 [WARN] ConditionMgr:1044 - genDependencies : Invalid condition id : Cortex-A Device cause : null
2025-12-07 09:01:25,165 [WARN] ConditionMgr:1044 - genDependencies : Invalid condition id : Cortex-A Device cause : null
2025-12-07 09:01:25,165 [WARN] ConditionMgr:1044 - genDependencies : Invalid condition id : Cortex-A Device cause : null
2025-12-07 09:01:25,178 [WARN] PackLoader:240 - Cannot read IP mode file for STMicroelectronics.X-CUBE-SUBG2.5.0.0
2025-12-07 09:01:25,227 [WARN] PackLoader:240 - Cannot read IP mode file for STMicroelectronics.X-CUBE-AZRTOS-H7RS.1.1.0
2025-12-07 09:01:25,331 [WARN] PackLoader:240 - Cannot read IP mode file for STMicroelectronics.X-CUBE-AZRTOS-G4.2.0.0
2025-12-07 09:01:25,339 [WARN] PackLoader:240 - Cannot read IP mode file for wolfSSL.I-CUBE-wolfSSH.1.4.20
2025-12-07 09:01:25,345 [WARN] PackLoader:240 - Cannot read IP mode file for STMicroelectronics.X-CUBE-NFC7.2.0.0
2025-12-07 09:01:25,366 [WARN] PackLoader:240 - Cannot read IP mode file for STMicroelectronics.X-CUBE-IPS.3.1.0
2025-12-07 09:01:25,381 [WARN] PackLoader:240 - Cannot read IP mode file for STMicroelectronics.X-CUBE-ALS.1.0.2
2025-12-07 09:01:25,420 [WARN] PackLoader:240 - Cannot read IP mode file for STMicroelectronics.X-CUBE-STSE01.1.0.0
2025-12-07 09:01:25,570 [WARN] PackLoader:240 - Cannot read IP mode file for STMicroelectronics.X-CUBE-TOF1.3.4.3
2025-12-07 09:01:25,637 [INFO] ThirdParty:978 - Integrity check success = true
2025-12-07 09:01:25,638 [INFO] IntegrityCheckThread:100 - exiting critical section [integrity check]
2025-12-07 09:01:25,638 [INFO] IntegrityCheckThread:103 - End integrity checks thread
2025-12-07 09:01:27,100 [INFO] WebApp:463 - Apply proxy settings
2025-12-07 09:01:27,101 [INFO] WebApp:548 - Chromium requires no authentication
2025-12-07 09:01:27,116 [INFO] WebApp:491 - Direct internet connection detected
2025-12-07 09:01:27,157 [INFO] WebApp:894 - Register for checkConnection events
2025-12-07 09:01:27,157 [INFO] WebApp:463 - Apply proxy settings
2025-12-07 09:01:27,158 [INFO] WebApp:548 - Chromium requires no authentication
2025-12-07 09:01:27,158 [INFO] WebApp:491 - Direct internet connection detected
2025-12-07 09:01:27,436 [INFO] WebApp:225 - Starting web application
2025-12-07 09:01:27,436 [INFO] WebApp:593 - Web application path used D:\Install\STM32CubeIDE_1.18.1\STM32CubeIDE\plugins\com.st.stm32cube.common.mx_6.14.1.202504091515\db\plugins\mcufinder\reactClient1\index.html
2025-12-07 09:01:27,727 [INFO] WebApp:191 - Connection restablished
2025-12-07 09:01:27,800 [INFO] UserAuth:484 - Internet connection configuration mode: 1
2025-12-07 10:27:37,498 [INFO] WebApp:194 - Connection lost
2025-12-07 10:27:37,949 [INFO] WebApp:191 - Connection restablished
2025-12-07 11:51:12,214 [ERROR] LogOutputStream:75 - [STDERR_REDIRECT] 
