2025-12-17 08:40:51,031 [INFO] Activator:176 - 


2025-12-17 08:40:51,039 [INFO] Activator:177 - !SESSION log4j initialized
2025-12-17 08:41:01,530 [INFO] LogOutputStream:77 - [STDOUT_REDIRECT] 
2025-12-17 08:41:04,213 [INFO] ApplicationProperties:184 - Using Application install path: D:\Install\STM32CubeIDE_1.18.1\STM32CubeIDE\plugins\com.st.stm32cube.common.mx_6.14.1.202504091515
2025-12-17 08:41:04,234 [INFO] DbMcusXml:78 - Set database path to: D:\Install\STM32CubeIDE_1.18.1\STM32CubeIDE\plugins\com.st.stm32cube.common.mx_6.14.1.202504091515\\db\/mcu/
2025-12-17 08:41:04,234 [INFO] ApiDb:274 - Set plugin database path to: D:\Install\STM32CubeIDE_1.18.1\STM32CubeIDE\plugins\com.st.stm32cube.common.mx_6.14.1.202504091515\\db\/plugins/boardmanager/
2025-12-17 08:41:04,235 [WARN] ApiDb:259 - Overriding images path with different value:  => D:\Install\STM32CubeIDE_1.18.1\STM32CubeIDE\plugins\com.st.stm32cube.common.mx_6.14.1.202504091515\\db\/plugins/mcufinder/images/
2025-12-17 08:41:04,247 [INFO] ApiDb:250 - Set database path to: C:\Users\DELL\.stmcufinder\plugins\mcufinder//mcu/
2025-12-17 08:41:04,248 [INFO] DbMcusAds:125 - Set database path to: C:\Users\DELL\.stmcufinder\plugins\mcufinder//mcu/
2025-12-17 08:41:04,251 [INFO] CrossReferenceDbSqlite:203 - Set database path to: C:\Users\DELL\.stmcufinder\plugins\mcufinder//mcu/cs/
2025-12-17 08:41:04,428 [INFO] RulesReader:64 - Compatibility file has been processed (302 Rules)
2025-12-17 08:41:04,557 [INFO] DbMcusXml:78 - Set database path to: D:\Install\STM32CubeIDE_1.18.1\STM32CubeIDE\plugins\com.st.stm32cube.common.mx_6.14.1.202504091515\\db\/mcu/
2025-12-17 08:41:04,558 [INFO] ApiDb:274 - Set plugin database path to: D:\Install\STM32CubeIDE_1.18.1\STM32CubeIDE\plugins\com.st.stm32cube.common.mx_6.14.1.202504091515\\db\/plugins/boardmanager/
2025-12-17 08:41:04,558 [INFO] ApiDb:261 - Set plugin images path to: D:\Install\STM32CubeIDE_1.18.1\STM32CubeIDE\plugins\com.st.stm32cube.common.mx_6.14.1.202504091515\\db\/plugins/mcufinder/images/
2025-12-17 08:41:04,558 [WARN] DbFile:41 - Overriding database path with different value: C:\Users\DELL\.stmcufinder\plugins\mcufinder/ => C:\Users\DELL\.stmcufinder\plugins\mcufinder
2025-12-17 08:41:04,559 [INFO] ApiDb:250 - Set database path to: C:\Users\DELL\.stmcufinder\plugins\mcufinder//mcu/
2025-12-17 08:41:04,559 [WARN] DbFile:41 - Overriding database path with different value: C:\Users\DELL\.stmcufinder\plugins\mcufinder/ => C:\Users\DELL\.stmcufinder\plugins\mcufinder
2025-12-17 08:41:04,559 [INFO] DbMcusAds:125 - Set database path to: C:\Users\DELL\.stmcufinder\plugins\mcufinder//mcu/
2025-12-17 08:41:04,559 [WARN] DbFile:41 - Overriding database path with different value: C:\Users\DELL\.stmcufinder\plugins\mcufinder/ => C:\Users\DELL\.stmcufinder\plugins\mcufinder
2025-12-17 08:41:04,559 [WARN] DbFile:41 - Overriding database path with different value: C:\Users\DELL\.stmcufinder\plugins\mcufinder/ => C:\Users\DELL\.stmcufinder\plugins\mcufinder
2025-12-17 08:41:04,559 [INFO] CrossReferenceDbSqlite:203 - Set database path to: C:\Users\DELL\.stmcufinder\plugins\mcufinder//mcu/cs/
2025-12-17 08:41:04,671 [INFO] MainPanel:272 - HeapMemory: 268435456
2025-12-17 08:41:04,839 [INFO] DbMcusXml:78 - Set database path to: D:\Install\STM32CubeIDE_1.18.1\STM32CubeIDE\plugins\com.st.stm32cube.common.mx_6.14.1.202504091515\\db\/mcu/
2025-12-17 08:41:04,839 [INFO] ApiDb:274 - Set plugin database path to: D:\Install\STM32CubeIDE_1.18.1\STM32CubeIDE\plugins\com.st.stm32cube.common.mx_6.14.1.202504091515\\db\/plugins/boardmanager/
2025-12-17 08:41:04,839 [INFO] ApiDb:261 - Set plugin images path to: D:\Install\STM32CubeIDE_1.18.1\STM32CubeIDE\plugins\com.st.stm32cube.common.mx_6.14.1.202504091515\\db\/plugins/mcufinder/images/
2025-12-17 08:41:04,839 [WARN] DbFile:41 - Overriding database path with different value: C:\Users\DELL\.stmcufinder\plugins\mcufinder/ => C:\Users\DELL\.stmcufinder\plugins\mcufinder
2025-12-17 08:41:04,840 [INFO] ApiDb:250 - Set database path to: C:\Users\DELL\.stmcufinder\plugins\mcufinder//mcu/
2025-12-17 08:41:04,840 [WARN] DbFile:41 - Overriding database path with different value: C:\Users\DELL\.stmcufinder\plugins\mcufinder/ => C:\Users\DELL\.stmcufinder\plugins\mcufinder
2025-12-17 08:41:04,840 [INFO] DbMcusAds:125 - Set database path to: C:\Users\DELL\.stmcufinder\plugins\mcufinder//mcu/
2025-12-17 08:41:04,840 [WARN] DbFile:41 - Overriding database path with different value: C:\Users\DELL\.stmcufinder\plugins\mcufinder/ => C:\Users\DELL\.stmcufinder\plugins\mcufinder
2025-12-17 08:41:04,840 [WARN] DbFile:41 - Overriding database path with different value: C:\Users\DELL\.stmcufinder\plugins\mcufinder/ => C:\Users\DELL\.stmcufinder\plugins\mcufinder
2025-12-17 08:41:04,840 [INFO] CrossReferenceDbSqlite:203 - Set database path to: C:\Users\DELL\.stmcufinder\plugins\mcufinder//mcu/cs/
2025-12-17 08:41:04,871 [INFO] ApplicationProperties:184 - Using Application install path: D:\Install\STM32CubeIDE_1.18.1\STM32CubeIDE\plugins\com.st.stm32cube.common.mx_6.14.1.202504091515
2025-12-17 08:41:04,873 [INFO] PluginManage:196 - Search for loadable plugins [exclusion list=, ]
2025-12-17 08:41:04,874 [INFO] PluginManage:310 - Check plugin analytics
2025-12-17 08:41:05,122 [INFO] AnalyticsPlugin:253 - Accepted Software Licenses: STM32CubeMX.6.14.1
2025-12-17 08:41:05,122 [INFO] AnalyticsPlugin:255 - Accepted CMSIS Pack Licenses: 
2025-12-17 08:41:05,123 [INFO] AnalyticsPlugin:257 - Accepted Firmware Licenses: FW.WL.1.3.0,FW.L4.1.18.0,FW.F4.1.28.0
2025-12-17 08:41:05,129 [INFO] PluginManage:359 - Loaded plugin analytics (category:tool,tabindex:-1)
2025-12-17 08:41:05,130 [INFO] PluginManage:310 - Check plugin cadmodel
2025-12-17 08:41:05,138 [INFO] CADModel:105 - Init CAD model plugin
2025-12-17 08:41:05,138 [INFO] PluginManage:359 - Loaded plugin cadmodel (category:power,tabindex:5)
2025-12-17 08:41:05,138 [INFO] PluginManage:310 - Check plugin clock
2025-12-17 08:41:05,150 [INFO] PluginManage:359 - Loaded plugin clock (category:base,tabindex:2)
2025-12-17 08:41:05,150 [INFO] PluginManage:310 - Check plugin ddr
2025-12-17 08:41:05,154 [INFO] PluginManage:359 - Loaded plugin ddr (category:tool,tabindex:6)
2025-12-17 08:41:05,154 [INFO] PluginManage:310 - Check plugin filemanager
2025-12-17 08:41:05,335 [INFO] PluginManage:359 - Loaded plugin filemanager (category:base,tabindex:10)
2025-12-17 08:41:05,335 [INFO] PluginManage:310 - Check plugin ipmanager
2025-12-17 08:41:05,343 [INFO] PluginManage:359 - Loaded plugin ipmanager (category:base,tabindex:5)
2025-12-17 08:41:05,344 [INFO] PluginManage:310 - Check plugin lpbam
2025-12-17 08:41:05,353 [INFO] PluginManage:359 - Loaded plugin lpbam (category:base,tabindex:0)
2025-12-17 08:41:05,353 [INFO] PluginManage:310 - Check plugin memorymap
2025-12-17 08:41:05,369 [INFO] PluginManage:359 - Loaded plugin memorymap (category:base,tabindex:4)
2025-12-17 08:41:05,370 [INFO] PluginManage:310 - Check plugin pinoutandconfiguration
2025-12-17 08:41:05,382 [INFO] PluginManage:359 - Loaded plugin pinoutandconfiguration (category:base,tabindex:1)
2025-12-17 08:41:05,382 [INFO] PluginManage:310 - Check plugin pinoutconfig
2025-12-17 08:41:05,494 [WARN] SupportedApi:132 - Cannot load RTOS API schema: s4s-elt-must-match.1: The content of 'definitions' must match (annotation?, (simpleType | complexType)?, (unique | key | keyref)*)). A problem was found starting at: attribute.
2025-12-17 08:41:05,697 [INFO] PluginManage:359 - Loaded plugin pinoutconfig (category:base,tabindex:0)
2025-12-17 08:41:05,697 [INFO] PluginManage:310 - Check plugin power
2025-12-17 08:41:05,711 [INFO] PluginManage:359 - Loaded plugin power (category:power,tabindex:4)
2025-12-17 08:41:05,711 [INFO] PluginManage:310 - Check plugin projectmanager
2025-12-17 08:41:05,734 [INFO] PluginManage:359 - Loaded plugin projectmanager (category:projectmanager,tabindex:4)
2025-12-17 08:41:05,734 [INFO] PluginManage:310 - Check plugin rif
2025-12-17 08:41:05,746 [INFO] PluginManage:359 - Loaded plugin rif (category:base,tabindex:3)
2025-12-17 08:41:05,746 [INFO] PluginManage:310 - Check plugin thirdparty
2025-12-17 08:41:05,953 [INFO] PluginManage:359 - Loaded plugin thirdparty (category:base,tabindex:-1)
2025-12-17 08:41:05,953 [INFO] PluginManage:310 - Check plugin tools
2025-12-17 08:41:05,954 [WARN] IntegrityCheckThread:84 - waiting for thirdparty lock release [integrity check]
2025-12-17 08:41:05,955 [INFO] IntegrityCheckThread:86 - entering critical section [integrity check]
2025-12-17 08:41:05,956 [INFO] ThirdPartyUpdaterWithRetryManager:70 - Updater plugin not ready yet. [1/15]
2025-12-17 08:41:05,957 [INFO] PluginManage:359 - Loaded plugin tools (category:base,tabindex:7)
2025-12-17 08:41:05,957 [INFO] PluginManage:310 - Check plugin tutovideos
2025-12-17 08:41:06,172 [INFO] PluginManage:359 - Loaded plugin tutovideos (category:base,tabindex:-1)
2025-12-17 08:41:06,173 [INFO] PluginManage:310 - Check plugin updater
2025-12-17 08:41:06,205 [INFO] PluginManage:359 - Loaded plugin updater (category:base,tabindex:12)
2025-12-17 08:41:06,205 [INFO] PluginManage:310 - Check plugin userauth
2025-12-17 08:41:06,210 [INFO] UserAuth:118 - Init User Auth plugin
2025-12-17 08:41:06,211 [INFO] PluginManage:359 - Loaded plugin userauth (category:base,tabindex:14)
2025-12-17 08:41:06,211 [INFO] PluginManage:283 - PluginManage : Loaded plugins [18]
2025-12-17 08:41:06,487 [INFO] PinOutPanel:1589 - setPackage(No Configuration,No Configuration)
2025-12-17 08:41:06,590 [INFO] CADModel:165 - CPN selected for project level
2025-12-17 08:41:06,590 [INFO] CADModel:114 - Register for checkConnection events
2025-12-17 08:41:06,616 [INFO] IPUIPlugin:80 - create IPUIPlugin
2025-12-17 08:41:06,616 [INFO] PluginManager:220 - loadIPPluginJar : add adc
2025-12-17 08:41:06,621 [INFO] IPUIPlugin:80 - create IPUIPlugin
2025-12-17 08:41:06,621 [INFO] PluginManager:220 - loadIPPluginJar : add aes
2025-12-17 08:41:06,625 [INFO] IPUIPlugin:80 - create IPUIPlugin
2025-12-17 08:41:06,625 [INFO] PluginManager:220 - loadIPPluginJar : add can
2025-12-17 08:41:06,627 [INFO] IPUIPlugin:80 - create IPUIPlugin
2025-12-17 08:41:06,627 [INFO] PluginManager:220 - loadIPPluginJar : add comp
2025-12-17 08:41:06,631 [INFO] IPUIPlugin:80 - create IPUIPlugin
2025-12-17 08:41:06,631 [INFO] PluginManager:220 - loadIPPluginJar : add cryp
2025-12-17 08:41:06,636 [INFO] IPUIPlugin:80 - create IPUIPlugin
2025-12-17 08:41:06,636 [INFO] PluginManager:220 - loadIPPluginJar : add ddr_ctrl_phy
2025-12-17 08:41:06,640 [INFO] IPUIPlugin:80 - create IPUIPlugin
2025-12-17 08:41:06,640 [INFO] PluginManager:220 - loadIPPluginJar : add dfsdm
2025-12-17 08:41:06,648 [INFO] IPUIPlugin:80 - create IPUIPlugin
2025-12-17 08:41:06,649 [INFO] PluginManager:220 - loadIPPluginJar : add dma
2025-12-17 08:41:06,654 [INFO] IPUIPlugin:80 - create IPUIPlugin
2025-12-17 08:41:06,654 [INFO] PluginManager:220 - loadIPPluginJar : add dma3
2025-12-17 08:41:06,658 [INFO] IPUIPlugin:80 - create IPUIPlugin
2025-12-17 08:41:06,658 [INFO] PluginManager:220 - loadIPPluginJar : add extmemmanager
2025-12-17 08:41:06,660 [INFO] IPUIPlugin:80 - create IPUIPlugin
2025-12-17 08:41:06,660 [INFO] PluginManager:220 - loadIPPluginJar : add fatfs
2025-12-17 08:41:06,666 [INFO] IPUIPlugin:80 - create IPUIPlugin
2025-12-17 08:41:06,666 [INFO] PluginManager:220 - loadIPPluginJar : add fmc
2025-12-17 08:41:06,678 [INFO] IPUIPlugin:80 - create IPUIPlugin
2025-12-17 08:41:06,678 [INFO] PluginManager:220 - loadIPPluginJar : add freertos
2025-12-17 08:41:06,680 [INFO] IPUIPlugin:80 - create IPUIPlugin
2025-12-17 08:41:06,680 [INFO] PluginManager:220 - loadIPPluginJar : add genericplugin
2025-12-17 08:41:06,683 [INFO] IPUIPlugin:80 - create IPUIPlugin
2025-12-17 08:41:06,684 [INFO] PluginManager:220 - loadIPPluginJar : add gfxmmu
2025-12-17 08:41:06,690 [INFO] IPUIPlugin:80 - create IPUIPlugin
2025-12-17 08:41:06,691 [INFO] PluginManager:220 - loadIPPluginJar : add gic
2025-12-17 08:41:06,697 [INFO] IPUIPlugin:80 - create IPUIPlugin
2025-12-17 08:41:06,697 [INFO] PluginManager:220 - loadIPPluginJar : add gpio
2025-12-17 08:41:06,701 [INFO] IPUIPlugin:80 - create IPUIPlugin
2025-12-17 08:41:06,701 [INFO] PluginManager:220 - loadIPPluginJar : add gtzc
2025-12-17 08:41:06,705 [INFO] IPUIPlugin:80 - create IPUIPlugin
2025-12-17 08:41:06,705 [INFO] PluginManager:220 - loadIPPluginJar : add hash
2025-12-17 08:41:06,708 [INFO] IPUIPlugin:80 - create IPUIPlugin
2025-12-17 08:41:06,708 [INFO] PluginManager:220 - loadIPPluginJar : add i2c
2025-12-17 08:41:06,712 [INFO] IPUIPlugin:80 - create IPUIPlugin
2025-12-17 08:41:06,712 [INFO] PluginManager:220 - loadIPPluginJar : add i2s
2025-12-17 08:41:06,717 [INFO] IPUIPlugin:80 - create IPUIPlugin
2025-12-17 08:41:06,717 [INFO] PluginManager:220 - loadIPPluginJar : add i3c
2025-12-17 08:41:06,722 [INFO] IPUIPlugin:80 - create IPUIPlugin
2025-12-17 08:41:06,723 [INFO] PluginManager:220 - loadIPPluginJar : add ipddr
2025-12-17 08:41:06,730 [INFO] IPUIPlugin:80 - create IPUIPlugin
2025-12-17 08:41:06,730 [INFO] PluginManager:220 - loadIPPluginJar : add linkedlist
2025-12-17 08:41:06,736 [INFO] IPUIPlugin:80 - create IPUIPlugin
2025-12-17 08:41:06,736 [INFO] PluginManager:220 - loadIPPluginJar : add lorawan
2025-12-17 08:41:06,739 [INFO] IPUIPlugin:80 - create IPUIPlugin
2025-12-17 08:41:06,739 [INFO] PluginManager:220 - loadIPPluginJar : add ltdc
2025-12-17 08:41:06,746 [INFO] IPUIPlugin:80 - create IPUIPlugin
2025-12-17 08:41:06,746 [INFO] PluginManager:220 - loadIPPluginJar : add mdma
2025-12-17 08:41:06,750 [INFO] IPUIPlugin:80 - create IPUIPlugin
2025-12-17 08:41:06,750 [INFO] PluginManager:220 - loadIPPluginJar : add nvic
2025-12-17 08:41:06,756 [INFO] IPUIPlugin:80 - create IPUIPlugin
2025-12-17 08:41:06,756 [INFO] PluginManager:220 - loadIPPluginJar : add opamp
2025-12-17 08:41:06,761 [INFO] IPUIPlugin:80 - create IPUIPlugin
2025-12-17 08:41:06,761 [INFO] PluginManager:220 - loadIPPluginJar : add openamp
2025-12-17 08:41:06,766 [INFO] IPUIPlugin:80 - create IPUIPlugin
2025-12-17 08:41:06,767 [INFO] PluginManager:220 - loadIPPluginJar : add pdm2pcm
2025-12-17 08:41:06,774 [INFO] IPUIPlugin:80 - create IPUIPlugin
2025-12-17 08:41:06,777 [INFO] PluginManager:220 - loadIPPluginJar : add plateformsettings
2025-12-17 08:41:06,780 [INFO] IPUIPlugin:80 - create IPUIPlugin
2025-12-17 08:41:06,780 [INFO] PluginManager:220 - loadIPPluginJar : add quadspi
2025-12-17 08:41:06,782 [INFO] IPUIPlugin:80 - create IPUIPlugin
2025-12-17 08:41:06,783 [INFO] PluginManager:220 - loadIPPluginJar : add radio
2025-12-17 08:41:06,789 [INFO] IPUIPlugin:80 - create IPUIPlugin
2025-12-17 08:41:06,789 [INFO] PluginManager:220 - loadIPPluginJar : add resmgrutility
2025-12-17 08:41:06,793 [INFO] IPUIPlugin:80 - create IPUIPlugin
2025-12-17 08:41:06,793 [INFO] PluginManager:220 - loadIPPluginJar : add sai
2025-12-17 08:41:06,797 [INFO] IPUIPlugin:80 - create IPUIPlugin
2025-12-17 08:41:06,797 [INFO] PluginManager:220 - loadIPPluginJar : add spi
2025-12-17 08:41:06,806 [INFO] IPUIPlugin:80 - create IPUIPlugin
2025-12-17 08:41:06,807 [INFO] PluginManager:220 - loadIPPluginJar : add stm32_wpan
2025-12-17 08:41:06,810 [INFO] IPUIPlugin:80 - create IPUIPlugin
2025-12-17 08:41:06,810 [INFO] PluginManager:220 - loadIPPluginJar : add tim
2025-12-17 08:41:06,814 [INFO] IPUIPlugin:80 - create IPUIPlugin
2025-12-17 08:41:06,814 [INFO] PluginManager:220 - loadIPPluginJar : add touchsensing
2025-12-17 08:41:06,818 [INFO] IPUIPlugin:80 - create IPUIPlugin
2025-12-17 08:41:06,818 [INFO] PluginManager:220 - loadIPPluginJar : add tracer_emb
2025-12-17 08:41:06,822 [INFO] IPUIPlugin:80 - create IPUIPlugin
2025-12-17 08:41:06,822 [INFO] PluginManager:220 - loadIPPluginJar : add ts
2025-12-17 08:41:06,825 [INFO] IPUIPlugin:80 - create IPUIPlugin
2025-12-17 08:41:06,825 [INFO] PluginManager:220 - loadIPPluginJar : add tsc
2025-12-17 08:41:06,829 [INFO] IPUIPlugin:80 - create IPUIPlugin
2025-12-17 08:41:06,829 [INFO] PluginManager:220 - loadIPPluginJar : add ucpd
2025-12-17 08:41:06,834 [INFO] IPUIPlugin:80 - create IPUIPlugin
2025-12-17 08:41:06,834 [INFO] PluginManager:220 - loadIPPluginJar : add usart
2025-12-17 08:41:06,838 [INFO] IPUIPlugin:80 - create IPUIPlugin
2025-12-17 08:41:06,839 [INFO] PluginManager:220 - loadIPPluginJar : add usbx
2025-12-17 08:41:07,005 [FATAL] Updater:351 - Updater called before beeing initialized
2025-12-17 08:41:07,048 [INFO] RulesReader:64 - Compatibility file has been processed (302 Rules)
2025-12-17 08:41:07,063 [INFO] RulesReader:64 - Compatibility file has been processed (302 Rules)
2025-12-17 08:41:07,071 [INFO] CADModel:165 - CPN selected for project level
2025-12-17 08:41:07,071 [INFO] CADModel:114 - Register for checkConnection events
2025-12-17 08:41:07,072 [FATAL] Updater:351 - Updater called before beeing initialized
2025-12-17 08:41:07,072 [ERROR] CADModel:125 - Updater not yet initialized, retry later 
2025-12-17 08:41:07,264 [FATAL] Updater:351 - Updater called before beeing initialized
2025-12-17 08:41:07,266 [INFO] CADModel:165 - CPN selected for project level
2025-12-17 08:41:07,267 [INFO] CADModel:114 - Register for checkConnection events
2025-12-17 08:41:07,267 [FATAL] Updater:351 - Updater called before beeing initialized
2025-12-17 08:41:07,267 [ERROR] CADModel:125 - Updater not yet initialized, retry later 
2025-12-17 08:41:07,272 [FATAL] Updater:351 - Updater called before beeing initialized
2025-12-17 08:41:07,435 [FATAL] Updater:351 - Updater called before beeing initialized
2025-12-17 08:41:07,441 [INFO] DbMcusAds:53 - JSON generation date=Tue Dec 16 04:11:46 PKT 2025 (1765840306612)
2025-12-17 08:41:07,441 [FATAL] Updater:351 - Updater called before beeing initialized
2025-12-17 08:41:07,499 [WARN] DetailPanel:346 - Failed to get advertising image, set to default
2025-12-17 08:41:07,853 [FATAL] Updater:351 - Updater called before beeing initialized
2025-12-17 08:41:07,857 [FATAL] Updater:351 - Updater called before beeing initialized
2025-12-17 08:41:07,857 [FATAL] Updater:351 - Updater called before beeing initialized
2025-12-17 08:41:07,857 [WARN] DetailPanel:346 - Failed to get advertising image, set to default
2025-12-17 08:41:07,858 [FATAL] Updater:351 - Updater called before beeing initialized
2025-12-17 08:41:07,928 [ERROR] Updater:1198 - MainUpdater not yet initialized. External WinMGr cannot be set.
2025-12-17 08:41:07,930 [INFO] Updater:1134 - Updater Version found : 6.14.1
2025-12-17 08:41:07,952 [INFO] ApplicationProperties:184 - Using Application install path: D:\Install\STM32CubeIDE_1.18.1\STM32CubeIDE\plugins\com.st.stm32cube.common.mx_6.14.1.202504091515
2025-12-17 08:41:08,958 [INFO] ThirdPartyUpdaterWithRetryManager:70 - Updater plugin not ready yet. [2/15]
2025-12-17 08:41:09,546 [ERROR] LogOutputStream:75 - [STDERR_REDIRECT] Dec 17, 2025 8:41:09 AM java.util.prefs.WindowsPreferences <init>
2025-12-17 08:41:09,557 [ERROR] LogOutputStream:75 - [STDERR_REDIRECT] WARNING: Could not open/create prefs root node Software\JavaSoft\Prefs at root 0xffffffff80000002. Windows RegCreateKeyEx(...) returned error code 5.
2025-12-17 08:41:09,558 [ERROR] LogOutputStream:75 - [STDERR_REDIRECT] 
2025-12-17 08:41:10,444 [INFO] MainUpdater:2872 - connection check result : 10
2025-12-17 08:41:10,445 [INFO] MainUpdater:3566 - Updater definition file requires update
2025-12-17 08:41:10,446 [INFO] MainUpdater:289 - Updater Check For Update Now.
2025-12-17 08:41:10,446 [INFO] MicroXplorer:498 - Change Database Version : DB.6.0.141
2025-12-17 08:41:10,458 [INFO] McuFinderGlobals:63 - Set McuFinder mode to 2 (CubeIDE integrated)
2025-12-17 08:41:10,460 [INFO] UserAuth:484 - Internet connection configuration mode: 1
2025-12-17 08:41:10,492 [INFO] JxBrowserEngine:152 - Initiate JxBrowser Engine with user profile folder
2025-12-17 08:41:11,959 [WARN] MainUpdater:1193 - Updater busy. Cannot search thirdparties
2025-12-17 08:41:11,959 [INFO] ThirdPartyUpdaterWithRetryManager:96 - Updater plugin is busy. [1/15]
2025-12-17 08:41:12,200 [INFO] ServerAccessManage:473 - Download File updaters.zip
2025-12-17 08:41:12,700 [INFO] FileExtend:242 - Unzip File : updaters.zip
2025-12-17 08:41:12,701 [INFO] FileExtend:257 - Standard Zip Deflate
2025-12-17 08:41:13,113 [INFO] WebApp:169 - Instantiating new browser for Auth
2025-12-17 08:41:14,006 [INFO] ServerAccessManage:473 - Download File PacksControlFlags.xml
2025-12-17 08:41:14,663 [INFO] ServerAccessManage:473 - Download File cubemx.pidx
2025-12-17 08:41:14,694 [INFO] WebApp:463 - Apply proxy settings
2025-12-17 08:41:14,694 [INFO] WebApp:548 - Chromium requires no authentication
2025-12-17 08:41:14,709 [INFO] WebApp:491 - Direct internet connection detected
2025-12-17 08:41:14,754 [INFO] WebApp:894 - Register for checkConnection events
2025-12-17 08:41:14,754 [INFO] WebApp:463 - Apply proxy settings
2025-12-17 08:41:14,754 [INFO] WebApp:548 - Chromium requires no authentication
2025-12-17 08:41:14,755 [INFO] WebApp:491 - Direct internet connection detected
2025-12-17 08:41:14,843 [INFO] LoadServerUpdatesThread:375 - End of LoadServerUpdate Thread
2025-12-17 08:41:14,962 [WARN] MainUpdater:1193 - Updater busy. Cannot search thirdparties
2025-12-17 08:41:14,966 [INFO] ThirdPartyUpdaterWithRetryManager:96 - Updater plugin is busy. [2/15]
2025-12-17 08:41:15,101 [INFO] CheckServerUpdateThread:120 - End of CheckServer Thread
2025-12-17 08:41:15,227 [INFO] WebApp:225 - Starting web application
2025-12-17 08:41:15,227 [INFO] WebApp:593 - Web application path used D:\Install\STM32CubeIDE_1.18.1\STM32CubeIDE\plugins\com.st.stm32cube.common.mx_6.14.1.202504091515\db\plugins\mcufinder\reactClient1\index.html
2025-12-17 08:41:15,526 [INFO] WebApp:191 - Connection restablished
2025-12-17 08:41:15,592 [INFO] UserAuth:484 - Internet connection configuration mode: 1
2025-12-17 08:41:18,478 [WARN] PackLoader:240 - Cannot read IP mode file for STMicroelectronics.FP-SNS-MOTENVWB1.1.4.0
2025-12-17 08:41:18,491 [WARN] PackLoader:240 - Cannot read IP mode file for STMicroelectronics.FP-ATR-ASTRA1.2.0.2
2025-12-17 08:41:18,502 [WARN] PackLoader:240 - Cannot read IP mode file for STMicroelectronics.X-CUBE-SMBUS.2.1.0
2025-12-17 08:41:18,510 [WARN] PackLoader:240 - Cannot read IP mode file for STMicroelectronics.X-CUBE-ST60.1.0.0
2025-12-17 08:41:18,563 [WARN] PackLoader:240 - Cannot read IP mode file for STMicroelectronics.X-CUBE-AZRTOS-F7.1.1.0
2025-12-17 08:41:18,578 [WARN] PackLoader:240 - Cannot read IP mode file for Cesanta.I-CUBE-Mongoose.7.19.0
2025-12-17 08:41:18,583 [ERROR] Engine:466 - C:\Users\DELL\.stm32cubemx\thirdparties\pdsc\STMicroelectronics.FP-SNS-MOTENV1.5.1.0.pdsc: PDSC version is not supported
2025-12-17 08:41:18,588 [ERROR] Engine:466 - C:\Users\DELL\.stm32cubemx\thirdparties\pdsc\WES.I-CUBE-Cesium.1.4.0.pdsc: PDSC version is not supported
2025-12-17 08:41:18,625 [WARN] PackLoader:240 - Cannot read IP mode file for Infineon.AIROC-Wi-Fi-Bluetooth-STM32.1.7.1
2025-12-17 08:41:18,679 [WARN] PackLoader:240 - Cannot read IP mode file for STMicroelectronics.X-CUBE-AZRTOS-H7.3.4.0
2025-12-17 08:41:18,700 [WARN] PackLoader:240 - Cannot read IP mode file for STMicroelectronics.X-CUBE-DISPLAY.3.0.0
2025-12-17 08:41:18,725 [WARN] PackLoader:240 - Cannot read IP mode file for STMicroelectronics.X-CUBE-NFC10.1.0.0
2025-12-17 08:41:18,741 [WARN] PackLoader:240 - Cannot read IP mode file for STMicroelectronics.X-CUBE-ST60.1.1.0
2025-12-17 08:41:18,752 [WARN] PackLoader:240 - Cannot read IP mode file for emotas.I-CUBE-CANOPEN.1.3.0
2025-12-17 08:41:18,789 [WARN] PackLoader:240 - Cannot read IP mode file for STMicroelectronics.X-CUBE-GNSS1.7.1.0
2025-12-17 08:41:18,796 [ERROR] Engine:466 - C:\Users\DELL\.stm32cubemx\thirdparties\pdsc\STMicroelectronics.FP-SNS-STBOX1.2.1.0.pdsc: PDSC version is not supported
2025-12-17 08:41:18,803 [WARN] PackLoader:240 - Cannot read IP mode file for STMicroelectronics.FP-SNS-SMARTAG2.1.2.0
2025-12-17 08:41:18,810 [WARN] PackLoader:240 - Cannot read IP mode file for STMicroelectronics.FP-SNS-FLIGHT1.5.1.0
2025-12-17 08:41:18,824 [INFO] LogOutputStream:77 - [STDOUT_REDIRECT] 1 : Invalid condition id : UX_CORESTACK_Condition cause : null
2025-12-17 08:41:18,825 [INFO] LogOutputStream:77 - [STDOUT_REDIRECT] 1 : Invalid condition id : UX_CORESTACK_Condition cause : null
2025-12-17 08:41:18,827 [INFO] LogOutputStream:77 - [STDOUT_REDIRECT] 1 : Invalid condition id : UX_CORESTACK_Condition cause : null
2025-12-17 08:41:18,829 [INFO] LogOutputStream:77 - [STDOUT_REDIRECT] 1 : Invalid condition id : UX_CORESTACK_Condition cause : null
2025-12-17 08:41:18,831 [INFO] LogOutputStream:77 - [STDOUT_REDIRECT] 1 : Invalid condition id : UX_CORESTACK_Condition cause : null
2025-12-17 08:41:18,838 [WARN] PackLoader:240 - Cannot read IP mode file for STMicroelectronics.X-CUBE-AZRTOS-WL.2.0.0
2025-12-17 08:41:18,846 [WARN] PackLoader:240 - Cannot read IP mode file for STMicroelectronics.FP-SNS-MOTENV1.5.0.0
2025-12-17 08:41:18,884 [WARN] PackLoader:240 - Cannot read IP mode file for STMicroelectronics.X-CUBE-AZRTOS-H7RS.1.2.0
2025-12-17 08:41:18,897 [WARN] PackLoader:240 - Cannot read IP mode file for STMicroelectronics.X-CUBE-BLE2.3.3.0
2025-12-17 08:41:18,924 [WARN] PackLoader:240 - Cannot read IP mode file for STMicroelectronics.X-CUBE-NFC9.1.0.0
2025-12-17 08:41:18,935 [WARN] PackLoader:240 - Cannot read IP mode file for wolfSSL.I-CUBE-wolfSSL.5.8.2
2025-12-17 08:41:18,943 [WARN] PackLoader:240 - Cannot read IP mode file for STMicroelectronics.X-CUBE-BLE1.7.1.0
2025-12-17 08:41:18,950 [WARN] PackLoader:240 - Cannot read IP mode file for wolfSSL.I-CUBE-wolfMQTT.1.19.2
2025-12-17 08:41:18,954 [ERROR] Engine:466 - C:\Users\DELL\.stm32cubemx\thirdparties\pdsc\STMicroelectronics.X-CUBE-FREERTOS.1.4.0.pdsc: PDSC version is not supported
2025-12-17 08:41:18,961 [WARN] PackLoader:240 - Cannot read IP mode file for STMicroelectronics.X-CUBE-EEPRMA1.5.2.0
2025-12-17 08:41:18,968 [ERROR] Engine:466 - C:\Users\DELL\.stm32cubemx\thirdparties\pdsc\STMicroelectronics.X-CUBE-ST67W61.1.1.0.pdsc: PDSC version is not supported
2025-12-17 08:41:19,055 [WARN] PackLoader:240 - Cannot read IP mode file for STMicroelectronics.X-CUBE-MEMS1.12.0.0
2025-12-17 08:41:19,243 [WARN] PackLoader:240 - Cannot read IP mode file for STMicroelectronics.X-CUBE-AZRTOS-G0.1.1.0
2025-12-17 08:41:19,255 [WARN] PackLoader:240 - Cannot read IP mode file for STMicroelectronics.X-CUBE-SAFEA1.1.2.2
2025-12-17 08:41:19,263 [WARN] PackLoader:240 - Cannot read IP mode file for STMicroelectronics.X-CUBE-NFC4.3.0.0
2025-12-17 08:41:19,283 [WARN] PackLoader:240 - Cannot read IP mode file for EmbeddedOffice.I-CUBE-FS-RTOS.1.0.1
2025-12-17 08:41:19,291 [WARN] PackLoader:240 - Cannot read IP mode file for STMicroelectronics.X-CUBE-WB05N.2.0.0
2025-12-17 08:41:19,300 [WARN] PackLoader:240 - Cannot read IP mode file for wolfSSL.I-CUBE-wolfTPM.3.8.0
2025-12-17 08:41:19,308 [WARN] PackLoader:240 - Cannot read IP mode file for STMicroelectronics.X-CUBE-TCPP.4.2.0
2025-12-17 08:41:19,317 [WARN] PackLoader:240 - Cannot read IP mode file for RealThread.X-CUBE-RT-Thread_Nano.4.1.1
2025-12-17 08:41:19,323 [WARN] PackLoader:240 - Cannot read IP mode file for STMicroelectronics.FP-ATR-SIGFOX1.3.2.0
2025-12-17 08:41:19,332 [WARN] PackLoader:240 - Cannot read IP mode file for ITTIA_DB.I-CUBE-ITTIADB.8.9.0
2025-12-17 08:41:19,340 [WARN] PackLoader:240 - Cannot read IP mode file for STMicroelectronics.X-CUBE-ST67W61.1.0.0
2025-12-17 08:41:19,346 [WARN] PackLoader:240 - Cannot read IP mode file for STMicroelectronics.X-CUBE-AI.10.2.0
2025-12-17 08:41:19,392 [WARN] PackLoader:240 - Cannot read IP mode file for SEGGER.I-CUBE-embOS.1.3.1
2025-12-17 08:41:19,469 [WARN] PackLoader:240 - Cannot read IP mode file for STMicroelectronics.X-CUBE-ALGOBUILD.1.4.0
2025-12-17 08:41:19,639 [WARN] PackLoader:240 - Cannot read IP mode file for STMicroelectronics.X-CUBE-MEMS1.11.3.0
2025-12-17 08:41:19,898 [WARN] PackLoader:240 - Cannot read IP mode file for STMicroelectronics.X-CUBE-PM33A1.1.0.0
2025-12-17 08:41:19,920 [WARN] PackLoader:240 - Cannot read IP mode file for STMicroelectronics.X-CUBE-AZRTOS-F4.1.1.0
2025-12-17 08:41:19,930 [WARN] PackLoader:240 - Cannot read IP mode file for Avnet-IotConnect.X-CUBE-IoTC-DA16k-PMOD.1.0.0
2025-12-17 08:41:19,935 [WARN] PackLoader:240 - Cannot read IP mode file for STMicroelectronics.X-CUBE-ISPU.2.1.0
2025-12-17 08:41:19,943 [ERROR] Engine:466 - C:\Users\DELL\.stm32cubemx\thirdparties\pdsc\STMicroelectronics.X-CUBE-IPS.3.2.0.pdsc: PDSC version is not supported
2025-12-17 08:41:19,951 [WARN] PackLoader:240 - Cannot read IP mode file for STMicroelectronics.X-CUBE-NFC12.1.0.0
2025-12-17 08:41:19,985 [WARN] PackLoader:240 - Cannot read IP mode file for STMicroelectronics.X-CUBE-AZRTOS-L5.2.0.0
2025-12-17 08:41:19,999 [WARN] PackLoader:240 - Cannot read IP mode file for STMicroelectronics.X-CUBE-NFC6.3.1.0
2025-12-17 08:41:20,008 [WARN] PackLoader:240 - Cannot read IP mode file for STMicroelectronics.X-CUBE-FREERTOS.1.3.1
2025-12-17 08:41:20,014 [WARN] PackLoader:240 - Cannot read IP mode file for STMicroelectronics.X-CUBE-TOUCHGFX.4.26.0
2025-12-17 08:41:20,021 [WARN] PackLoader:240 - Cannot read IP mode file for STMicroelectronics.FP-SNS-STAIOTCFT.1.0.0
2025-12-17 08:41:20,032 [WARN] PackLoader:240 - Cannot read IP mode file for STMicroelectronics.X-CUBE-DPower.1.3.0
2025-12-17 08:41:20,057 [WARN] ConditionMgr:438 - getConditionDescription Invalid condition id : LAN8742 Phy interface Condition cause : null
2025-12-17 08:41:20,058 [WARN] PackLoader:240 - Cannot read IP mode file for STMicroelectronics.X-CUBE-AZRTOS-L4.2.0.0
2025-12-17 08:41:20,060 [WARN] ConditionMgr:1044 - genDependencies : Invalid condition id : LAN8742 Phy interface Condition cause : null
2025-12-17 08:41:20,061 [WARN] ConditionMgr:1044 - genDependencies : Invalid condition id : LAN8742 Phy interface Condition cause : null
2025-12-17 08:41:20,062 [WARN] ConditionMgr:1044 - genDependencies : Invalid condition id : LAN8742 Phy interface Condition cause : null
2025-12-17 08:41:20,073 [WARN] PackLoader:240 - Cannot read IP mode file for STMicroelectronics.X-CUBE-SFXS2LP1.4.0.0
2025-12-17 08:41:20,089 [WARN] PackLoader:240 - Cannot read IP mode file for STMicroelectronics.X-CUBE-BLEMGR.4.1.0
2025-12-17 08:41:20,110 [WARN] ConditionMgr:438 - getConditionDescription Invalid condition id : UX DEVICE CLASS RTOS Condition cause : null
2025-12-17 08:41:20,111 [WARN] ConditionMgr:438 - getConditionDescription Invalid condition id : UX DEVICE CLASS RTOS Condition cause : null
2025-12-17 08:41:20,115 [WARN] PackLoader:240 - Cannot read IP mode file for STMicroelectronics.X-CUBE-AZRTOS-WB.2.0.0
2025-12-17 08:41:20,116 [WARN] ConditionMgr:1044 - genDependencies : Invalid condition id : UX DEVICE CLASS RTOS Condition cause : null
2025-12-17 08:41:20,116 [WARN] ConditionMgr:1044 - genDependencies : Invalid condition id : UX DEVICE CLASS RTOS Condition cause : null
2025-12-17 08:41:20,117 [WARN] ConditionMgr:1044 - genDependencies : Invalid condition id : UX DEVICE CLASS RTOS Condition cause : null
2025-12-17 08:41:20,117 [WARN] ConditionMgr:1044 - genDependencies : Invalid condition id : UX DEVICE CLASS RTOS Condition cause : null
2025-12-17 08:41:20,117 [WARN] ConditionMgr:1044 - genDependencies : Invalid condition id : UX DEVICE CLASS RTOS Condition cause : null
2025-12-17 08:41:20,124 [WARN] PackLoader:240 - Cannot read IP mode file for STMicroelectronics.X-CUBE-GNSS1.7.0.1
2025-12-17 08:41:20,128 [WARN] PackLoader:240 - Cannot read IP mode file for STMicroelectronics.X-CUBE-TOUCHGFX.4.25.0
2025-12-17 08:41:20,135 [WARN] ConditionMgr:438 - getConditionDescription Invalid condition id : Cortex-A Device cause : null
2025-12-17 08:41:20,143 [WARN] ConditionMgr:1044 - genDependencies : Invalid condition id : Cortex-A Device cause : null
2025-12-17 08:41:20,143 [WARN] ConditionMgr:1044 - genDependencies : Invalid condition id : Cortex-A Device cause : null
2025-12-17 08:41:20,143 [WARN] ConditionMgr:1044 - genDependencies : Invalid condition id : Cortex-A Device cause : null
2025-12-17 08:41:20,156 [WARN] PackLoader:240 - Cannot read IP mode file for STMicroelectronics.X-CUBE-SUBG2.5.0.0
2025-12-17 08:41:20,186 [WARN] PackLoader:240 - Cannot read IP mode file for STMicroelectronics.X-CUBE-AZRTOS-H7RS.1.1.0
2025-12-17 08:41:20,208 [WARN] PackLoader:240 - Cannot read IP mode file for STMicroelectronics.X-CUBE-AZRTOS-G4.2.0.0
2025-12-17 08:41:20,216 [WARN] PackLoader:240 - Cannot read IP mode file for wolfSSL.I-CUBE-wolfSSH.1.4.20
2025-12-17 08:41:20,222 [WARN] PackLoader:240 - Cannot read IP mode file for STMicroelectronics.X-CUBE-NFC7.2.0.0
2025-12-17 08:41:20,240 [WARN] PackLoader:240 - Cannot read IP mode file for STMicroelectronics.X-CUBE-IPS.3.1.0
2025-12-17 08:41:20,253 [WARN] PackLoader:240 - Cannot read IP mode file for STMicroelectronics.X-CUBE-ALS.1.0.2
2025-12-17 08:41:20,263 [WARN] PackLoader:240 - Cannot read IP mode file for STMicroelectronics.X-CUBE-STSE01.1.0.0
2025-12-17 08:41:20,281 [WARN] PackLoader:240 - Cannot read IP mode file for STMicroelectronics.X-CUBE-TOF1.3.4.3
2025-12-17 08:41:20,297 [INFO] ThirdParty:978 - Integrity check success = true
2025-12-17 08:41:20,297 [INFO] IntegrityCheckThread:100 - exiting critical section [integrity check]
2025-12-17 08:41:20,297 [INFO] IntegrityCheckThread:103 - End integrity checks thread
2025-12-17 09:57:48,486 [INFO] WebApp:194 - Connection lost
2025-12-17 09:57:49,540 [INFO] WebApp:191 - Connection restablished
2025-12-17 09:57:50,553 [INFO] WebApp:194 - Connection lost
2025-12-17 09:57:50,868 [INFO] WebApp:191 - Connection restablished
2025-12-17 10:33:47,782 [ERROR] LogOutputStream:75 - [STDERR_REDIRECT] 
