2025-12-05 08:40:47,811 [INFO] Activator:176 - 


2025-12-05 08:40:47,820 [INFO] Activator:177 - !SESSION log4j initialized
2025-12-05 08:40:57,315 [INFO] LogOutputStream:77 - [STDOUT_REDIRECT] 
2025-12-05 08:40:59,164 [INFO] ApplicationProperties:184 - Using Application install path: D:\Install\STM32CubeIDE_1.18.1\STM32CubeIDE\plugins\com.st.stm32cube.common.mx_6.14.1.202504091515
2025-12-05 08:40:59,190 [INFO] DbMcusXml:78 - Set database path to: D:\Install\STM32CubeIDE_1.18.1\STM32CubeIDE\plugins\com.st.stm32cube.common.mx_6.14.1.202504091515\\db\/mcu/
2025-12-05 08:40:59,190 [INFO] ApiDb:274 - Set plugin database path to: D:\Install\STM32CubeIDE_1.18.1\STM32CubeIDE\plugins\com.st.stm32cube.common.mx_6.14.1.202504091515\\db\/plugins/boardmanager/
2025-12-05 08:40:59,191 [WARN] ApiDb:259 - Overriding images path with different value:  => D:\Install\STM32CubeIDE_1.18.1\STM32CubeIDE\plugins\com.st.stm32cube.common.mx_6.14.1.202504091515\\db\/plugins/mcufinder/images/
2025-12-05 08:40:59,206 [INFO] ApiDb:250 - Set database path to: C:\Users\DELL\.stmcufinder\plugins\mcufinder//mcu/
2025-12-05 08:40:59,208 [INFO] DbMcusAds:125 - Set database path to: C:\Users\DELL\.stmcufinder\plugins\mcufinder//mcu/
2025-12-05 08:40:59,212 [INFO] CrossReferenceDbSqlite:203 - Set database path to: C:\Users\DELL\.stmcufinder\plugins\mcufinder//mcu/cs/
2025-12-05 08:40:59,367 [INFO] RulesReader:64 - Compatibility file has been processed (302 Rules)
2025-12-05 08:40:59,481 [INFO] DbMcusXml:78 - Set database path to: D:\Install\STM32CubeIDE_1.18.1\STM32CubeIDE\plugins\com.st.stm32cube.common.mx_6.14.1.202504091515\\db\/mcu/
2025-12-05 08:40:59,481 [INFO] ApiDb:274 - Set plugin database path to: D:\Install\STM32CubeIDE_1.18.1\STM32CubeIDE\plugins\com.st.stm32cube.common.mx_6.14.1.202504091515\\db\/plugins/boardmanager/
2025-12-05 08:40:59,482 [INFO] ApiDb:261 - Set plugin images path to: D:\Install\STM32CubeIDE_1.18.1\STM32CubeIDE\plugins\com.st.stm32cube.common.mx_6.14.1.202504091515\\db\/plugins/mcufinder/images/
2025-12-05 08:40:59,482 [WARN] DbFile:41 - Overriding database path with different value: C:\Users\DELL\.stmcufinder\plugins\mcufinder/ => C:\Users\DELL\.stmcufinder\plugins\mcufinder
2025-12-05 08:40:59,482 [INFO] ApiDb:250 - Set database path to: C:\Users\DELL\.stmcufinder\plugins\mcufinder//mcu/
2025-12-05 08:40:59,482 [WARN] DbFile:41 - Overriding database path with different value: C:\Users\DELL\.stmcufinder\plugins\mcufinder/ => C:\Users\DELL\.stmcufinder\plugins\mcufinder
2025-12-05 08:40:59,482 [INFO] DbMcusAds:125 - Set database path to: C:\Users\DELL\.stmcufinder\plugins\mcufinder//mcu/
2025-12-05 08:40:59,482 [WARN] DbFile:41 - Overriding database path with different value: C:\Users\DELL\.stmcufinder\plugins\mcufinder/ => C:\Users\DELL\.stmcufinder\plugins\mcufinder
2025-12-05 08:40:59,483 [WARN] DbFile:41 - Overriding database path with different value: C:\Users\DELL\.stmcufinder\plugins\mcufinder/ => C:\Users\DELL\.stmcufinder\plugins\mcufinder
2025-12-05 08:40:59,483 [INFO] CrossReferenceDbSqlite:203 - Set database path to: C:\Users\DELL\.stmcufinder\plugins\mcufinder//mcu/cs/
2025-12-05 08:40:59,587 [INFO] MainPanel:272 - HeapMemory: 268435456
2025-12-05 08:40:59,757 [INFO] DbMcusXml:78 - Set database path to: D:\Install\STM32CubeIDE_1.18.1\STM32CubeIDE\plugins\com.st.stm32cube.common.mx_6.14.1.202504091515\\db\/mcu/
2025-12-05 08:40:59,757 [INFO] ApiDb:274 - Set plugin database path to: D:\Install\STM32CubeIDE_1.18.1\STM32CubeIDE\plugins\com.st.stm32cube.common.mx_6.14.1.202504091515\\db\/plugins/boardmanager/
2025-12-05 08:40:59,757 [INFO] ApiDb:261 - Set plugin images path to: D:\Install\STM32CubeIDE_1.18.1\STM32CubeIDE\plugins\com.st.stm32cube.common.mx_6.14.1.202504091515\\db\/plugins/mcufinder/images/
2025-12-05 08:40:59,758 [WARN] DbFile:41 - Overriding database path with different value: C:\Users\DELL\.stmcufinder\plugins\mcufinder/ => C:\Users\DELL\.stmcufinder\plugins\mcufinder
2025-12-05 08:40:59,758 [INFO] ApiDb:250 - Set database path to: C:\Users\DELL\.stmcufinder\plugins\mcufinder//mcu/
2025-12-05 08:40:59,758 [WARN] DbFile:41 - Overriding database path with different value: C:\Users\DELL\.stmcufinder\plugins\mcufinder/ => C:\Users\DELL\.stmcufinder\plugins\mcufinder
2025-12-05 08:40:59,758 [INFO] DbMcusAds:125 - Set database path to: C:\Users\DELL\.stmcufinder\plugins\mcufinder//mcu/
2025-12-05 08:40:59,758 [WARN] DbFile:41 - Overriding database path with different value: C:\Users\DELL\.stmcufinder\plugins\mcufinder/ => C:\Users\DELL\.stmcufinder\plugins\mcufinder
2025-12-05 08:40:59,758 [WARN] DbFile:41 - Overriding database path with different value: C:\Users\DELL\.stmcufinder\plugins\mcufinder/ => C:\Users\DELL\.stmcufinder\plugins\mcufinder
2025-12-05 08:40:59,758 [INFO] CrossReferenceDbSqlite:203 - Set database path to: C:\Users\DELL\.stmcufinder\plugins\mcufinder//mcu/cs/
2025-12-05 08:40:59,785 [INFO] ApplicationProperties:184 - Using Application install path: D:\Install\STM32CubeIDE_1.18.1\STM32CubeIDE\plugins\com.st.stm32cube.common.mx_6.14.1.202504091515
2025-12-05 08:40:59,786 [INFO] PluginManage:196 - Search for loadable plugins [exclusion list=, ]
2025-12-05 08:40:59,789 [INFO] PluginManage:310 - Check plugin analytics
2025-12-05 08:41:00,025 [INFO] AnalyticsPlugin:253 - Accepted Software Licenses: STM32CubeMX.6.14.1
2025-12-05 08:41:00,025 [INFO] AnalyticsPlugin:255 - Accepted CMSIS Pack Licenses: 
2025-12-05 08:41:00,026 [INFO] AnalyticsPlugin:257 - Accepted Firmware Licenses: FW.WL.1.3.0,FW.L4.1.18.0,FW.F4.1.28.0
2025-12-05 08:41:00,032 [INFO] PluginManage:359 - Loaded plugin analytics (category:tool,tabindex:-1)
2025-12-05 08:41:00,037 [INFO] PluginManage:310 - Check plugin cadmodel
2025-12-05 08:41:00,047 [INFO] CADModel:105 - Init CAD model plugin
2025-12-05 08:41:00,047 [INFO] PluginManage:359 - Loaded plugin cadmodel (category:power,tabindex:5)
2025-12-05 08:41:00,047 [INFO] PluginManage:310 - Check plugin clock
2025-12-05 08:41:00,063 [INFO] PluginManage:359 - Loaded plugin clock (category:base,tabindex:2)
2025-12-05 08:41:00,064 [INFO] PluginManage:310 - Check plugin ddr
2025-12-05 08:41:00,068 [INFO] PluginManage:359 - Loaded plugin ddr (category:tool,tabindex:6)
2025-12-05 08:41:00,068 [INFO] PluginManage:310 - Check plugin filemanager
2025-12-05 08:41:00,284 [INFO] PluginManage:359 - Loaded plugin filemanager (category:base,tabindex:10)
2025-12-05 08:41:00,284 [INFO] PluginManage:310 - Check plugin ipmanager
2025-12-05 08:41:00,292 [INFO] PluginManage:359 - Loaded plugin ipmanager (category:base,tabindex:5)
2025-12-05 08:41:00,292 [INFO] PluginManage:310 - Check plugin lpbam
2025-12-05 08:41:00,302 [INFO] PluginManage:359 - Loaded plugin lpbam (category:base,tabindex:0)
2025-12-05 08:41:00,303 [INFO] PluginManage:310 - Check plugin memorymap
2025-12-05 08:41:00,322 [INFO] PluginManage:359 - Loaded plugin memorymap (category:base,tabindex:4)
2025-12-05 08:41:00,322 [INFO] PluginManage:310 - Check plugin pinoutandconfiguration
2025-12-05 08:41:00,345 [INFO] PluginManage:359 - Loaded plugin pinoutandconfiguration (category:base,tabindex:1)
2025-12-05 08:41:00,345 [INFO] PluginManage:310 - Check plugin pinoutconfig
2025-12-05 08:41:00,463 [WARN] SupportedApi:132 - Cannot load RTOS API schema: s4s-elt-must-match.1: The content of 'definitions' must match (annotation?, (simpleType | complexType)?, (unique | key | keyref)*)). A problem was found starting at: attribute.
2025-12-05 08:41:00,665 [INFO] PluginManage:359 - Loaded plugin pinoutconfig (category:base,tabindex:0)
2025-12-05 08:41:00,666 [INFO] PluginManage:310 - Check plugin power
2025-12-05 08:41:00,682 [INFO] PluginManage:359 - Loaded plugin power (category:power,tabindex:4)
2025-12-05 08:41:00,683 [INFO] PluginManage:310 - Check plugin projectmanager
2025-12-05 08:41:00,705 [INFO] PluginManage:359 - Loaded plugin projectmanager (category:projectmanager,tabindex:4)
2025-12-05 08:41:00,706 [INFO] PluginManage:310 - Check plugin rif
2025-12-05 08:41:00,717 [INFO] PluginManage:359 - Loaded plugin rif (category:base,tabindex:3)
2025-12-05 08:41:00,717 [INFO] PluginManage:310 - Check plugin thirdparty
2025-12-05 08:41:00,954 [INFO] PluginManage:359 - Loaded plugin thirdparty (category:base,tabindex:-1)
2025-12-05 08:41:00,954 [INFO] PluginManage:310 - Check plugin tools
2025-12-05 08:41:00,954 [WARN] IntegrityCheckThread:84 - waiting for thirdparty lock release [integrity check]
2025-12-05 08:41:00,955 [INFO] IntegrityCheckThread:86 - entering critical section [integrity check]
2025-12-05 08:41:00,955 [INFO] ThirdPartyUpdaterWithRetryManager:70 - Updater plugin not ready yet. [1/15]
2025-12-05 08:41:00,964 [INFO] PluginManage:359 - Loaded plugin tools (category:base,tabindex:7)
2025-12-05 08:41:00,964 [INFO] PluginManage:310 - Check plugin tutovideos
2025-12-05 08:41:01,402 [INFO] PluginManage:359 - Loaded plugin tutovideos (category:base,tabindex:-1)
2025-12-05 08:41:01,402 [INFO] PluginManage:310 - Check plugin updater
2025-12-05 08:41:01,440 [INFO] PluginManage:359 - Loaded plugin updater (category:base,tabindex:12)
2025-12-05 08:41:01,440 [INFO] PluginManage:310 - Check plugin userauth
2025-12-05 08:41:01,446 [INFO] UserAuth:118 - Init User Auth plugin
2025-12-05 08:41:01,447 [INFO] PluginManage:359 - Loaded plugin userauth (category:base,tabindex:14)
2025-12-05 08:41:01,447 [INFO] PluginManage:283 - PluginManage : Loaded plugins [18]
2025-12-05 08:41:01,819 [INFO] PinOutPanel:1589 - setPackage(No Configuration,No Configuration)
2025-12-05 08:41:01,981 [INFO] CADModel:165 - CPN selected for project level
2025-12-05 08:41:01,981 [INFO] CADModel:114 - Register for checkConnection events
2025-12-05 08:41:02,010 [INFO] IPUIPlugin:80 - create IPUIPlugin
2025-12-05 08:41:02,013 [INFO] PluginManager:220 - loadIPPluginJar : add adc
2025-12-05 08:41:02,019 [INFO] IPUIPlugin:80 - create IPUIPlugin
2025-12-05 08:41:02,019 [INFO] PluginManager:220 - loadIPPluginJar : add aes
2025-12-05 08:41:02,024 [INFO] IPUIPlugin:80 - create IPUIPlugin
2025-12-05 08:41:02,024 [INFO] PluginManager:220 - loadIPPluginJar : add can
2025-12-05 08:41:02,029 [INFO] IPUIPlugin:80 - create IPUIPlugin
2025-12-05 08:41:02,031 [INFO] PluginManager:220 - loadIPPluginJar : add comp
2025-12-05 08:41:02,035 [INFO] IPUIPlugin:80 - create IPUIPlugin
2025-12-05 08:41:02,035 [INFO] PluginManager:220 - loadIPPluginJar : add cryp
2025-12-05 08:41:02,040 [INFO] IPUIPlugin:80 - create IPUIPlugin
2025-12-05 08:41:02,040 [INFO] PluginManager:220 - loadIPPluginJar : add ddr_ctrl_phy
2025-12-05 08:41:02,046 [INFO] IPUIPlugin:80 - create IPUIPlugin
2025-12-05 08:41:02,046 [INFO] PluginManager:220 - loadIPPluginJar : add dfsdm
2025-12-05 08:41:02,057 [INFO] IPUIPlugin:80 - create IPUIPlugin
2025-12-05 08:41:02,058 [INFO] PluginManager:220 - loadIPPluginJar : add dma
2025-12-05 08:41:02,067 [INFO] IPUIPlugin:80 - create IPUIPlugin
2025-12-05 08:41:02,068 [INFO] PluginManager:220 - loadIPPluginJar : add dma3
2025-12-05 08:41:02,073 [INFO] IPUIPlugin:80 - create IPUIPlugin
2025-12-05 08:41:02,074 [INFO] PluginManager:220 - loadIPPluginJar : add extmemmanager
2025-12-05 08:41:02,077 [INFO] IPUIPlugin:80 - create IPUIPlugin
2025-12-05 08:41:02,077 [INFO] PluginManager:220 - loadIPPluginJar : add fatfs
2025-12-05 08:41:02,087 [INFO] IPUIPlugin:80 - create IPUIPlugin
2025-12-05 08:41:02,087 [INFO] PluginManager:220 - loadIPPluginJar : add fmc
2025-12-05 08:41:02,097 [INFO] IPUIPlugin:80 - create IPUIPlugin
2025-12-05 08:41:02,098 [INFO] PluginManager:220 - loadIPPluginJar : add freertos
2025-12-05 08:41:02,100 [INFO] IPUIPlugin:80 - create IPUIPlugin
2025-12-05 08:41:02,100 [INFO] PluginManager:220 - loadIPPluginJar : add genericplugin
2025-12-05 08:41:02,105 [INFO] IPUIPlugin:80 - create IPUIPlugin
2025-12-05 08:41:02,105 [INFO] PluginManager:220 - loadIPPluginJar : add gfxmmu
2025-12-05 08:41:02,115 [INFO] IPUIPlugin:80 - create IPUIPlugin
2025-12-05 08:41:02,115 [INFO] PluginManager:220 - loadIPPluginJar : add gic
2025-12-05 08:41:02,123 [INFO] IPUIPlugin:80 - create IPUIPlugin
2025-12-05 08:41:02,123 [INFO] PluginManager:220 - loadIPPluginJar : add gpio
2025-12-05 08:41:02,130 [INFO] IPUIPlugin:80 - create IPUIPlugin
2025-12-05 08:41:02,131 [INFO] PluginManager:220 - loadIPPluginJar : add gtzc
2025-12-05 08:41:02,137 [INFO] IPUIPlugin:80 - create IPUIPlugin
2025-12-05 08:41:02,137 [INFO] PluginManager:220 - loadIPPluginJar : add hash
2025-12-05 08:41:02,143 [INFO] IPUIPlugin:80 - create IPUIPlugin
2025-12-05 08:41:02,143 [INFO] PluginManager:220 - loadIPPluginJar : add i2c
2025-12-05 08:41:02,152 [INFO] IPUIPlugin:80 - create IPUIPlugin
2025-12-05 08:41:02,152 [INFO] PluginManager:220 - loadIPPluginJar : add i2s
2025-12-05 08:41:02,157 [INFO] IPUIPlugin:80 - create IPUIPlugin
2025-12-05 08:41:02,157 [INFO] PluginManager:220 - loadIPPluginJar : add i3c
2025-12-05 08:41:02,164 [INFO] IPUIPlugin:80 - create IPUIPlugin
2025-12-05 08:41:02,165 [INFO] PluginManager:220 - loadIPPluginJar : add ipddr
2025-12-05 08:41:02,176 [INFO] IPUIPlugin:80 - create IPUIPlugin
2025-12-05 08:41:02,176 [INFO] PluginManager:220 - loadIPPluginJar : add linkedlist
2025-12-05 08:41:02,185 [INFO] IPUIPlugin:80 - create IPUIPlugin
2025-12-05 08:41:02,185 [INFO] PluginManager:220 - loadIPPluginJar : add lorawan
2025-12-05 08:41:02,188 [INFO] IPUIPlugin:80 - create IPUIPlugin
2025-12-05 08:41:02,188 [INFO] PluginManager:220 - loadIPPluginJar : add ltdc
2025-12-05 08:41:02,198 [INFO] IPUIPlugin:80 - create IPUIPlugin
2025-12-05 08:41:02,199 [INFO] PluginManager:220 - loadIPPluginJar : add mdma
2025-12-05 08:41:02,204 [INFO] IPUIPlugin:80 - create IPUIPlugin
2025-12-05 08:41:02,204 [INFO] PluginManager:220 - loadIPPluginJar : add nvic
2025-12-05 08:41:02,209 [INFO] IPUIPlugin:80 - create IPUIPlugin
2025-12-05 08:41:02,209 [INFO] PluginManager:220 - loadIPPluginJar : add opamp
2025-12-05 08:41:02,218 [INFO] IPUIPlugin:80 - create IPUIPlugin
2025-12-05 08:41:02,219 [INFO] PluginManager:220 - loadIPPluginJar : add openamp
2025-12-05 08:41:02,224 [INFO] IPUIPlugin:80 - create IPUIPlugin
2025-12-05 08:41:02,224 [INFO] PluginManager:220 - loadIPPluginJar : add pdm2pcm
2025-12-05 08:41:02,235 [INFO] IPUIPlugin:80 - create IPUIPlugin
2025-12-05 08:41:02,240 [INFO] PluginManager:220 - loadIPPluginJar : add plateformsettings
2025-12-05 08:41:02,243 [INFO] IPUIPlugin:80 - create IPUIPlugin
2025-12-05 08:41:02,243 [INFO] PluginManager:220 - loadIPPluginJar : add quadspi
2025-12-05 08:41:02,250 [INFO] IPUIPlugin:80 - create IPUIPlugin
2025-12-05 08:41:02,251 [INFO] PluginManager:220 - loadIPPluginJar : add radio
2025-12-05 08:41:02,258 [INFO] IPUIPlugin:80 - create IPUIPlugin
2025-12-05 08:41:02,258 [INFO] PluginManager:220 - loadIPPluginJar : add resmgrutility
2025-12-05 08:41:02,264 [INFO] IPUIPlugin:80 - create IPUIPlugin
2025-12-05 08:41:02,264 [INFO] PluginManager:220 - loadIPPluginJar : add sai
2025-12-05 08:41:02,269 [INFO] IPUIPlugin:80 - create IPUIPlugin
2025-12-05 08:41:02,269 [INFO] PluginManager:220 - loadIPPluginJar : add spi
2025-12-05 08:41:02,283 [INFO] IPUIPlugin:80 - create IPUIPlugin
2025-12-05 08:41:02,283 [INFO] PluginManager:220 - loadIPPluginJar : add stm32_wpan
2025-12-05 08:41:02,288 [INFO] IPUIPlugin:80 - create IPUIPlugin
2025-12-05 08:41:02,288 [INFO] PluginManager:220 - loadIPPluginJar : add tim
2025-12-05 08:41:02,296 [INFO] IPUIPlugin:80 - create IPUIPlugin
2025-12-05 08:41:02,296 [INFO] PluginManager:220 - loadIPPluginJar : add touchsensing
2025-12-05 08:41:02,300 [INFO] IPUIPlugin:80 - create IPUIPlugin
2025-12-05 08:41:02,301 [INFO] PluginManager:220 - loadIPPluginJar : add tracer_emb
2025-12-05 08:41:02,304 [INFO] IPUIPlugin:80 - create IPUIPlugin
2025-12-05 08:41:02,304 [INFO] PluginManager:220 - loadIPPluginJar : add ts
2025-12-05 08:41:02,307 [INFO] IPUIPlugin:80 - create IPUIPlugin
2025-12-05 08:41:02,307 [INFO] PluginManager:220 - loadIPPluginJar : add tsc
2025-12-05 08:41:02,313 [INFO] IPUIPlugin:80 - create IPUIPlugin
2025-12-05 08:41:02,314 [INFO] PluginManager:220 - loadIPPluginJar : add ucpd
2025-12-05 08:41:02,319 [INFO] IPUIPlugin:80 - create IPUIPlugin
2025-12-05 08:41:02,319 [INFO] PluginManager:220 - loadIPPluginJar : add usart
2025-12-05 08:41:02,325 [INFO] IPUIPlugin:80 - create IPUIPlugin
2025-12-05 08:41:02,326 [INFO] PluginManager:220 - loadIPPluginJar : add usbx
2025-12-05 08:41:02,505 [FATAL] Updater:351 - Updater called before beeing initialized
2025-12-05 08:41:02,565 [INFO] RulesReader:64 - Compatibility file has been processed (302 Rules)
2025-12-05 08:41:02,586 [INFO] RulesReader:64 - Compatibility file has been processed (302 Rules)
2025-12-05 08:41:02,602 [INFO] CADModel:165 - CPN selected for project level
2025-12-05 08:41:02,602 [INFO] CADModel:114 - Register for checkConnection events
2025-12-05 08:41:02,602 [FATAL] Updater:351 - Updater called before beeing initialized
2025-12-05 08:41:02,602 [ERROR] CADModel:125 - Updater not yet initialized, retry later 
2025-12-05 08:41:02,828 [FATAL] Updater:351 - Updater called before beeing initialized
2025-12-05 08:41:02,832 [INFO] CADModel:165 - CPN selected for project level
2025-12-05 08:41:02,832 [INFO] CADModel:114 - Register for checkConnection events
2025-12-05 08:41:02,832 [FATAL] Updater:351 - Updater called before beeing initialized
2025-12-05 08:41:02,832 [ERROR] CADModel:125 - Updater not yet initialized, retry later 
2025-12-05 08:41:02,836 [FATAL] Updater:351 - Updater called before beeing initialized
2025-12-05 08:41:03,040 [FATAL] Updater:351 - Updater called before beeing initialized
2025-12-05 08:41:03,047 [INFO] DbMcusAds:53 - JSON generation date=Tue Nov 25 19:08:32 PKT 2025 (1764079712835)
2025-12-05 08:41:03,047 [FATAL] Updater:351 - Updater called before beeing initialized
2025-12-05 08:41:03,105 [WARN] DetailPanel:346 - Failed to get advertising image, set to default
2025-12-05 08:41:03,437 [FATAL] Updater:351 - Updater called before beeing initialized
2025-12-05 08:41:03,442 [FATAL] Updater:351 - Updater called before beeing initialized
2025-12-05 08:41:03,442 [FATAL] Updater:351 - Updater called before beeing initialized
2025-12-05 08:41:03,442 [WARN] DetailPanel:346 - Failed to get advertising image, set to default
2025-12-05 08:41:03,444 [FATAL] Updater:351 - Updater called before beeing initialized
2025-12-05 08:41:03,514 [ERROR] Updater:1198 - MainUpdater not yet initialized. External WinMGr cannot be set.
2025-12-05 08:41:03,517 [INFO] Updater:1134 - Updater Version found : 6.14.1
2025-12-05 08:41:03,554 [INFO] ApplicationProperties:184 - Using Application install path: D:\Install\STM32CubeIDE_1.18.1\STM32CubeIDE\plugins\com.st.stm32cube.common.mx_6.14.1.202504091515
2025-12-05 08:41:03,957 [INFO] ThirdPartyUpdaterWithRetryManager:70 - Updater plugin not ready yet. [2/15]
2025-12-05 08:41:05,146 [ERROR] LogOutputStream:75 - [STDERR_REDIRECT] Dec 05, 2025 8:41:05 AM java.util.prefs.WindowsPreferences <init>
2025-12-05 08:41:05,150 [ERROR] LogOutputStream:75 - [STDERR_REDIRECT] WARNING: Could not open/create prefs root node Software\JavaSoft\Prefs at root 0xffffffff80000002. Windows RegCreateKeyEx(...) returned error code 5.
2025-12-05 08:41:05,150 [ERROR] LogOutputStream:75 - [STDERR_REDIRECT] 
2025-12-05 08:41:06,105 [INFO] MainUpdater:2872 - connection check result : 10
2025-12-05 08:41:06,106 [INFO] MainUpdater:289 - Updater Check For Update Now.
2025-12-05 08:41:06,107 [INFO] MicroXplorer:498 - Change Database Version : DB.6.0.141
2025-12-05 08:41:06,118 [INFO] McuFinderGlobals:63 - Set McuFinder mode to 2 (CubeIDE integrated)
2025-12-05 08:41:06,119 [INFO] UserAuth:484 - Internet connection configuration mode: 1
2025-12-05 08:41:06,218 [INFO] JxBrowserEngine:152 - Initiate JxBrowser Engine with user profile folder
2025-12-05 08:41:06,646 [INFO] CheckServerUpdateThread:120 - End of CheckServer Thread
2025-12-05 08:41:07,791 [WARN] PackLoader:240 - Cannot read IP mode file for STMicroelectronics.FP-SNS-MOTENVWB1.1.4.0
2025-12-05 08:41:07,814 [WARN] PackLoader:240 - Cannot read IP mode file for STMicroelectronics.FP-ATR-ASTRA1.2.0.2
2025-12-05 08:41:07,832 [WARN] PackLoader:240 - Cannot read IP mode file for STMicroelectronics.X-CUBE-SMBUS.2.1.0
2025-12-05 08:41:07,848 [WARN] PackLoader:240 - Cannot read IP mode file for STMicroelectronics.X-CUBE-ST60.1.0.0
2025-12-05 08:41:07,992 [WARN] PackLoader:240 - Cannot read IP mode file for STMicroelectronics.X-CUBE-AZRTOS-F7.1.1.0
2025-12-05 08:41:08,015 [WARN] PackLoader:240 - Cannot read IP mode file for Cesanta.I-CUBE-Mongoose.7.19.0
2025-12-05 08:41:08,020 [ERROR] Engine:466 - C:\Users\DELL\.stm32cubemx\thirdparties\pdsc\STMicroelectronics.FP-SNS-MOTENV1.5.1.0.pdsc: PDSC version is not supported
2025-12-05 08:41:08,026 [ERROR] Engine:466 - C:\Users\DELL\.stm32cubemx\thirdparties\pdsc\WES.I-CUBE-Cesium.1.4.0.pdsc: PDSC version is not supported
2025-12-05 08:41:08,094 [WARN] PackLoader:240 - Cannot read IP mode file for Infineon.AIROC-Wi-Fi-Bluetooth-STM32.1.7.1
2025-12-05 08:41:08,193 [WARN] PackLoader:240 - Cannot read IP mode file for STMicroelectronics.X-CUBE-AZRTOS-H7.3.4.0
2025-12-05 08:41:08,701 [WARN] PackLoader:240 - Cannot read IP mode file for STMicroelectronics.X-CUBE-DISPLAY.3.0.0
2025-12-05 08:41:08,728 [WARN] PackLoader:240 - Cannot read IP mode file for STMicroelectronics.X-CUBE-NFC10.1.0.0
2025-12-05 08:41:08,756 [WARN] PackLoader:240 - Cannot read IP mode file for STMicroelectronics.X-CUBE-ST60.1.1.0
2025-12-05 08:41:08,770 [WARN] PackLoader:240 - Cannot read IP mode file for emotas.I-CUBE-CANOPEN.1.3.0
2025-12-05 08:41:08,781 [WARN] PackLoader:240 - Cannot read IP mode file for STMicroelectronics.X-CUBE-GNSS1.7.1.0
2025-12-05 08:41:08,794 [ERROR] Engine:466 - C:\Users\DELL\.stm32cubemx\thirdparties\pdsc\STMicroelectronics.FP-SNS-STBOX1.2.1.0.pdsc: PDSC version is not supported
2025-12-05 08:41:08,831 [WARN] PackLoader:240 - Cannot read IP mode file for STMicroelectronics.FP-SNS-SMARTAG2.1.2.0
2025-12-05 08:41:08,842 [WARN] PackLoader:240 - Cannot read IP mode file for STMicroelectronics.FP-SNS-FLIGHT1.5.1.0
2025-12-05 08:41:08,866 [INFO] LogOutputStream:77 - [STDOUT_REDIRECT] 1 : Invalid condition id : UX_CORESTACK_Condition cause : null
2025-12-05 08:41:08,867 [INFO] LogOutputStream:77 - [STDOUT_REDIRECT] 1 : Invalid condition id : UX_CORESTACK_Condition cause : null
2025-12-05 08:41:08,876 [INFO] LogOutputStream:77 - [STDOUT_REDIRECT] 1 : Invalid condition id : UX_CORESTACK_Condition cause : null
2025-12-05 08:41:08,889 [INFO] LogOutputStream:77 - [STDOUT_REDIRECT] 1 : Invalid condition id : UX_CORESTACK_Condition cause : null
2025-12-05 08:41:08,891 [INFO] LogOutputStream:77 - [STDOUT_REDIRECT] 1 : Invalid condition id : UX_CORESTACK_Condition cause : null
2025-12-05 08:41:08,896 [WARN] PackLoader:240 - Cannot read IP mode file for STMicroelectronics.X-CUBE-AZRTOS-WL.2.0.0
2025-12-05 08:41:08,907 [WARN] PackLoader:240 - Cannot read IP mode file for STMicroelectronics.FP-SNS-MOTENV1.5.0.0
2025-12-05 08:41:08,985 [WARN] PackLoader:240 - Cannot read IP mode file for STMicroelectronics.X-CUBE-AZRTOS-H7RS.1.2.0
2025-12-05 08:41:09,008 [WARN] PackLoader:240 - Cannot read IP mode file for STMicroelectronics.X-CUBE-BLE2.3.3.0
2025-12-05 08:41:09,162 [WARN] PackLoader:240 - Cannot read IP mode file for STMicroelectronics.X-CUBE-NFC9.1.0.0
2025-12-05 08:41:09,192 [WARN] PackLoader:240 - Cannot read IP mode file for wolfSSL.I-CUBE-wolfSSL.5.8.2
2025-12-05 08:41:09,207 [WARN] PackLoader:240 - Cannot read IP mode file for STMicroelectronics.X-CUBE-BLE1.7.1.0
2025-12-05 08:41:09,228 [WARN] PackLoader:240 - Cannot read IP mode file for wolfSSL.I-CUBE-wolfMQTT.1.19.2
2025-12-05 08:41:09,235 [ERROR] Engine:466 - C:\Users\DELL\.stm32cubemx\thirdparties\pdsc\STMicroelectronics.X-CUBE-FREERTOS.1.4.0.pdsc: PDSC version is not supported
2025-12-05 08:41:09,243 [WARN] PackLoader:240 - Cannot read IP mode file for STMicroelectronics.X-CUBE-EEPRMA1.5.2.0
2025-12-05 08:41:09,270 [ERROR] Engine:466 - C:\Users\DELL\.stm32cubemx\thirdparties\pdsc\STMicroelectronics.X-CUBE-ST67W61.1.1.0.pdsc: PDSC version is not supported
2025-12-05 08:41:09,417 [WARN] PackLoader:240 - Cannot read IP mode file for STMicroelectronics.X-CUBE-MEMS1.12.0.0
2025-12-05 08:41:10,344 [WARN] PackLoader:240 - Cannot read IP mode file for STMicroelectronics.X-CUBE-AZRTOS-G0.1.1.0
2025-12-05 08:41:10,359 [WARN] PackLoader:240 - Cannot read IP mode file for STMicroelectronics.X-CUBE-SAFEA1.1.2.2
2025-12-05 08:41:10,442 [WARN] PackLoader:240 - Cannot read IP mode file for STMicroelectronics.X-CUBE-NFC4.3.0.0
2025-12-05 08:41:10,466 [WARN] PackLoader:240 - Cannot read IP mode file for EmbeddedOffice.I-CUBE-FS-RTOS.1.0.1
2025-12-05 08:41:10,484 [WARN] PackLoader:240 - Cannot read IP mode file for STMicroelectronics.X-CUBE-WB05N.2.0.0
2025-12-05 08:41:10,524 [WARN] PackLoader:240 - Cannot read IP mode file for wolfSSL.I-CUBE-wolfTPM.3.8.0
2025-12-05 08:41:10,556 [WARN] PackLoader:240 - Cannot read IP mode file for STMicroelectronics.X-CUBE-TCPP.4.2.0
2025-12-05 08:41:10,571 [WARN] PackLoader:240 - Cannot read IP mode file for RealThread.X-CUBE-RT-Thread_Nano.4.1.1
2025-12-05 08:41:10,589 [WARN] PackLoader:240 - Cannot read IP mode file for STMicroelectronics.FP-ATR-SIGFOX1.3.2.0
2025-12-05 08:41:10,625 [WARN] PackLoader:240 - Cannot read IP mode file for ITTIA_DB.I-CUBE-ITTIADB.8.9.0
2025-12-05 08:41:10,654 [WARN] PackLoader:240 - Cannot read IP mode file for STMicroelectronics.X-CUBE-ST67W61.1.0.0
2025-12-05 08:41:10,661 [WARN] PackLoader:240 - Cannot read IP mode file for STMicroelectronics.X-CUBE-AI.10.2.0
2025-12-05 08:41:10,766 [WARN] PackLoader:240 - Cannot read IP mode file for SEGGER.I-CUBE-embOS.1.3.1
2025-12-05 08:41:10,960 [WARN] PackLoader:240 - Cannot read IP mode file for STMicroelectronics.X-CUBE-ALGOBUILD.1.4.0
2025-12-05 08:41:11,076 [WARN] PackLoader:240 - Cannot read IP mode file for STMicroelectronics.X-CUBE-MEMS1.11.3.0
2025-12-05 08:41:11,419 [WARN] PackLoader:240 - Cannot read IP mode file for STMicroelectronics.X-CUBE-PM33A1.1.0.0
2025-12-05 08:41:11,501 [WARN] PackLoader:240 - Cannot read IP mode file for STMicroelectronics.X-CUBE-AZRTOS-F4.1.1.0
2025-12-05 08:41:11,514 [WARN] PackLoader:240 - Cannot read IP mode file for Avnet-IotConnect.X-CUBE-IoTC-DA16k-PMOD.1.0.0
2025-12-05 08:41:11,520 [WARN] PackLoader:240 - Cannot read IP mode file for STMicroelectronics.X-CUBE-ISPU.2.1.0
2025-12-05 08:41:11,531 [ERROR] Engine:466 - C:\Users\DELL\.stm32cubemx\thirdparties\pdsc\STMicroelectronics.X-CUBE-IPS.3.2.0.pdsc: PDSC version is not supported
2025-12-05 08:41:11,564 [WARN] PackLoader:240 - Cannot read IP mode file for STMicroelectronics.X-CUBE-NFC12.1.0.0
2025-12-05 08:41:11,647 [WARN] PackLoader:240 - Cannot read IP mode file for STMicroelectronics.X-CUBE-AZRTOS-L5.2.0.0
2025-12-05 08:41:11,697 [WARN] PackLoader:240 - Cannot read IP mode file for STMicroelectronics.X-CUBE-NFC6.3.1.0
2025-12-05 08:41:11,705 [WARN] PackLoader:240 - Cannot read IP mode file for STMicroelectronics.X-CUBE-FREERTOS.1.3.1
2025-12-05 08:41:11,714 [WARN] PackLoader:240 - Cannot read IP mode file for STMicroelectronics.X-CUBE-TOUCHGFX.4.26.0
2025-12-05 08:41:11,757 [WARN] PackLoader:240 - Cannot read IP mode file for STMicroelectronics.FP-SNS-STAIOTCFT.1.0.0
2025-12-05 08:41:11,790 [WARN] PackLoader:240 - Cannot read IP mode file for STMicroelectronics.X-CUBE-DPower.1.3.0
2025-12-05 08:41:11,842 [WARN] ConditionMgr:438 - getConditionDescription Invalid condition id : LAN8742 Phy interface Condition cause : null
2025-12-05 08:41:11,935 [WARN] PackLoader:240 - Cannot read IP mode file for STMicroelectronics.X-CUBE-AZRTOS-L4.2.0.0
2025-12-05 08:41:11,938 [WARN] ConditionMgr:1044 - genDependencies : Invalid condition id : LAN8742 Phy interface Condition cause : null
2025-12-05 08:41:11,939 [WARN] ConditionMgr:1044 - genDependencies : Invalid condition id : LAN8742 Phy interface Condition cause : null
2025-12-05 08:41:11,941 [WARN] ConditionMgr:1044 - genDependencies : Invalid condition id : LAN8742 Phy interface Condition cause : null
2025-12-05 08:41:11,956 [WARN] PackLoader:240 - Cannot read IP mode file for STMicroelectronics.X-CUBE-SFXS2LP1.4.0.0
2025-12-05 08:41:12,152 [WARN] PackLoader:240 - Cannot read IP mode file for STMicroelectronics.X-CUBE-BLEMGR.4.1.0
2025-12-05 08:41:12,372 [WARN] ConditionMgr:438 - getConditionDescription Invalid condition id : UX DEVICE CLASS RTOS Condition cause : null
2025-12-05 08:41:12,372 [WARN] ConditionMgr:438 - getConditionDescription Invalid condition id : UX DEVICE CLASS RTOS Condition cause : null
2025-12-05 08:41:12,393 [WARN] PackLoader:240 - Cannot read IP mode file for STMicroelectronics.X-CUBE-AZRTOS-WB.2.0.0
2025-12-05 08:41:12,394 [WARN] ConditionMgr:1044 - genDependencies : Invalid condition id : UX DEVICE CLASS RTOS Condition cause : null
2025-12-05 08:41:12,395 [WARN] ConditionMgr:1044 - genDependencies : Invalid condition id : UX DEVICE CLASS RTOS Condition cause : null
2025-12-05 08:41:12,395 [WARN] ConditionMgr:1044 - genDependencies : Invalid condition id : UX DEVICE CLASS RTOS Condition cause : null
2025-12-05 08:41:12,396 [WARN] ConditionMgr:1044 - genDependencies : Invalid condition id : UX DEVICE CLASS RTOS Condition cause : null
2025-12-05 08:41:12,396 [WARN] ConditionMgr:1044 - genDependencies : Invalid condition id : UX DEVICE CLASS RTOS Condition cause : null
2025-12-05 08:41:12,404 [WARN] PackLoader:240 - Cannot read IP mode file for STMicroelectronics.X-CUBE-GNSS1.7.0.1
2025-12-05 08:41:12,408 [WARN] PackLoader:240 - Cannot read IP mode file for STMicroelectronics.X-CUBE-TOUCHGFX.4.25.0
2025-12-05 08:41:12,414 [WARN] ConditionMgr:438 - getConditionDescription Invalid condition id : Cortex-A Device cause : null
2025-12-05 08:41:12,526 [WARN] ConditionMgr:1044 - genDependencies : Invalid condition id : Cortex-A Device cause : null
2025-12-05 08:41:12,527 [WARN] ConditionMgr:1044 - genDependencies : Invalid condition id : Cortex-A Device cause : null
2025-12-05 08:41:12,527 [WARN] ConditionMgr:1044 - genDependencies : Invalid condition id : Cortex-A Device cause : null
2025-12-05 08:41:12,544 [WARN] PackLoader:240 - Cannot read IP mode file for STMicroelectronics.X-CUBE-SUBG2.5.0.0
2025-12-05 08:41:12,661 [WARN] PackLoader:240 - Cannot read IP mode file for STMicroelectronics.X-CUBE-AZRTOS-H7RS.1.1.0
2025-12-05 08:41:12,846 [WARN] PackLoader:240 - Cannot read IP mode file for STMicroelectronics.X-CUBE-AZRTOS-G4.2.0.0
2025-12-05 08:41:12,919 [WARN] PackLoader:240 - Cannot read IP mode file for wolfSSL.I-CUBE-wolfSSH.1.4.20
2025-12-05 08:41:12,928 [WARN] PackLoader:240 - Cannot read IP mode file for STMicroelectronics.X-CUBE-NFC7.2.0.0
2025-12-05 08:41:12,948 [WARN] PackLoader:240 - Cannot read IP mode file for STMicroelectronics.X-CUBE-IPS.3.1.0
2025-12-05 08:41:12,974 [WARN] PackLoader:240 - Cannot read IP mode file for STMicroelectronics.X-CUBE-ALS.1.0.2
2025-12-05 08:41:12,991 [WARN] PackLoader:240 - Cannot read IP mode file for STMicroelectronics.X-CUBE-STSE01.1.0.0
2025-12-05 08:41:13,027 [WARN] PackLoader:240 - Cannot read IP mode file for STMicroelectronics.X-CUBE-TOF1.3.4.3
2025-12-05 08:41:13,110 [INFO] ThirdParty:978 - Integrity check success = true
2025-12-05 08:41:13,110 [INFO] IntegrityCheckThread:100 - exiting critical section [integrity check]
2025-12-05 08:41:13,110 [INFO] IntegrityCheckThread:103 - End integrity checks thread
2025-12-05 08:41:13,325 [INFO] WebApp:169 - Instantiating new browser for Auth
2025-12-05 08:41:14,815 [INFO] WebApp:463 - Apply proxy settings
2025-12-05 08:41:14,817 [INFO] WebApp:548 - Chromium requires no authentication
2025-12-05 08:41:14,833 [INFO] WebApp:491 - Direct internet connection detected
2025-12-05 08:41:14,877 [INFO] WebApp:894 - Register for checkConnection events
2025-12-05 08:41:14,877 [INFO] WebApp:463 - Apply proxy settings
2025-12-05 08:41:14,877 [INFO] WebApp:548 - Chromium requires no authentication
2025-12-05 08:41:14,878 [INFO] WebApp:491 - Direct internet connection detected
2025-12-05 08:41:15,146 [INFO] WebApp:225 - Starting web application
2025-12-05 08:41:15,147 [INFO] WebApp:593 - Web application path used D:\Install\STM32CubeIDE_1.18.1\STM32CubeIDE\plugins\com.st.stm32cube.common.mx_6.14.1.202504091515\db\plugins\mcufinder\reactClient1\index.html
2025-12-05 08:41:15,497 [INFO] WebApp:191 - Connection restablished
2025-12-05 08:41:15,503 [INFO] UserAuth:484 - Internet connection configuration mode: 1
2025-12-05 10:20:08,530 [INFO] WebApp:194 - Connection lost
2025-12-05 10:20:09,475 [INFO] WebApp:191 - Connection restablished
2025-12-05 11:29:11,164 [ERROR] LogOutputStream:75 - [STDERR_REDIRECT] 
2025-12-05 11:29:11,168 [ERROR] LogOutputStream:75 - [STDERR_REDIRECT] 
