2026-02-17 15:07:06,370 [INFO] Activator:176 - 


2026-02-17 15:07:06,381 [INFO] Activator:177 - !SESSION log4j initialized
2026-02-17 15:07:25,261 [INFO] LogOutputStream:77 - [STDOUT_REDIRECT] 
2026-02-17 15:07:29,167 [INFO] ApplicationProperties:184 - Using Application install path: D:\Install\STM32CubeIDE_1.18.1\STM32CubeIDE\plugins\com.st.stm32cube.common.mx_6.14.1.202504091515
2026-02-17 15:07:29,208 [INFO] DbMcusXml:78 - Set database path to: D:\Install\STM32CubeIDE_1.18.1\STM32CubeIDE\plugins\com.st.stm32cube.common.mx_6.14.1.202504091515\\db\/mcu/
2026-02-17 15:07:29,209 [INFO] ApiDb:274 - Set plugin database path to: D:\Install\STM32CubeIDE_1.18.1\STM32CubeIDE\plugins\com.st.stm32cube.common.mx_6.14.1.202504091515\\db\/plugins/boardmanager/
2026-02-17 15:07:29,210 [WARN] ApiDb:259 - Overriding images path with different value:  => D:\Install\STM32CubeIDE_1.18.1\STM32CubeIDE\plugins\com.st.stm32cube.common.mx_6.14.1.202504091515\\db\/plugins/mcufinder/images/
2026-02-17 15:07:29,228 [INFO] ApiDb:250 - Set database path to: C:\Users\DELL\.stmcufinder\plugins\mcufinder//mcu/
2026-02-17 15:07:29,231 [INFO] DbMcusAds:125 - Set database path to: C:\Users\DELL\.stmcufinder\plugins\mcufinder//mcu/
2026-02-17 15:07:29,237 [INFO] CrossReferenceDbSqlite:203 - Set database path to: C:\Users\DELL\.stmcufinder\plugins\mcufinder//mcu/cs/
2026-02-17 15:07:29,552 [INFO] RulesReader:64 - Compatibility file has been processed (302 Rules)
2026-02-17 15:07:29,759 [INFO] DbMcusXml:78 - Set database path to: D:\Install\STM32CubeIDE_1.18.1\STM32CubeIDE\plugins\com.st.stm32cube.common.mx_6.14.1.202504091515\\db\/mcu/
2026-02-17 15:07:29,759 [INFO] ApiDb:274 - Set plugin database path to: D:\Install\STM32CubeIDE_1.18.1\STM32CubeIDE\plugins\com.st.stm32cube.common.mx_6.14.1.202504091515\\db\/plugins/boardmanager/
2026-02-17 15:07:29,759 [INFO] ApiDb:261 - Set plugin images path to: D:\Install\STM32CubeIDE_1.18.1\STM32CubeIDE\plugins\com.st.stm32cube.common.mx_6.14.1.202504091515\\db\/plugins/mcufinder/images/
2026-02-17 15:07:29,760 [WARN] DbFile:41 - Overriding database path with different value: C:\Users\DELL\.stmcufinder\plugins\mcufinder/ => C:\Users\DELL\.stmcufinder\plugins\mcufinder
2026-02-17 15:07:29,760 [INFO] ApiDb:250 - Set database path to: C:\Users\DELL\.stmcufinder\plugins\mcufinder//mcu/
2026-02-17 15:07:29,761 [WARN] DbFile:41 - Overriding database path with different value: C:\Users\DELL\.stmcufinder\plugins\mcufinder/ => C:\Users\DELL\.stmcufinder\plugins\mcufinder
2026-02-17 15:07:29,761 [INFO] DbMcusAds:125 - Set database path to: C:\Users\DELL\.stmcufinder\plugins\mcufinder//mcu/
2026-02-17 15:07:29,761 [WARN] DbFile:41 - Overriding database path with different value: C:\Users\DELL\.stmcufinder\plugins\mcufinder/ => C:\Users\DELL\.stmcufinder\plugins\mcufinder
2026-02-17 15:07:29,762 [WARN] DbFile:41 - Overriding database path with different value: C:\Users\DELL\.stmcufinder\plugins\mcufinder/ => C:\Users\DELL\.stmcufinder\plugins\mcufinder
2026-02-17 15:07:29,762 [INFO] CrossReferenceDbSqlite:203 - Set database path to: C:\Users\DELL\.stmcufinder\plugins\mcufinder//mcu/cs/
2026-02-17 15:07:29,930 [INFO] MainPanel:272 - HeapMemory: 268435456
2026-02-17 15:07:30,192 [INFO] DbMcusXml:78 - Set database path to: D:\Install\STM32CubeIDE_1.18.1\STM32CubeIDE\plugins\com.st.stm32cube.common.mx_6.14.1.202504091515\\db\/mcu/
2026-02-17 15:07:30,193 [INFO] ApiDb:274 - Set plugin database path to: D:\Install\STM32CubeIDE_1.18.1\STM32CubeIDE\plugins\com.st.stm32cube.common.mx_6.14.1.202504091515\\db\/plugins/boardmanager/
2026-02-17 15:07:30,193 [INFO] ApiDb:261 - Set plugin images path to: D:\Install\STM32CubeIDE_1.18.1\STM32CubeIDE\plugins\com.st.stm32cube.common.mx_6.14.1.202504091515\\db\/plugins/mcufinder/images/
2026-02-17 15:07:30,194 [WARN] DbFile:41 - Overriding database path with different value: C:\Users\DELL\.stmcufinder\plugins\mcufinder/ => C:\Users\DELL\.stmcufinder\plugins\mcufinder
2026-02-17 15:07:30,194 [INFO] ApiDb:250 - Set database path to: C:\Users\DELL\.stmcufinder\plugins\mcufinder//mcu/
2026-02-17 15:07:30,195 [WARN] DbFile:41 - Overriding database path with different value: C:\Users\DELL\.stmcufinder\plugins\mcufinder/ => C:\Users\DELL\.stmcufinder\plugins\mcufinder
2026-02-17 15:07:30,195 [INFO] DbMcusAds:125 - Set database path to: C:\Users\DELL\.stmcufinder\plugins\mcufinder//mcu/
2026-02-17 15:07:30,195 [WARN] DbFile:41 - Overriding database path with different value: C:\Users\DELL\.stmcufinder\plugins\mcufinder/ => C:\Users\DELL\.stmcufinder\plugins\mcufinder
2026-02-17 15:07:30,196 [WARN] DbFile:41 - Overriding database path with different value: C:\Users\DELL\.stmcufinder\plugins\mcufinder/ => C:\Users\DELL\.stmcufinder\plugins\mcufinder
2026-02-17 15:07:30,196 [INFO] CrossReferenceDbSqlite:203 - Set database path to: C:\Users\DELL\.stmcufinder\plugins\mcufinder//mcu/cs/
2026-02-17 15:07:30,242 [INFO] ApplicationProperties:184 - Using Application install path: D:\Install\STM32CubeIDE_1.18.1\STM32CubeIDE\plugins\com.st.stm32cube.common.mx_6.14.1.202504091515
2026-02-17 15:07:30,246 [INFO] PluginManage:196 - Search for loadable plugins [exclusion list=, ]
2026-02-17 15:07:30,249 [INFO] PluginManage:310 - Check plugin analytics
2026-02-17 15:07:30,653 [INFO] AnalyticsPlugin:253 - Accepted Software Licenses: STM32CubeMX.6.14.1
2026-02-17 15:07:30,654 [INFO] AnalyticsPlugin:255 - Accepted CMSIS Pack Licenses: 
2026-02-17 15:07:30,654 [INFO] AnalyticsPlugin:257 - Accepted Firmware Licenses: FW.WL.1.3.0,FW.L4.1.18.0,FW.F4.1.28.0
2026-02-17 15:07:30,665 [INFO] PluginManage:359 - Loaded plugin analytics (category:tool,tabindex:-1)
2026-02-17 15:07:30,666 [INFO] PluginManage:310 - Check plugin cadmodel
2026-02-17 15:07:30,677 [INFO] CADModel:105 - Init CAD model plugin
2026-02-17 15:07:30,677 [INFO] PluginManage:359 - Loaded plugin cadmodel (category:power,tabindex:5)
2026-02-17 15:07:30,678 [INFO] PluginManage:310 - Check plugin clock
2026-02-17 15:07:30,701 [INFO] PluginManage:359 - Loaded plugin clock (category:base,tabindex:2)
2026-02-17 15:07:30,702 [INFO] PluginManage:310 - Check plugin ddr
2026-02-17 15:07:30,708 [INFO] PluginManage:359 - Loaded plugin ddr (category:tool,tabindex:6)
2026-02-17 15:07:30,709 [INFO] PluginManage:310 - Check plugin filemanager
2026-02-17 15:07:31,062 [INFO] PluginManage:359 - Loaded plugin filemanager (category:base,tabindex:10)
2026-02-17 15:07:31,062 [INFO] PluginManage:310 - Check plugin ipmanager
2026-02-17 15:07:31,079 [INFO] PluginManage:359 - Loaded plugin ipmanager (category:base,tabindex:5)
2026-02-17 15:07:31,079 [INFO] PluginManage:310 - Check plugin lpbam
2026-02-17 15:07:31,095 [INFO] PluginManage:359 - Loaded plugin lpbam (category:base,tabindex:0)
2026-02-17 15:07:31,096 [INFO] PluginManage:310 - Check plugin memorymap
2026-02-17 15:07:31,124 [INFO] PluginManage:359 - Loaded plugin memorymap (category:base,tabindex:4)
2026-02-17 15:07:31,124 [INFO] PluginManage:310 - Check plugin pinoutandconfiguration
2026-02-17 15:07:31,144 [INFO] PluginManage:359 - Loaded plugin pinoutandconfiguration (category:base,tabindex:1)
2026-02-17 15:07:31,144 [INFO] PluginManage:310 - Check plugin pinoutconfig
2026-02-17 15:07:31,450 [WARN] SupportedApi:132 - Cannot load RTOS API schema: s4s-elt-must-match.1: The content of 'definitions' must match (annotation?, (simpleType | complexType)?, (unique | key | keyref)*)). A problem was found starting at: attribute.
2026-02-17 15:07:31,815 [INFO] PluginManage:359 - Loaded plugin pinoutconfig (category:base,tabindex:0)
2026-02-17 15:07:31,816 [INFO] PluginManage:310 - Check plugin power
2026-02-17 15:07:31,839 [INFO] PluginManage:359 - Loaded plugin power (category:power,tabindex:4)
2026-02-17 15:07:31,839 [INFO] PluginManage:310 - Check plugin projectmanager
2026-02-17 15:07:31,879 [INFO] PluginManage:359 - Loaded plugin projectmanager (category:projectmanager,tabindex:4)
2026-02-17 15:07:31,879 [INFO] PluginManage:310 - Check plugin rif
2026-02-17 15:07:31,898 [INFO] PluginManage:359 - Loaded plugin rif (category:base,tabindex:3)
2026-02-17 15:07:31,898 [INFO] PluginManage:310 - Check plugin thirdparty
2026-02-17 15:07:32,248 [INFO] PluginManage:359 - Loaded plugin thirdparty (category:base,tabindex:-1)
2026-02-17 15:07:32,249 [INFO] PluginManage:310 - Check plugin tools
2026-02-17 15:07:32,248 [WARN] IntegrityCheckThread:84 - waiting for thirdparty lock release [integrity check]
2026-02-17 15:07:32,250 [INFO] IntegrityCheckThread:86 - entering critical section [integrity check]
2026-02-17 15:07:32,251 [INFO] ThirdPartyUpdaterWithRetryManager:70 - Updater plugin not ready yet. [1/15]
2026-02-17 15:07:32,255 [INFO] PluginManage:359 - Loaded plugin tools (category:base,tabindex:7)
2026-02-17 15:07:32,255 [INFO] PluginManage:310 - Check plugin tutovideos
2026-02-17 15:07:32,709 [INFO] PluginManage:359 - Loaded plugin tutovideos (category:base,tabindex:-1)
2026-02-17 15:07:32,710 [INFO] PluginManage:310 - Check plugin updater
2026-02-17 15:07:32,771 [INFO] PluginManage:359 - Loaded plugin updater (category:base,tabindex:12)
2026-02-17 15:07:32,772 [INFO] PluginManage:310 - Check plugin userauth
2026-02-17 15:07:32,782 [INFO] UserAuth:118 - Init User Auth plugin
2026-02-17 15:07:32,784 [INFO] PluginManage:359 - Loaded plugin userauth (category:base,tabindex:14)
2026-02-17 15:07:32,786 [INFO] PluginManage:283 - PluginManage : Loaded plugins [18]
2026-02-17 15:07:33,301 [INFO] PinOutPanel:1589 - setPackage(No Configuration,No Configuration)
2026-02-17 15:07:33,507 [INFO] CADModel:165 - CPN selected for project level
2026-02-17 15:07:33,507 [INFO] CADModel:114 - Register for checkConnection events
2026-02-17 15:07:33,541 [INFO] IPUIPlugin:80 - create IPUIPlugin
2026-02-17 15:07:33,541 [INFO] PluginManager:220 - loadIPPluginJar : add adc
2026-02-17 15:07:33,548 [INFO] IPUIPlugin:80 - create IPUIPlugin
2026-02-17 15:07:33,548 [INFO] PluginManager:220 - loadIPPluginJar : add aes
2026-02-17 15:07:33,555 [INFO] IPUIPlugin:80 - create IPUIPlugin
2026-02-17 15:07:33,555 [INFO] PluginManager:220 - loadIPPluginJar : add can
2026-02-17 15:07:33,559 [INFO] IPUIPlugin:80 - create IPUIPlugin
2026-02-17 15:07:33,559 [INFO] PluginManager:220 - loadIPPluginJar : add comp
2026-02-17 15:07:33,565 [INFO] IPUIPlugin:80 - create IPUIPlugin
2026-02-17 15:07:33,565 [INFO] PluginManager:220 - loadIPPluginJar : add cryp
2026-02-17 15:07:33,572 [INFO] IPUIPlugin:80 - create IPUIPlugin
2026-02-17 15:07:33,572 [INFO] PluginManager:220 - loadIPPluginJar : add ddr_ctrl_phy
2026-02-17 15:07:33,578 [INFO] IPUIPlugin:80 - create IPUIPlugin
2026-02-17 15:07:33,578 [INFO] PluginManager:220 - loadIPPluginJar : add dfsdm
2026-02-17 15:07:33,589 [INFO] IPUIPlugin:80 - create IPUIPlugin
2026-02-17 15:07:33,590 [INFO] PluginManager:220 - loadIPPluginJar : add dma
2026-02-17 15:07:33,596 [INFO] IPUIPlugin:80 - create IPUIPlugin
2026-02-17 15:07:33,597 [INFO] PluginManager:220 - loadIPPluginJar : add dma3
2026-02-17 15:07:33,602 [INFO] IPUIPlugin:80 - create IPUIPlugin
2026-02-17 15:07:33,602 [INFO] PluginManager:220 - loadIPPluginJar : add extmemmanager
2026-02-17 15:07:33,605 [INFO] IPUIPlugin:80 - create IPUIPlugin
2026-02-17 15:07:33,605 [INFO] PluginManager:220 - loadIPPluginJar : add fatfs
2026-02-17 15:07:33,612 [INFO] IPUIPlugin:80 - create IPUIPlugin
2026-02-17 15:07:33,612 [INFO] PluginManager:220 - loadIPPluginJar : add fmc
2026-02-17 15:07:33,626 [INFO] IPUIPlugin:80 - create IPUIPlugin
2026-02-17 15:07:33,626 [INFO] PluginManager:220 - loadIPPluginJar : add freertos
2026-02-17 15:07:33,629 [INFO] IPUIPlugin:80 - create IPUIPlugin
2026-02-17 15:07:33,629 [INFO] PluginManager:220 - loadIPPluginJar : add genericplugin
2026-02-17 15:07:33,634 [INFO] IPUIPlugin:80 - create IPUIPlugin
2026-02-17 15:07:33,634 [INFO] PluginManager:220 - loadIPPluginJar : add gfxmmu
2026-02-17 15:07:33,644 [INFO] IPUIPlugin:80 - create IPUIPlugin
2026-02-17 15:07:33,644 [INFO] PluginManager:220 - loadIPPluginJar : add gic
2026-02-17 15:07:33,653 [INFO] IPUIPlugin:80 - create IPUIPlugin
2026-02-17 15:07:33,653 [INFO] PluginManager:220 - loadIPPluginJar : add gpio
2026-02-17 15:07:33,659 [INFO] IPUIPlugin:80 - create IPUIPlugin
2026-02-17 15:07:33,659 [INFO] PluginManager:220 - loadIPPluginJar : add gtzc
2026-02-17 15:07:33,665 [INFO] IPUIPlugin:80 - create IPUIPlugin
2026-02-17 15:07:33,665 [INFO] PluginManager:220 - loadIPPluginJar : add hash
2026-02-17 15:07:33,671 [INFO] IPUIPlugin:80 - create IPUIPlugin
2026-02-17 15:07:33,672 [INFO] PluginManager:220 - loadIPPluginJar : add i2c
2026-02-17 15:07:33,677 [INFO] IPUIPlugin:80 - create IPUIPlugin
2026-02-17 15:07:33,678 [INFO] PluginManager:220 - loadIPPluginJar : add i2s
2026-02-17 15:07:33,684 [INFO] IPUIPlugin:80 - create IPUIPlugin
2026-02-17 15:07:33,684 [INFO] PluginManager:220 - loadIPPluginJar : add i3c
2026-02-17 15:07:33,691 [INFO] IPUIPlugin:80 - create IPUIPlugin
2026-02-17 15:07:33,692 [INFO] PluginManager:220 - loadIPPluginJar : add ipddr
2026-02-17 15:07:33,707 [INFO] IPUIPlugin:80 - create IPUIPlugin
2026-02-17 15:07:33,707 [INFO] PluginManager:220 - loadIPPluginJar : add linkedlist
2026-02-17 15:07:33,715 [INFO] IPUIPlugin:80 - create IPUIPlugin
2026-02-17 15:07:33,716 [INFO] PluginManager:220 - loadIPPluginJar : add lorawan
2026-02-17 15:07:33,719 [INFO] IPUIPlugin:80 - create IPUIPlugin
2026-02-17 15:07:33,719 [INFO] PluginManager:220 - loadIPPluginJar : add ltdc
2026-02-17 15:07:33,732 [INFO] IPUIPlugin:80 - create IPUIPlugin
2026-02-17 15:07:33,732 [INFO] PluginManager:220 - loadIPPluginJar : add mdma
2026-02-17 15:07:33,740 [INFO] IPUIPlugin:80 - create IPUIPlugin
2026-02-17 15:07:33,741 [INFO] PluginManager:220 - loadIPPluginJar : add nvic
2026-02-17 15:07:33,747 [INFO] IPUIPlugin:80 - create IPUIPlugin
2026-02-17 15:07:33,747 [INFO] PluginManager:220 - loadIPPluginJar : add opamp
2026-02-17 15:07:33,754 [INFO] IPUIPlugin:80 - create IPUIPlugin
2026-02-17 15:07:33,754 [INFO] PluginManager:220 - loadIPPluginJar : add openamp
2026-02-17 15:07:33,761 [INFO] IPUIPlugin:80 - create IPUIPlugin
2026-02-17 15:07:33,761 [INFO] PluginManager:220 - loadIPPluginJar : add pdm2pcm
2026-02-17 15:07:33,774 [INFO] IPUIPlugin:80 - create IPUIPlugin
2026-02-17 15:07:33,783 [INFO] PluginManager:220 - loadIPPluginJar : add plateformsettings
2026-02-17 15:07:33,788 [INFO] IPUIPlugin:80 - create IPUIPlugin
2026-02-17 15:07:33,788 [INFO] PluginManager:220 - loadIPPluginJar : add quadspi
2026-02-17 15:07:33,792 [INFO] IPUIPlugin:80 - create IPUIPlugin
2026-02-17 15:07:33,794 [INFO] PluginManager:220 - loadIPPluginJar : add radio
2026-02-17 15:07:33,802 [INFO] IPUIPlugin:80 - create IPUIPlugin
2026-02-17 15:07:33,802 [INFO] PluginManager:220 - loadIPPluginJar : add resmgrutility
2026-02-17 15:07:33,808 [INFO] IPUIPlugin:80 - create IPUIPlugin
2026-02-17 15:07:33,808 [INFO] PluginManager:220 - loadIPPluginJar : add sai
2026-02-17 15:07:33,814 [INFO] IPUIPlugin:80 - create IPUIPlugin
2026-02-17 15:07:33,814 [INFO] PluginManager:220 - loadIPPluginJar : add spi
2026-02-17 15:07:33,828 [INFO] IPUIPlugin:80 - create IPUIPlugin
2026-02-17 15:07:33,828 [INFO] PluginManager:220 - loadIPPluginJar : add stm32_wpan
2026-02-17 15:07:33,833 [INFO] IPUIPlugin:80 - create IPUIPlugin
2026-02-17 15:07:33,833 [INFO] PluginManager:220 - loadIPPluginJar : add tim
2026-02-17 15:07:33,841 [INFO] IPUIPlugin:80 - create IPUIPlugin
2026-02-17 15:07:33,842 [INFO] PluginManager:220 - loadIPPluginJar : add touchsensing
2026-02-17 15:07:33,846 [INFO] IPUIPlugin:80 - create IPUIPlugin
2026-02-17 15:07:33,847 [INFO] PluginManager:220 - loadIPPluginJar : add tracer_emb
2026-02-17 15:07:33,850 [INFO] IPUIPlugin:80 - create IPUIPlugin
2026-02-17 15:07:33,851 [INFO] PluginManager:220 - loadIPPluginJar : add ts
2026-02-17 15:07:33,854 [INFO] IPUIPlugin:80 - create IPUIPlugin
2026-02-17 15:07:33,854 [INFO] PluginManager:220 - loadIPPluginJar : add tsc
2026-02-17 15:07:33,857 [INFO] IPUIPlugin:80 - create IPUIPlugin
2026-02-17 15:07:33,858 [INFO] PluginManager:220 - loadIPPluginJar : add ucpd
2026-02-17 15:07:33,864 [INFO] IPUIPlugin:80 - create IPUIPlugin
2026-02-17 15:07:33,865 [INFO] PluginManager:220 - loadIPPluginJar : add usart
2026-02-17 15:07:33,873 [INFO] IPUIPlugin:80 - create IPUIPlugin
2026-02-17 15:07:33,873 [INFO] PluginManager:220 - loadIPPluginJar : add usbx
2026-02-17 15:07:34,092 [FATAL] Updater:351 - Updater called before beeing initialized
2026-02-17 15:07:34,169 [INFO] RulesReader:64 - Compatibility file has been processed (302 Rules)
2026-02-17 15:07:34,202 [INFO] RulesReader:64 - Compatibility file has been processed (302 Rules)
2026-02-17 15:07:34,218 [INFO] CADModel:165 - CPN selected for project level
2026-02-17 15:07:34,219 [INFO] CADModel:114 - Register for checkConnection events
2026-02-17 15:07:34,219 [FATAL] Updater:351 - Updater called before beeing initialized
2026-02-17 15:07:34,219 [ERROR] CADModel:125 - Updater not yet initialized, retry later 
2026-02-17 15:07:34,531 [FATAL] Updater:351 - Updater called before beeing initialized
2026-02-17 15:07:34,534 [INFO] CADModel:165 - CPN selected for project level
2026-02-17 15:07:34,535 [INFO] CADModel:114 - Register for checkConnection events
2026-02-17 15:07:34,535 [FATAL] Updater:351 - Updater called before beeing initialized
2026-02-17 15:07:34,535 [ERROR] CADModel:125 - Updater not yet initialized, retry later 
2026-02-17 15:07:34,541 [FATAL] Updater:351 - Updater called before beeing initialized
2026-02-17 15:07:34,810 [FATAL] Updater:351 - Updater called before beeing initialized
2026-02-17 15:07:34,822 [INFO] DbMcusAds:53 - JSON generation date=Tue Feb 10 17:16:36 PKT 2026 (1770725796209)
2026-02-17 15:07:34,822 [FATAL] Updater:351 - Updater called before beeing initialized
2026-02-17 15:07:34,923 [WARN] DetailPanel:346 - Failed to get advertising image, set to default
2026-02-17 15:07:35,252 [INFO] ThirdPartyUpdaterWithRetryManager:70 - Updater plugin not ready yet. [2/15]
2026-02-17 15:07:35,616 [FATAL] Updater:351 - Updater called before beeing initialized
2026-02-17 15:07:35,622 [FATAL] Updater:351 - Updater called before beeing initialized
2026-02-17 15:07:35,622 [FATAL] Updater:351 - Updater called before beeing initialized
2026-02-17 15:07:35,623 [WARN] DetailPanel:346 - Failed to get advertising image, set to default
2026-02-17 15:07:35,624 [FATAL] Updater:351 - Updater called before beeing initialized
2026-02-17 15:07:35,735 [ERROR] Updater:1198 - MainUpdater not yet initialized. External WinMGr cannot be set.
2026-02-17 15:07:35,740 [INFO] Updater:1134 - Updater Version found : 6.14.1
2026-02-17 15:07:35,793 [INFO] ApplicationProperties:184 - Using Application install path: D:\Install\STM32CubeIDE_1.18.1\STM32CubeIDE\plugins\com.st.stm32cube.common.mx_6.14.1.202504091515
2026-02-17 15:07:37,412 [ERROR] LogOutputStream:75 - [STDERR_REDIRECT] Feb 17, 2026 3:07:37 PM java.util.prefs.WindowsPreferences <init>
2026-02-17 15:07:37,417 [ERROR] LogOutputStream:75 - [STDERR_REDIRECT] WARNING: Could not open/create prefs root node Software\JavaSoft\Prefs at root 0xffffffff80000002. Windows RegCreateKeyEx(...) returned error code 5.
2026-02-17 15:07:37,418 [ERROR] LogOutputStream:75 - [STDERR_REDIRECT] 
2026-02-17 15:07:38,253 [FATAL] Updater:351 - Updater called before beeing initialized
2026-02-17 15:07:38,254 [ERROR] IntegrityCheckThread:130 - Cannot retrieve database content from updater: error 21
2026-02-17 15:07:38,254 [INFO] ThirdParty:978 - Integrity check success = false
2026-02-17 15:07:38,254 [INFO] IntegrityCheckThread:100 - exiting critical section [integrity check]
2026-02-17 15:07:38,255 [INFO] IntegrityCheckThread:103 - End integrity checks thread
2026-02-17 15:07:38,685 [INFO] MainUpdater:2872 - connection check result : 10
2026-02-17 15:07:38,687 [INFO] MainUpdater:289 - Updater Check For Update Now.
2026-02-17 15:07:38,688 [INFO] MicroXplorer:498 - Change Database Version : DB.6.0.141
2026-02-17 15:07:38,704 [INFO] McuFinderGlobals:63 - Set McuFinder mode to 2 (CubeIDE integrated)
2026-02-17 15:07:38,708 [INFO] UserAuth:484 - Internet connection configuration mode: 1
2026-02-17 15:07:38,776 [INFO] JxBrowserEngine:152 - Initiate JxBrowser Engine with user profile folder
2026-02-17 15:07:39,281 [INFO] CheckServerUpdateThread:120 - End of CheckServer Thread
2026-02-17 15:07:42,346 [INFO] WebApp:169 - Instantiating new browser for Auth
2026-02-17 15:07:44,883 [INFO] WebApp:463 - Apply proxy settings
2026-02-17 15:07:44,883 [INFO] WebApp:548 - Chromium requires no authentication
2026-02-17 15:07:44,907 [INFO] WebApp:491 - Direct internet connection detected
2026-02-17 15:07:44,976 [INFO] WebApp:894 - Register for checkConnection events
2026-02-17 15:07:44,976 [INFO] WebApp:463 - Apply proxy settings
2026-02-17 15:07:44,977 [INFO] WebApp:548 - Chromium requires no authentication
2026-02-17 15:07:44,978 [INFO] WebApp:491 - Direct internet connection detected
2026-02-17 15:07:45,539 [INFO] WebApp:191 - Connection restablished
2026-02-17 15:07:45,617 [INFO] WebApp:225 - Starting web application
2026-02-17 15:07:45,617 [INFO] WebApp:593 - Web application path used D:\Install\STM32CubeIDE_1.18.1\STM32CubeIDE\plugins\com.st.stm32cube.common.mx_6.14.1.202504091515\db\plugins\mcufinder\reactClient1\index.html
2026-02-17 15:07:46,348 [INFO] UserAuth:484 - Internet connection configuration mode: 1
2026-02-17 18:57:19,788 [INFO] WebApp:194 - Connection lost
2026-02-17 18:57:23,514 [INFO] WebApp:191 - Connection restablished
2026-02-17 18:57:34,036 [INFO] WebApp:194 - Connection lost
2026-02-17 18:57:34,937 [INFO] WebApp:191 - Connection restablished
2026-02-17 18:57:35,954 [INFO] WebApp:194 - Connection lost
2026-02-17 18:57:36,304 [INFO] WebApp:191 - Connection restablished
2026-02-17 18:57:43,851 [INFO] WebApp:194 - Connection lost
2026-02-17 18:57:54,551 [INFO] WebApp:191 - Connection restablished
2026-02-17 18:57:56,036 [INFO] WebApp:194 - Connection lost
2026-02-17 18:57:56,337 [INFO] WebApp:191 - Connection restablished
2026-02-17 18:57:58,705 [INFO] WebApp:194 - Connection lost
2026-02-17 18:57:59,010 [INFO] WebApp:191 - Connection restablished
2026-02-17 18:59:43,779 [INFO] WebApp:194 - Connection lost
2026-02-17 18:59:44,222 [INFO] WebApp:191 - Connection restablished
