2026-01-21 10:11:29,954 [INFO] Activator:176 - 


2026-01-21 10:11:29,964 [INFO] Activator:177 - !SESSION log4j initialized
2026-01-21 10:11:40,180 [INFO] LogOutputStream:77 - [STDOUT_REDIRECT] 
2026-01-21 10:11:42,373 [INFO] ApplicationProperties:184 - Using Application install path: D:\Install\STM32CubeIDE_1.18.1\STM32CubeIDE\plugins\com.st.stm32cube.common.mx_6.14.1.202504091515
2026-01-21 10:11:42,416 [INFO] DbMcusXml:78 - Set database path to: D:\Install\STM32CubeIDE_1.18.1\STM32CubeIDE\plugins\com.st.stm32cube.common.mx_6.14.1.202504091515\\db\/mcu/
2026-01-21 10:11:42,416 [INFO] ApiDb:274 - Set plugin database path to: D:\Install\STM32CubeIDE_1.18.1\STM32CubeIDE\plugins\com.st.stm32cube.common.mx_6.14.1.202504091515\\db\/plugins/boardmanager/
2026-01-21 10:11:42,417 [WARN] ApiDb:259 - Overriding images path with different value:  => D:\Install\STM32CubeIDE_1.18.1\STM32CubeIDE\plugins\com.st.stm32cube.common.mx_6.14.1.202504091515\\db\/plugins/mcufinder/images/
2026-01-21 10:11:42,441 [INFO] ApiDb:250 - Set database path to: C:\Users\DELL\.stmcufinder\plugins\mcufinder//mcu/
2026-01-21 10:11:42,443 [INFO] DbMcusAds:125 - Set database path to: C:\Users\DELL\.stmcufinder\plugins\mcufinder//mcu/
2026-01-21 10:11:42,449 [INFO] CrossReferenceDbSqlite:203 - Set database path to: C:\Users\DELL\.stmcufinder\plugins\mcufinder//mcu/cs/
2026-01-21 10:11:42,676 [INFO] RulesReader:64 - Compatibility file has been processed (302 Rules)
2026-01-21 10:11:42,834 [INFO] DbMcusXml:78 - Set database path to: D:\Install\STM32CubeIDE_1.18.1\STM32CubeIDE\plugins\com.st.stm32cube.common.mx_6.14.1.202504091515\\db\/mcu/
2026-01-21 10:11:42,835 [INFO] ApiDb:274 - Set plugin database path to: D:\Install\STM32CubeIDE_1.18.1\STM32CubeIDE\plugins\com.st.stm32cube.common.mx_6.14.1.202504091515\\db\/plugins/boardmanager/
2026-01-21 10:11:42,835 [INFO] ApiDb:261 - Set plugin images path to: D:\Install\STM32CubeIDE_1.18.1\STM32CubeIDE\plugins\com.st.stm32cube.common.mx_6.14.1.202504091515\\db\/plugins/mcufinder/images/
2026-01-21 10:11:42,835 [WARN] DbFile:41 - Overriding database path with different value: C:\Users\DELL\.stmcufinder\plugins\mcufinder/ => C:\Users\DELL\.stmcufinder\plugins\mcufinder
2026-01-21 10:11:42,836 [INFO] ApiDb:250 - Set database path to: C:\Users\DELL\.stmcufinder\plugins\mcufinder//mcu/
2026-01-21 10:11:42,836 [WARN] DbFile:41 - Overriding database path with different value: C:\Users\DELL\.stmcufinder\plugins\mcufinder/ => C:\Users\DELL\.stmcufinder\plugins\mcufinder
2026-01-21 10:11:42,836 [INFO] DbMcusAds:125 - Set database path to: C:\Users\DELL\.stmcufinder\plugins\mcufinder//mcu/
2026-01-21 10:11:42,836 [WARN] DbFile:41 - Overriding database path with different value: C:\Users\DELL\.stmcufinder\plugins\mcufinder/ => C:\Users\DELL\.stmcufinder\plugins\mcufinder
2026-01-21 10:11:42,836 [WARN] DbFile:41 - Overriding database path with different value: C:\Users\DELL\.stmcufinder\plugins\mcufinder/ => C:\Users\DELL\.stmcufinder\plugins\mcufinder
2026-01-21 10:11:42,836 [INFO] CrossReferenceDbSqlite:203 - Set database path to: C:\Users\DELL\.stmcufinder\plugins\mcufinder//mcu/cs/
2026-01-21 10:11:42,987 [INFO] MainPanel:272 - HeapMemory: 268435456
2026-01-21 10:11:43,214 [INFO] DbMcusXml:78 - Set database path to: D:\Install\STM32CubeIDE_1.18.1\STM32CubeIDE\plugins\com.st.stm32cube.common.mx_6.14.1.202504091515\\db\/mcu/
2026-01-21 10:11:43,215 [INFO] ApiDb:274 - Set plugin database path to: D:\Install\STM32CubeIDE_1.18.1\STM32CubeIDE\plugins\com.st.stm32cube.common.mx_6.14.1.202504091515\\db\/plugins/boardmanager/
2026-01-21 10:11:43,215 [INFO] ApiDb:261 - Set plugin images path to: D:\Install\STM32CubeIDE_1.18.1\STM32CubeIDE\plugins\com.st.stm32cube.common.mx_6.14.1.202504091515\\db\/plugins/mcufinder/images/
2026-01-21 10:11:43,215 [WARN] DbFile:41 - Overriding database path with different value: C:\Users\DELL\.stmcufinder\plugins\mcufinder/ => C:\Users\DELL\.stmcufinder\plugins\mcufinder
2026-01-21 10:11:43,217 [INFO] ApiDb:250 - Set database path to: C:\Users\DELL\.stmcufinder\plugins\mcufinder//mcu/
2026-01-21 10:11:43,217 [WARN] DbFile:41 - Overriding database path with different value: C:\Users\DELL\.stmcufinder\plugins\mcufinder/ => C:\Users\DELL\.stmcufinder\plugins\mcufinder
2026-01-21 10:11:43,217 [INFO] DbMcusAds:125 - Set database path to: C:\Users\DELL\.stmcufinder\plugins\mcufinder//mcu/
2026-01-21 10:11:43,217 [WARN] DbFile:41 - Overriding database path with different value: C:\Users\DELL\.stmcufinder\plugins\mcufinder/ => C:\Users\DELL\.stmcufinder\plugins\mcufinder
2026-01-21 10:11:43,217 [WARN] DbFile:41 - Overriding database path with different value: C:\Users\DELL\.stmcufinder\plugins\mcufinder/ => C:\Users\DELL\.stmcufinder\plugins\mcufinder
2026-01-21 10:11:43,218 [INFO] CrossReferenceDbSqlite:203 - Set database path to: C:\Users\DELL\.stmcufinder\plugins\mcufinder//mcu/cs/
2026-01-21 10:11:43,245 [INFO] ApplicationProperties:184 - Using Application install path: D:\Install\STM32CubeIDE_1.18.1\STM32CubeIDE\plugins\com.st.stm32cube.common.mx_6.14.1.202504091515
2026-01-21 10:11:43,247 [INFO] PluginManage:196 - Search for loadable plugins [exclusion list=, ]
2026-01-21 10:11:43,249 [INFO] PluginManage:310 - Check plugin analytics
2026-01-21 10:11:43,511 [INFO] AnalyticsPlugin:253 - Accepted Software Licenses: STM32CubeMX.6.14.1
2026-01-21 10:11:43,511 [INFO] AnalyticsPlugin:255 - Accepted CMSIS Pack Licenses: 
2026-01-21 10:11:43,512 [INFO] AnalyticsPlugin:257 - Accepted Firmware Licenses: FW.WL.1.3.0,FW.L4.1.18.0,FW.F4.1.28.0
2026-01-21 10:11:43,523 [INFO] PluginManage:359 - Loaded plugin analytics (category:tool,tabindex:-1)
2026-01-21 10:11:43,523 [INFO] PluginManage:310 - Check plugin cadmodel
2026-01-21 10:11:43,537 [INFO] CADModel:105 - Init CAD model plugin
2026-01-21 10:11:43,537 [INFO] PluginManage:359 - Loaded plugin cadmodel (category:power,tabindex:5)
2026-01-21 10:11:43,538 [INFO] PluginManage:310 - Check plugin clock
2026-01-21 10:11:43,561 [INFO] PluginManage:359 - Loaded plugin clock (category:base,tabindex:2)
2026-01-21 10:11:43,561 [INFO] PluginManage:310 - Check plugin ddr
2026-01-21 10:11:43,567 [INFO] PluginManage:359 - Loaded plugin ddr (category:tool,tabindex:6)
2026-01-21 10:11:43,569 [INFO] PluginManage:310 - Check plugin filemanager
2026-01-21 10:11:43,774 [INFO] PluginManage:359 - Loaded plugin filemanager (category:base,tabindex:10)
2026-01-21 10:11:43,774 [INFO] PluginManage:310 - Check plugin ipmanager
2026-01-21 10:11:43,782 [INFO] PluginManage:359 - Loaded plugin ipmanager (category:base,tabindex:5)
2026-01-21 10:11:43,782 [INFO] PluginManage:310 - Check plugin lpbam
2026-01-21 10:11:43,793 [INFO] PluginManage:359 - Loaded plugin lpbam (category:base,tabindex:0)
2026-01-21 10:11:43,794 [INFO] PluginManage:310 - Check plugin memorymap
2026-01-21 10:11:43,822 [INFO] PluginManage:359 - Loaded plugin memorymap (category:base,tabindex:4)
2026-01-21 10:11:43,823 [INFO] PluginManage:310 - Check plugin pinoutandconfiguration
2026-01-21 10:11:43,835 [INFO] PluginManage:359 - Loaded plugin pinoutandconfiguration (category:base,tabindex:1)
2026-01-21 10:11:43,835 [INFO] PluginManage:310 - Check plugin pinoutconfig
2026-01-21 10:11:43,942 [WARN] SupportedApi:132 - Cannot load RTOS API schema: s4s-elt-must-match.1: The content of 'definitions' must match (annotation?, (simpleType | complexType)?, (unique | key | keyref)*)). A problem was found starting at: attribute.
2026-01-21 10:11:44,129 [INFO] PluginManage:359 - Loaded plugin pinoutconfig (category:base,tabindex:0)
2026-01-21 10:11:44,129 [INFO] PluginManage:310 - Check plugin power
2026-01-21 10:11:44,142 [INFO] PluginManage:359 - Loaded plugin power (category:power,tabindex:4)
2026-01-21 10:11:44,142 [INFO] PluginManage:310 - Check plugin projectmanager
2026-01-21 10:11:44,165 [INFO] PluginManage:359 - Loaded plugin projectmanager (category:projectmanager,tabindex:4)
2026-01-21 10:11:44,166 [INFO] PluginManage:310 - Check plugin rif
2026-01-21 10:11:44,186 [INFO] PluginManage:359 - Loaded plugin rif (category:base,tabindex:3)
2026-01-21 10:11:44,187 [INFO] PluginManage:310 - Check plugin thirdparty
2026-01-21 10:11:44,388 [INFO] PluginManage:359 - Loaded plugin thirdparty (category:base,tabindex:-1)
2026-01-21 10:11:44,388 [INFO] PluginManage:310 - Check plugin tools
2026-01-21 10:11:44,388 [WARN] IntegrityCheckThread:84 - waiting for thirdparty lock release [integrity check]
2026-01-21 10:11:44,389 [INFO] IntegrityCheckThread:86 - entering critical section [integrity check]
2026-01-21 10:11:44,389 [INFO] ThirdPartyUpdaterWithRetryManager:70 - Updater plugin not ready yet. [1/15]
2026-01-21 10:11:44,392 [INFO] PluginManage:359 - Loaded plugin tools (category:base,tabindex:7)
2026-01-21 10:11:44,392 [INFO] PluginManage:310 - Check plugin tutovideos
2026-01-21 10:11:44,599 [INFO] PluginManage:359 - Loaded plugin tutovideos (category:base,tabindex:-1)
2026-01-21 10:11:44,599 [INFO] PluginManage:310 - Check plugin updater
2026-01-21 10:11:44,644 [INFO] PluginManage:359 - Loaded plugin updater (category:base,tabindex:12)
2026-01-21 10:11:44,644 [INFO] PluginManage:310 - Check plugin userauth
2026-01-21 10:11:44,649 [INFO] UserAuth:118 - Init User Auth plugin
2026-01-21 10:11:44,651 [INFO] PluginManage:359 - Loaded plugin userauth (category:base,tabindex:14)
2026-01-21 10:11:44,651 [INFO] PluginManage:283 - PluginManage : Loaded plugins [18]
2026-01-21 10:11:44,928 [INFO] PinOutPanel:1589 - setPackage(No Configuration,No Configuration)
2026-01-21 10:11:45,057 [INFO] CADModel:165 - CPN selected for project level
2026-01-21 10:11:45,058 [INFO] CADModel:114 - Register for checkConnection events
2026-01-21 10:11:45,083 [INFO] IPUIPlugin:80 - create IPUIPlugin
2026-01-21 10:11:45,084 [INFO] PluginManager:220 - loadIPPluginJar : add adc
2026-01-21 10:11:45,087 [INFO] IPUIPlugin:80 - create IPUIPlugin
2026-01-21 10:11:45,088 [INFO] PluginManager:220 - loadIPPluginJar : add aes
2026-01-21 10:11:45,092 [INFO] IPUIPlugin:80 - create IPUIPlugin
2026-01-21 10:11:45,092 [INFO] PluginManager:220 - loadIPPluginJar : add can
2026-01-21 10:11:45,095 [INFO] IPUIPlugin:80 - create IPUIPlugin
2026-01-21 10:11:45,095 [INFO] PluginManager:220 - loadIPPluginJar : add comp
2026-01-21 10:11:45,099 [INFO] IPUIPlugin:80 - create IPUIPlugin
2026-01-21 10:11:45,099 [INFO] PluginManager:220 - loadIPPluginJar : add cryp
2026-01-21 10:11:45,104 [INFO] IPUIPlugin:80 - create IPUIPlugin
2026-01-21 10:11:45,104 [INFO] PluginManager:220 - loadIPPluginJar : add ddr_ctrl_phy
2026-01-21 10:11:45,108 [INFO] IPUIPlugin:80 - create IPUIPlugin
2026-01-21 10:11:45,108 [INFO] PluginManager:220 - loadIPPluginJar : add dfsdm
2026-01-21 10:11:45,116 [INFO] IPUIPlugin:80 - create IPUIPlugin
2026-01-21 10:11:45,117 [INFO] PluginManager:220 - loadIPPluginJar : add dma
2026-01-21 10:11:45,122 [INFO] IPUIPlugin:80 - create IPUIPlugin
2026-01-21 10:11:45,123 [INFO] PluginManager:220 - loadIPPluginJar : add dma3
2026-01-21 10:11:45,127 [INFO] IPUIPlugin:80 - create IPUIPlugin
2026-01-21 10:11:45,127 [INFO] PluginManager:220 - loadIPPluginJar : add extmemmanager
2026-01-21 10:11:45,130 [INFO] IPUIPlugin:80 - create IPUIPlugin
2026-01-21 10:11:45,130 [INFO] PluginManager:220 - loadIPPluginJar : add fatfs
2026-01-21 10:11:45,138 [INFO] IPUIPlugin:80 - create IPUIPlugin
2026-01-21 10:11:45,138 [INFO] PluginManager:220 - loadIPPluginJar : add fmc
2026-01-21 10:11:45,149 [INFO] IPUIPlugin:80 - create IPUIPlugin
2026-01-21 10:11:45,149 [INFO] PluginManager:220 - loadIPPluginJar : add freertos
2026-01-21 10:11:45,152 [INFO] IPUIPlugin:80 - create IPUIPlugin
2026-01-21 10:11:45,152 [INFO] PluginManager:220 - loadIPPluginJar : add genericplugin
2026-01-21 10:11:45,155 [INFO] IPUIPlugin:80 - create IPUIPlugin
2026-01-21 10:11:45,155 [INFO] PluginManager:220 - loadIPPluginJar : add gfxmmu
2026-01-21 10:11:45,160 [INFO] IPUIPlugin:80 - create IPUIPlugin
2026-01-21 10:11:45,161 [INFO] PluginManager:220 - loadIPPluginJar : add gic
2026-01-21 10:11:45,167 [INFO] IPUIPlugin:80 - create IPUIPlugin
2026-01-21 10:11:45,167 [INFO] PluginManager:220 - loadIPPluginJar : add gpio
2026-01-21 10:11:45,171 [INFO] IPUIPlugin:80 - create IPUIPlugin
2026-01-21 10:11:45,172 [INFO] PluginManager:220 - loadIPPluginJar : add gtzc
2026-01-21 10:11:45,176 [INFO] IPUIPlugin:80 - create IPUIPlugin
2026-01-21 10:11:45,176 [INFO] PluginManager:220 - loadIPPluginJar : add hash
2026-01-21 10:11:45,180 [INFO] IPUIPlugin:80 - create IPUIPlugin
2026-01-21 10:11:45,180 [INFO] PluginManager:220 - loadIPPluginJar : add i2c
2026-01-21 10:11:45,184 [INFO] IPUIPlugin:80 - create IPUIPlugin
2026-01-21 10:11:45,184 [INFO] PluginManager:220 - loadIPPluginJar : add i2s
2026-01-21 10:11:45,189 [INFO] IPUIPlugin:80 - create IPUIPlugin
2026-01-21 10:11:45,189 [INFO] PluginManager:220 - loadIPPluginJar : add i3c
2026-01-21 10:11:45,194 [INFO] IPUIPlugin:80 - create IPUIPlugin
2026-01-21 10:11:45,194 [INFO] PluginManager:220 - loadIPPluginJar : add ipddr
2026-01-21 10:11:45,205 [INFO] IPUIPlugin:80 - create IPUIPlugin
2026-01-21 10:11:45,205 [INFO] PluginManager:220 - loadIPPluginJar : add linkedlist
2026-01-21 10:11:45,209 [INFO] IPUIPlugin:80 - create IPUIPlugin
2026-01-21 10:11:45,210 [INFO] PluginManager:220 - loadIPPluginJar : add lorawan
2026-01-21 10:11:45,212 [INFO] IPUIPlugin:80 - create IPUIPlugin
2026-01-21 10:11:45,212 [INFO] PluginManager:220 - loadIPPluginJar : add ltdc
2026-01-21 10:11:45,220 [INFO] IPUIPlugin:80 - create IPUIPlugin
2026-01-21 10:11:45,220 [INFO] PluginManager:220 - loadIPPluginJar : add mdma
2026-01-21 10:11:45,225 [INFO] IPUIPlugin:80 - create IPUIPlugin
2026-01-21 10:11:45,226 [INFO] PluginManager:220 - loadIPPluginJar : add nvic
2026-01-21 10:11:45,230 [INFO] IPUIPlugin:80 - create IPUIPlugin
2026-01-21 10:11:45,231 [INFO] PluginManager:220 - loadIPPluginJar : add opamp
2026-01-21 10:11:45,235 [INFO] IPUIPlugin:80 - create IPUIPlugin
2026-01-21 10:11:45,236 [INFO] PluginManager:220 - loadIPPluginJar : add openamp
2026-01-21 10:11:45,241 [INFO] IPUIPlugin:80 - create IPUIPlugin
2026-01-21 10:11:45,241 [INFO] PluginManager:220 - loadIPPluginJar : add pdm2pcm
2026-01-21 10:11:45,250 [INFO] IPUIPlugin:80 - create IPUIPlugin
2026-01-21 10:11:45,254 [INFO] PluginManager:220 - loadIPPluginJar : add plateformsettings
2026-01-21 10:11:45,256 [INFO] IPUIPlugin:80 - create IPUIPlugin
2026-01-21 10:11:45,256 [INFO] PluginManager:220 - loadIPPluginJar : add quadspi
2026-01-21 10:11:45,260 [INFO] IPUIPlugin:80 - create IPUIPlugin
2026-01-21 10:11:45,261 [INFO] PluginManager:220 - loadIPPluginJar : add radio
2026-01-21 10:11:45,269 [INFO] IPUIPlugin:80 - create IPUIPlugin
2026-01-21 10:11:45,269 [INFO] PluginManager:220 - loadIPPluginJar : add resmgrutility
2026-01-21 10:11:45,273 [INFO] IPUIPlugin:80 - create IPUIPlugin
2026-01-21 10:11:45,273 [INFO] PluginManager:220 - loadIPPluginJar : add sai
2026-01-21 10:11:45,277 [INFO] IPUIPlugin:80 - create IPUIPlugin
2026-01-21 10:11:45,277 [INFO] PluginManager:220 - loadIPPluginJar : add spi
2026-01-21 10:11:45,285 [INFO] IPUIPlugin:80 - create IPUIPlugin
2026-01-21 10:11:45,285 [INFO] PluginManager:220 - loadIPPluginJar : add stm32_wpan
2026-01-21 10:11:45,288 [INFO] IPUIPlugin:80 - create IPUIPlugin
2026-01-21 10:11:45,288 [INFO] PluginManager:220 - loadIPPluginJar : add tim
2026-01-21 10:11:45,292 [INFO] IPUIPlugin:80 - create IPUIPlugin
2026-01-21 10:11:45,293 [INFO] PluginManager:220 - loadIPPluginJar : add touchsensing
2026-01-21 10:11:45,296 [INFO] IPUIPlugin:80 - create IPUIPlugin
2026-01-21 10:11:45,296 [INFO] PluginManager:220 - loadIPPluginJar : add tracer_emb
2026-01-21 10:11:45,299 [INFO] IPUIPlugin:80 - create IPUIPlugin
2026-01-21 10:11:45,299 [INFO] PluginManager:220 - loadIPPluginJar : add ts
2026-01-21 10:11:45,301 [INFO] IPUIPlugin:80 - create IPUIPlugin
2026-01-21 10:11:45,301 [INFO] PluginManager:220 - loadIPPluginJar : add tsc
2026-01-21 10:11:45,304 [INFO] IPUIPlugin:80 - create IPUIPlugin
2026-01-21 10:11:45,304 [INFO] PluginManager:220 - loadIPPluginJar : add ucpd
2026-01-21 10:11:45,308 [INFO] IPUIPlugin:80 - create IPUIPlugin
2026-01-21 10:11:45,308 [INFO] PluginManager:220 - loadIPPluginJar : add usart
2026-01-21 10:11:45,312 [INFO] IPUIPlugin:80 - create IPUIPlugin
2026-01-21 10:11:45,312 [INFO] PluginManager:220 - loadIPPluginJar : add usbx
2026-01-21 10:11:45,473 [FATAL] Updater:351 - Updater called before beeing initialized
2026-01-21 10:11:45,541 [INFO] RulesReader:64 - Compatibility file has been processed (302 Rules)
2026-01-21 10:11:45,558 [INFO] RulesReader:64 - Compatibility file has been processed (302 Rules)
2026-01-21 10:11:45,569 [INFO] CADModel:165 - CPN selected for project level
2026-01-21 10:11:45,569 [INFO] CADModel:114 - Register for checkConnection events
2026-01-21 10:11:45,569 [FATAL] Updater:351 - Updater called before beeing initialized
2026-01-21 10:11:45,569 [ERROR] CADModel:125 - Updater not yet initialized, retry later 
2026-01-21 10:11:45,771 [FATAL] Updater:351 - Updater called before beeing initialized
2026-01-21 10:11:45,774 [INFO] CADModel:165 - CPN selected for project level
2026-01-21 10:11:45,774 [INFO] CADModel:114 - Register for checkConnection events
2026-01-21 10:11:45,774 [FATAL] Updater:351 - Updater called before beeing initialized
2026-01-21 10:11:45,774 [ERROR] CADModel:125 - Updater not yet initialized, retry later 
2026-01-21 10:11:45,779 [FATAL] Updater:351 - Updater called before beeing initialized
2026-01-21 10:11:45,961 [FATAL] Updater:351 - Updater called before beeing initialized
2026-01-21 10:11:45,967 [INFO] DbMcusAds:53 - JSON generation date=Thu Jan 08 20:56:32 PKT 2026 (1767887792457)
2026-01-21 10:11:45,967 [FATAL] Updater:351 - Updater called before beeing initialized
2026-01-21 10:11:46,029 [WARN] DetailPanel:346 - Failed to get advertising image, set to default
2026-01-21 10:11:46,400 [FATAL] Updater:351 - Updater called before beeing initialized
2026-01-21 10:11:46,407 [FATAL] Updater:351 - Updater called before beeing initialized
2026-01-21 10:11:46,407 [FATAL] Updater:351 - Updater called before beeing initialized
2026-01-21 10:11:46,407 [WARN] DetailPanel:346 - Failed to get advertising image, set to default
2026-01-21 10:11:46,408 [FATAL] Updater:351 - Updater called before beeing initialized
2026-01-21 10:11:46,528 [ERROR] Updater:1198 - MainUpdater not yet initialized. External WinMGr cannot be set.
2026-01-21 10:11:46,533 [INFO] Updater:1134 - Updater Version found : 6.14.1
2026-01-21 10:11:46,577 [INFO] ApplicationProperties:184 - Using Application install path: D:\Install\STM32CubeIDE_1.18.1\STM32CubeIDE\plugins\com.st.stm32cube.common.mx_6.14.1.202504091515
2026-01-21 10:11:47,405 [INFO] ThirdPartyUpdaterWithRetryManager:70 - Updater plugin not ready yet. [2/15]
2026-01-21 10:11:48,182 [ERROR] LogOutputStream:75 - [STDERR_REDIRECT] Jan 21, 2026 10:11:48 AM java.util.prefs.WindowsPreferences <init>
2026-01-21 10:11:48,192 [ERROR] LogOutputStream:75 - [STDERR_REDIRECT] WARNING: Could not open/create prefs root node Software\JavaSoft\Prefs at root 0xffffffff80000002. Windows RegCreateKeyEx(...) returned error code 5.
2026-01-21 10:11:48,192 [ERROR] LogOutputStream:75 - [STDERR_REDIRECT] 
2026-01-21 10:11:49,073 [INFO] MainUpdater:2872 - connection check result : 10
2026-01-21 10:11:49,075 [INFO] MainUpdater:289 - Updater Check For Update Now.
2026-01-21 10:11:49,076 [INFO] MicroXplorer:498 - Change Database Version : DB.6.0.141
2026-01-21 10:11:49,116 [INFO] McuFinderGlobals:63 - Set McuFinder mode to 2 (CubeIDE integrated)
2026-01-21 10:11:49,117 [INFO] UserAuth:484 - Internet connection configuration mode: 1
2026-01-21 10:11:49,177 [INFO] JxBrowserEngine:152 - Initiate JxBrowser Engine with user profile folder
2026-01-21 10:11:49,355 [INFO] CheckServerUpdateThread:120 - End of CheckServer Thread
2026-01-21 10:11:51,080 [WARN] PackLoader:240 - Cannot read IP mode file for STMicroelectronics.FP-SNS-MOTENVWB1.1.4.0
2026-01-21 10:11:51,157 [WARN] PackLoader:240 - Cannot read IP mode file for STMicroelectronics.FP-ATR-ASTRA1.2.0.2
2026-01-21 10:11:51,183 [WARN] PackLoader:240 - Cannot read IP mode file for STMicroelectronics.X-CUBE-SMBUS.2.1.0
2026-01-21 10:11:51,193 [WARN] PackLoader:240 - Cannot read IP mode file for STMicroelectronics.X-CUBE-ST60.1.0.0
2026-01-21 10:11:51,248 [WARN] PackLoader:240 - Cannot read IP mode file for STMicroelectronics.X-CUBE-AZRTOS-F7.1.1.0
2026-01-21 10:11:51,262 [WARN] PackLoader:240 - Cannot read IP mode file for Cesanta.I-CUBE-Mongoose.7.19.0
2026-01-21 10:11:51,268 [ERROR] Engine:466 - C:\Users\DELL\.stm32cubemx\thirdparties\pdsc\STMicroelectronics.FP-SNS-MOTENV1.5.1.0.pdsc: PDSC version is not supported
2026-01-21 10:11:51,281 [ERROR] Engine:466 - C:\Users\DELL\.stm32cubemx\thirdparties\pdsc\WES.I-CUBE-Cesium.1.4.0.pdsc: PDSC version is not supported
2026-01-21 10:11:51,378 [WARN] PackLoader:240 - Cannot read IP mode file for Infineon.AIROC-Wi-Fi-Bluetooth-STM32.1.7.1
2026-01-21 10:11:51,428 [WARN] PackLoader:240 - Cannot read IP mode file for STMicroelectronics.X-CUBE-AZRTOS-H7.3.4.0
2026-01-21 10:11:51,522 [WARN] PackLoader:240 - Cannot read IP mode file for STMicroelectronics.X-CUBE-DISPLAY.3.0.0
2026-01-21 10:11:51,549 [WARN] PackLoader:240 - Cannot read IP mode file for STMicroelectronics.X-CUBE-NFC10.1.0.0
2026-01-21 10:11:51,559 [WARN] PackLoader:240 - Cannot read IP mode file for STMicroelectronics.X-CUBE-ST60.1.1.0
2026-01-21 10:11:51,578 [WARN] PackLoader:240 - Cannot read IP mode file for emotas.I-CUBE-CANOPEN.1.3.0
2026-01-21 10:11:51,664 [WARN] PackLoader:240 - Cannot read IP mode file for STMicroelectronics.X-CUBE-GNSS1.7.1.0
2026-01-21 10:11:51,676 [ERROR] Engine:466 - C:\Users\DELL\.stm32cubemx\thirdparties\pdsc\STMicroelectronics.FP-SNS-STBOX1.2.1.0.pdsc: PDSC version is not supported
2026-01-21 10:11:51,683 [WARN] PackLoader:240 - Cannot read IP mode file for STMicroelectronics.FP-SNS-SMARTAG2.1.2.0
2026-01-21 10:11:51,691 [WARN] PackLoader:240 - Cannot read IP mode file for STMicroelectronics.FP-SNS-FLIGHT1.5.1.0
2026-01-21 10:11:51,761 [INFO] LogOutputStream:77 - [STDOUT_REDIRECT] 1 : Invalid condition id : UX_CORESTACK_Condition cause : null
2026-01-21 10:11:51,762 [INFO] LogOutputStream:77 - [STDOUT_REDIRECT] 1 : Invalid condition id : UX_CORESTACK_Condition cause : null
2026-01-21 10:11:51,812 [INFO] LogOutputStream:77 - [STDOUT_REDIRECT] 1 : Invalid condition id : UX_CORESTACK_Condition cause : null
2026-01-21 10:11:51,850 [INFO] LogOutputStream:77 - [STDOUT_REDIRECT] 1 : Invalid condition id : UX_CORESTACK_Condition cause : null
2026-01-21 10:11:51,852 [INFO] LogOutputStream:77 - [STDOUT_REDIRECT] 1 : Invalid condition id : UX_CORESTACK_Condition cause : null
2026-01-21 10:11:51,858 [WARN] PackLoader:240 - Cannot read IP mode file for STMicroelectronics.X-CUBE-AZRTOS-WL.2.0.0
2026-01-21 10:11:51,867 [INFO] WebApp:169 - Instantiating new browser for Auth
2026-01-21 10:11:51,867 [WARN] PackLoader:240 - Cannot read IP mode file for STMicroelectronics.FP-SNS-MOTENV1.5.0.0
2026-01-21 10:11:51,910 [WARN] PackLoader:240 - Cannot read IP mode file for STMicroelectronics.X-CUBE-AZRTOS-H7RS.1.2.0
2026-01-21 10:11:51,924 [WARN] PackLoader:240 - Cannot read IP mode file for STMicroelectronics.X-CUBE-BLE2.3.3.0
2026-01-21 10:11:51,985 [WARN] PackLoader:240 - Cannot read IP mode file for STMicroelectronics.X-CUBE-NFC9.1.0.0
2026-01-21 10:11:51,996 [WARN] PackLoader:240 - Cannot read IP mode file for wolfSSL.I-CUBE-wolfSSL.5.8.2
2026-01-21 10:11:52,003 [WARN] PackLoader:240 - Cannot read IP mode file for STMicroelectronics.X-CUBE-BLE1.7.1.0
2026-01-21 10:11:52,009 [WARN] PackLoader:240 - Cannot read IP mode file for wolfSSL.I-CUBE-wolfMQTT.1.19.2
2026-01-21 10:11:52,012 [ERROR] Engine:466 - C:\Users\DELL\.stm32cubemx\thirdparties\pdsc\STMicroelectronics.X-CUBE-FREERTOS.1.4.0.pdsc: PDSC version is not supported
2026-01-21 10:11:52,020 [WARN] PackLoader:240 - Cannot read IP mode file for STMicroelectronics.X-CUBE-EEPRMA1.5.2.0
2026-01-21 10:11:52,026 [ERROR] Engine:466 - C:\Users\DELL\.stm32cubemx\thirdparties\pdsc\STMicroelectronics.X-CUBE-ST67W61.1.1.0.pdsc: PDSC version is not supported
2026-01-21 10:11:52,147 [WARN] PackLoader:240 - Cannot read IP mode file for STMicroelectronics.X-CUBE-MEMS1.12.0.0
2026-01-21 10:11:52,343 [WARN] PackLoader:240 - Cannot read IP mode file for STMicroelectronics.X-CUBE-AZRTOS-G0.1.1.0
2026-01-21 10:11:52,384 [WARN] PackLoader:240 - Cannot read IP mode file for STMicroelectronics.X-CUBE-SAFEA1.1.2.2
2026-01-21 10:11:52,393 [WARN] PackLoader:240 - Cannot read IP mode file for STMicroelectronics.X-CUBE-NFC4.3.0.0
2026-01-21 10:11:52,407 [WARN] PackLoader:240 - Cannot read IP mode file for EmbeddedOffice.I-CUBE-FS-RTOS.1.0.1
2026-01-21 10:11:52,418 [WARN] PackLoader:240 - Cannot read IP mode file for STMicroelectronics.X-CUBE-WB05N.2.0.0
2026-01-21 10:11:52,429 [WARN] PackLoader:240 - Cannot read IP mode file for wolfSSL.I-CUBE-wolfTPM.3.8.0
2026-01-21 10:11:52,439 [WARN] PackLoader:240 - Cannot read IP mode file for STMicroelectronics.X-CUBE-TCPP.4.2.0
2026-01-21 10:11:52,448 [WARN] PackLoader:240 - Cannot read IP mode file for RealThread.X-CUBE-RT-Thread_Nano.4.1.1
2026-01-21 10:11:52,455 [WARN] PackLoader:240 - Cannot read IP mode file for STMicroelectronics.FP-ATR-SIGFOX1.3.2.0
2026-01-21 10:11:52,464 [WARN] PackLoader:240 - Cannot read IP mode file for ITTIA_DB.I-CUBE-ITTIADB.8.9.0
2026-01-21 10:11:52,475 [WARN] PackLoader:240 - Cannot read IP mode file for STMicroelectronics.X-CUBE-ST67W61.1.0.0
2026-01-21 10:11:52,483 [WARN] PackLoader:240 - Cannot read IP mode file for STMicroelectronics.X-CUBE-AI.10.2.0
2026-01-21 10:11:52,532 [WARN] PackLoader:240 - Cannot read IP mode file for SEGGER.I-CUBE-embOS.1.3.1
2026-01-21 10:11:52,692 [WARN] PackLoader:240 - Cannot read IP mode file for STMicroelectronics.X-CUBE-ALGOBUILD.1.4.0
2026-01-21 10:11:52,756 [WARN] PackLoader:240 - Cannot read IP mode file for STMicroelectronics.X-CUBE-MEMS1.11.3.0
2026-01-21 10:11:52,962 [WARN] PackLoader:240 - Cannot read IP mode file for STMicroelectronics.X-CUBE-PM33A1.1.0.0
2026-01-21 10:11:52,986 [WARN] PackLoader:240 - Cannot read IP mode file for STMicroelectronics.X-CUBE-AZRTOS-F4.1.1.0
2026-01-21 10:11:52,995 [WARN] PackLoader:240 - Cannot read IP mode file for Avnet-IotConnect.X-CUBE-IoTC-DA16k-PMOD.1.0.0
2026-01-21 10:11:53,001 [WARN] PackLoader:240 - Cannot read IP mode file for STMicroelectronics.X-CUBE-ISPU.2.1.0
2026-01-21 10:11:53,008 [ERROR] Engine:466 - C:\Users\DELL\.stm32cubemx\thirdparties\pdsc\STMicroelectronics.X-CUBE-IPS.3.2.0.pdsc: PDSC version is not supported
2026-01-21 10:11:53,018 [WARN] PackLoader:240 - Cannot read IP mode file for STMicroelectronics.X-CUBE-NFC12.1.0.0
2026-01-21 10:11:53,093 [WARN] PackLoader:240 - Cannot read IP mode file for STMicroelectronics.X-CUBE-AZRTOS-L5.2.0.0
2026-01-21 10:11:53,110 [WARN] PackLoader:240 - Cannot read IP mode file for STMicroelectronics.X-CUBE-NFC6.3.1.0
2026-01-21 10:11:53,121 [WARN] PackLoader:240 - Cannot read IP mode file for STMicroelectronics.X-CUBE-FREERTOS.1.3.1
2026-01-21 10:11:53,129 [WARN] PackLoader:240 - Cannot read IP mode file for STMicroelectronics.X-CUBE-TOUCHGFX.4.26.0
2026-01-21 10:11:53,145 [WARN] PackLoader:240 - Cannot read IP mode file for STMicroelectronics.FP-SNS-STAIOTCFT.1.0.0
2026-01-21 10:11:53,154 [WARN] PackLoader:240 - Cannot read IP mode file for STMicroelectronics.X-CUBE-DPower.1.3.0
2026-01-21 10:11:53,179 [WARN] ConditionMgr:438 - getConditionDescription Invalid condition id : LAN8742 Phy interface Condition cause : null
2026-01-21 10:11:53,180 [WARN] PackLoader:240 - Cannot read IP mode file for STMicroelectronics.X-CUBE-AZRTOS-L4.2.0.0
2026-01-21 10:11:53,182 [WARN] ConditionMgr:1044 - genDependencies : Invalid condition id : LAN8742 Phy interface Condition cause : null
2026-01-21 10:11:53,182 [WARN] ConditionMgr:1044 - genDependencies : Invalid condition id : LAN8742 Phy interface Condition cause : null
2026-01-21 10:11:53,183 [WARN] ConditionMgr:1044 - genDependencies : Invalid condition id : LAN8742 Phy interface Condition cause : null
2026-01-21 10:11:53,223 [WARN] PackLoader:240 - Cannot read IP mode file for STMicroelectronics.X-CUBE-SFXS2LP1.4.0.0
2026-01-21 10:11:53,229 [ERROR] Engine:466 - C:\Users\DELL\.stm32cubemx\thirdparties\pdsc\STMicroelectronics.X-CUBE-ST67W61.1.2.0.pdsc: PDSC version is not supported
2026-01-21 10:11:53,246 [WARN] PackLoader:240 - Cannot read IP mode file for STMicroelectronics.X-CUBE-BLEMGR.4.1.0
2026-01-21 10:11:53,269 [WARN] ConditionMgr:438 - getConditionDescription Invalid condition id : UX DEVICE CLASS RTOS Condition cause : null
2026-01-21 10:11:53,270 [WARN] ConditionMgr:438 - getConditionDescription Invalid condition id : UX DEVICE CLASS RTOS Condition cause : null
2026-01-21 10:11:53,273 [WARN] PackLoader:240 - Cannot read IP mode file for STMicroelectronics.X-CUBE-AZRTOS-WB.2.0.0
2026-01-21 10:11:53,274 [WARN] ConditionMgr:1044 - genDependencies : Invalid condition id : UX DEVICE CLASS RTOS Condition cause : null
2026-01-21 10:11:53,274 [WARN] ConditionMgr:1044 - genDependencies : Invalid condition id : UX DEVICE CLASS RTOS Condition cause : null
2026-01-21 10:11:53,274 [WARN] ConditionMgr:1044 - genDependencies : Invalid condition id : UX DEVICE CLASS RTOS Condition cause : null
2026-01-21 10:11:53,275 [WARN] ConditionMgr:1044 - genDependencies : Invalid condition id : UX DEVICE CLASS RTOS Condition cause : null
2026-01-21 10:11:53,275 [WARN] ConditionMgr:1044 - genDependencies : Invalid condition id : UX DEVICE CLASS RTOS Condition cause : null
2026-01-21 10:11:53,284 [WARN] PackLoader:240 - Cannot read IP mode file for STMicroelectronics.X-CUBE-GNSS1.7.0.1
2026-01-21 10:11:53,289 [WARN] PackLoader:240 - Cannot read IP mode file for STMicroelectronics.X-CUBE-TOUCHGFX.4.25.0
2026-01-21 10:11:53,297 [WARN] ConditionMgr:438 - getConditionDescription Invalid condition id : Cortex-A Device cause : null
2026-01-21 10:11:53,316 [WARN] ConditionMgr:1044 - genDependencies : Invalid condition id : Cortex-A Device cause : null
2026-01-21 10:11:53,316 [WARN] ConditionMgr:1044 - genDependencies : Invalid condition id : Cortex-A Device cause : null
2026-01-21 10:11:53,316 [WARN] ConditionMgr:1044 - genDependencies : Invalid condition id : Cortex-A Device cause : null
2026-01-21 10:11:53,351 [WARN] PackLoader:240 - Cannot read IP mode file for STMicroelectronics.X-CUBE-SUBG2.5.0.0
2026-01-21 10:11:53,427 [WARN] PackLoader:240 - Cannot read IP mode file for STMicroelectronics.X-CUBE-AZRTOS-H7RS.1.1.0
2026-01-21 10:11:53,454 [WARN] PackLoader:240 - Cannot read IP mode file for STMicroelectronics.X-CUBE-AZRTOS-G4.2.0.0
2026-01-21 10:11:53,463 [WARN] PackLoader:240 - Cannot read IP mode file for wolfSSL.I-CUBE-wolfSSH.1.4.20
2026-01-21 10:11:53,469 [WARN] PackLoader:240 - Cannot read IP mode file for STMicroelectronics.X-CUBE-NFC7.2.0.0
2026-01-21 10:11:53,488 [WARN] PackLoader:240 - Cannot read IP mode file for STMicroelectronics.X-CUBE-IPS.3.1.0
2026-01-21 10:11:53,506 [WARN] PackLoader:240 - Cannot read IP mode file for STMicroelectronics.X-CUBE-ALS.1.0.2
2026-01-21 10:11:53,515 [WARN] PackLoader:240 - Cannot read IP mode file for STMicroelectronics.X-CUBE-STSE01.1.0.0
2026-01-21 10:11:53,530 [WARN] PackLoader:240 - Cannot read IP mode file for STMicroelectronics.X-CUBE-TOF1.3.4.3
2026-01-21 10:11:53,543 [INFO] ThirdParty:978 - Integrity check success = true
2026-01-21 10:11:53,543 [INFO] IntegrityCheckThread:100 - exiting critical section [integrity check]
2026-01-21 10:11:53,543 [INFO] IntegrityCheckThread:103 - End integrity checks thread
2026-01-21 10:11:54,483 [INFO] WebApp:463 - Apply proxy settings
2026-01-21 10:11:54,483 [INFO] WebApp:548 - Chromium requires no authentication
2026-01-21 10:11:54,498 [INFO] WebApp:491 - Direct internet connection detected
2026-01-21 10:11:54,544 [INFO] WebApp:894 - Register for checkConnection events
2026-01-21 10:11:54,545 [INFO] WebApp:463 - Apply proxy settings
2026-01-21 10:11:54,545 [INFO] WebApp:548 - Chromium requires no authentication
2026-01-21 10:11:54,545 [INFO] WebApp:491 - Direct internet connection detected
2026-01-21 10:11:54,904 [INFO] WebApp:225 - Starting web application
2026-01-21 10:11:54,904 [INFO] WebApp:593 - Web application path used D:\Install\STM32CubeIDE_1.18.1\STM32CubeIDE\plugins\com.st.stm32cube.common.mx_6.14.1.202504091515\db\plugins\mcufinder\reactClient1\index.html
2026-01-21 10:11:55,155 [INFO] WebApp:191 - Connection restablished
2026-01-21 10:11:55,411 [INFO] UserAuth:484 - Internet connection configuration mode: 1
2026-01-21 10:22:53,930 [INFO] WebApp:194 - Connection lost
2026-01-21 10:22:54,435 [INFO] WebApp:191 - Connection restablished
2026-01-21 10:23:04,372 [INFO] WebApp:194 - Connection lost
2026-01-21 10:23:04,635 [INFO] WebApp:191 - Connection restablished
2026-01-21 11:02:04,996 [INFO] WebApp:194 - Connection lost
2026-01-21 11:02:05,450 [INFO] WebApp:191 - Connection restablished
2026-01-21 11:38:00,927 [INFO] WebApp:194 - Connection lost
2026-01-21 11:38:01,450 [INFO] WebApp:191 - Connection restablished
2026-01-21 11:45:33,433 [INFO] WebApp:194 - Connection lost
2026-01-21 11:45:33,879 [INFO] WebApp:191 - Connection restablished
2026-01-21 12:06:20,927 [INFO] WebApp:194 - Connection lost
2026-01-21 12:06:21,373 [INFO] WebApp:191 - Connection restablished
2026-01-21 12:06:36,936 [INFO] WebApp:194 - Connection lost
2026-01-21 12:06:37,295 [INFO] WebApp:191 - Connection restablished
2026-01-21 12:18:16,946 [INFO] WebApp:194 - Connection lost
2026-01-21 12:18:18,052 [INFO] WebApp:191 - Connection restablished
2026-01-21 12:20:58,927 [INFO] WebApp:194 - Connection lost
2026-01-21 12:20:59,944 [INFO] WebApp:191 - Connection restablished
2026-01-21 13:03:32,483 [INFO] WebApp:194 - Connection lost
2026-01-21 13:03:32,809 [INFO] WebApp:191 - Connection restablished
2026-01-21 13:34:10,950 [INFO] WebApp:194 - Connection lost
2026-01-21 13:34:11,480 [INFO] WebApp:191 - Connection restablished
2026-01-21 13:38:00,919 [INFO] WebApp:194 - Connection lost
2026-01-21 13:38:01,367 [INFO] WebApp:191 - Connection restablished
2026-01-21 13:38:21,461 [INFO] WebApp:194 - Connection lost
2026-01-21 13:38:22,734 [INFO] WebApp:191 - Connection restablished
2026-01-21 13:38:32,448 [INFO] WebApp:194 - Connection lost
2026-01-21 13:38:32,738 [INFO] WebApp:191 - Connection restablished
2026-01-21 13:38:36,962 [INFO] WebApp:194 - Connection lost
2026-01-21 13:38:37,278 [INFO] WebApp:191 - Connection restablished
2026-01-21 13:39:31,402 [INFO] WebApp:194 - Connection lost
2026-01-21 13:39:31,927 [INFO] WebApp:191 - Connection restablished
2026-01-21 13:40:29,955 [INFO] WebApp:194 - Connection lost
2026-01-21 13:40:30,397 [INFO] WebApp:191 - Connection restablished
2026-01-21 13:40:59,470 [INFO] WebApp:194 - Connection lost
2026-01-21 13:40:59,947 [INFO] WebApp:191 - Connection restablished
2026-01-21 18:16:19,052 [INFO] WebApp:194 - Connection lost
2026-01-21 18:16:19,381 [INFO] WebApp:191 - Connection restablished
2026-01-21 18:16:37,894 [INFO] WebApp:194 - Connection lost
2026-01-21 18:16:38,206 [INFO] WebApp:191 - Connection restablished
2026-01-21 20:36:58,070 [INFO] WebApp:194 - Connection lost
2026-01-21 20:36:58,440 [INFO] WebApp:191 - Connection restablished
2026-01-21 21:23:11,521 [ERROR] ConfigurationRetriever:142 - IOException on connection: Connect timed out
2026-01-21 21:23:14,050 [ERROR] ConfigurationRetriever:142 - IOException on connection: Read timed out
2026-01-21 21:24:07,033 [ERROR] ConfigurationRetriever:142 - IOException on connection: Connect timed out
2026-01-21 21:27:10,880 [ERROR] ConfigurationRetriever:142 - IOException on connection: Connect timed out
2026-01-21 21:29:23,486 [ERROR] ConfigurationRetriever:142 - IOException on connection: Connect timed out
2026-01-21 21:29:51,203 [ERROR] ConfigurationRetriever:142 - IOException on connection: Connect timed out
2026-01-21 21:30:42,572 [ERROR] ConfigurationRetriever:142 - IOException on connection: Read timed out
2026-01-21 21:48:27,201 [ERROR] ConfigurationRetriever:142 - IOException on connection: Read timed out
2026-01-21 21:54:08,908 [ERROR] LogOutputStream:75 - [STDERR_REDIRECT] 
2026-01-21 21:54:08,909 [ERROR] LogOutputStream:75 - [STDERR_REDIRECT] 
