2025-10-23 06:29:46,956 [INFO] Activator:176 - 


2025-10-23 06:29:46,963 [INFO] Activator:177 - !SESSION log4j initialized
2025-10-23 06:29:56,844 [INFO] LogOutputStream:77 - [STDOUT_REDIRECT] 
2025-10-23 06:30:01,474 [INFO] ApplicationProperties:184 - Using Application install path: D:\Install\STM32CubeIDE_1.18.1\STM32CubeIDE\plugins\com.st.stm32cube.common.mx_6.14.1.202504091515
2025-10-23 06:30:01,511 [INFO] DbMcusXml:78 - Set database path to: D:\Install\STM32CubeIDE_1.18.1\STM32CubeIDE\plugins\com.st.stm32cube.common.mx_6.14.1.202504091515\\db\/mcu/
2025-10-23 06:30:01,512 [INFO] ApiDb:274 - Set plugin database path to: D:\Install\STM32CubeIDE_1.18.1\STM32CubeIDE\plugins\com.st.stm32cube.common.mx_6.14.1.202504091515\\db\/plugins/boardmanager/
2025-10-23 06:30:01,513 [WARN] ApiDb:259 - Overriding images path with different value:  => D:\Install\STM32CubeIDE_1.18.1\STM32CubeIDE\plugins\com.st.stm32cube.common.mx_6.14.1.202504091515\\db\/plugins/mcufinder/images/
2025-10-23 06:30:01,528 [INFO] ApiDb:250 - Set database path to: C:\Users\DELL\.stmcufinder\plugins\mcufinder//mcu/
2025-10-23 06:30:01,530 [INFO] DbMcusAds:125 - Set database path to: C:\Users\DELL\.stmcufinder\plugins\mcufinder//mcu/
2025-10-23 06:30:01,534 [INFO] CrossReferenceDbSqlite:203 - Set database path to: C:\Users\DELL\.stmcufinder\plugins\mcufinder//mcu/cs/
2025-10-23 06:30:01,800 [INFO] RulesReader:64 - Compatibility file has been processed (302 Rules)
2025-10-23 06:30:01,978 [INFO] DbMcusXml:78 - Set database path to: D:\Install\STM32CubeIDE_1.18.1\STM32CubeIDE\plugins\com.st.stm32cube.common.mx_6.14.1.202504091515\\db\/mcu/
2025-10-23 06:30:01,978 [INFO] ApiDb:274 - Set plugin database path to: D:\Install\STM32CubeIDE_1.18.1\STM32CubeIDE\plugins\com.st.stm32cube.common.mx_6.14.1.202504091515\\db\/plugins/boardmanager/
2025-10-23 06:30:01,979 [INFO] ApiDb:261 - Set plugin images path to: D:\Install\STM32CubeIDE_1.18.1\STM32CubeIDE\plugins\com.st.stm32cube.common.mx_6.14.1.202504091515\\db\/plugins/mcufinder/images/
2025-10-23 06:30:01,979 [WARN] DbFile:41 - Overriding database path with different value: C:\Users\DELL\.stmcufinder\plugins\mcufinder/ => C:\Users\DELL\.stmcufinder\plugins\mcufinder
2025-10-23 06:30:01,979 [INFO] ApiDb:250 - Set database path to: C:\Users\DELL\.stmcufinder\plugins\mcufinder//mcu/
2025-10-23 06:30:01,979 [WARN] DbFile:41 - Overriding database path with different value: C:\Users\DELL\.stmcufinder\plugins\mcufinder/ => C:\Users\DELL\.stmcufinder\plugins\mcufinder
2025-10-23 06:30:01,979 [INFO] DbMcusAds:125 - Set database path to: C:\Users\DELL\.stmcufinder\plugins\mcufinder//mcu/
2025-10-23 06:30:01,979 [WARN] DbFile:41 - Overriding database path with different value: C:\Users\DELL\.stmcufinder\plugins\mcufinder/ => C:\Users\DELL\.stmcufinder\plugins\mcufinder
2025-10-23 06:30:01,979 [WARN] DbFile:41 - Overriding database path with different value: C:\Users\DELL\.stmcufinder\plugins\mcufinder/ => C:\Users\DELL\.stmcufinder\plugins\mcufinder
2025-10-23 06:30:01,980 [INFO] CrossReferenceDbSqlite:203 - Set database path to: C:\Users\DELL\.stmcufinder\plugins\mcufinder//mcu/cs/
2025-10-23 06:30:02,153 [INFO] MainPanel:272 - HeapMemory: 268435456
2025-10-23 06:30:02,446 [INFO] DbMcusXml:78 - Set database path to: D:\Install\STM32CubeIDE_1.18.1\STM32CubeIDE\plugins\com.st.stm32cube.common.mx_6.14.1.202504091515\\db\/mcu/
2025-10-23 06:30:02,447 [INFO] ApiDb:274 - Set plugin database path to: D:\Install\STM32CubeIDE_1.18.1\STM32CubeIDE\plugins\com.st.stm32cube.common.mx_6.14.1.202504091515\\db\/plugins/boardmanager/
2025-10-23 06:30:02,447 [INFO] ApiDb:261 - Set plugin images path to: D:\Install\STM32CubeIDE_1.18.1\STM32CubeIDE\plugins\com.st.stm32cube.common.mx_6.14.1.202504091515\\db\/plugins/mcufinder/images/
2025-10-23 06:30:02,448 [WARN] DbFile:41 - Overriding database path with different value: C:\Users\DELL\.stmcufinder\plugins\mcufinder/ => C:\Users\DELL\.stmcufinder\plugins\mcufinder
2025-10-23 06:30:02,448 [INFO] ApiDb:250 - Set database path to: C:\Users\DELL\.stmcufinder\plugins\mcufinder//mcu/
2025-10-23 06:30:02,448 [WARN] DbFile:41 - Overriding database path with different value: C:\Users\DELL\.stmcufinder\plugins\mcufinder/ => C:\Users\DELL\.stmcufinder\plugins\mcufinder
2025-10-23 06:30:02,448 [INFO] DbMcusAds:125 - Set database path to: C:\Users\DELL\.stmcufinder\plugins\mcufinder//mcu/
2025-10-23 06:30:02,448 [WARN] DbFile:41 - Overriding database path with different value: C:\Users\DELL\.stmcufinder\plugins\mcufinder/ => C:\Users\DELL\.stmcufinder\plugins\mcufinder
2025-10-23 06:30:02,449 [WARN] DbFile:41 - Overriding database path with different value: C:\Users\DELL\.stmcufinder\plugins\mcufinder/ => C:\Users\DELL\.stmcufinder\plugins\mcufinder
2025-10-23 06:30:02,449 [INFO] CrossReferenceDbSqlite:203 - Set database path to: C:\Users\DELL\.stmcufinder\plugins\mcufinder//mcu/cs/
2025-10-23 06:30:02,492 [INFO] ApplicationProperties:184 - Using Application install path: D:\Install\STM32CubeIDE_1.18.1\STM32CubeIDE\plugins\com.st.stm32cube.common.mx_6.14.1.202504091515
2025-10-23 06:30:02,495 [INFO] PluginManage:196 - Search for loadable plugins [exclusion list=, ]
2025-10-23 06:30:02,499 [INFO] PluginManage:310 - Check plugin analytics
2025-10-23 06:30:03,173 [INFO] AnalyticsPlugin:253 - Accepted Software Licenses: STM32CubeMX.6.14.1
2025-10-23 06:30:03,174 [INFO] AnalyticsPlugin:255 - Accepted CMSIS Pack Licenses: 
2025-10-23 06:30:03,174 [INFO] AnalyticsPlugin:257 - Accepted Firmware Licenses: FW.WL.1.3.0,FW.L4.1.18.0
2025-10-23 06:30:03,184 [INFO] PluginManage:359 - Loaded plugin analytics (category:tool,tabindex:-1)
2025-10-23 06:30:03,184 [INFO] PluginManage:310 - Check plugin cadmodel
2025-10-23 06:30:03,198 [INFO] CADModel:105 - Init CAD model plugin
2025-10-23 06:30:03,199 [INFO] PluginManage:359 - Loaded plugin cadmodel (category:power,tabindex:5)
2025-10-23 06:30:03,199 [INFO] PluginManage:310 - Check plugin clock
2025-10-23 06:30:03,222 [INFO] PluginManage:359 - Loaded plugin clock (category:base,tabindex:2)
2025-10-23 06:30:03,222 [INFO] PluginManage:310 - Check plugin ddr
2025-10-23 06:30:03,229 [INFO] PluginManage:359 - Loaded plugin ddr (category:tool,tabindex:6)
2025-10-23 06:30:03,229 [INFO] PluginManage:310 - Check plugin filemanager
2025-10-23 06:30:03,728 [INFO] PluginManage:359 - Loaded plugin filemanager (category:base,tabindex:10)
2025-10-23 06:30:03,729 [INFO] PluginManage:310 - Check plugin ipmanager
2025-10-23 06:30:03,754 [INFO] PluginManage:359 - Loaded plugin ipmanager (category:base,tabindex:5)
2025-10-23 06:30:03,755 [INFO] PluginManage:310 - Check plugin lpbam
2025-10-23 06:30:03,784 [INFO] PluginManage:359 - Loaded plugin lpbam (category:base,tabindex:0)
2025-10-23 06:30:03,784 [INFO] PluginManage:310 - Check plugin memorymap
2025-10-23 06:30:03,832 [INFO] PluginManage:359 - Loaded plugin memorymap (category:base,tabindex:4)
2025-10-23 06:30:03,833 [INFO] PluginManage:310 - Check plugin pinoutandconfiguration
2025-10-23 06:30:03,868 [INFO] PluginManage:359 - Loaded plugin pinoutandconfiguration (category:base,tabindex:1)
2025-10-23 06:30:03,869 [INFO] PluginManage:310 - Check plugin pinoutconfig
2025-10-23 06:30:04,203 [WARN] SupportedApi:132 - Cannot load RTOS API schema: s4s-elt-must-match.1: The content of 'definitions' must match (annotation?, (simpleType | complexType)?, (unique | key | keyref)*)). A problem was found starting at: attribute.
2025-10-23 06:30:04,587 [INFO] PluginManage:359 - Loaded plugin pinoutconfig (category:base,tabindex:0)
2025-10-23 06:30:04,587 [INFO] PluginManage:310 - Check plugin power
2025-10-23 06:30:04,610 [INFO] PluginManage:359 - Loaded plugin power (category:power,tabindex:4)
2025-10-23 06:30:04,610 [INFO] PluginManage:310 - Check plugin projectmanager
2025-10-23 06:30:04,645 [INFO] PluginManage:359 - Loaded plugin projectmanager (category:projectmanager,tabindex:4)
2025-10-23 06:30:04,645 [INFO] PluginManage:310 - Check plugin rif
2025-10-23 06:30:04,665 [INFO] PluginManage:359 - Loaded plugin rif (category:base,tabindex:3)
2025-10-23 06:30:04,666 [INFO] PluginManage:310 - Check plugin thirdparty
2025-10-23 06:30:05,003 [INFO] PluginManage:359 - Loaded plugin thirdparty (category:base,tabindex:-1)
2025-10-23 06:30:05,005 [INFO] PluginManage:310 - Check plugin tools
2025-10-23 06:30:05,010 [INFO] PluginManage:359 - Loaded plugin tools (category:base,tabindex:7)
2025-10-23 06:30:05,010 [INFO] PluginManage:310 - Check plugin tutovideos
2025-10-23 06:30:05,032 [WARN] IntegrityCheckThread:84 - waiting for thirdparty lock release [integrity check]
2025-10-23 06:30:05,033 [INFO] IntegrityCheckThread:86 - entering critical section [integrity check]
2025-10-23 06:30:05,038 [INFO] ThirdPartyUpdaterWithRetryManager:70 - Updater plugin not ready yet. [1/15]
2025-10-23 06:30:05,494 [INFO] PluginManage:359 - Loaded plugin tutovideos (category:base,tabindex:-1)
2025-10-23 06:30:05,494 [INFO] PluginManage:310 - Check plugin updater
2025-10-23 06:30:05,573 [INFO] PluginManage:359 - Loaded plugin updater (category:base,tabindex:12)
2025-10-23 06:30:05,573 [INFO] PluginManage:310 - Check plugin userauth
2025-10-23 06:30:05,581 [INFO] UserAuth:118 - Init User Auth plugin
2025-10-23 06:30:05,585 [INFO] PluginManage:359 - Loaded plugin userauth (category:base,tabindex:14)
2025-10-23 06:30:05,585 [INFO] PluginManage:283 - PluginManage : Loaded plugins [18]
2025-10-23 06:30:06,209 [INFO] PinOutPanel:1589 - setPackage(No Configuration,No Configuration)
2025-10-23 06:30:06,393 [INFO] CADModel:165 - CPN selected for project level
2025-10-23 06:30:06,394 [INFO] CADModel:114 - Register for checkConnection events
2025-10-23 06:30:06,429 [INFO] IPUIPlugin:80 - create IPUIPlugin
2025-10-23 06:30:06,430 [INFO] PluginManager:220 - loadIPPluginJar : add adc
2025-10-23 06:30:06,437 [INFO] IPUIPlugin:80 - create IPUIPlugin
2025-10-23 06:30:06,438 [INFO] PluginManager:220 - loadIPPluginJar : add aes
2025-10-23 06:30:06,445 [INFO] IPUIPlugin:80 - create IPUIPlugin
2025-10-23 06:30:06,445 [INFO] PluginManager:220 - loadIPPluginJar : add can
2025-10-23 06:30:06,448 [INFO] IPUIPlugin:80 - create IPUIPlugin
2025-10-23 06:30:06,449 [INFO] PluginManager:220 - loadIPPluginJar : add comp
2025-10-23 06:30:06,454 [INFO] IPUIPlugin:80 - create IPUIPlugin
2025-10-23 06:30:06,456 [INFO] PluginManager:220 - loadIPPluginJar : add cryp
2025-10-23 06:30:06,463 [INFO] IPUIPlugin:80 - create IPUIPlugin
2025-10-23 06:30:06,463 [INFO] PluginManager:220 - loadIPPluginJar : add ddr_ctrl_phy
2025-10-23 06:30:06,468 [INFO] IPUIPlugin:80 - create IPUIPlugin
2025-10-23 06:30:06,468 [INFO] PluginManager:220 - loadIPPluginJar : add dfsdm
2025-10-23 06:30:06,478 [INFO] IPUIPlugin:80 - create IPUIPlugin
2025-10-23 06:30:06,479 [INFO] PluginManager:220 - loadIPPluginJar : add dma
2025-10-23 06:30:06,490 [INFO] IPUIPlugin:80 - create IPUIPlugin
2025-10-23 06:30:06,490 [INFO] PluginManager:220 - loadIPPluginJar : add dma3
2025-10-23 06:30:06,496 [INFO] IPUIPlugin:80 - create IPUIPlugin
2025-10-23 06:30:06,496 [INFO] PluginManager:220 - loadIPPluginJar : add extmemmanager
2025-10-23 06:30:06,502 [INFO] IPUIPlugin:80 - create IPUIPlugin
2025-10-23 06:30:06,502 [INFO] PluginManager:220 - loadIPPluginJar : add fatfs
2025-10-23 06:30:06,510 [INFO] IPUIPlugin:80 - create IPUIPlugin
2025-10-23 06:30:06,516 [INFO] PluginManager:220 - loadIPPluginJar : add fmc
2025-10-23 06:30:06,533 [INFO] IPUIPlugin:80 - create IPUIPlugin
2025-10-23 06:30:06,533 [INFO] PluginManager:220 - loadIPPluginJar : add freertos
2025-10-23 06:30:06,537 [INFO] IPUIPlugin:80 - create IPUIPlugin
2025-10-23 06:30:06,537 [INFO] PluginManager:220 - loadIPPluginJar : add genericplugin
2025-10-23 06:30:06,542 [INFO] IPUIPlugin:80 - create IPUIPlugin
2025-10-23 06:30:06,543 [INFO] PluginManager:220 - loadIPPluginJar : add gfxmmu
2025-10-23 06:30:06,551 [INFO] IPUIPlugin:80 - create IPUIPlugin
2025-10-23 06:30:06,551 [INFO] PluginManager:220 - loadIPPluginJar : add gic
2025-10-23 06:30:06,575 [INFO] IPUIPlugin:80 - create IPUIPlugin
2025-10-23 06:30:06,575 [INFO] PluginManager:220 - loadIPPluginJar : add gpio
2025-10-23 06:30:06,598 [INFO] IPUIPlugin:80 - create IPUIPlugin
2025-10-23 06:30:06,600 [INFO] PluginManager:220 - loadIPPluginJar : add gtzc
2025-10-23 06:30:06,616 [INFO] IPUIPlugin:80 - create IPUIPlugin
2025-10-23 06:30:06,616 [INFO] PluginManager:220 - loadIPPluginJar : add hash
2025-10-23 06:30:06,652 [INFO] IPUIPlugin:80 - create IPUIPlugin
2025-10-23 06:30:06,654 [INFO] PluginManager:220 - loadIPPluginJar : add i2c
2025-10-23 06:30:06,673 [INFO] IPUIPlugin:80 - create IPUIPlugin
2025-10-23 06:30:06,674 [INFO] PluginManager:220 - loadIPPluginJar : add i2s
2025-10-23 06:30:06,680 [INFO] IPUIPlugin:80 - create IPUIPlugin
2025-10-23 06:30:06,680 [INFO] PluginManager:220 - loadIPPluginJar : add i3c
2025-10-23 06:30:06,688 [INFO] IPUIPlugin:80 - create IPUIPlugin
2025-10-23 06:30:06,690 [INFO] PluginManager:220 - loadIPPluginJar : add ipddr
2025-10-23 06:30:06,710 [INFO] IPUIPlugin:80 - create IPUIPlugin
2025-10-23 06:30:06,710 [INFO] PluginManager:220 - loadIPPluginJar : add linkedlist
2025-10-23 06:30:06,719 [INFO] IPUIPlugin:80 - create IPUIPlugin
2025-10-23 06:30:06,720 [INFO] PluginManager:220 - loadIPPluginJar : add lorawan
2025-10-23 06:30:06,723 [INFO] IPUIPlugin:80 - create IPUIPlugin
2025-10-23 06:30:06,723 [INFO] PluginManager:220 - loadIPPluginJar : add ltdc
2025-10-23 06:30:06,738 [INFO] IPUIPlugin:80 - create IPUIPlugin
2025-10-23 06:30:06,738 [INFO] PluginManager:220 - loadIPPluginJar : add mdma
2025-10-23 06:30:06,749 [INFO] IPUIPlugin:80 - create IPUIPlugin
2025-10-23 06:30:06,749 [INFO] PluginManager:220 - loadIPPluginJar : add nvic
2025-10-23 06:30:06,755 [INFO] IPUIPlugin:80 - create IPUIPlugin
2025-10-23 06:30:06,756 [INFO] PluginManager:220 - loadIPPluginJar : add opamp
2025-10-23 06:30:06,760 [INFO] IPUIPlugin:80 - create IPUIPlugin
2025-10-23 06:30:06,761 [INFO] PluginManager:220 - loadIPPluginJar : add openamp
2025-10-23 06:30:06,767 [INFO] IPUIPlugin:80 - create IPUIPlugin
2025-10-23 06:30:06,767 [INFO] PluginManager:220 - loadIPPluginJar : add pdm2pcm
2025-10-23 06:30:06,777 [INFO] IPUIPlugin:80 - create IPUIPlugin
2025-10-23 06:30:06,781 [INFO] PluginManager:220 - loadIPPluginJar : add plateformsettings
2025-10-23 06:30:06,785 [INFO] IPUIPlugin:80 - create IPUIPlugin
2025-10-23 06:30:06,785 [INFO] PluginManager:220 - loadIPPluginJar : add quadspi
2025-10-23 06:30:06,789 [INFO] IPUIPlugin:80 - create IPUIPlugin
2025-10-23 06:30:06,789 [INFO] PluginManager:220 - loadIPPluginJar : add radio
2025-10-23 06:30:06,800 [INFO] IPUIPlugin:80 - create IPUIPlugin
2025-10-23 06:30:06,800 [INFO] PluginManager:220 - loadIPPluginJar : add resmgrutility
2025-10-23 06:30:06,806 [INFO] IPUIPlugin:80 - create IPUIPlugin
2025-10-23 06:30:06,806 [INFO] PluginManager:220 - loadIPPluginJar : add sai
2025-10-23 06:30:06,811 [INFO] IPUIPlugin:80 - create IPUIPlugin
2025-10-23 06:30:06,811 [INFO] PluginManager:220 - loadIPPluginJar : add spi
2025-10-23 06:30:06,822 [INFO] IPUIPlugin:80 - create IPUIPlugin
2025-10-23 06:30:06,822 [INFO] PluginManager:220 - loadIPPluginJar : add stm32_wpan
2025-10-23 06:30:06,826 [INFO] IPUIPlugin:80 - create IPUIPlugin
2025-10-23 06:30:06,826 [INFO] PluginManager:220 - loadIPPluginJar : add tim
2025-10-23 06:30:06,834 [INFO] IPUIPlugin:80 - create IPUIPlugin
2025-10-23 06:30:06,834 [INFO] PluginManager:220 - loadIPPluginJar : add touchsensing
2025-10-23 06:30:06,839 [INFO] IPUIPlugin:80 - create IPUIPlugin
2025-10-23 06:30:06,839 [INFO] PluginManager:220 - loadIPPluginJar : add tracer_emb
2025-10-23 06:30:06,843 [INFO] IPUIPlugin:80 - create IPUIPlugin
2025-10-23 06:30:06,843 [INFO] PluginManager:220 - loadIPPluginJar : add ts
2025-10-23 06:30:06,846 [INFO] IPUIPlugin:80 - create IPUIPlugin
2025-10-23 06:30:06,847 [INFO] PluginManager:220 - loadIPPluginJar : add tsc
2025-10-23 06:30:06,850 [INFO] IPUIPlugin:80 - create IPUIPlugin
2025-10-23 06:30:06,851 [INFO] PluginManager:220 - loadIPPluginJar : add ucpd
2025-10-23 06:30:06,858 [INFO] IPUIPlugin:80 - create IPUIPlugin
2025-10-23 06:30:06,858 [INFO] PluginManager:220 - loadIPPluginJar : add usart
2025-10-23 06:30:06,864 [INFO] IPUIPlugin:80 - create IPUIPlugin
2025-10-23 06:30:06,865 [INFO] PluginManager:220 - loadIPPluginJar : add usbx
2025-10-23 06:30:07,122 [FATAL] Updater:351 - Updater called before beeing initialized
2025-10-23 06:30:07,173 [INFO] RulesReader:64 - Compatibility file has been processed (302 Rules)
2025-10-23 06:30:07,198 [INFO] RulesReader:64 - Compatibility file has been processed (302 Rules)
2025-10-23 06:30:07,210 [INFO] CADModel:165 - CPN selected for project level
2025-10-23 06:30:07,211 [INFO] CADModel:114 - Register for checkConnection events
2025-10-23 06:30:07,211 [FATAL] Updater:351 - Updater called before beeing initialized
2025-10-23 06:30:07,211 [ERROR] CADModel:125 - Updater not yet initialized, retry later 
2025-10-23 06:30:07,473 [FATAL] Updater:351 - Updater called before beeing initialized
2025-10-23 06:30:07,478 [INFO] CADModel:165 - CPN selected for project level
2025-10-23 06:30:07,478 [INFO] CADModel:114 - Register for checkConnection events
2025-10-23 06:30:07,478 [FATAL] Updater:351 - Updater called before beeing initialized
2025-10-23 06:30:07,478 [ERROR] CADModel:125 - Updater not yet initialized, retry later 
2025-10-23 06:30:07,486 [FATAL] Updater:351 - Updater called before beeing initialized
2025-10-23 06:30:07,903 [FATAL] Updater:351 - Updater called before beeing initialized
2025-10-23 06:30:07,912 [INFO] DbMcusAds:53 - JSON generation date=Thu Oct 02 14:36:05 PKT 2025 (1759397765045)
2025-10-23 06:30:07,912 [FATAL] Updater:351 - Updater called before beeing initialized
2025-10-23 06:30:08,011 [WARN] DetailPanel:346 - Failed to get advertising image, set to default
2025-10-23 06:30:08,040 [INFO] ThirdPartyUpdaterWithRetryManager:70 - Updater plugin not ready yet. [2/15]
2025-10-23 06:30:09,175 [FATAL] Updater:351 - Updater called before beeing initialized
2025-10-23 06:30:09,185 [FATAL] Updater:351 - Updater called before beeing initialized
2025-10-23 06:30:09,185 [FATAL] Updater:351 - Updater called before beeing initialized
2025-10-23 06:30:09,185 [WARN] DetailPanel:346 - Failed to get advertising image, set to default
2025-10-23 06:30:09,186 [FATAL] Updater:351 - Updater called before beeing initialized
2025-10-23 06:30:09,488 [ERROR] Updater:1198 - MainUpdater not yet initialized. External WinMGr cannot be set.
2025-10-23 06:30:09,492 [INFO] Updater:1134 - Updater Version found : 6.14.1
2025-10-23 06:30:09,562 [INFO] ApplicationProperties:184 - Using Application install path: D:\Install\STM32CubeIDE_1.18.1\STM32CubeIDE\plugins\com.st.stm32cube.common.mx_6.14.1.202504091515
2025-10-23 06:30:11,041 [FATAL] Updater:351 - Updater called before beeing initialized
2025-10-23 06:30:11,042 [ERROR] IntegrityCheckThread:130 - Cannot retrieve database content from updater: error 21
2025-10-23 06:30:11,043 [INFO] ThirdParty:978 - Integrity check success = false
2025-10-23 06:30:11,043 [INFO] IntegrityCheckThread:100 - exiting critical section [integrity check]
2025-10-23 06:30:11,044 [INFO] IntegrityCheckThread:103 - End integrity checks thread
2025-10-23 06:30:11,159 [ERROR] LogOutputStream:75 - [STDERR_REDIRECT] Oct 23, 2025 6:30:11 AM java.util.prefs.WindowsPreferences <init>
2025-10-23 06:30:11,163 [ERROR] LogOutputStream:75 - [STDERR_REDIRECT] WARNING: Could not open/create prefs root node Software\JavaSoft\Prefs at root 0xffffffff80000002. Windows RegCreateKeyEx(...) returned error code 5.
2025-10-23 06:30:11,163 [ERROR] LogOutputStream:75 - [STDERR_REDIRECT] 
2025-10-23 06:30:13,212 [INFO] MainUpdater:2872 - connection check result : 10
2025-10-23 06:30:13,212 [INFO] MainUpdater:289 - Updater Check For Update Now.
2025-10-23 06:30:13,213 [INFO] MicroXplorer:498 - Change Database Version : DB.6.0.141
2025-10-23 06:30:13,221 [INFO] McuFinderGlobals:63 - Set McuFinder mode to 2 (CubeIDE integrated)
2025-10-23 06:30:13,221 [INFO] UserAuth:171 - activating auth plugin
2025-10-23 06:30:13,225 [INFO] UserAuth:484 - Internet connection configuration mode: 1
2025-10-23 06:30:13,259 [INFO] JxBrowserEngine:152 - Initiate JxBrowser Engine with user profile folder
2025-10-23 06:30:13,586 [INFO] CheckServerUpdateThread:120 - End of CheckServer Thread
2025-10-23 06:30:15,710 [INFO] WebApp:169 - Instantiating new browser for Auth
2025-10-23 06:30:17,220 [INFO] WebApp:463 - Apply proxy settings
2025-10-23 06:30:17,221 [INFO] WebApp:548 - Chromium requires no authentication
2025-10-23 06:30:17,241 [INFO] WebApp:491 - Direct internet connection detected
2025-10-23 06:30:17,303 [INFO] WebApp:894 - Register for checkConnection events
2025-10-23 06:30:17,304 [INFO] WebApp:463 - Apply proxy settings
2025-10-23 06:30:17,304 [INFO] WebApp:548 - Chromium requires no authentication
2025-10-23 06:30:17,304 [INFO] WebApp:491 - Direct internet connection detected
2025-10-23 06:30:17,725 [INFO] WebApp:225 - Starting web application
2025-10-23 06:30:17,725 [INFO] WebApp:593 - Web application path used D:\Install\STM32CubeIDE_1.18.1\STM32CubeIDE\plugins\com.st.stm32cube.common.mx_6.14.1.202504091515\db\plugins\mcufinder\reactClient1\index.html
2025-10-23 06:30:18,043 [INFO] WebApp:191 - Connection restablished
2025-10-23 06:30:19,802 [INFO] WebApp:194 - Connection lost
2025-10-23 06:30:20,125 [INFO] WebApp:191 - Connection restablished
2025-10-23 11:00:54,412 [INFO] WebApp:194 - Connection lost
2025-10-23 11:00:55,569 [INFO] WebApp:191 - Connection restablished
2025-10-23 11:00:56,360 [INFO] WebApp:194 - Connection lost
2025-10-23 11:00:56,878 [INFO] WebApp:191 - Connection restablished
2025-10-23 16:08:26,880 [INFO] WebApp:194 - Connection lost
2025-10-23 16:08:28,355 [INFO] WebApp:191 - Connection restablished
2025-10-23 16:35:05,816 [INFO] WebApp:194 - Connection lost
2025-10-23 16:35:06,139 [INFO] WebApp:191 - Connection restablished
2025-10-23 19:28:06,480 [INFO] WebApp:194 - Connection lost
2025-10-23 19:28:06,885 [INFO] WebApp:191 - Connection restablished
2025-10-23 19:28:08,338 [INFO] WebApp:194 - Connection lost
2025-10-23 19:28:08,640 [INFO] WebApp:191 - Connection restablished
2025-10-23 20:08:04,238 [INFO] WebApp:194 - Connection lost
2025-10-23 20:08:04,639 [INFO] WebApp:191 - Connection restablished
2025-10-23 20:08:07,332 [INFO] WebApp:194 - Connection lost
2025-10-23 20:08:07,638 [INFO] WebApp:191 - Connection restablished
2025-10-23 20:39:36,627 [INFO] WebApp:194 - Connection lost
2025-10-23 20:39:36,919 [INFO] WebApp:191 - Connection restablished
2025-10-23 20:39:38,314 [INFO] WebApp:194 - Connection lost
2025-10-23 20:39:38,597 [INFO] WebApp:191 - Connection restablished
2025-10-23 23:15:32,871 [INFO] WebApp:194 - Connection lost
2025-10-23 23:15:33,373 [INFO] WebApp:191 - Connection restablished
2025-10-23 23:16:16,364 [INFO] WebApp:194 - Connection lost
2025-10-23 23:16:16,868 [INFO] WebApp:191 - Connection restablished
2025-10-23 23:16:26,885 [INFO] WebApp:194 - Connection lost
2025-10-23 23:16:27,192 [INFO] WebApp:191 - Connection restablished
2025-10-23 23:16:31,417 [INFO] WebApp:194 - Connection lost
2025-10-23 23:16:33,041 [INFO] WebApp:191 - Connection restablished
2025-10-23 23:16:36,844 [INFO] WebApp:194 - Connection lost
2025-10-23 23:16:37,163 [INFO] WebApp:191 - Connection restablished
2025-10-23 23:16:54,383 [INFO] WebApp:194 - Connection lost
2025-10-23 23:16:54,722 [INFO] WebApp:191 - Connection restablished
2025-10-23 23:17:14,867 [INFO] WebApp:194 - Connection lost
2025-10-23 23:17:15,188 [INFO] WebApp:191 - Connection restablished
2025-10-23 23:17:52,868 [INFO] WebApp:194 - Connection lost
2025-10-23 23:17:53,313 [INFO] WebApp:191 - Connection restablished
2025-10-23 23:18:03,861 [INFO] WebApp:194 - Connection lost
2025-10-23 23:18:04,268 [INFO] WebApp:191 - Connection restablished
2025-10-23 23:30:09,980 [ERROR] LogOutputStream:75 - [STDERR_REDIRECT] 
2025-10-23 23:30:09,982 [ERROR] LogOutputStream:75 - [STDERR_REDIRECT] 
