2026-01-22 09:50:47,329 [INFO] Activator:176 - 


2026-01-22 09:50:47,338 [INFO] Activator:177 - !SESSION log4j initialized
2026-01-22 09:50:56,846 [INFO] LogOutputStream:77 - [STDOUT_REDIRECT] 
2026-01-22 09:50:57,280 [ERROR] ConfigurationRetriever:142 - IOException on connection: sw-center.st.com
2026-01-22 09:50:57,282 [ERROR] ConfigurationRetriever:142 - IOException on connection: sw-center.st.com
2026-01-22 09:50:57,283 [ERROR] ConfigurationRetriever:142 - IOException on connection: sw-center.st.com
2026-01-22 09:50:57,301 [ERROR] ConfigurationRetriever:142 - IOException on connection: sw-center.st.com
2026-01-22 09:50:57,302 [ERROR] ConfigurationRetriever:142 - IOException on connection: sw-center.st.com
2026-01-22 09:50:57,308 [ERROR] ConfigurationRetriever:142 - IOException on connection: sw-center.st.com
2026-01-22 09:50:58,983 [INFO] ApplicationProperties:184 - Using Application install path: D:\Install\STM32CubeIDE_1.18.1\STM32CubeIDE\plugins\com.st.stm32cube.common.mx_6.14.1.202504091515
2026-01-22 09:50:59,018 [INFO] DbMcusXml:78 - Set database path to: D:\Install\STM32CubeIDE_1.18.1\STM32CubeIDE\plugins\com.st.stm32cube.common.mx_6.14.1.202504091515\\db\/mcu/
2026-01-22 09:50:59,018 [INFO] ApiDb:274 - Set plugin database path to: D:\Install\STM32CubeIDE_1.18.1\STM32CubeIDE\plugins\com.st.stm32cube.common.mx_6.14.1.202504091515\\db\/plugins/boardmanager/
2026-01-22 09:50:59,018 [WARN] ApiDb:259 - Overriding images path with different value:  => D:\Install\STM32CubeIDE_1.18.1\STM32CubeIDE\plugins\com.st.stm32cube.common.mx_6.14.1.202504091515\\db\/plugins/mcufinder/images/
2026-01-22 09:50:59,033 [INFO] ApiDb:250 - Set database path to: C:\Users\DELL\.stmcufinder\plugins\mcufinder//mcu/
2026-01-22 09:50:59,035 [INFO] DbMcusAds:125 - Set database path to: C:\Users\DELL\.stmcufinder\plugins\mcufinder//mcu/
2026-01-22 09:50:59,038 [INFO] CrossReferenceDbSqlite:203 - Set database path to: C:\Users\DELL\.stmcufinder\plugins\mcufinder//mcu/cs/
2026-01-22 09:50:59,216 [INFO] RulesReader:64 - Compatibility file has been processed (302 Rules)
2026-01-22 09:50:59,330 [INFO] DbMcusXml:78 - Set database path to: D:\Install\STM32CubeIDE_1.18.1\STM32CubeIDE\plugins\com.st.stm32cube.common.mx_6.14.1.202504091515\\db\/mcu/
2026-01-22 09:50:59,330 [INFO] ApiDb:274 - Set plugin database path to: D:\Install\STM32CubeIDE_1.18.1\STM32CubeIDE\plugins\com.st.stm32cube.common.mx_6.14.1.202504091515\\db\/plugins/boardmanager/
2026-01-22 09:50:59,330 [INFO] ApiDb:261 - Set plugin images path to: D:\Install\STM32CubeIDE_1.18.1\STM32CubeIDE\plugins\com.st.stm32cube.common.mx_6.14.1.202504091515\\db\/plugins/mcufinder/images/
2026-01-22 09:50:59,330 [WARN] DbFile:41 - Overriding database path with different value: C:\Users\DELL\.stmcufinder\plugins\mcufinder/ => C:\Users\DELL\.stmcufinder\plugins\mcufinder
2026-01-22 09:50:59,330 [INFO] ApiDb:250 - Set database path to: C:\Users\DELL\.stmcufinder\plugins\mcufinder//mcu/
2026-01-22 09:50:59,330 [WARN] DbFile:41 - Overriding database path with different value: C:\Users\DELL\.stmcufinder\plugins\mcufinder/ => C:\Users\DELL\.stmcufinder\plugins\mcufinder
2026-01-22 09:50:59,331 [INFO] DbMcusAds:125 - Set database path to: C:\Users\DELL\.stmcufinder\plugins\mcufinder//mcu/
2026-01-22 09:50:59,331 [WARN] DbFile:41 - Overriding database path with different value: C:\Users\DELL\.stmcufinder\plugins\mcufinder/ => C:\Users\DELL\.stmcufinder\plugins\mcufinder
2026-01-22 09:50:59,331 [WARN] DbFile:41 - Overriding database path with different value: C:\Users\DELL\.stmcufinder\plugins\mcufinder/ => C:\Users\DELL\.stmcufinder\plugins\mcufinder
2026-01-22 09:50:59,331 [INFO] CrossReferenceDbSqlite:203 - Set database path to: C:\Users\DELL\.stmcufinder\plugins\mcufinder//mcu/cs/
2026-01-22 09:50:59,444 [INFO] MainPanel:272 - HeapMemory: 268435456
2026-01-22 09:50:59,650 [INFO] DbMcusXml:78 - Set database path to: D:\Install\STM32CubeIDE_1.18.1\STM32CubeIDE\plugins\com.st.stm32cube.common.mx_6.14.1.202504091515\\db\/mcu/
2026-01-22 09:50:59,650 [INFO] ApiDb:274 - Set plugin database path to: D:\Install\STM32CubeIDE_1.18.1\STM32CubeIDE\plugins\com.st.stm32cube.common.mx_6.14.1.202504091515\\db\/plugins/boardmanager/
2026-01-22 09:50:59,651 [INFO] ApiDb:261 - Set plugin images path to: D:\Install\STM32CubeIDE_1.18.1\STM32CubeIDE\plugins\com.st.stm32cube.common.mx_6.14.1.202504091515\\db\/plugins/mcufinder/images/
2026-01-22 09:50:59,651 [WARN] DbFile:41 - Overriding database path with different value: C:\Users\DELL\.stmcufinder\plugins\mcufinder/ => C:\Users\DELL\.stmcufinder\plugins\mcufinder
2026-01-22 09:50:59,651 [INFO] ApiDb:250 - Set database path to: C:\Users\DELL\.stmcufinder\plugins\mcufinder//mcu/
2026-01-22 09:50:59,652 [WARN] DbFile:41 - Overriding database path with different value: C:\Users\DELL\.stmcufinder\plugins\mcufinder/ => C:\Users\DELL\.stmcufinder\plugins\mcufinder
2026-01-22 09:50:59,652 [INFO] DbMcusAds:125 - Set database path to: C:\Users\DELL\.stmcufinder\plugins\mcufinder//mcu/
2026-01-22 09:50:59,652 [WARN] DbFile:41 - Overriding database path with different value: C:\Users\DELL\.stmcufinder\plugins\mcufinder/ => C:\Users\DELL\.stmcufinder\plugins\mcufinder
2026-01-22 09:50:59,652 [WARN] DbFile:41 - Overriding database path with different value: C:\Users\DELL\.stmcufinder\plugins\mcufinder/ => C:\Users\DELL\.stmcufinder\plugins\mcufinder
2026-01-22 09:50:59,652 [INFO] CrossReferenceDbSqlite:203 - Set database path to: C:\Users\DELL\.stmcufinder\plugins\mcufinder//mcu/cs/
2026-01-22 09:50:59,683 [INFO] ApplicationProperties:184 - Using Application install path: D:\Install\STM32CubeIDE_1.18.1\STM32CubeIDE\plugins\com.st.stm32cube.common.mx_6.14.1.202504091515
2026-01-22 09:50:59,686 [INFO] PluginManage:196 - Search for loadable plugins [exclusion list=, ]
2026-01-22 09:50:59,688 [INFO] PluginManage:310 - Check plugin analytics
2026-01-22 09:50:59,934 [INFO] AnalyticsPlugin:253 - Accepted Software Licenses: STM32CubeMX.6.14.1
2026-01-22 09:50:59,934 [INFO] AnalyticsPlugin:255 - Accepted CMSIS Pack Licenses: 
2026-01-22 09:50:59,935 [INFO] AnalyticsPlugin:257 - Accepted Firmware Licenses: FW.WL.1.3.0,FW.L4.1.18.0,FW.F4.1.28.0
2026-01-22 09:50:59,939 [INFO] PluginManage:359 - Loaded plugin analytics (category:tool,tabindex:-1)
2026-01-22 09:50:59,939 [INFO] PluginManage:310 - Check plugin cadmodel
2026-01-22 09:50:59,943 [ERROR] ConfigurationRetriever:142 - IOException on connection: sw-center.st.com
2026-01-22 09:50:59,944 [ERROR] ConfigurationRetriever:142 - IOException on connection: sw-center.st.com
2026-01-22 09:50:59,945 [ERROR] ConfigurationRetriever:142 - IOException on connection: sw-center.st.com
2026-01-22 09:50:59,951 [INFO] CADModel:105 - Init CAD model plugin
2026-01-22 09:50:59,951 [INFO] PluginManage:359 - Loaded plugin cadmodel (category:power,tabindex:5)
2026-01-22 09:50:59,951 [INFO] PluginManage:310 - Check plugin clock
2026-01-22 09:50:59,968 [INFO] PluginManage:359 - Loaded plugin clock (category:base,tabindex:2)
2026-01-22 09:50:59,968 [INFO] PluginManage:310 - Check plugin ddr
2026-01-22 09:50:59,972 [INFO] PluginManage:359 - Loaded plugin ddr (category:tool,tabindex:6)
2026-01-22 09:50:59,972 [INFO] PluginManage:310 - Check plugin filemanager
2026-01-22 09:51:00,180 [INFO] PluginManage:359 - Loaded plugin filemanager (category:base,tabindex:10)
2026-01-22 09:51:00,180 [INFO] PluginManage:310 - Check plugin ipmanager
2026-01-22 09:51:00,188 [INFO] PluginManage:359 - Loaded plugin ipmanager (category:base,tabindex:5)
2026-01-22 09:51:00,188 [INFO] PluginManage:310 - Check plugin lpbam
2026-01-22 09:51:00,200 [INFO] PluginManage:359 - Loaded plugin lpbam (category:base,tabindex:0)
2026-01-22 09:51:00,200 [INFO] PluginManage:310 - Check plugin memorymap
2026-01-22 09:51:00,218 [INFO] PluginManage:359 - Loaded plugin memorymap (category:base,tabindex:4)
2026-01-22 09:51:00,218 [INFO] PluginManage:310 - Check plugin pinoutandconfiguration
2026-01-22 09:51:00,270 [INFO] PluginManage:359 - Loaded plugin pinoutandconfiguration (category:base,tabindex:1)
2026-01-22 09:51:00,270 [INFO] PluginManage:310 - Check plugin pinoutconfig
2026-01-22 09:51:00,387 [WARN] SupportedApi:132 - Cannot load RTOS API schema: s4s-elt-must-match.1: The content of 'definitions' must match (annotation?, (simpleType | complexType)?, (unique | key | keyref)*)). A problem was found starting at: attribute.
2026-01-22 09:51:00,605 [INFO] PluginManage:359 - Loaded plugin pinoutconfig (category:base,tabindex:0)
2026-01-22 09:51:00,605 [INFO] PluginManage:310 - Check plugin power
2026-01-22 09:51:00,619 [INFO] PluginManage:359 - Loaded plugin power (category:power,tabindex:4)
2026-01-22 09:51:00,619 [INFO] PluginManage:310 - Check plugin projectmanager
2026-01-22 09:51:00,643 [INFO] PluginManage:359 - Loaded plugin projectmanager (category:projectmanager,tabindex:4)
2026-01-22 09:51:00,643 [INFO] PluginManage:310 - Check plugin rif
2026-01-22 09:51:00,654 [INFO] PluginManage:359 - Loaded plugin rif (category:base,tabindex:3)
2026-01-22 09:51:00,654 [INFO] PluginManage:310 - Check plugin thirdparty
2026-01-22 09:51:00,844 [INFO] PluginManage:359 - Loaded plugin thirdparty (category:base,tabindex:-1)
2026-01-22 09:51:00,844 [WARN] IntegrityCheckThread:84 - waiting for thirdparty lock release [integrity check]
2026-01-22 09:51:00,844 [INFO] PluginManage:310 - Check plugin tools
2026-01-22 09:51:00,844 [INFO] IntegrityCheckThread:86 - entering critical section [integrity check]
2026-01-22 09:51:00,845 [INFO] ThirdPartyUpdaterWithRetryManager:70 - Updater plugin not ready yet. [1/15]
2026-01-22 09:51:00,848 [INFO] PluginManage:359 - Loaded plugin tools (category:base,tabindex:7)
2026-01-22 09:51:00,848 [INFO] PluginManage:310 - Check plugin tutovideos
2026-01-22 09:51:01,066 [INFO] PluginManage:359 - Loaded plugin tutovideos (category:base,tabindex:-1)
2026-01-22 09:51:01,066 [INFO] PluginManage:310 - Check plugin updater
2026-01-22 09:51:01,097 [INFO] PluginManage:359 - Loaded plugin updater (category:base,tabindex:12)
2026-01-22 09:51:01,097 [INFO] PluginManage:310 - Check plugin userauth
2026-01-22 09:51:01,102 [INFO] UserAuth:118 - Init User Auth plugin
2026-01-22 09:51:01,104 [INFO] PluginManage:359 - Loaded plugin userauth (category:base,tabindex:14)
2026-01-22 09:51:01,104 [INFO] PluginManage:283 - PluginManage : Loaded plugins [18]
2026-01-22 09:51:01,384 [INFO] PinOutPanel:1589 - setPackage(No Configuration,No Configuration)
2026-01-22 09:51:01,500 [INFO] CADModel:165 - CPN selected for project level
2026-01-22 09:51:01,500 [INFO] CADModel:114 - Register for checkConnection events
2026-01-22 09:51:01,524 [INFO] IPUIPlugin:80 - create IPUIPlugin
2026-01-22 09:51:01,524 [INFO] PluginManager:220 - loadIPPluginJar : add adc
2026-01-22 09:51:01,529 [INFO] IPUIPlugin:80 - create IPUIPlugin
2026-01-22 09:51:01,529 [INFO] PluginManager:220 - loadIPPluginJar : add aes
2026-01-22 09:51:01,533 [INFO] IPUIPlugin:80 - create IPUIPlugin
2026-01-22 09:51:01,534 [INFO] PluginManager:220 - loadIPPluginJar : add can
2026-01-22 09:51:01,536 [INFO] IPUIPlugin:80 - create IPUIPlugin
2026-01-22 09:51:01,536 [INFO] PluginManager:220 - loadIPPluginJar : add comp
2026-01-22 09:51:01,540 [INFO] IPUIPlugin:80 - create IPUIPlugin
2026-01-22 09:51:01,540 [INFO] PluginManager:220 - loadIPPluginJar : add cryp
2026-01-22 09:51:01,545 [INFO] IPUIPlugin:80 - create IPUIPlugin
2026-01-22 09:51:01,545 [INFO] PluginManager:220 - loadIPPluginJar : add ddr_ctrl_phy
2026-01-22 09:51:01,549 [INFO] IPUIPlugin:80 - create IPUIPlugin
2026-01-22 09:51:01,549 [INFO] PluginManager:220 - loadIPPluginJar : add dfsdm
2026-01-22 09:51:01,558 [INFO] IPUIPlugin:80 - create IPUIPlugin
2026-01-22 09:51:01,558 [INFO] PluginManager:220 - loadIPPluginJar : add dma
2026-01-22 09:51:01,562 [INFO] IPUIPlugin:80 - create IPUIPlugin
2026-01-22 09:51:01,562 [INFO] PluginManager:220 - loadIPPluginJar : add dma3
2026-01-22 09:51:01,566 [INFO] IPUIPlugin:80 - create IPUIPlugin
2026-01-22 09:51:01,566 [INFO] PluginManager:220 - loadIPPluginJar : add extmemmanager
2026-01-22 09:51:01,568 [INFO] IPUIPlugin:80 - create IPUIPlugin
2026-01-22 09:51:01,568 [INFO] PluginManager:220 - loadIPPluginJar : add fatfs
2026-01-22 09:51:01,574 [INFO] IPUIPlugin:80 - create IPUIPlugin
2026-01-22 09:51:01,574 [INFO] PluginManager:220 - loadIPPluginJar : add fmc
2026-01-22 09:51:01,582 [INFO] IPUIPlugin:80 - create IPUIPlugin
2026-01-22 09:51:01,583 [INFO] PluginManager:220 - loadIPPluginJar : add freertos
2026-01-22 09:51:01,585 [INFO] IPUIPlugin:80 - create IPUIPlugin
2026-01-22 09:51:01,585 [INFO] PluginManager:220 - loadIPPluginJar : add genericplugin
2026-01-22 09:51:01,589 [INFO] IPUIPlugin:80 - create IPUIPlugin
2026-01-22 09:51:01,589 [INFO] PluginManager:220 - loadIPPluginJar : add gfxmmu
2026-01-22 09:51:01,597 [INFO] IPUIPlugin:80 - create IPUIPlugin
2026-01-22 09:51:01,597 [INFO] PluginManager:220 - loadIPPluginJar : add gic
2026-01-22 09:51:01,603 [INFO] IPUIPlugin:80 - create IPUIPlugin
2026-01-22 09:51:01,603 [INFO] PluginManager:220 - loadIPPluginJar : add gpio
2026-01-22 09:51:01,607 [INFO] IPUIPlugin:80 - create IPUIPlugin
2026-01-22 09:51:01,607 [INFO] PluginManager:220 - loadIPPluginJar : add gtzc
2026-01-22 09:51:01,611 [INFO] IPUIPlugin:80 - create IPUIPlugin
2026-01-22 09:51:01,611 [INFO] PluginManager:220 - loadIPPluginJar : add hash
2026-01-22 09:51:01,615 [INFO] IPUIPlugin:80 - create IPUIPlugin
2026-01-22 09:51:01,615 [INFO] PluginManager:220 - loadIPPluginJar : add i2c
2026-01-22 09:51:01,619 [INFO] IPUIPlugin:80 - create IPUIPlugin
2026-01-22 09:51:01,619 [INFO] PluginManager:220 - loadIPPluginJar : add i2s
2026-01-22 09:51:01,623 [INFO] IPUIPlugin:80 - create IPUIPlugin
2026-01-22 09:51:01,623 [INFO] PluginManager:220 - loadIPPluginJar : add i3c
2026-01-22 09:51:01,628 [INFO] IPUIPlugin:80 - create IPUIPlugin
2026-01-22 09:51:01,629 [INFO] PluginManager:220 - loadIPPluginJar : add ipddr
2026-01-22 09:51:01,640 [INFO] IPUIPlugin:80 - create IPUIPlugin
2026-01-22 09:51:01,640 [INFO] PluginManager:220 - loadIPPluginJar : add linkedlist
2026-01-22 09:51:01,645 [INFO] IPUIPlugin:80 - create IPUIPlugin
2026-01-22 09:51:01,645 [INFO] PluginManager:220 - loadIPPluginJar : add lorawan
2026-01-22 09:51:01,648 [INFO] IPUIPlugin:80 - create IPUIPlugin
2026-01-22 09:51:01,648 [INFO] PluginManager:220 - loadIPPluginJar : add ltdc
2026-01-22 09:51:01,656 [INFO] IPUIPlugin:80 - create IPUIPlugin
2026-01-22 09:51:01,656 [INFO] PluginManager:220 - loadIPPluginJar : add mdma
2026-01-22 09:51:01,661 [INFO] IPUIPlugin:80 - create IPUIPlugin
2026-01-22 09:51:01,662 [INFO] PluginManager:220 - loadIPPluginJar : add nvic
2026-01-22 09:51:01,666 [INFO] IPUIPlugin:80 - create IPUIPlugin
2026-01-22 09:51:01,666 [INFO] PluginManager:220 - loadIPPluginJar : add opamp
2026-01-22 09:51:01,671 [INFO] IPUIPlugin:80 - create IPUIPlugin
2026-01-22 09:51:01,671 [INFO] PluginManager:220 - loadIPPluginJar : add openamp
2026-01-22 09:51:01,676 [INFO] IPUIPlugin:80 - create IPUIPlugin
2026-01-22 09:51:01,676 [INFO] PluginManager:220 - loadIPPluginJar : add pdm2pcm
2026-01-22 09:51:01,683 [INFO] IPUIPlugin:80 - create IPUIPlugin
2026-01-22 09:51:01,686 [INFO] PluginManager:220 - loadIPPluginJar : add plateformsettings
2026-01-22 09:51:01,689 [INFO] IPUIPlugin:80 - create IPUIPlugin
2026-01-22 09:51:01,689 [INFO] PluginManager:220 - loadIPPluginJar : add quadspi
2026-01-22 09:51:01,692 [INFO] IPUIPlugin:80 - create IPUIPlugin
2026-01-22 09:51:01,693 [INFO] PluginManager:220 - loadIPPluginJar : add radio
2026-01-22 09:51:01,699 [INFO] IPUIPlugin:80 - create IPUIPlugin
2026-01-22 09:51:01,699 [INFO] PluginManager:220 - loadIPPluginJar : add resmgrutility
2026-01-22 09:51:01,703 [INFO] IPUIPlugin:80 - create IPUIPlugin
2026-01-22 09:51:01,703 [INFO] PluginManager:220 - loadIPPluginJar : add sai
2026-01-22 09:51:01,707 [INFO] IPUIPlugin:80 - create IPUIPlugin
2026-01-22 09:51:01,707 [INFO] PluginManager:220 - loadIPPluginJar : add spi
2026-01-22 09:51:01,716 [INFO] IPUIPlugin:80 - create IPUIPlugin
2026-01-22 09:51:01,716 [INFO] PluginManager:220 - loadIPPluginJar : add stm32_wpan
2026-01-22 09:51:01,719 [INFO] IPUIPlugin:80 - create IPUIPlugin
2026-01-22 09:51:01,719 [INFO] PluginManager:220 - loadIPPluginJar : add tim
2026-01-22 09:51:01,724 [INFO] IPUIPlugin:80 - create IPUIPlugin
2026-01-22 09:51:01,724 [INFO] PluginManager:220 - loadIPPluginJar : add touchsensing
2026-01-22 09:51:01,727 [INFO] IPUIPlugin:80 - create IPUIPlugin
2026-01-22 09:51:01,727 [INFO] PluginManager:220 - loadIPPluginJar : add tracer_emb
2026-01-22 09:51:01,730 [INFO] IPUIPlugin:80 - create IPUIPlugin
2026-01-22 09:51:01,730 [INFO] PluginManager:220 - loadIPPluginJar : add ts
2026-01-22 09:51:01,733 [INFO] IPUIPlugin:80 - create IPUIPlugin
2026-01-22 09:51:01,733 [INFO] PluginManager:220 - loadIPPluginJar : add tsc
2026-01-22 09:51:01,737 [INFO] IPUIPlugin:80 - create IPUIPlugin
2026-01-22 09:51:01,737 [INFO] PluginManager:220 - loadIPPluginJar : add ucpd
2026-01-22 09:51:01,741 [INFO] IPUIPlugin:80 - create IPUIPlugin
2026-01-22 09:51:01,742 [INFO] PluginManager:220 - loadIPPluginJar : add usart
2026-01-22 09:51:01,747 [INFO] IPUIPlugin:80 - create IPUIPlugin
2026-01-22 09:51:01,747 [INFO] PluginManager:220 - loadIPPluginJar : add usbx
2026-01-22 09:51:01,907 [FATAL] Updater:351 - Updater called before beeing initialized
2026-01-22 09:51:01,943 [INFO] RulesReader:64 - Compatibility file has been processed (302 Rules)
2026-01-22 09:51:01,957 [INFO] RulesReader:64 - Compatibility file has been processed (302 Rules)
2026-01-22 09:51:01,967 [INFO] CADModel:165 - CPN selected for project level
2026-01-22 09:51:01,967 [INFO] CADModel:114 - Register for checkConnection events
2026-01-22 09:51:01,968 [FATAL] Updater:351 - Updater called before beeing initialized
2026-01-22 09:51:01,968 [ERROR] CADModel:125 - Updater not yet initialized, retry later 
2026-01-22 09:51:02,157 [FATAL] Updater:351 - Updater called before beeing initialized
2026-01-22 09:51:02,160 [INFO] CADModel:165 - CPN selected for project level
2026-01-22 09:51:02,160 [INFO] CADModel:114 - Register for checkConnection events
2026-01-22 09:51:02,161 [FATAL] Updater:351 - Updater called before beeing initialized
2026-01-22 09:51:02,161 [ERROR] CADModel:125 - Updater not yet initialized, retry later 
2026-01-22 09:51:02,166 [FATAL] Updater:351 - Updater called before beeing initialized
2026-01-22 09:51:02,325 [FATAL] Updater:351 - Updater called before beeing initialized
2026-01-22 09:51:02,330 [INFO] DbMcusAds:53 - JSON generation date=Thu Jan 08 20:56:32 PKT 2026 (1767887792457)
2026-01-22 09:51:02,330 [FATAL] Updater:351 - Updater called before beeing initialized
2026-01-22 09:51:02,391 [WARN] DetailPanel:346 - Failed to get advertising image, set to default
2026-01-22 09:51:02,704 [FATAL] Updater:351 - Updater called before beeing initialized
2026-01-22 09:51:02,708 [FATAL] Updater:351 - Updater called before beeing initialized
2026-01-22 09:51:02,708 [FATAL] Updater:351 - Updater called before beeing initialized
2026-01-22 09:51:02,708 [WARN] DetailPanel:346 - Failed to get advertising image, set to default
2026-01-22 09:51:02,709 [FATAL] Updater:351 - Updater called before beeing initialized
2026-01-22 09:51:02,779 [ERROR] Updater:1198 - MainUpdater not yet initialized. External WinMGr cannot be set.
2026-01-22 09:51:02,782 [INFO] Updater:1134 - Updater Version found : 6.14.1
2026-01-22 09:51:02,804 [INFO] ApplicationProperties:184 - Using Application install path: D:\Install\STM32CubeIDE_1.18.1\STM32CubeIDE\plugins\com.st.stm32cube.common.mx_6.14.1.202504091515
2026-01-22 09:51:03,846 [INFO] ThirdPartyUpdaterWithRetryManager:70 - Updater plugin not ready yet. [2/15]
2026-01-22 09:51:04,399 [ERROR] LogOutputStream:75 - [STDERR_REDIRECT] Jan 22, 2026 9:51:04 AM java.util.prefs.WindowsPreferences <init>
2026-01-22 09:51:04,408 [ERROR] LogOutputStream:75 - [STDERR_REDIRECT] WARNING: Could not open/create prefs root node Software\JavaSoft\Prefs at root 0xffffffff80000002. Windows RegCreateKeyEx(...) returned error code 5.
2026-01-22 09:51:04,409 [ERROR] LogOutputStream:75 - [STDERR_REDIRECT] 
2026-01-22 09:51:04,816 [INFO] MainUpdater:2872 - connection check result : 22
2026-01-22 09:51:04,817 [INFO] MainUpdater:289 - Updater Check For Update Now.
2026-01-22 09:51:04,817 [INFO] MicroXplorer:498 - Change Database Version : DB.6.0.141
2026-01-22 09:51:04,825 [INFO] McuFinderGlobals:63 - Set McuFinder mode to 2 (CubeIDE integrated)
2026-01-22 09:51:04,826 [INFO] UserAuth:484 - Internet connection configuration mode: 2
2026-01-22 09:51:04,837 [INFO] UserAuth:484 - Internet connection configuration mode: 2
2026-01-22 09:51:05,108 [INFO] CheckServerUpdateThread:120 - End of CheckServer Thread
2026-01-22 09:51:07,241 [WARN] PackLoader:240 - Cannot read IP mode file for STMicroelectronics.FP-SNS-MOTENVWB1.1.4.0
2026-01-22 09:51:07,253 [WARN] PackLoader:240 - Cannot read IP mode file for STMicroelectronics.FP-ATR-ASTRA1.2.0.2
2026-01-22 09:51:07,265 [WARN] PackLoader:240 - Cannot read IP mode file for STMicroelectronics.X-CUBE-SMBUS.2.1.0
2026-01-22 09:51:07,278 [WARN] PackLoader:240 - Cannot read IP mode file for STMicroelectronics.X-CUBE-ST60.1.0.0
2026-01-22 09:51:07,328 [WARN] PackLoader:240 - Cannot read IP mode file for STMicroelectronics.X-CUBE-AZRTOS-F7.1.1.0
2026-01-22 09:51:07,342 [WARN] PackLoader:240 - Cannot read IP mode file for Cesanta.I-CUBE-Mongoose.7.19.0
2026-01-22 09:51:07,347 [ERROR] Engine:466 - C:\Users\DELL\.stm32cubemx\thirdparties\pdsc\STMicroelectronics.FP-SNS-MOTENV1.5.1.0.pdsc: PDSC version is not supported
2026-01-22 09:51:07,356 [ERROR] Engine:466 - C:\Users\DELL\.stm32cubemx\thirdparties\pdsc\WES.I-CUBE-Cesium.1.4.0.pdsc: PDSC version is not supported
2026-01-22 09:51:07,396 [WARN] PackLoader:240 - Cannot read IP mode file for Infineon.AIROC-Wi-Fi-Bluetooth-STM32.1.7.1
2026-01-22 09:51:07,439 [WARN] PackLoader:240 - Cannot read IP mode file for STMicroelectronics.X-CUBE-AZRTOS-H7.3.4.0
2026-01-22 09:51:07,456 [WARN] PackLoader:240 - Cannot read IP mode file for STMicroelectronics.X-CUBE-DISPLAY.3.0.0
2026-01-22 09:51:07,473 [WARN] PackLoader:240 - Cannot read IP mode file for STMicroelectronics.X-CUBE-NFC10.1.0.0
2026-01-22 09:51:07,482 [WARN] PackLoader:240 - Cannot read IP mode file for STMicroelectronics.X-CUBE-ST60.1.1.0
2026-01-22 09:51:07,490 [WARN] PackLoader:240 - Cannot read IP mode file for emotas.I-CUBE-CANOPEN.1.3.0
2026-01-22 09:51:07,498 [WARN] PackLoader:240 - Cannot read IP mode file for STMicroelectronics.X-CUBE-GNSS1.7.1.0
2026-01-22 09:51:07,506 [ERROR] Engine:466 - C:\Users\DELL\.stm32cubemx\thirdparties\pdsc\STMicroelectronics.FP-SNS-STBOX1.2.1.0.pdsc: PDSC version is not supported
2026-01-22 09:51:07,511 [WARN] PackLoader:240 - Cannot read IP mode file for STMicroelectronics.FP-SNS-SMARTAG2.1.2.0
2026-01-22 09:51:07,518 [WARN] PackLoader:240 - Cannot read IP mode file for STMicroelectronics.FP-SNS-FLIGHT1.5.1.0
2026-01-22 09:51:07,532 [INFO] LogOutputStream:77 - [STDOUT_REDIRECT] 1 : Invalid condition id : UX_CORESTACK_Condition cause : null
2026-01-22 09:51:07,533 [INFO] LogOutputStream:77 - [STDOUT_REDIRECT] 1 : Invalid condition id : UX_CORESTACK_Condition cause : null
2026-01-22 09:51:07,535 [INFO] LogOutputStream:77 - [STDOUT_REDIRECT] 1 : Invalid condition id : UX_CORESTACK_Condition cause : null
2026-01-22 09:51:07,536 [INFO] LogOutputStream:77 - [STDOUT_REDIRECT] 1 : Invalid condition id : UX_CORESTACK_Condition cause : null
2026-01-22 09:51:07,538 [INFO] LogOutputStream:77 - [STDOUT_REDIRECT] 1 : Invalid condition id : UX_CORESTACK_Condition cause : null
2026-01-22 09:51:07,542 [WARN] PackLoader:240 - Cannot read IP mode file for STMicroelectronics.X-CUBE-AZRTOS-WL.2.0.0
2026-01-22 09:51:07,549 [WARN] PackLoader:240 - Cannot read IP mode file for STMicroelectronics.FP-SNS-MOTENV1.5.0.0
2026-01-22 09:51:07,576 [WARN] PackLoader:240 - Cannot read IP mode file for STMicroelectronics.X-CUBE-AZRTOS-H7RS.1.2.0
2026-01-22 09:51:07,588 [WARN] PackLoader:240 - Cannot read IP mode file for STMicroelectronics.X-CUBE-BLE2.3.3.0
2026-01-22 09:51:07,612 [WARN] PackLoader:240 - Cannot read IP mode file for STMicroelectronics.X-CUBE-NFC9.1.0.0
2026-01-22 09:51:07,649 [WARN] PackLoader:240 - Cannot read IP mode file for wolfSSL.I-CUBE-wolfSSL.5.8.2
2026-01-22 09:51:07,657 [WARN] PackLoader:240 - Cannot read IP mode file for STMicroelectronics.X-CUBE-BLE1.7.1.0
2026-01-22 09:51:07,663 [WARN] PackLoader:240 - Cannot read IP mode file for wolfSSL.I-CUBE-wolfMQTT.1.19.2
2026-01-22 09:51:07,667 [ERROR] Engine:466 - C:\Users\DELL\.stm32cubemx\thirdparties\pdsc\STMicroelectronics.X-CUBE-FREERTOS.1.4.0.pdsc: PDSC version is not supported
2026-01-22 09:51:07,675 [WARN] PackLoader:240 - Cannot read IP mode file for STMicroelectronics.X-CUBE-EEPRMA1.5.2.0
2026-01-22 09:51:07,683 [ERROR] Engine:466 - C:\Users\DELL\.stm32cubemx\thirdparties\pdsc\STMicroelectronics.X-CUBE-ST67W61.1.1.0.pdsc: PDSC version is not supported
2026-01-22 09:51:07,778 [WARN] PackLoader:240 - Cannot read IP mode file for STMicroelectronics.X-CUBE-MEMS1.12.0.0
2026-01-22 09:51:08,038 [WARN] PackLoader:240 - Cannot read IP mode file for STMicroelectronics.X-CUBE-AZRTOS-G0.1.1.0
2026-01-22 09:51:08,053 [WARN] PackLoader:240 - Cannot read IP mode file for STMicroelectronics.X-CUBE-SAFEA1.1.2.2
2026-01-22 09:51:08,063 [WARN] PackLoader:240 - Cannot read IP mode file for STMicroelectronics.X-CUBE-NFC4.3.0.0
2026-01-22 09:51:08,080 [WARN] PackLoader:240 - Cannot read IP mode file for EmbeddedOffice.I-CUBE-FS-RTOS.1.0.1
2026-01-22 09:51:08,116 [WARN] PackLoader:240 - Cannot read IP mode file for STMicroelectronics.X-CUBE-WB05N.2.0.0
2026-01-22 09:51:08,123 [WARN] PackLoader:240 - Cannot read IP mode file for wolfSSL.I-CUBE-wolfTPM.3.8.0
2026-01-22 09:51:08,130 [WARN] PackLoader:240 - Cannot read IP mode file for STMicroelectronics.X-CUBE-TCPP.4.2.0
2026-01-22 09:51:08,140 [WARN] PackLoader:240 - Cannot read IP mode file for RealThread.X-CUBE-RT-Thread_Nano.4.1.1
2026-01-22 09:51:08,147 [WARN] PackLoader:240 - Cannot read IP mode file for STMicroelectronics.FP-ATR-SIGFOX1.3.2.0
2026-01-22 09:51:08,156 [WARN] PackLoader:240 - Cannot read IP mode file for ITTIA_DB.I-CUBE-ITTIADB.8.9.0
2026-01-22 09:51:08,165 [WARN] PackLoader:240 - Cannot read IP mode file for STMicroelectronics.X-CUBE-ST67W61.1.0.0
2026-01-22 09:51:08,171 [WARN] PackLoader:240 - Cannot read IP mode file for STMicroelectronics.X-CUBE-AI.10.2.0
2026-01-22 09:51:08,237 [WARN] PackLoader:240 - Cannot read IP mode file for SEGGER.I-CUBE-embOS.1.3.1
2026-01-22 09:51:08,299 [WARN] PackLoader:240 - Cannot read IP mode file for STMicroelectronics.X-CUBE-ALGOBUILD.1.4.0
2026-01-22 09:51:08,384 [WARN] PackLoader:240 - Cannot read IP mode file for STMicroelectronics.X-CUBE-MEMS1.11.3.0
2026-01-22 09:51:08,595 [WARN] PackLoader:240 - Cannot read IP mode file for STMicroelectronics.X-CUBE-PM33A1.1.0.0
2026-01-22 09:51:08,619 [WARN] PackLoader:240 - Cannot read IP mode file for STMicroelectronics.X-CUBE-AZRTOS-F4.1.1.0
2026-01-22 09:51:08,627 [WARN] PackLoader:240 - Cannot read IP mode file for Avnet-IotConnect.X-CUBE-IoTC-DA16k-PMOD.1.0.0
2026-01-22 09:51:08,633 [WARN] PackLoader:240 - Cannot read IP mode file for STMicroelectronics.X-CUBE-ISPU.2.1.0
2026-01-22 09:51:08,641 [ERROR] Engine:466 - C:\Users\DELL\.stm32cubemx\thirdparties\pdsc\STMicroelectronics.X-CUBE-IPS.3.2.0.pdsc: PDSC version is not supported
2026-01-22 09:51:08,650 [WARN] PackLoader:240 - Cannot read IP mode file for STMicroelectronics.X-CUBE-NFC12.1.0.0
2026-01-22 09:51:08,675 [WARN] PackLoader:240 - Cannot read IP mode file for STMicroelectronics.X-CUBE-AZRTOS-L5.2.0.0
2026-01-22 09:51:08,688 [WARN] PackLoader:240 - Cannot read IP mode file for STMicroelectronics.X-CUBE-NFC6.3.1.0
2026-01-22 09:51:08,697 [WARN] PackLoader:240 - Cannot read IP mode file for STMicroelectronics.X-CUBE-FREERTOS.1.3.1
2026-01-22 09:51:08,703 [WARN] PackLoader:240 - Cannot read IP mode file for STMicroelectronics.X-CUBE-TOUCHGFX.4.26.0
2026-01-22 09:51:08,710 [WARN] PackLoader:240 - Cannot read IP mode file for STMicroelectronics.FP-SNS-STAIOTCFT.1.0.0
2026-01-22 09:51:08,718 [WARN] PackLoader:240 - Cannot read IP mode file for STMicroelectronics.X-CUBE-DPower.1.3.0
2026-01-22 09:51:08,761 [WARN] ConditionMgr:438 - getConditionDescription Invalid condition id : LAN8742 Phy interface Condition cause : null
2026-01-22 09:51:08,763 [WARN] PackLoader:240 - Cannot read IP mode file for STMicroelectronics.X-CUBE-AZRTOS-L4.2.0.0
2026-01-22 09:51:08,764 [WARN] ConditionMgr:1044 - genDependencies : Invalid condition id : LAN8742 Phy interface Condition cause : null
2026-01-22 09:51:08,765 [WARN] ConditionMgr:1044 - genDependencies : Invalid condition id : LAN8742 Phy interface Condition cause : null
2026-01-22 09:51:08,766 [WARN] ConditionMgr:1044 - genDependencies : Invalid condition id : LAN8742 Phy interface Condition cause : null
2026-01-22 09:51:08,776 [WARN] PackLoader:240 - Cannot read IP mode file for STMicroelectronics.X-CUBE-SFXS2LP1.4.0.0
2026-01-22 09:51:08,782 [ERROR] Engine:466 - C:\Users\DELL\.stm32cubemx\thirdparties\pdsc\STMicroelectronics.X-CUBE-ST67W61.1.2.0.pdsc: PDSC version is not supported
2026-01-22 09:51:08,795 [WARN] PackLoader:240 - Cannot read IP mode file for STMicroelectronics.X-CUBE-BLEMGR.4.1.0
2026-01-22 09:51:08,817 [WARN] ConditionMgr:438 - getConditionDescription Invalid condition id : UX DEVICE CLASS RTOS Condition cause : null
2026-01-22 09:51:08,817 [WARN] ConditionMgr:438 - getConditionDescription Invalid condition id : UX DEVICE CLASS RTOS Condition cause : null
2026-01-22 09:51:08,819 [WARN] PackLoader:240 - Cannot read IP mode file for STMicroelectronics.X-CUBE-AZRTOS-WB.2.0.0
2026-01-22 09:51:08,820 [WARN] ConditionMgr:1044 - genDependencies : Invalid condition id : UX DEVICE CLASS RTOS Condition cause : null
2026-01-22 09:51:08,820 [WARN] ConditionMgr:1044 - genDependencies : Invalid condition id : UX DEVICE CLASS RTOS Condition cause : null
2026-01-22 09:51:08,821 [WARN] ConditionMgr:1044 - genDependencies : Invalid condition id : UX DEVICE CLASS RTOS Condition cause : null
2026-01-22 09:51:08,821 [WARN] ConditionMgr:1044 - genDependencies : Invalid condition id : UX DEVICE CLASS RTOS Condition cause : null
2026-01-22 09:51:08,821 [WARN] ConditionMgr:1044 - genDependencies : Invalid condition id : UX DEVICE CLASS RTOS Condition cause : null
2026-01-22 09:51:08,828 [WARN] PackLoader:240 - Cannot read IP mode file for STMicroelectronics.X-CUBE-GNSS1.7.0.1
2026-01-22 09:51:08,833 [WARN] PackLoader:240 - Cannot read IP mode file for STMicroelectronics.X-CUBE-TOUCHGFX.4.25.0
2026-01-22 09:51:08,839 [WARN] ConditionMgr:438 - getConditionDescription Invalid condition id : Cortex-A Device cause : null
2026-01-22 09:51:08,849 [WARN] ConditionMgr:1044 - genDependencies : Invalid condition id : Cortex-A Device cause : null
2026-01-22 09:51:08,849 [WARN] ConditionMgr:1044 - genDependencies : Invalid condition id : Cortex-A Device cause : null
2026-01-22 09:51:08,849 [WARN] ConditionMgr:1044 - genDependencies : Invalid condition id : Cortex-A Device cause : null
2026-01-22 09:51:08,862 [WARN] PackLoader:240 - Cannot read IP mode file for STMicroelectronics.X-CUBE-SUBG2.5.0.0
2026-01-22 09:51:08,891 [WARN] PackLoader:240 - Cannot read IP mode file for STMicroelectronics.X-CUBE-AZRTOS-H7RS.1.1.0
2026-01-22 09:51:08,914 [WARN] PackLoader:240 - Cannot read IP mode file for STMicroelectronics.X-CUBE-AZRTOS-G4.2.0.0
2026-01-22 09:51:08,921 [WARN] PackLoader:240 - Cannot read IP mode file for wolfSSL.I-CUBE-wolfSSH.1.4.20
2026-01-22 09:51:08,926 [WARN] PackLoader:240 - Cannot read IP mode file for STMicroelectronics.X-CUBE-NFC7.2.0.0
2026-01-22 09:51:08,944 [WARN] PackLoader:240 - Cannot read IP mode file for STMicroelectronics.X-CUBE-IPS.3.1.0
2026-01-22 09:51:08,956 [WARN] PackLoader:240 - Cannot read IP mode file for STMicroelectronics.X-CUBE-ALS.1.0.2
2026-01-22 09:51:08,965 [WARN] PackLoader:240 - Cannot read IP mode file for STMicroelectronics.X-CUBE-STSE01.1.0.0
2026-01-22 09:51:08,981 [WARN] PackLoader:240 - Cannot read IP mode file for STMicroelectronics.X-CUBE-TOF1.3.4.3
2026-01-22 09:51:08,998 [INFO] ThirdParty:978 - Integrity check success = true
2026-01-22 09:51:08,998 [INFO] IntegrityCheckThread:100 - exiting critical section [integrity check]
2026-01-22 09:51:08,998 [INFO] IntegrityCheckThread:103 - End integrity checks thread
2026-01-22 10:12:43,804 [ERROR] ConfigurationRetriever:142 - IOException on connection: Connect timed out
2026-01-22 10:12:45,807 [ERROR] ConfigurationRetriever:142 - IOException on connection: Connect timed out
2026-01-22 10:12:47,807 [ERROR] ConfigurationRetriever:142 - IOException on connection: Connect timed out
2026-01-22 10:12:49,929 [ERROR] ConfigurationRetriever:142 - IOException on connection: Connect timed out
2026-01-22 10:12:51,930 [ERROR] ConfigurationRetriever:142 - IOException on connection: Connect timed out
2026-01-22 10:12:53,935 [ERROR] ConfigurationRetriever:142 - IOException on connection: Connect timed out
2026-01-22 10:13:50,216 [ERROR] ConfigurationRetriever:142 - IOException on connection: Connect timed out
2026-01-22 10:13:52,218 [ERROR] ConfigurationRetriever:142 - IOException on connection: Connect timed out
2026-01-22 10:14:19,326 [ERROR] ConfigurationRetriever:142 - IOException on connection: Connect timed out
2026-01-22 10:14:21,385 [ERROR] ConfigurationRetriever:142 - IOException on connection: Connect timed out
2026-01-22 10:14:23,387 [ERROR] ConfigurationRetriever:142 - IOException on connection: Connect timed out
2026-01-22 10:14:25,470 [ERROR] ConfigurationRetriever:142 - IOException on connection: Connect timed out
2026-01-22 10:14:27,472 [ERROR] ConfigurationRetriever:142 - IOException on connection: Connect timed out
2026-01-22 10:14:29,476 [ERROR] ConfigurationRetriever:142 - IOException on connection: Connect timed out
2026-01-22 10:14:47,138 [ERROR] ConfigurationRetriever:142 - IOException on connection: Connect timed out
2026-01-22 10:14:49,140 [ERROR] ConfigurationRetriever:142 - IOException on connection: Connect timed out
2026-01-22 10:14:51,142 [ERROR] ConfigurationRetriever:142 - IOException on connection: Connect timed out
2026-01-22 10:15:27,354 [ERROR] ConfigurationRetriever:142 - IOException on connection: Connect timed out
2026-01-22 10:15:29,355 [ERROR] ConfigurationRetriever:142 - IOException on connection: Connect timed out
2026-01-22 10:15:31,358 [ERROR] ConfigurationRetriever:142 - IOException on connection: Connect timed out
2026-01-22 10:15:33,439 [ERROR] ConfigurationRetriever:142 - IOException on connection: Connect timed out
2026-01-22 10:15:35,442 [ERROR] ConfigurationRetriever:142 - IOException on connection: Connect timed out
2026-01-22 10:15:37,445 [ERROR] ConfigurationRetriever:142 - IOException on connection: Connect timed out
2026-01-22 10:15:53,856 [ERROR] ConfigurationRetriever:142 - IOException on connection: Connect timed out
2026-01-22 10:15:55,861 [ERROR] ConfigurationRetriever:142 - IOException on connection: Connect timed out
2026-01-22 11:15:27,305 [ERROR] ConfigurationRetriever:142 - IOException on connection: Connect timed out
2026-01-22 11:15:29,309 [ERROR] ConfigurationRetriever:142 - IOException on connection: Connect timed out
2026-01-22 11:15:31,310 [ERROR] ConfigurationRetriever:142 - IOException on connection: Connect timed out
2026-01-22 11:15:33,890 [ERROR] ConfigurationRetriever:142 - IOException on connection: Connect timed out
2026-01-22 11:15:35,894 [ERROR] ConfigurationRetriever:142 - IOException on connection: Connect timed out
2026-01-22 11:15:37,897 [ERROR] ConfigurationRetriever:142 - IOException on connection: Connect timed out
2026-01-22 11:17:15,321 [ERROR] ConfigurationRetriever:142 - IOException on connection: Connect timed out
2026-01-22 11:17:17,325 [ERROR] ConfigurationRetriever:142 - IOException on connection: Connect timed out
2026-01-22 11:17:19,330 [ERROR] ConfigurationRetriever:142 - IOException on connection: Connect timed out
2026-01-22 11:17:21,412 [ERROR] ConfigurationRetriever:142 - IOException on connection: Connect timed out
2026-01-22 11:17:23,416 [ERROR] ConfigurationRetriever:142 - IOException on connection: Connect timed out
2026-01-22 11:17:25,420 [ERROR] ConfigurationRetriever:142 - IOException on connection: Connect timed out
2026-01-22 11:24:32,161 [ERROR] ConfigurationRetriever:142 - IOException on connection: Connect timed out
2026-01-22 11:24:34,164 [ERROR] ConfigurationRetriever:142 - IOException on connection: Connect timed out
2026-01-22 11:24:36,166 [ERROR] ConfigurationRetriever:142 - IOException on connection: Connect timed out
2026-01-22 11:33:18,900 [ERROR] ConfigurationRetriever:142 - IOException on connection: Connect timed out
2026-01-22 11:33:20,903 [ERROR] ConfigurationRetriever:142 - IOException on connection: Connect timed out
2026-01-22 11:33:22,905 [ERROR] ConfigurationRetriever:142 - IOException on connection: Connect timed out
2026-01-22 11:33:24,975 [ERROR] ConfigurationRetriever:142 - IOException on connection: Connect timed out
2026-01-22 11:33:26,976 [ERROR] ConfigurationRetriever:142 - IOException on connection: Connect timed out
2026-01-22 11:33:28,979 [ERROR] ConfigurationRetriever:142 - IOException on connection: Connect timed out
2026-01-22 11:34:12,787 [ERROR] ConfigurationRetriever:142 - IOException on connection: Connect timed out
2026-01-22 11:34:14,790 [ERROR] ConfigurationRetriever:142 - IOException on connection: Connect timed out
2026-01-22 11:34:16,793 [ERROR] ConfigurationRetriever:142 - IOException on connection: Connect timed out
2026-01-22 11:34:18,881 [ERROR] ConfigurationRetriever:142 - IOException on connection: Connect timed out
2026-01-22 11:34:20,883 [ERROR] ConfigurationRetriever:142 - IOException on connection: Connect timed out
2026-01-22 11:34:22,887 [ERROR] ConfigurationRetriever:142 - IOException on connection: Connect timed out
2026-01-22 15:51:25,573 [ERROR] LogOutputStream:75 - [STDERR_REDIRECT] 
