2025-12-02 11:17:27,737 [INFO] Activator:176 - 


2025-12-02 11:17:27,745 [INFO] Activator:177 - !SESSION log4j initialized
2025-12-02 11:17:37,364 [INFO] LogOutputStream:77 - [STDOUT_REDIRECT] 
2025-12-02 11:17:39,223 [INFO] ApplicationProperties:184 - Using Application install path: D:\Install\STM32CubeIDE_1.18.1\STM32CubeIDE\plugins\com.st.stm32cube.common.mx_6.14.1.202504091515
2025-12-02 11:17:39,250 [INFO] DbMcusXml:78 - Set database path to: D:\Install\STM32CubeIDE_1.18.1\STM32CubeIDE\plugins\com.st.stm32cube.common.mx_6.14.1.202504091515\\db\/mcu/
2025-12-02 11:17:39,250 [INFO] ApiDb:274 - Set plugin database path to: D:\Install\STM32CubeIDE_1.18.1\STM32CubeIDE\plugins\com.st.stm32cube.common.mx_6.14.1.202504091515\\db\/plugins/boardmanager/
2025-12-02 11:17:39,251 [WARN] ApiDb:259 - Overriding images path with different value:  => D:\Install\STM32CubeIDE_1.18.1\STM32CubeIDE\plugins\com.st.stm32cube.common.mx_6.14.1.202504091515\\db\/plugins/mcufinder/images/
2025-12-02 11:17:39,268 [INFO] ApiDb:250 - Set database path to: C:\Users\DELL\.stmcufinder\plugins\mcufinder//mcu/
2025-12-02 11:17:39,269 [INFO] DbMcusAds:125 - Set database path to: C:\Users\DELL\.stmcufinder\plugins\mcufinder//mcu/
2025-12-02 11:17:39,274 [INFO] CrossReferenceDbSqlite:203 - Set database path to: C:\Users\DELL\.stmcufinder\plugins\mcufinder//mcu/cs/
2025-12-02 11:17:39,435 [INFO] RulesReader:64 - Compatibility file has been processed (302 Rules)
2025-12-02 11:17:39,553 [INFO] DbMcusXml:78 - Set database path to: D:\Install\STM32CubeIDE_1.18.1\STM32CubeIDE\plugins\com.st.stm32cube.common.mx_6.14.1.202504091515\\db\/mcu/
2025-12-02 11:17:39,553 [INFO] ApiDb:274 - Set plugin database path to: D:\Install\STM32CubeIDE_1.18.1\STM32CubeIDE\plugins\com.st.stm32cube.common.mx_6.14.1.202504091515\\db\/plugins/boardmanager/
2025-12-02 11:17:39,554 [INFO] ApiDb:261 - Set plugin images path to: D:\Install\STM32CubeIDE_1.18.1\STM32CubeIDE\plugins\com.st.stm32cube.common.mx_6.14.1.202504091515\\db\/plugins/mcufinder/images/
2025-12-02 11:17:39,554 [WARN] DbFile:41 - Overriding database path with different value: C:\Users\DELL\.stmcufinder\plugins\mcufinder/ => C:\Users\DELL\.stmcufinder\plugins\mcufinder
2025-12-02 11:17:39,554 [INFO] ApiDb:250 - Set database path to: C:\Users\DELL\.stmcufinder\plugins\mcufinder//mcu/
2025-12-02 11:17:39,554 [WARN] DbFile:41 - Overriding database path with different value: C:\Users\DELL\.stmcufinder\plugins\mcufinder/ => C:\Users\DELL\.stmcufinder\plugins\mcufinder
2025-12-02 11:17:39,554 [INFO] DbMcusAds:125 - Set database path to: C:\Users\DELL\.stmcufinder\plugins\mcufinder//mcu/
2025-12-02 11:17:39,555 [WARN] DbFile:41 - Overriding database path with different value: C:\Users\DELL\.stmcufinder\plugins\mcufinder/ => C:\Users\DELL\.stmcufinder\plugins\mcufinder
2025-12-02 11:17:39,555 [WARN] DbFile:41 - Overriding database path with different value: C:\Users\DELL\.stmcufinder\plugins\mcufinder/ => C:\Users\DELL\.stmcufinder\plugins\mcufinder
2025-12-02 11:17:39,555 [INFO] CrossReferenceDbSqlite:203 - Set database path to: C:\Users\DELL\.stmcufinder\plugins\mcufinder//mcu/cs/
2025-12-02 11:17:39,680 [INFO] MainPanel:272 - HeapMemory: 268435456
2025-12-02 11:17:39,878 [INFO] DbMcusXml:78 - Set database path to: D:\Install\STM32CubeIDE_1.18.1\STM32CubeIDE\plugins\com.st.stm32cube.common.mx_6.14.1.202504091515\\db\/mcu/
2025-12-02 11:17:39,878 [INFO] ApiDb:274 - Set plugin database path to: D:\Install\STM32CubeIDE_1.18.1\STM32CubeIDE\plugins\com.st.stm32cube.common.mx_6.14.1.202504091515\\db\/plugins/boardmanager/
2025-12-02 11:17:39,878 [INFO] ApiDb:261 - Set plugin images path to: D:\Install\STM32CubeIDE_1.18.1\STM32CubeIDE\plugins\com.st.stm32cube.common.mx_6.14.1.202504091515\\db\/plugins/mcufinder/images/
2025-12-02 11:17:39,879 [WARN] DbFile:41 - Overriding database path with different value: C:\Users\DELL\.stmcufinder\plugins\mcufinder/ => C:\Users\DELL\.stmcufinder\plugins\mcufinder
2025-12-02 11:17:39,879 [INFO] ApiDb:250 - Set database path to: C:\Users\DELL\.stmcufinder\plugins\mcufinder//mcu/
2025-12-02 11:17:39,879 [WARN] DbFile:41 - Overriding database path with different value: C:\Users\DELL\.stmcufinder\plugins\mcufinder/ => C:\Users\DELL\.stmcufinder\plugins\mcufinder
2025-12-02 11:17:39,879 [INFO] DbMcusAds:125 - Set database path to: C:\Users\DELL\.stmcufinder\plugins\mcufinder//mcu/
2025-12-02 11:17:39,879 [WARN] DbFile:41 - Overriding database path with different value: C:\Users\DELL\.stmcufinder\plugins\mcufinder/ => C:\Users\DELL\.stmcufinder\plugins\mcufinder
2025-12-02 11:17:39,879 [WARN] DbFile:41 - Overriding database path with different value: C:\Users\DELL\.stmcufinder\plugins\mcufinder/ => C:\Users\DELL\.stmcufinder\plugins\mcufinder
2025-12-02 11:17:39,879 [INFO] CrossReferenceDbSqlite:203 - Set database path to: C:\Users\DELL\.stmcufinder\plugins\mcufinder//mcu/cs/
2025-12-02 11:17:39,905 [INFO] ApplicationProperties:184 - Using Application install path: D:\Install\STM32CubeIDE_1.18.1\STM32CubeIDE\plugins\com.st.stm32cube.common.mx_6.14.1.202504091515
2025-12-02 11:17:39,907 [INFO] PluginManage:196 - Search for loadable plugins [exclusion list=, ]
2025-12-02 11:17:39,910 [INFO] PluginManage:310 - Check plugin analytics
2025-12-02 11:17:40,175 [INFO] AnalyticsPlugin:253 - Accepted Software Licenses: STM32CubeMX.6.14.1
2025-12-02 11:17:40,175 [INFO] AnalyticsPlugin:255 - Accepted CMSIS Pack Licenses: 
2025-12-02 11:17:40,175 [INFO] AnalyticsPlugin:257 - Accepted Firmware Licenses: FW.WL.1.3.0,FW.L4.1.18.0,FW.F4.1.28.0
2025-12-02 11:17:40,181 [INFO] PluginManage:359 - Loaded plugin analytics (category:tool,tabindex:-1)
2025-12-02 11:17:40,181 [INFO] PluginManage:310 - Check plugin cadmodel
2025-12-02 11:17:40,188 [INFO] CADModel:105 - Init CAD model plugin
2025-12-02 11:17:40,188 [INFO] PluginManage:359 - Loaded plugin cadmodel (category:power,tabindex:5)
2025-12-02 11:17:40,189 [INFO] PluginManage:310 - Check plugin clock
2025-12-02 11:17:40,201 [INFO] PluginManage:359 - Loaded plugin clock (category:base,tabindex:2)
2025-12-02 11:17:40,202 [INFO] PluginManage:310 - Check plugin ddr
2025-12-02 11:17:40,205 [INFO] PluginManage:359 - Loaded plugin ddr (category:tool,tabindex:6)
2025-12-02 11:17:40,205 [INFO] PluginManage:310 - Check plugin filemanager
2025-12-02 11:17:40,384 [INFO] PluginManage:359 - Loaded plugin filemanager (category:base,tabindex:10)
2025-12-02 11:17:40,384 [INFO] PluginManage:310 - Check plugin ipmanager
2025-12-02 11:17:40,392 [INFO] PluginManage:359 - Loaded plugin ipmanager (category:base,tabindex:5)
2025-12-02 11:17:40,392 [INFO] PluginManage:310 - Check plugin lpbam
2025-12-02 11:17:40,402 [INFO] PluginManage:359 - Loaded plugin lpbam (category:base,tabindex:0)
2025-12-02 11:17:40,403 [INFO] PluginManage:310 - Check plugin memorymap
2025-12-02 11:17:40,423 [INFO] PluginManage:359 - Loaded plugin memorymap (category:base,tabindex:4)
2025-12-02 11:17:40,423 [INFO] PluginManage:310 - Check plugin pinoutandconfiguration
2025-12-02 11:17:40,435 [INFO] PluginManage:359 - Loaded plugin pinoutandconfiguration (category:base,tabindex:1)
2025-12-02 11:17:40,435 [INFO] PluginManage:310 - Check plugin pinoutconfig
2025-12-02 11:17:40,548 [WARN] SupportedApi:132 - Cannot load RTOS API schema: s4s-elt-must-match.1: The content of 'definitions' must match (annotation?, (simpleType | complexType)?, (unique | key | keyref)*)). A problem was found starting at: attribute.
2025-12-02 11:17:40,753 [INFO] PluginManage:359 - Loaded plugin pinoutconfig (category:base,tabindex:0)
2025-12-02 11:17:40,753 [INFO] PluginManage:310 - Check plugin power
2025-12-02 11:17:40,768 [INFO] PluginManage:359 - Loaded plugin power (category:power,tabindex:4)
2025-12-02 11:17:40,768 [INFO] PluginManage:310 - Check plugin projectmanager
2025-12-02 11:17:40,790 [INFO] PluginManage:359 - Loaded plugin projectmanager (category:projectmanager,tabindex:4)
2025-12-02 11:17:40,790 [INFO] PluginManage:310 - Check plugin rif
2025-12-02 11:17:40,803 [INFO] PluginManage:359 - Loaded plugin rif (category:base,tabindex:3)
2025-12-02 11:17:40,803 [INFO] PluginManage:310 - Check plugin thirdparty
2025-12-02 11:17:41,001 [INFO] PluginManage:359 - Loaded plugin thirdparty (category:base,tabindex:-1)
2025-12-02 11:17:41,001 [INFO] PluginManage:310 - Check plugin tools
2025-12-02 11:17:41,001 [WARN] IntegrityCheckThread:84 - waiting for thirdparty lock release [integrity check]
2025-12-02 11:17:41,002 [INFO] IntegrityCheckThread:86 - entering critical section [integrity check]
2025-12-02 11:17:41,003 [INFO] ThirdPartyUpdaterWithRetryManager:70 - Updater plugin not ready yet. [1/15]
2025-12-02 11:17:41,004 [INFO] PluginManage:359 - Loaded plugin tools (category:base,tabindex:7)
2025-12-02 11:17:41,005 [INFO] PluginManage:310 - Check plugin tutovideos
2025-12-02 11:17:41,235 [INFO] PluginManage:359 - Loaded plugin tutovideos (category:base,tabindex:-1)
2025-12-02 11:17:41,235 [INFO] PluginManage:310 - Check plugin updater
2025-12-02 11:17:41,266 [INFO] PluginManage:359 - Loaded plugin updater (category:base,tabindex:12)
2025-12-02 11:17:41,266 [INFO] PluginManage:310 - Check plugin userauth
2025-12-02 11:17:41,270 [INFO] UserAuth:118 - Init User Auth plugin
2025-12-02 11:17:41,271 [INFO] PluginManage:359 - Loaded plugin userauth (category:base,tabindex:14)
2025-12-02 11:17:41,272 [INFO] PluginManage:283 - PluginManage : Loaded plugins [18]
2025-12-02 11:17:41,545 [INFO] PinOutPanel:1589 - setPackage(No Configuration,No Configuration)
2025-12-02 11:17:41,678 [INFO] CADModel:165 - CPN selected for project level
2025-12-02 11:17:41,679 [INFO] CADModel:114 - Register for checkConnection events
2025-12-02 11:17:41,705 [INFO] IPUIPlugin:80 - create IPUIPlugin
2025-12-02 11:17:41,706 [INFO] PluginManager:220 - loadIPPluginJar : add adc
2025-12-02 11:17:41,710 [INFO] IPUIPlugin:80 - create IPUIPlugin
2025-12-02 11:17:41,710 [INFO] PluginManager:220 - loadIPPluginJar : add aes
2025-12-02 11:17:41,714 [INFO] IPUIPlugin:80 - create IPUIPlugin
2025-12-02 11:17:41,714 [INFO] PluginManager:220 - loadIPPluginJar : add can
2025-12-02 11:17:41,717 [INFO] IPUIPlugin:80 - create IPUIPlugin
2025-12-02 11:17:41,717 [INFO] PluginManager:220 - loadIPPluginJar : add comp
2025-12-02 11:17:41,720 [INFO] IPUIPlugin:80 - create IPUIPlugin
2025-12-02 11:17:41,721 [INFO] PluginManager:220 - loadIPPluginJar : add cryp
2025-12-02 11:17:41,725 [INFO] IPUIPlugin:80 - create IPUIPlugin
2025-12-02 11:17:41,725 [INFO] PluginManager:220 - loadIPPluginJar : add ddr_ctrl_phy
2025-12-02 11:17:41,729 [INFO] IPUIPlugin:80 - create IPUIPlugin
2025-12-02 11:17:41,729 [INFO] PluginManager:220 - loadIPPluginJar : add dfsdm
2025-12-02 11:17:41,736 [INFO] IPUIPlugin:80 - create IPUIPlugin
2025-12-02 11:17:41,737 [INFO] PluginManager:220 - loadIPPluginJar : add dma
2025-12-02 11:17:41,743 [INFO] IPUIPlugin:80 - create IPUIPlugin
2025-12-02 11:17:41,743 [INFO] PluginManager:220 - loadIPPluginJar : add dma3
2025-12-02 11:17:41,748 [INFO] IPUIPlugin:80 - create IPUIPlugin
2025-12-02 11:17:41,748 [INFO] PluginManager:220 - loadIPPluginJar : add extmemmanager
2025-12-02 11:17:41,750 [INFO] IPUIPlugin:80 - create IPUIPlugin
2025-12-02 11:17:41,750 [INFO] PluginManager:220 - loadIPPluginJar : add fatfs
2025-12-02 11:17:41,757 [INFO] IPUIPlugin:80 - create IPUIPlugin
2025-12-02 11:17:41,757 [INFO] PluginManager:220 - loadIPPluginJar : add fmc
2025-12-02 11:17:41,767 [INFO] IPUIPlugin:80 - create IPUIPlugin
2025-12-02 11:17:41,767 [INFO] PluginManager:220 - loadIPPluginJar : add freertos
2025-12-02 11:17:41,769 [INFO] IPUIPlugin:80 - create IPUIPlugin
2025-12-02 11:17:41,770 [INFO] PluginManager:220 - loadIPPluginJar : add genericplugin
2025-12-02 11:17:41,773 [INFO] IPUIPlugin:80 - create IPUIPlugin
2025-12-02 11:17:41,774 [INFO] PluginManager:220 - loadIPPluginJar : add gfxmmu
2025-12-02 11:17:41,781 [INFO] IPUIPlugin:80 - create IPUIPlugin
2025-12-02 11:17:41,781 [INFO] PluginManager:220 - loadIPPluginJar : add gic
2025-12-02 11:17:41,788 [INFO] IPUIPlugin:80 - create IPUIPlugin
2025-12-02 11:17:41,788 [INFO] PluginManager:220 - loadIPPluginJar : add gpio
2025-12-02 11:17:41,792 [INFO] IPUIPlugin:80 - create IPUIPlugin
2025-12-02 11:17:41,793 [INFO] PluginManager:220 - loadIPPluginJar : add gtzc
2025-12-02 11:17:41,797 [INFO] IPUIPlugin:80 - create IPUIPlugin
2025-12-02 11:17:41,797 [INFO] PluginManager:220 - loadIPPluginJar : add hash
2025-12-02 11:17:41,803 [INFO] IPUIPlugin:80 - create IPUIPlugin
2025-12-02 11:17:41,803 [INFO] PluginManager:220 - loadIPPluginJar : add i2c
2025-12-02 11:17:41,807 [INFO] IPUIPlugin:80 - create IPUIPlugin
2025-12-02 11:17:41,807 [INFO] PluginManager:220 - loadIPPluginJar : add i2s
2025-12-02 11:17:41,812 [INFO] IPUIPlugin:80 - create IPUIPlugin
2025-12-02 11:17:41,812 [INFO] PluginManager:220 - loadIPPluginJar : add i3c
2025-12-02 11:17:41,817 [INFO] IPUIPlugin:80 - create IPUIPlugin
2025-12-02 11:17:41,817 [INFO] PluginManager:220 - loadIPPluginJar : add ipddr
2025-12-02 11:17:41,827 [INFO] IPUIPlugin:80 - create IPUIPlugin
2025-12-02 11:17:41,828 [INFO] PluginManager:220 - loadIPPluginJar : add linkedlist
2025-12-02 11:17:41,833 [INFO] IPUIPlugin:80 - create IPUIPlugin
2025-12-02 11:17:41,833 [INFO] PluginManager:220 - loadIPPluginJar : add lorawan
2025-12-02 11:17:41,836 [INFO] IPUIPlugin:80 - create IPUIPlugin
2025-12-02 11:17:41,836 [INFO] PluginManager:220 - loadIPPluginJar : add ltdc
2025-12-02 11:17:41,845 [INFO] IPUIPlugin:80 - create IPUIPlugin
2025-12-02 11:17:41,845 [INFO] PluginManager:220 - loadIPPluginJar : add mdma
2025-12-02 11:17:41,851 [INFO] IPUIPlugin:80 - create IPUIPlugin
2025-12-02 11:17:41,851 [INFO] PluginManager:220 - loadIPPluginJar : add nvic
2025-12-02 11:17:41,856 [INFO] IPUIPlugin:80 - create IPUIPlugin
2025-12-02 11:17:41,856 [INFO] PluginManager:220 - loadIPPluginJar : add opamp
2025-12-02 11:17:41,861 [INFO] IPUIPlugin:80 - create IPUIPlugin
2025-12-02 11:17:41,861 [INFO] PluginManager:220 - loadIPPluginJar : add openamp
2025-12-02 11:17:41,866 [INFO] IPUIPlugin:80 - create IPUIPlugin
2025-12-02 11:17:41,866 [INFO] PluginManager:220 - loadIPPluginJar : add pdm2pcm
2025-12-02 11:17:41,874 [INFO] IPUIPlugin:80 - create IPUIPlugin
2025-12-02 11:17:41,878 [INFO] PluginManager:220 - loadIPPluginJar : add plateformsettings
2025-12-02 11:17:41,881 [INFO] IPUIPlugin:80 - create IPUIPlugin
2025-12-02 11:17:41,881 [INFO] PluginManager:220 - loadIPPluginJar : add quadspi
2025-12-02 11:17:41,884 [INFO] IPUIPlugin:80 - create IPUIPlugin
2025-12-02 11:17:41,885 [INFO] PluginManager:220 - loadIPPluginJar : add radio
2025-12-02 11:17:41,893 [INFO] IPUIPlugin:80 - create IPUIPlugin
2025-12-02 11:17:41,893 [INFO] PluginManager:220 - loadIPPluginJar : add resmgrutility
2025-12-02 11:17:41,898 [INFO] IPUIPlugin:80 - create IPUIPlugin
2025-12-02 11:17:41,899 [INFO] PluginManager:220 - loadIPPluginJar : add sai
2025-12-02 11:17:41,903 [INFO] IPUIPlugin:80 - create IPUIPlugin
2025-12-02 11:17:41,903 [INFO] PluginManager:220 - loadIPPluginJar : add spi
2025-12-02 11:17:41,912 [INFO] IPUIPlugin:80 - create IPUIPlugin
2025-12-02 11:17:41,913 [INFO] PluginManager:220 - loadIPPluginJar : add stm32_wpan
2025-12-02 11:17:41,916 [INFO] IPUIPlugin:80 - create IPUIPlugin
2025-12-02 11:17:41,916 [INFO] PluginManager:220 - loadIPPluginJar : add tim
2025-12-02 11:17:41,921 [INFO] IPUIPlugin:80 - create IPUIPlugin
2025-12-02 11:17:41,921 [INFO] PluginManager:220 - loadIPPluginJar : add touchsensing
2025-12-02 11:17:41,925 [INFO] IPUIPlugin:80 - create IPUIPlugin
2025-12-02 11:17:41,925 [INFO] PluginManager:220 - loadIPPluginJar : add tracer_emb
2025-12-02 11:17:41,928 [INFO] IPUIPlugin:80 - create IPUIPlugin
2025-12-02 11:17:41,929 [INFO] PluginManager:220 - loadIPPluginJar : add ts
2025-12-02 11:17:41,931 [INFO] IPUIPlugin:80 - create IPUIPlugin
2025-12-02 11:17:41,931 [INFO] PluginManager:220 - loadIPPluginJar : add tsc
2025-12-02 11:17:41,934 [INFO] IPUIPlugin:80 - create IPUIPlugin
2025-12-02 11:17:41,934 [INFO] PluginManager:220 - loadIPPluginJar : add ucpd
2025-12-02 11:17:41,939 [INFO] IPUIPlugin:80 - create IPUIPlugin
2025-12-02 11:17:41,939 [INFO] PluginManager:220 - loadIPPluginJar : add usart
2025-12-02 11:17:41,944 [INFO] IPUIPlugin:80 - create IPUIPlugin
2025-12-02 11:17:41,944 [INFO] PluginManager:220 - loadIPPluginJar : add usbx
2025-12-02 11:17:42,109 [FATAL] Updater:351 - Updater called before beeing initialized
2025-12-02 11:17:42,182 [INFO] RulesReader:64 - Compatibility file has been processed (302 Rules)
2025-12-02 11:17:42,198 [INFO] RulesReader:64 - Compatibility file has been processed (302 Rules)
2025-12-02 11:17:42,208 [INFO] CADModel:165 - CPN selected for project level
2025-12-02 11:17:42,208 [INFO] CADModel:114 - Register for checkConnection events
2025-12-02 11:17:42,208 [FATAL] Updater:351 - Updater called before beeing initialized
2025-12-02 11:17:42,208 [ERROR] CADModel:125 - Updater not yet initialized, retry later 
2025-12-02 11:17:42,395 [FATAL] Updater:351 - Updater called before beeing initialized
2025-12-02 11:17:42,398 [INFO] CADModel:165 - CPN selected for project level
2025-12-02 11:17:42,398 [INFO] CADModel:114 - Register for checkConnection events
2025-12-02 11:17:42,398 [FATAL] Updater:351 - Updater called before beeing initialized
2025-12-02 11:17:42,398 [ERROR] CADModel:125 - Updater not yet initialized, retry later 
2025-12-02 11:17:42,403 [FATAL] Updater:351 - Updater called before beeing initialized
2025-12-02 11:17:42,563 [FATAL] Updater:351 - Updater called before beeing initialized
2025-12-02 11:17:42,568 [INFO] DbMcusAds:53 - JSON generation date=Tue Nov 25 19:08:32 PKT 2025 (1764079712835)
2025-12-02 11:17:42,569 [FATAL] Updater:351 - Updater called before beeing initialized
2025-12-02 11:17:42,622 [WARN] DetailPanel:346 - Failed to get advertising image, set to default
2025-12-02 11:17:42,930 [FATAL] Updater:351 - Updater called before beeing initialized
2025-12-02 11:17:42,933 [FATAL] Updater:351 - Updater called before beeing initialized
2025-12-02 11:17:42,933 [FATAL] Updater:351 - Updater called before beeing initialized
2025-12-02 11:17:42,934 [WARN] DetailPanel:346 - Failed to get advertising image, set to default
2025-12-02 11:17:42,935 [FATAL] Updater:351 - Updater called before beeing initialized
2025-12-02 11:17:43,000 [ERROR] Updater:1198 - MainUpdater not yet initialized. External WinMGr cannot be set.
2025-12-02 11:17:43,002 [INFO] Updater:1134 - Updater Version found : 6.14.1
2025-12-02 11:17:43,024 [INFO] ApplicationProperties:184 - Using Application install path: D:\Install\STM32CubeIDE_1.18.1\STM32CubeIDE\plugins\com.st.stm32cube.common.mx_6.14.1.202504091515
2025-12-02 11:17:44,005 [INFO] ThirdPartyUpdaterWithRetryManager:70 - Updater plugin not ready yet. [2/15]
2025-12-02 11:17:44,621 [ERROR] LogOutputStream:75 - [STDERR_REDIRECT] Dec 02, 2025 11:17:44 AM java.util.prefs.WindowsPreferences <init>
2025-12-02 11:17:44,630 [ERROR] LogOutputStream:75 - [STDERR_REDIRECT] WARNING: Could not open/create prefs root node Software\JavaSoft\Prefs at root 0xffffffff80000002. Windows RegCreateKeyEx(...) returned error code 5.
2025-12-02 11:17:44,631 [ERROR] LogOutputStream:75 - [STDERR_REDIRECT] 
2025-12-02 11:17:45,482 [INFO] MainUpdater:2872 - connection check result : 10
2025-12-02 11:17:45,483 [INFO] MainUpdater:289 - Updater Check For Update Now.
2025-12-02 11:17:45,484 [INFO] MicroXplorer:498 - Change Database Version : DB.6.0.141
2025-12-02 11:17:45,502 [INFO] McuFinderGlobals:63 - Set McuFinder mode to 2 (CubeIDE integrated)
2025-12-02 11:17:45,503 [INFO] UserAuth:484 - Internet connection configuration mode: 1
2025-12-02 11:17:45,571 [INFO] JxBrowserEngine:152 - Initiate JxBrowser Engine with user profile folder
2025-12-02 11:17:45,767 [INFO] CheckServerUpdateThread:120 - End of CheckServer Thread
2025-12-02 11:17:47,567 [WARN] PackLoader:240 - Cannot read IP mode file for STMicroelectronics.FP-SNS-MOTENVWB1.1.4.0
2025-12-02 11:17:47,579 [WARN] PackLoader:240 - Cannot read IP mode file for STMicroelectronics.FP-ATR-ASTRA1.2.0.2
2025-12-02 11:17:47,594 [WARN] PackLoader:240 - Cannot read IP mode file for STMicroelectronics.X-CUBE-SMBUS.2.1.0
2025-12-02 11:17:47,605 [WARN] PackLoader:240 - Cannot read IP mode file for STMicroelectronics.X-CUBE-ST60.1.0.0
2025-12-02 11:17:47,658 [WARN] PackLoader:240 - Cannot read IP mode file for STMicroelectronics.X-CUBE-AZRTOS-F7.1.1.0
2025-12-02 11:17:47,702 [WARN] PackLoader:240 - Cannot read IP mode file for Cesanta.I-CUBE-Mongoose.7.19.0
2025-12-02 11:17:47,708 [ERROR] Engine:466 - C:\Users\DELL\.stm32cubemx\thirdparties\pdsc\STMicroelectronics.FP-SNS-MOTENV1.5.1.0.pdsc: PDSC version is not supported
2025-12-02 11:17:47,714 [ERROR] Engine:466 - C:\Users\DELL\.stm32cubemx\thirdparties\pdsc\WES.I-CUBE-Cesium.1.4.0.pdsc: PDSC version is not supported
2025-12-02 11:17:47,756 [WARN] PackLoader:240 - Cannot read IP mode file for Infineon.AIROC-Wi-Fi-Bluetooth-STM32.1.7.1
2025-12-02 11:17:47,817 [WARN] PackLoader:240 - Cannot read IP mode file for STMicroelectronics.X-CUBE-AZRTOS-H7.3.4.0
2025-12-02 11:17:47,854 [WARN] PackLoader:240 - Cannot read IP mode file for STMicroelectronics.X-CUBE-DISPLAY.3.0.0
2025-12-02 11:17:47,881 [WARN] PackLoader:240 - Cannot read IP mode file for STMicroelectronics.X-CUBE-NFC10.1.0.0
2025-12-02 11:17:47,895 [WARN] PackLoader:240 - Cannot read IP mode file for STMicroelectronics.X-CUBE-ST60.1.1.0
2025-12-02 11:17:47,909 [WARN] PackLoader:240 - Cannot read IP mode file for emotas.I-CUBE-CANOPEN.1.3.0
2025-12-02 11:17:47,917 [WARN] PackLoader:240 - Cannot read IP mode file for STMicroelectronics.X-CUBE-GNSS1.7.1.0
2025-12-02 11:17:47,926 [ERROR] Engine:466 - C:\Users\DELL\.stm32cubemx\thirdparties\pdsc\STMicroelectronics.FP-SNS-STBOX1.2.1.0.pdsc: PDSC version is not supported
2025-12-02 11:17:47,934 [WARN] PackLoader:240 - Cannot read IP mode file for STMicroelectronics.FP-SNS-SMARTAG2.1.2.0
2025-12-02 11:17:47,945 [WARN] PackLoader:240 - Cannot read IP mode file for STMicroelectronics.FP-SNS-FLIGHT1.5.1.0
2025-12-02 11:17:47,991 [INFO] LogOutputStream:77 - [STDOUT_REDIRECT] 1 : Invalid condition id : UX_CORESTACK_Condition cause : null
2025-12-02 11:17:47,992 [INFO] LogOutputStream:77 - [STDOUT_REDIRECT] 1 : Invalid condition id : UX_CORESTACK_Condition cause : null
2025-12-02 11:17:47,995 [INFO] LogOutputStream:77 - [STDOUT_REDIRECT] 1 : Invalid condition id : UX_CORESTACK_Condition cause : null
2025-12-02 11:17:47,998 [INFO] LogOutputStream:77 - [STDOUT_REDIRECT] 1 : Invalid condition id : UX_CORESTACK_Condition cause : null
2025-12-02 11:17:48,000 [INFO] LogOutputStream:77 - [STDOUT_REDIRECT] 1 : Invalid condition id : UX_CORESTACK_Condition cause : null
2025-12-02 11:17:48,006 [WARN] PackLoader:240 - Cannot read IP mode file for STMicroelectronics.X-CUBE-AZRTOS-WL.2.0.0
2025-12-02 11:17:48,016 [WARN] PackLoader:240 - Cannot read IP mode file for STMicroelectronics.FP-SNS-MOTENV1.5.0.0
2025-12-02 11:17:48,105 [WARN] PackLoader:240 - Cannot read IP mode file for STMicroelectronics.X-CUBE-AZRTOS-H7RS.1.2.0
2025-12-02 11:17:48,118 [WARN] PackLoader:240 - Cannot read IP mode file for STMicroelectronics.X-CUBE-BLE2.3.3.0
2025-12-02 11:17:48,226 [WARN] PackLoader:240 - Cannot read IP mode file for STMicroelectronics.X-CUBE-NFC9.1.0.0
2025-12-02 11:17:48,238 [WARN] PackLoader:240 - Cannot read IP mode file for wolfSSL.I-CUBE-wolfSSL.5.8.2
2025-12-02 11:17:48,248 [WARN] PackLoader:240 - Cannot read IP mode file for STMicroelectronics.X-CUBE-BLE1.7.1.0
2025-12-02 11:17:48,253 [WARN] PackLoader:240 - Cannot read IP mode file for wolfSSL.I-CUBE-wolfMQTT.1.19.2
2025-12-02 11:17:48,259 [ERROR] Engine:466 - C:\Users\DELL\.stm32cubemx\thirdparties\pdsc\STMicroelectronics.X-CUBE-FREERTOS.1.4.0.pdsc: PDSC version is not supported
2025-12-02 11:17:48,272 [WARN] PackLoader:240 - Cannot read IP mode file for STMicroelectronics.X-CUBE-EEPRMA1.5.2.0
2025-12-02 11:17:48,282 [ERROR] Engine:466 - C:\Users\DELL\.stm32cubemx\thirdparties\pdsc\STMicroelectronics.X-CUBE-ST67W61.1.1.0.pdsc: PDSC version is not supported
2025-12-02 11:17:48,463 [WARN] PackLoader:240 - Cannot read IP mode file for STMicroelectronics.X-CUBE-MEMS1.12.0.0
2025-12-02 11:17:48,558 [INFO] WebApp:169 - Instantiating new browser for Auth
2025-12-02 11:17:48,683 [WARN] PackLoader:240 - Cannot read IP mode file for STMicroelectronics.X-CUBE-AZRTOS-G0.1.1.0
2025-12-02 11:17:48,699 [WARN] PackLoader:240 - Cannot read IP mode file for STMicroelectronics.X-CUBE-SAFEA1.1.2.2
2025-12-02 11:17:48,752 [WARN] PackLoader:240 - Cannot read IP mode file for STMicroelectronics.X-CUBE-NFC4.3.0.0
2025-12-02 11:17:48,779 [WARN] PackLoader:240 - Cannot read IP mode file for EmbeddedOffice.I-CUBE-FS-RTOS.1.0.1
2025-12-02 11:17:48,786 [WARN] PackLoader:240 - Cannot read IP mode file for STMicroelectronics.X-CUBE-WB05N.2.0.0
2025-12-02 11:17:48,792 [WARN] PackLoader:240 - Cannot read IP mode file for wolfSSL.I-CUBE-wolfTPM.3.8.0
2025-12-02 11:17:48,799 [WARN] PackLoader:240 - Cannot read IP mode file for STMicroelectronics.X-CUBE-TCPP.4.2.0
2025-12-02 11:17:48,813 [WARN] PackLoader:240 - Cannot read IP mode file for RealThread.X-CUBE-RT-Thread_Nano.4.1.1
2025-12-02 11:17:48,823 [WARN] PackLoader:240 - Cannot read IP mode file for STMicroelectronics.FP-ATR-SIGFOX1.3.2.0
2025-12-02 11:17:48,831 [WARN] PackLoader:240 - Cannot read IP mode file for ITTIA_DB.I-CUBE-ITTIADB.8.9.0
2025-12-02 11:17:48,841 [WARN] PackLoader:240 - Cannot read IP mode file for STMicroelectronics.X-CUBE-ST67W61.1.0.0
2025-12-02 11:17:48,847 [WARN] PackLoader:240 - Cannot read IP mode file for STMicroelectronics.X-CUBE-AI.10.2.0
2025-12-02 11:17:48,904 [WARN] PackLoader:240 - Cannot read IP mode file for SEGGER.I-CUBE-embOS.1.3.1
2025-12-02 11:17:48,960 [WARN] PackLoader:240 - Cannot read IP mode file for STMicroelectronics.X-CUBE-ALGOBUILD.1.4.0
2025-12-02 11:17:49,052 [WARN] PackLoader:240 - Cannot read IP mode file for STMicroelectronics.X-CUBE-MEMS1.11.3.0
2025-12-02 11:17:49,275 [WARN] PackLoader:240 - Cannot read IP mode file for STMicroelectronics.X-CUBE-PM33A1.1.0.0
2025-12-02 11:17:49,302 [WARN] PackLoader:240 - Cannot read IP mode file for STMicroelectronics.X-CUBE-AZRTOS-F4.1.1.0
2025-12-02 11:17:49,312 [WARN] PackLoader:240 - Cannot read IP mode file for Avnet-IotConnect.X-CUBE-IoTC-DA16k-PMOD.1.0.0
2025-12-02 11:17:49,319 [WARN] PackLoader:240 - Cannot read IP mode file for STMicroelectronics.X-CUBE-ISPU.2.1.0
2025-12-02 11:17:49,329 [ERROR] Engine:466 - C:\Users\DELL\.stm32cubemx\thirdparties\pdsc\STMicroelectronics.X-CUBE-IPS.3.2.0.pdsc: PDSC version is not supported
2025-12-02 11:17:49,338 [WARN] PackLoader:240 - Cannot read IP mode file for STMicroelectronics.X-CUBE-NFC12.1.0.0
2025-12-02 11:17:49,362 [WARN] PackLoader:240 - Cannot read IP mode file for STMicroelectronics.X-CUBE-AZRTOS-L5.2.0.0
2025-12-02 11:17:49,408 [WARN] PackLoader:240 - Cannot read IP mode file for STMicroelectronics.X-CUBE-NFC6.3.1.0
2025-12-02 11:17:49,419 [WARN] PackLoader:240 - Cannot read IP mode file for STMicroelectronics.X-CUBE-FREERTOS.1.3.1
2025-12-02 11:17:49,427 [WARN] PackLoader:240 - Cannot read IP mode file for STMicroelectronics.X-CUBE-TOUCHGFX.4.26.0
2025-12-02 11:17:49,435 [WARN] PackLoader:240 - Cannot read IP mode file for STMicroelectronics.FP-SNS-STAIOTCFT.1.0.0
2025-12-02 11:17:49,443 [WARN] PackLoader:240 - Cannot read IP mode file for STMicroelectronics.X-CUBE-DPower.1.3.0
2025-12-02 11:17:49,467 [WARN] ConditionMgr:438 - getConditionDescription Invalid condition id : LAN8742 Phy interface Condition cause : null
2025-12-02 11:17:49,468 [WARN] PackLoader:240 - Cannot read IP mode file for STMicroelectronics.X-CUBE-AZRTOS-L4.2.0.0
2025-12-02 11:17:49,470 [WARN] ConditionMgr:1044 - genDependencies : Invalid condition id : LAN8742 Phy interface Condition cause : null
2025-12-02 11:17:49,471 [WARN] ConditionMgr:1044 - genDependencies : Invalid condition id : LAN8742 Phy interface Condition cause : null
2025-12-02 11:17:49,472 [WARN] ConditionMgr:1044 - genDependencies : Invalid condition id : LAN8742 Phy interface Condition cause : null
2025-12-02 11:17:49,565 [WARN] PackLoader:240 - Cannot read IP mode file for STMicroelectronics.X-CUBE-SFXS2LP1.4.0.0
2025-12-02 11:17:49,634 [WARN] PackLoader:240 - Cannot read IP mode file for STMicroelectronics.X-CUBE-BLEMGR.4.1.0
2025-12-02 11:17:49,731 [WARN] ConditionMgr:438 - getConditionDescription Invalid condition id : UX DEVICE CLASS RTOS Condition cause : null
2025-12-02 11:17:49,731 [WARN] ConditionMgr:438 - getConditionDescription Invalid condition id : UX DEVICE CLASS RTOS Condition cause : null
2025-12-02 11:17:49,735 [WARN] PackLoader:240 - Cannot read IP mode file for STMicroelectronics.X-CUBE-AZRTOS-WB.2.0.0
2025-12-02 11:17:49,736 [WARN] ConditionMgr:1044 - genDependencies : Invalid condition id : UX DEVICE CLASS RTOS Condition cause : null
2025-12-02 11:17:49,736 [WARN] ConditionMgr:1044 - genDependencies : Invalid condition id : UX DEVICE CLASS RTOS Condition cause : null
2025-12-02 11:17:49,736 [WARN] ConditionMgr:1044 - genDependencies : Invalid condition id : UX DEVICE CLASS RTOS Condition cause : null
2025-12-02 11:17:49,737 [WARN] ConditionMgr:1044 - genDependencies : Invalid condition id : UX DEVICE CLASS RTOS Condition cause : null
2025-12-02 11:17:49,737 [WARN] ConditionMgr:1044 - genDependencies : Invalid condition id : UX DEVICE CLASS RTOS Condition cause : null
2025-12-02 11:17:49,752 [WARN] PackLoader:240 - Cannot read IP mode file for STMicroelectronics.X-CUBE-GNSS1.7.0.1
2025-12-02 11:17:49,756 [WARN] PackLoader:240 - Cannot read IP mode file for STMicroelectronics.X-CUBE-TOUCHGFX.4.25.0
2025-12-02 11:17:49,761 [WARN] ConditionMgr:438 - getConditionDescription Invalid condition id : Cortex-A Device cause : null
2025-12-02 11:17:49,801 [WARN] ConditionMgr:1044 - genDependencies : Invalid condition id : Cortex-A Device cause : null
2025-12-02 11:17:49,802 [WARN] ConditionMgr:1044 - genDependencies : Invalid condition id : Cortex-A Device cause : null
2025-12-02 11:17:49,802 [WARN] ConditionMgr:1044 - genDependencies : Invalid condition id : Cortex-A Device cause : null
2025-12-02 11:17:49,846 [WARN] PackLoader:240 - Cannot read IP mode file for STMicroelectronics.X-CUBE-SUBG2.5.0.0
2025-12-02 11:17:49,988 [WARN] PackLoader:240 - Cannot read IP mode file for STMicroelectronics.X-CUBE-AZRTOS-H7RS.1.1.0
2025-12-02 11:17:50,013 [WARN] PackLoader:240 - Cannot read IP mode file for STMicroelectronics.X-CUBE-AZRTOS-G4.2.0.0
2025-12-02 11:17:50,019 [WARN] PackLoader:240 - Cannot read IP mode file for wolfSSL.I-CUBE-wolfSSH.1.4.20
2025-12-02 11:17:50,025 [WARN] PackLoader:240 - Cannot read IP mode file for STMicroelectronics.X-CUBE-NFC7.2.0.0
2025-12-02 11:17:50,044 [WARN] PackLoader:240 - Cannot read IP mode file for STMicroelectronics.X-CUBE-IPS.3.1.0
2025-12-02 11:17:50,056 [WARN] PackLoader:240 - Cannot read IP mode file for STMicroelectronics.X-CUBE-ALS.1.0.2
2025-12-02 11:17:50,065 [WARN] PackLoader:240 - Cannot read IP mode file for STMicroelectronics.X-CUBE-STSE01.1.0.0
2025-12-02 11:17:50,083 [WARN] PackLoader:240 - Cannot read IP mode file for STMicroelectronics.X-CUBE-TOF1.3.4.3
2025-12-02 11:17:50,157 [INFO] ThirdParty:978 - Integrity check success = true
2025-12-02 11:17:50,157 [INFO] IntegrityCheckThread:100 - exiting critical section [integrity check]
2025-12-02 11:17:50,157 [INFO] IntegrityCheckThread:103 - End integrity checks thread
2025-12-02 11:17:51,282 [INFO] WebApp:463 - Apply proxy settings
2025-12-02 11:17:51,282 [INFO] WebApp:548 - Chromium requires no authentication
2025-12-02 11:17:51,299 [INFO] WebApp:491 - Direct internet connection detected
2025-12-02 11:17:51,344 [INFO] WebApp:894 - Register for checkConnection events
2025-12-02 11:17:51,344 [INFO] WebApp:463 - Apply proxy settings
2025-12-02 11:17:51,344 [INFO] WebApp:548 - Chromium requires no authentication
2025-12-02 11:17:51,345 [INFO] WebApp:491 - Direct internet connection detected
2025-12-02 11:17:51,599 [INFO] WebApp:225 - Starting web application
2025-12-02 11:17:51,599 [INFO] WebApp:593 - Web application path used D:\Install\STM32CubeIDE_1.18.1\STM32CubeIDE\plugins\com.st.stm32cube.common.mx_6.14.1.202504091515\db\plugins\mcufinder\reactClient1\index.html
2025-12-02 11:17:51,923 [INFO] WebApp:191 - Connection restablished
2025-12-02 11:17:52,007 [INFO] UserAuth:484 - Internet connection configuration mode: 1
2025-12-02 11:44:58,044 [ERROR] LogOutputStream:75 - [STDERR_REDIRECT] 
2025-12-02 11:44:58,046 [ERROR] LogOutputStream:75 - [STDERR_REDIRECT] 
