2025-09-25 17:19:08,154 [INFO] Activator:176 - 


2025-09-25 17:19:08,162 [INFO] Activator:177 - !SESSION log4j initialized
2025-09-25 17:19:18,049 [INFO] LogOutputStream:77 - [STDOUT_REDIRECT] 
2025-09-25 17:19:20,556 [INFO] ApplicationProperties:184 - Using Application install path: D:\Install\STM32CubeIDE_1.18.1\STM32CubeIDE\plugins\com.st.stm32cube.common.mx_6.14.1.202504091515
2025-09-25 17:19:20,589 [INFO] DbMcusXml:78 - Set database path to: D:\Install\STM32CubeIDE_1.18.1\STM32CubeIDE\plugins\com.st.stm32cube.common.mx_6.14.1.202504091515\\db\/mcu/
2025-09-25 17:19:20,589 [INFO] ApiDb:274 - Set plugin database path to: D:\Install\STM32CubeIDE_1.18.1\STM32CubeIDE\plugins\com.st.stm32cube.common.mx_6.14.1.202504091515\\db\/plugins/boardmanager/
2025-09-25 17:19:20,595 [WARN] ApiDb:259 - Overriding images path with different value:  => D:\Install\STM32CubeIDE_1.18.1\STM32CubeIDE\plugins\com.st.stm32cube.common.mx_6.14.1.202504091515\\db\/plugins/mcufinder/images/
2025-09-25 17:19:20,624 [INFO] ApiDb:250 - Set database path to: C:\Users\DELL\.stmcufinder\plugins\mcufinder//mcu/
2025-09-25 17:19:20,626 [INFO] DbMcusAds:125 - Set database path to: C:\Users\DELL\.stmcufinder\plugins\mcufinder//mcu/
2025-09-25 17:19:20,630 [INFO] CrossReferenceDbSqlite:203 - Set database path to: C:\Users\DELL\.stmcufinder\plugins\mcufinder//mcu/cs/
2025-09-25 17:19:20,936 [INFO] RulesReader:64 - Compatibility file has been processed (302 Rules)
2025-09-25 17:19:21,153 [INFO] DbMcusXml:78 - Set database path to: D:\Install\STM32CubeIDE_1.18.1\STM32CubeIDE\plugins\com.st.stm32cube.common.mx_6.14.1.202504091515\\db\/mcu/
2025-09-25 17:19:21,154 [INFO] ApiDb:274 - Set plugin database path to: D:\Install\STM32CubeIDE_1.18.1\STM32CubeIDE\plugins\com.st.stm32cube.common.mx_6.14.1.202504091515\\db\/plugins/boardmanager/
2025-09-25 17:19:21,154 [INFO] ApiDb:261 - Set plugin images path to: D:\Install\STM32CubeIDE_1.18.1\STM32CubeIDE\plugins\com.st.stm32cube.common.mx_6.14.1.202504091515\\db\/plugins/mcufinder/images/
2025-09-25 17:19:21,154 [WARN] DbFile:41 - Overriding database path with different value: C:\Users\DELL\.stmcufinder\plugins\mcufinder/ => C:\Users\DELL\.stmcufinder\plugins\mcufinder
2025-09-25 17:19:21,154 [INFO] ApiDb:250 - Set database path to: C:\Users\DELL\.stmcufinder\plugins\mcufinder//mcu/
2025-09-25 17:19:21,154 [WARN] DbFile:41 - Overriding database path with different value: C:\Users\DELL\.stmcufinder\plugins\mcufinder/ => C:\Users\DELL\.stmcufinder\plugins\mcufinder
2025-09-25 17:19:21,154 [INFO] DbMcusAds:125 - Set database path to: C:\Users\DELL\.stmcufinder\plugins\mcufinder//mcu/
2025-09-25 17:19:21,155 [WARN] DbFile:41 - Overriding database path with different value: C:\Users\DELL\.stmcufinder\plugins\mcufinder/ => C:\Users\DELL\.stmcufinder\plugins\mcufinder
2025-09-25 17:19:21,155 [WARN] DbFile:41 - Overriding database path with different value: C:\Users\DELL\.stmcufinder\plugins\mcufinder/ => C:\Users\DELL\.stmcufinder\plugins\mcufinder
2025-09-25 17:19:21,155 [INFO] CrossReferenceDbSqlite:203 - Set database path to: C:\Users\DELL\.stmcufinder\plugins\mcufinder//mcu/cs/
2025-09-25 17:19:21,269 [INFO] MainPanel:272 - HeapMemory: 268435456
2025-09-25 17:19:21,427 [INFO] DbMcusXml:78 - Set database path to: D:\Install\STM32CubeIDE_1.18.1\STM32CubeIDE\plugins\com.st.stm32cube.common.mx_6.14.1.202504091515\\db\/mcu/
2025-09-25 17:19:21,427 [INFO] ApiDb:274 - Set plugin database path to: D:\Install\STM32CubeIDE_1.18.1\STM32CubeIDE\plugins\com.st.stm32cube.common.mx_6.14.1.202504091515\\db\/plugins/boardmanager/
2025-09-25 17:19:21,427 [INFO] ApiDb:261 - Set plugin images path to: D:\Install\STM32CubeIDE_1.18.1\STM32CubeIDE\plugins\com.st.stm32cube.common.mx_6.14.1.202504091515\\db\/plugins/mcufinder/images/
2025-09-25 17:19:21,428 [WARN] DbFile:41 - Overriding database path with different value: C:\Users\DELL\.stmcufinder\plugins\mcufinder/ => C:\Users\DELL\.stmcufinder\plugins\mcufinder
2025-09-25 17:19:21,428 [INFO] ApiDb:250 - Set database path to: C:\Users\DELL\.stmcufinder\plugins\mcufinder//mcu/
2025-09-25 17:19:21,428 [WARN] DbFile:41 - Overriding database path with different value: C:\Users\DELL\.stmcufinder\plugins\mcufinder/ => C:\Users\DELL\.stmcufinder\plugins\mcufinder
2025-09-25 17:19:21,428 [INFO] DbMcusAds:125 - Set database path to: C:\Users\DELL\.stmcufinder\plugins\mcufinder//mcu/
2025-09-25 17:19:21,429 [WARN] DbFile:41 - Overriding database path with different value: C:\Users\DELL\.stmcufinder\plugins\mcufinder/ => C:\Users\DELL\.stmcufinder\plugins\mcufinder
2025-09-25 17:19:21,429 [WARN] DbFile:41 - Overriding database path with different value: C:\Users\DELL\.stmcufinder\plugins\mcufinder/ => C:\Users\DELL\.stmcufinder\plugins\mcufinder
2025-09-25 17:19:21,429 [INFO] CrossReferenceDbSqlite:203 - Set database path to: C:\Users\DELL\.stmcufinder\plugins\mcufinder//mcu/cs/
2025-09-25 17:19:21,461 [INFO] ApplicationProperties:184 - Using Application install path: D:\Install\STM32CubeIDE_1.18.1\STM32CubeIDE\plugins\com.st.stm32cube.common.mx_6.14.1.202504091515
2025-09-25 17:19:21,462 [INFO] PluginManage:196 - Search for loadable plugins [exclusion list=, ]
2025-09-25 17:19:21,463 [INFO] PluginManage:310 - Check plugin analytics
2025-09-25 17:19:21,761 [INFO] AnalyticsPlugin:253 - Accepted Software Licenses: STM32CubeMX.6.14.1
2025-09-25 17:19:21,761 [INFO] AnalyticsPlugin:255 - Accepted CMSIS Pack Licenses: 
2025-09-25 17:19:21,762 [INFO] AnalyticsPlugin:257 - Accepted Firmware Licenses: FW.WL.1.3.0,FW.L4.1.18.0
2025-09-25 17:19:21,772 [INFO] PluginManage:359 - Loaded plugin analytics (category:tool,tabindex:-1)
2025-09-25 17:19:21,780 [INFO] PluginManage:310 - Check plugin cadmodel
2025-09-25 17:19:21,799 [INFO] CADModel:105 - Init CAD model plugin
2025-09-25 17:19:21,799 [INFO] PluginManage:359 - Loaded plugin cadmodel (category:power,tabindex:5)
2025-09-25 17:19:21,800 [INFO] PluginManage:310 - Check plugin clock
2025-09-25 17:19:21,820 [INFO] PluginManage:359 - Loaded plugin clock (category:base,tabindex:2)
2025-09-25 17:19:21,820 [INFO] PluginManage:310 - Check plugin ddr
2025-09-25 17:19:21,824 [INFO] PluginManage:359 - Loaded plugin ddr (category:tool,tabindex:6)
2025-09-25 17:19:21,824 [INFO] PluginManage:310 - Check plugin filemanager
2025-09-25 17:19:22,076 [INFO] PluginManage:359 - Loaded plugin filemanager (category:base,tabindex:10)
2025-09-25 17:19:22,077 [INFO] PluginManage:310 - Check plugin ipmanager
2025-09-25 17:19:22,085 [INFO] PluginManage:359 - Loaded plugin ipmanager (category:base,tabindex:5)
2025-09-25 17:19:22,086 [INFO] PluginManage:310 - Check plugin lpbam
2025-09-25 17:19:22,097 [INFO] PluginManage:359 - Loaded plugin lpbam (category:base,tabindex:0)
2025-09-25 17:19:22,097 [INFO] PluginManage:310 - Check plugin memorymap
2025-09-25 17:19:22,120 [INFO] PluginManage:359 - Loaded plugin memorymap (category:base,tabindex:4)
2025-09-25 17:19:22,120 [INFO] PluginManage:310 - Check plugin pinoutandconfiguration
2025-09-25 17:19:22,135 [INFO] PluginManage:359 - Loaded plugin pinoutandconfiguration (category:base,tabindex:1)
2025-09-25 17:19:22,135 [INFO] PluginManage:310 - Check plugin pinoutconfig
2025-09-25 17:19:22,285 [WARN] SupportedApi:132 - Cannot load RTOS API schema: s4s-elt-must-match.1: The content of 'definitions' must match (annotation?, (simpleType | complexType)?, (unique | key | keyref)*)). A problem was found starting at: attribute.
2025-09-25 17:19:22,528 [INFO] PluginManage:359 - Loaded plugin pinoutconfig (category:base,tabindex:0)
2025-09-25 17:19:22,528 [INFO] PluginManage:310 - Check plugin power
2025-09-25 17:19:22,545 [INFO] PluginManage:359 - Loaded plugin power (category:power,tabindex:4)
2025-09-25 17:19:22,546 [INFO] PluginManage:310 - Check plugin projectmanager
2025-09-25 17:19:22,573 [INFO] PluginManage:359 - Loaded plugin projectmanager (category:projectmanager,tabindex:4)
2025-09-25 17:19:22,573 [INFO] PluginManage:310 - Check plugin rif
2025-09-25 17:19:22,586 [INFO] PluginManage:359 - Loaded plugin rif (category:base,tabindex:3)
2025-09-25 17:19:22,587 [INFO] PluginManage:310 - Check plugin thirdparty
2025-09-25 17:19:22,780 [INFO] PluginManage:359 - Loaded plugin thirdparty (category:base,tabindex:-1)
2025-09-25 17:19:22,780 [INFO] PluginManage:310 - Check plugin tools
2025-09-25 17:19:22,780 [WARN] IntegrityCheckThread:84 - waiting for thirdparty lock release [integrity check]
2025-09-25 17:19:22,781 [INFO] IntegrityCheckThread:86 - entering critical section [integrity check]
2025-09-25 17:19:22,781 [INFO] ThirdPartyUpdaterWithRetryManager:70 - Updater plugin not ready yet. [1/15]
2025-09-25 17:19:22,784 [INFO] PluginManage:359 - Loaded plugin tools (category:base,tabindex:7)
2025-09-25 17:19:22,784 [INFO] PluginManage:310 - Check plugin tutovideos
2025-09-25 17:19:23,035 [INFO] PluginManage:359 - Loaded plugin tutovideos (category:base,tabindex:-1)
2025-09-25 17:19:23,035 [INFO] PluginManage:310 - Check plugin updater
2025-09-25 17:19:23,075 [INFO] PluginManage:359 - Loaded plugin updater (category:base,tabindex:12)
2025-09-25 17:19:23,075 [INFO] PluginManage:310 - Check plugin userauth
2025-09-25 17:19:23,081 [INFO] UserAuth:118 - Init User Auth plugin
2025-09-25 17:19:23,082 [INFO] PluginManage:359 - Loaded plugin userauth (category:base,tabindex:14)
2025-09-25 17:19:23,083 [INFO] PluginManage:283 - PluginManage : Loaded plugins [18]
2025-09-25 17:19:23,379 [INFO] PinOutPanel:1589 - setPackage(No Configuration,No Configuration)
2025-09-25 17:19:23,501 [INFO] CADModel:165 - CPN selected for project level
2025-09-25 17:19:23,501 [INFO] CADModel:114 - Register for checkConnection events
2025-09-25 17:19:23,528 [INFO] IPUIPlugin:80 - create IPUIPlugin
2025-09-25 17:19:23,528 [INFO] PluginManager:220 - loadIPPluginJar : add adc
2025-09-25 17:19:23,532 [INFO] IPUIPlugin:80 - create IPUIPlugin
2025-09-25 17:19:23,532 [INFO] PluginManager:220 - loadIPPluginJar : add aes
2025-09-25 17:19:23,536 [INFO] IPUIPlugin:80 - create IPUIPlugin
2025-09-25 17:19:23,536 [INFO] PluginManager:220 - loadIPPluginJar : add can
2025-09-25 17:19:23,539 [INFO] IPUIPlugin:80 - create IPUIPlugin
2025-09-25 17:19:23,539 [INFO] PluginManager:220 - loadIPPluginJar : add comp
2025-09-25 17:19:23,544 [INFO] IPUIPlugin:80 - create IPUIPlugin
2025-09-25 17:19:23,544 [INFO] PluginManager:220 - loadIPPluginJar : add cryp
2025-09-25 17:19:23,549 [INFO] IPUIPlugin:80 - create IPUIPlugin
2025-09-25 17:19:23,549 [INFO] PluginManager:220 - loadIPPluginJar : add ddr_ctrl_phy
2025-09-25 17:19:23,553 [INFO] IPUIPlugin:80 - create IPUIPlugin
2025-09-25 17:19:23,553 [INFO] PluginManager:220 - loadIPPluginJar : add dfsdm
2025-09-25 17:19:23,562 [INFO] IPUIPlugin:80 - create IPUIPlugin
2025-09-25 17:19:23,562 [INFO] PluginManager:220 - loadIPPluginJar : add dma
2025-09-25 17:19:23,566 [INFO] IPUIPlugin:80 - create IPUIPlugin
2025-09-25 17:19:23,566 [INFO] PluginManager:220 - loadIPPluginJar : add dma3
2025-09-25 17:19:23,570 [INFO] IPUIPlugin:80 - create IPUIPlugin
2025-09-25 17:19:23,570 [INFO] PluginManager:220 - loadIPPluginJar : add extmemmanager
2025-09-25 17:19:23,571 [INFO] IPUIPlugin:80 - create IPUIPlugin
2025-09-25 17:19:23,572 [INFO] PluginManager:220 - loadIPPluginJar : add fatfs
2025-09-25 17:19:23,577 [INFO] IPUIPlugin:80 - create IPUIPlugin
2025-09-25 17:19:23,578 [INFO] PluginManager:220 - loadIPPluginJar : add fmc
2025-09-25 17:19:23,586 [INFO] IPUIPlugin:80 - create IPUIPlugin
2025-09-25 17:19:23,587 [INFO] PluginManager:220 - loadIPPluginJar : add freertos
2025-09-25 17:19:23,588 [INFO] IPUIPlugin:80 - create IPUIPlugin
2025-09-25 17:19:23,589 [INFO] PluginManager:220 - loadIPPluginJar : add genericplugin
2025-09-25 17:19:23,592 [INFO] IPUIPlugin:80 - create IPUIPlugin
2025-09-25 17:19:23,592 [INFO] PluginManager:220 - loadIPPluginJar : add gfxmmu
2025-09-25 17:19:23,599 [INFO] IPUIPlugin:80 - create IPUIPlugin
2025-09-25 17:19:23,599 [INFO] PluginManager:220 - loadIPPluginJar : add gic
2025-09-25 17:19:23,604 [INFO] IPUIPlugin:80 - create IPUIPlugin
2025-09-25 17:19:23,605 [INFO] PluginManager:220 - loadIPPluginJar : add gpio
2025-09-25 17:19:23,609 [INFO] IPUIPlugin:80 - create IPUIPlugin
2025-09-25 17:19:23,609 [INFO] PluginManager:220 - loadIPPluginJar : add gtzc
2025-09-25 17:19:23,613 [INFO] IPUIPlugin:80 - create IPUIPlugin
2025-09-25 17:19:23,614 [INFO] PluginManager:220 - loadIPPluginJar : add hash
2025-09-25 17:19:23,618 [INFO] IPUIPlugin:80 - create IPUIPlugin
2025-09-25 17:19:23,618 [INFO] PluginManager:220 - loadIPPluginJar : add i2c
2025-09-25 17:19:23,622 [INFO] IPUIPlugin:80 - create IPUIPlugin
2025-09-25 17:19:23,622 [INFO] PluginManager:220 - loadIPPluginJar : add i2s
2025-09-25 17:19:23,625 [INFO] IPUIPlugin:80 - create IPUIPlugin
2025-09-25 17:19:23,625 [INFO] PluginManager:220 - loadIPPluginJar : add i3c
2025-09-25 17:19:23,631 [INFO] IPUIPlugin:80 - create IPUIPlugin
2025-09-25 17:19:23,631 [INFO] PluginManager:220 - loadIPPluginJar : add ipddr
2025-09-25 17:19:23,639 [INFO] IPUIPlugin:80 - create IPUIPlugin
2025-09-25 17:19:23,639 [INFO] PluginManager:220 - loadIPPluginJar : add linkedlist
2025-09-25 17:19:23,659 [INFO] IPUIPlugin:80 - create IPUIPlugin
2025-09-25 17:19:23,659 [INFO] PluginManager:220 - loadIPPluginJar : add lorawan
2025-09-25 17:19:23,662 [INFO] IPUIPlugin:80 - create IPUIPlugin
2025-09-25 17:19:23,662 [INFO] PluginManager:220 - loadIPPluginJar : add ltdc
2025-09-25 17:19:23,671 [INFO] IPUIPlugin:80 - create IPUIPlugin
2025-09-25 17:19:23,671 [INFO] PluginManager:220 - loadIPPluginJar : add mdma
2025-09-25 17:19:23,676 [INFO] IPUIPlugin:80 - create IPUIPlugin
2025-09-25 17:19:23,676 [INFO] PluginManager:220 - loadIPPluginJar : add nvic
2025-09-25 17:19:23,681 [INFO] IPUIPlugin:80 - create IPUIPlugin
2025-09-25 17:19:23,681 [INFO] PluginManager:220 - loadIPPluginJar : add opamp
2025-09-25 17:19:23,686 [INFO] IPUIPlugin:80 - create IPUIPlugin
2025-09-25 17:19:23,686 [INFO] PluginManager:220 - loadIPPluginJar : add openamp
2025-09-25 17:19:23,691 [INFO] IPUIPlugin:80 - create IPUIPlugin
2025-09-25 17:19:23,691 [INFO] PluginManager:220 - loadIPPluginJar : add pdm2pcm
2025-09-25 17:19:23,698 [INFO] IPUIPlugin:80 - create IPUIPlugin
2025-09-25 17:19:23,702 [INFO] PluginManager:220 - loadIPPluginJar : add plateformsettings
2025-09-25 17:19:23,704 [INFO] IPUIPlugin:80 - create IPUIPlugin
2025-09-25 17:19:23,704 [INFO] PluginManager:220 - loadIPPluginJar : add quadspi
2025-09-25 17:19:23,707 [INFO] IPUIPlugin:80 - create IPUIPlugin
2025-09-25 17:19:23,708 [INFO] PluginManager:220 - loadIPPluginJar : add radio
2025-09-25 17:19:23,714 [INFO] IPUIPlugin:80 - create IPUIPlugin
2025-09-25 17:19:23,715 [INFO] PluginManager:220 - loadIPPluginJar : add resmgrutility
2025-09-25 17:19:23,719 [INFO] IPUIPlugin:80 - create IPUIPlugin
2025-09-25 17:19:23,720 [INFO] PluginManager:220 - loadIPPluginJar : add sai
2025-09-25 17:19:23,724 [INFO] IPUIPlugin:80 - create IPUIPlugin
2025-09-25 17:19:23,724 [INFO] PluginManager:220 - loadIPPluginJar : add spi
2025-09-25 17:19:23,731 [INFO] IPUIPlugin:80 - create IPUIPlugin
2025-09-25 17:19:23,731 [INFO] PluginManager:220 - loadIPPluginJar : add stm32_wpan
2025-09-25 17:19:23,734 [INFO] IPUIPlugin:80 - create IPUIPlugin
2025-09-25 17:19:23,734 [INFO] PluginManager:220 - loadIPPluginJar : add tim
2025-09-25 17:19:23,738 [INFO] IPUIPlugin:80 - create IPUIPlugin
2025-09-25 17:19:23,739 [INFO] PluginManager:220 - loadIPPluginJar : add touchsensing
2025-09-25 17:19:23,742 [INFO] IPUIPlugin:80 - create IPUIPlugin
2025-09-25 17:19:23,742 [INFO] PluginManager:220 - loadIPPluginJar : add tracer_emb
2025-09-25 17:19:23,745 [INFO] IPUIPlugin:80 - create IPUIPlugin
2025-09-25 17:19:23,746 [INFO] PluginManager:220 - loadIPPluginJar : add ts
2025-09-25 17:19:23,748 [INFO] IPUIPlugin:80 - create IPUIPlugin
2025-09-25 17:19:23,749 [INFO] PluginManager:220 - loadIPPluginJar : add tsc
2025-09-25 17:19:23,751 [INFO] IPUIPlugin:80 - create IPUIPlugin
2025-09-25 17:19:23,752 [INFO] PluginManager:220 - loadIPPluginJar : add ucpd
2025-09-25 17:19:23,755 [INFO] IPUIPlugin:80 - create IPUIPlugin
2025-09-25 17:19:23,756 [INFO] PluginManager:220 - loadIPPluginJar : add usart
2025-09-25 17:19:23,761 [INFO] IPUIPlugin:80 - create IPUIPlugin
2025-09-25 17:19:23,761 [INFO] PluginManager:220 - loadIPPluginJar : add usbx
2025-09-25 17:19:23,921 [FATAL] Updater:351 - Updater called before beeing initialized
2025-09-25 17:19:23,964 [INFO] RulesReader:64 - Compatibility file has been processed (302 Rules)
2025-09-25 17:19:23,980 [INFO] RulesReader:64 - Compatibility file has been processed (302 Rules)
2025-09-25 17:19:23,990 [INFO] CADModel:165 - CPN selected for project level
2025-09-25 17:19:23,990 [INFO] CADModel:114 - Register for checkConnection events
2025-09-25 17:19:23,990 [FATAL] Updater:351 - Updater called before beeing initialized
2025-09-25 17:19:23,990 [ERROR] CADModel:125 - Updater not yet initialized, retry later 
2025-09-25 17:19:24,195 [FATAL] Updater:351 - Updater called before beeing initialized
2025-09-25 17:19:24,198 [INFO] CADModel:165 - CPN selected for project level
2025-09-25 17:19:24,198 [INFO] CADModel:114 - Register for checkConnection events
2025-09-25 17:19:24,198 [FATAL] Updater:351 - Updater called before beeing initialized
2025-09-25 17:19:24,198 [ERROR] CADModel:125 - Updater not yet initialized, retry later 
2025-09-25 17:19:24,204 [FATAL] Updater:351 - Updater called before beeing initialized
2025-09-25 17:19:24,382 [FATAL] Updater:351 - Updater called before beeing initialized
2025-09-25 17:19:24,390 [INFO] DbMcusAds:53 - JSON generation date=Thu Sep 30 11:55:09 PKT 2021 (1632984909247)
2025-09-25 17:19:24,390 [FATAL] Updater:351 - Updater called before beeing initialized
2025-09-25 17:19:24,451 [WARN] DetailPanel:346 - Failed to get advertising image, set to default
2025-09-25 17:19:24,770 [FATAL] Updater:351 - Updater called before beeing initialized
2025-09-25 17:19:24,773 [FATAL] Updater:351 - Updater called before beeing initialized
2025-09-25 17:19:24,774 [FATAL] Updater:351 - Updater called before beeing initialized
2025-09-25 17:19:24,774 [WARN] DetailPanel:346 - Failed to get advertising image, set to default
2025-09-25 17:19:24,775 [FATAL] Updater:351 - Updater called before beeing initialized
2025-09-25 17:19:24,844 [ERROR] Updater:1198 - MainUpdater not yet initialized. External WinMGr cannot be set.
2025-09-25 17:19:24,847 [INFO] Updater:1134 - Updater Version found : 6.14.1
2025-09-25 17:19:24,873 [INFO] ApplicationProperties:184 - Using Application install path: D:\Install\STM32CubeIDE_1.18.1\STM32CubeIDE\plugins\com.st.stm32cube.common.mx_6.14.1.202504091515
2025-09-25 17:19:25,783 [INFO] ThirdPartyUpdaterWithRetryManager:70 - Updater plugin not ready yet. [2/15]
2025-09-25 17:19:26,467 [ERROR] LogOutputStream:75 - [STDERR_REDIRECT] Sep 25, 2025 5:19:26 PM java.util.prefs.WindowsPreferences <init>
2025-09-25 17:19:26,475 [ERROR] LogOutputStream:75 - [STDERR_REDIRECT] WARNING: Could not open/create prefs root node Software\JavaSoft\Prefs at root 0xffffffff80000002. Windows RegCreateKeyEx(...) returned error code 5.
2025-09-25 17:19:26,476 [ERROR] LogOutputStream:75 - [STDERR_REDIRECT] 
2025-09-25 17:19:28,016 [INFO] MainUpdater:2872 - connection check result : 10
2025-09-25 17:19:28,016 [INFO] MainUpdater:3566 - Updater definition file requires update
2025-09-25 17:19:28,017 [INFO] MainUpdater:289 - Updater Check For Update Now.
2025-09-25 17:19:28,018 [INFO] MicroXplorer:498 - Change Database Version : DB.6.0.141
2025-09-25 17:19:28,026 [INFO] McuFinderGlobals:63 - Set McuFinder mode to 2 (CubeIDE integrated)
2025-09-25 17:19:28,026 [INFO] UserAuth:171 - activating auth plugin
2025-09-25 17:19:28,030 [INFO] UserAuth:484 - Internet connection configuration mode: 1
2025-09-25 17:19:28,058 [INFO] JxBrowserEngine:152 - Initiate JxBrowser Engine with user profile folder
2025-09-25 17:19:28,783 [WARN] MainUpdater:1193 - Updater busy. Cannot search thirdparties
2025-09-25 17:19:28,783 [INFO] ThirdPartyUpdaterWithRetryManager:96 - Updater plugin is busy. [1/15]
2025-09-25 17:19:28,885 [INFO] ServerAccessManage:473 - Download File updaters.zip
2025-09-25 17:19:30,173 [INFO] WebApp:169 - Instantiating new browser for Auth
2025-09-25 17:19:30,984 [INFO] FileExtend:242 - Unzip File : updaters.zip
2025-09-25 17:19:30,985 [INFO] FileExtend:257 - Standard Zip Deflate
2025-09-25 17:19:31,785 [WARN] MainUpdater:1193 - Updater busy. Cannot search thirdparties
2025-09-25 17:19:31,786 [INFO] ThirdPartyUpdaterWithRetryManager:96 - Updater plugin is busy. [2/15]
2025-09-25 17:19:32,074 [INFO] WebApp:463 - Apply proxy settings
2025-09-25 17:19:32,074 [INFO] WebApp:548 - Chromium requires no authentication
2025-09-25 17:19:32,090 [INFO] WebApp:491 - Direct internet connection detected
2025-09-25 17:19:32,125 [INFO] ServerAccessManage:473 - Download File PacksControlFlags.xml
2025-09-25 17:19:32,133 [INFO] WebApp:894 - Register for checkConnection events
2025-09-25 17:19:32,133 [INFO] WebApp:463 - Apply proxy settings
2025-09-25 17:19:32,134 [INFO] WebApp:548 - Chromium requires no authentication
2025-09-25 17:19:32,134 [INFO] WebApp:491 - Direct internet connection detected
2025-09-25 17:19:32,466 [INFO] WebApp:225 - Starting web application
2025-09-25 17:19:32,466 [INFO] WebApp:593 - Web application path used D:\Install\STM32CubeIDE_1.18.1\STM32CubeIDE\plugins\com.st.stm32cube.common.mx_6.14.1.202504091515\db\plugins\mcufinder\reactClient1\index.html
2025-09-25 17:19:32,961 [INFO] ServerAccessManage:473 - Download File cubemx.pidx
2025-09-25 17:19:33,994 [INFO] WebApp:191 - Connection restablished
2025-09-25 17:19:34,804 [WARN] MainUpdater:1193 - Updater busy. Cannot search thirdparties
2025-09-25 17:19:34,804 [INFO] ThirdPartyUpdaterWithRetryManager:96 - Updater plugin is busy. [3/15]
2025-09-25 17:19:35,595 [INFO] LoadServerUpdatesThread:375 - End of LoadServerUpdate Thread
2025-09-25 17:19:35,921 [INFO] CheckServerUpdateThread:120 - End of CheckServer Thread
2025-09-25 17:19:38,146 [WARN] PackLoader:240 - Cannot read IP mode file for STMicroelectronics.FP-SNS-MOTENVWB1.1.4.0
2025-09-25 17:19:38,157 [WARN] PackLoader:240 - Cannot read IP mode file for STMicroelectronics.FP-ATR-ASTRA1.2.0.2
2025-09-25 17:19:38,169 [WARN] PackLoader:240 - Cannot read IP mode file for STMicroelectronics.X-CUBE-SMBUS.2.1.0
2025-09-25 17:19:38,177 [WARN] PackLoader:240 - Cannot read IP mode file for STMicroelectronics.X-CUBE-ST60.1.0.0
2025-09-25 17:19:38,226 [WARN] PackLoader:240 - Cannot read IP mode file for STMicroelectronics.X-CUBE-AZRTOS-F7.1.1.0
2025-09-25 17:19:38,243 [WARN] PackLoader:240 - Cannot read IP mode file for Cesanta.I-CUBE-Mongoose.7.19.0
2025-09-25 17:19:38,249 [ERROR] Engine:466 - C:\Users\DELL\.stm32cubemx\thirdparties\pdsc\WES.I-CUBE-Cesium.1.4.0.pdsc: PDSC version is not supported
2025-09-25 17:19:38,290 [WARN] PackLoader:240 - Cannot read IP mode file for Infineon.AIROC-Wi-Fi-Bluetooth-STM32.1.7.1
2025-09-25 17:19:38,351 [WARN] PackLoader:240 - Cannot read IP mode file for STMicroelectronics.X-CUBE-AZRTOS-H7.3.4.0
2025-09-25 17:19:38,374 [WARN] PackLoader:240 - Cannot read IP mode file for STMicroelectronics.X-CUBE-DISPLAY.3.0.0
2025-09-25 17:19:38,396 [WARN] PackLoader:240 - Cannot read IP mode file for STMicroelectronics.X-CUBE-NFC10.1.0.0
2025-09-25 17:19:38,406 [WARN] PackLoader:240 - Cannot read IP mode file for emotas.I-CUBE-CANOPEN.1.3.0
2025-09-25 17:19:38,413 [ERROR] Engine:466 - C:\Users\DELL\.stm32cubemx\thirdparties\pdsc\STMicroelectronics.FP-SNS-STBOX1.2.1.0.pdsc: PDSC version is not supported
2025-09-25 17:19:38,419 [WARN] PackLoader:240 - Cannot read IP mode file for STMicroelectronics.FP-SNS-SMARTAG2.1.2.0
2025-09-25 17:19:38,425 [WARN] PackLoader:240 - Cannot read IP mode file for STMicroelectronics.FP-SNS-FLIGHT1.5.1.0
2025-09-25 17:19:38,438 [INFO] LogOutputStream:77 - [STDOUT_REDIRECT] 1 : Invalid condition id : UX_CORESTACK_Condition cause : null
2025-09-25 17:19:38,439 [INFO] LogOutputStream:77 - [STDOUT_REDIRECT] 1 : Invalid condition id : UX_CORESTACK_Condition cause : null
2025-09-25 17:19:38,441 [INFO] LogOutputStream:77 - [STDOUT_REDIRECT] 1 : Invalid condition id : UX_CORESTACK_Condition cause : null
2025-09-25 17:19:38,444 [INFO] LogOutputStream:77 - [STDOUT_REDIRECT] 1 : Invalid condition id : UX_CORESTACK_Condition cause : null
2025-09-25 17:19:38,447 [INFO] LogOutputStream:77 - [STDOUT_REDIRECT] 1 : Invalid condition id : UX_CORESTACK_Condition cause : null
2025-09-25 17:19:38,452 [WARN] PackLoader:240 - Cannot read IP mode file for STMicroelectronics.X-CUBE-AZRTOS-WL.2.0.0
2025-09-25 17:19:38,465 [WARN] PackLoader:240 - Cannot read IP mode file for STMicroelectronics.FP-SNS-MOTENV1.5.0.0
2025-09-25 17:19:38,476 [WARN] PackLoader:240 - Cannot read IP mode file for STMicroelectronics.X-CUBE-BLE2.3.3.0
2025-09-25 17:19:38,488 [WARN] PackLoader:240 - Cannot read IP mode file for STMicroelectronics.X-CUBE-NFC9.1.0.0
2025-09-25 17:19:38,499 [WARN] PackLoader:240 - Cannot read IP mode file for wolfSSL.I-CUBE-wolfSSL.5.8.2
2025-09-25 17:19:38,506 [WARN] PackLoader:240 - Cannot read IP mode file for STMicroelectronics.X-CUBE-BLE1.7.1.0
2025-09-25 17:19:38,513 [WARN] PackLoader:240 - Cannot read IP mode file for wolfSSL.I-CUBE-wolfMQTT.1.19.2
2025-09-25 17:19:38,521 [WARN] PackLoader:240 - Cannot read IP mode file for STMicroelectronics.X-CUBE-EEPRMA1.5.2.0
2025-09-25 17:19:38,549 [WARN] PackLoader:240 - Cannot read IP mode file for STMicroelectronics.X-CUBE-AZRTOS-G0.1.1.0
2025-09-25 17:19:38,563 [WARN] PackLoader:240 - Cannot read IP mode file for STMicroelectronics.X-CUBE-SAFEA1.1.2.2
2025-09-25 17:19:38,574 [WARN] PackLoader:240 - Cannot read IP mode file for STMicroelectronics.X-CUBE-NFC4.3.0.0
2025-09-25 17:19:38,590 [WARN] PackLoader:240 - Cannot read IP mode file for EmbeddedOffice.I-CUBE-FS-RTOS.1.0.1
2025-09-25 17:19:38,599 [WARN] PackLoader:240 - Cannot read IP mode file for STMicroelectronics.X-CUBE-WB05N.2.0.0
2025-09-25 17:19:38,603 [WARN] PackLoader:240 - Cannot read IP mode file for wolfSSL.I-CUBE-wolfTPM.3.8.0
2025-09-25 17:19:38,608 [WARN] PackLoader:240 - Cannot read IP mode file for STMicroelectronics.X-CUBE-TCPP.4.2.0
2025-09-25 17:19:38,619 [WARN] PackLoader:240 - Cannot read IP mode file for RealThread.X-CUBE-RT-Thread_Nano.4.1.1
2025-09-25 17:19:38,625 [WARN] PackLoader:240 - Cannot read IP mode file for STMicroelectronics.FP-ATR-SIGFOX1.3.2.0
2025-09-25 17:19:38,637 [WARN] PackLoader:240 - Cannot read IP mode file for ITTIA_DB.I-CUBE-ITTIADB.8.9.0
2025-09-25 17:19:38,646 [WARN] PackLoader:240 - Cannot read IP mode file for STMicroelectronics.X-CUBE-ST67W61.1.0.0
2025-09-25 17:19:38,652 [WARN] PackLoader:240 - Cannot read IP mode file for STMicroelectronics.X-CUBE-AI.10.2.0
2025-09-25 17:19:38,702 [WARN] PackLoader:240 - Cannot read IP mode file for SEGGER.I-CUBE-embOS.1.3.1
2025-09-25 17:19:38,784 [WARN] PackLoader:240 - Cannot read IP mode file for STMicroelectronics.X-CUBE-ALGOBUILD.1.4.0
2025-09-25 17:19:38,879 [WARN] PackLoader:240 - Cannot read IP mode file for STMicroelectronics.X-CUBE-MEMS1.11.3.0
2025-09-25 17:19:39,159 [WARN] PackLoader:240 - Cannot read IP mode file for STMicroelectronics.X-CUBE-PM33A1.1.0.0
2025-09-25 17:19:39,187 [WARN] PackLoader:240 - Cannot read IP mode file for STMicroelectronics.X-CUBE-AZRTOS-F4.1.1.0
2025-09-25 17:19:39,197 [WARN] PackLoader:240 - Cannot read IP mode file for Avnet-IotConnect.X-CUBE-IoTC-DA16k-PMOD.1.0.0
2025-09-25 17:19:39,203 [WARN] PackLoader:240 - Cannot read IP mode file for STMicroelectronics.X-CUBE-ISPU.2.1.0
2025-09-25 17:19:39,214 [WARN] PackLoader:240 - Cannot read IP mode file for STMicroelectronics.X-CUBE-NFC12.1.0.0
2025-09-25 17:19:39,241 [WARN] PackLoader:240 - Cannot read IP mode file for STMicroelectronics.X-CUBE-AZRTOS-L5.2.0.0
2025-09-25 17:19:39,257 [WARN] PackLoader:240 - Cannot read IP mode file for STMicroelectronics.X-CUBE-NFC6.3.1.0
2025-09-25 17:19:39,269 [WARN] PackLoader:240 - Cannot read IP mode file for STMicroelectronics.X-CUBE-FREERTOS.1.3.1
2025-09-25 17:19:39,277 [WARN] PackLoader:240 - Cannot read IP mode file for STMicroelectronics.FP-SNS-STAIOTCFT.1.0.0
2025-09-25 17:19:39,286 [WARN] PackLoader:240 - Cannot read IP mode file for STMicroelectronics.X-CUBE-DPower.1.3.0
2025-09-25 17:19:39,314 [WARN] ConditionMgr:438 - getConditionDescription Invalid condition id : LAN8742 Phy interface Condition cause : null
2025-09-25 17:19:39,315 [WARN] PackLoader:240 - Cannot read IP mode file for STMicroelectronics.X-CUBE-AZRTOS-L4.2.0.0
2025-09-25 17:19:39,317 [WARN] ConditionMgr:1044 - genDependencies : Invalid condition id : LAN8742 Phy interface Condition cause : null
2025-09-25 17:19:39,317 [WARN] ConditionMgr:1044 - genDependencies : Invalid condition id : LAN8742 Phy interface Condition cause : null
2025-09-25 17:19:39,318 [WARN] ConditionMgr:1044 - genDependencies : Invalid condition id : LAN8742 Phy interface Condition cause : null
2025-09-25 17:19:39,330 [WARN] PackLoader:240 - Cannot read IP mode file for STMicroelectronics.X-CUBE-SFXS2LP1.4.0.0
2025-09-25 17:19:39,349 [WARN] PackLoader:240 - Cannot read IP mode file for STMicroelectronics.X-CUBE-BLEMGR.4.1.0
2025-09-25 17:19:39,382 [WARN] ConditionMgr:438 - getConditionDescription Invalid condition id : UX DEVICE CLASS RTOS Condition cause : null
2025-09-25 17:19:39,382 [WARN] ConditionMgr:438 - getConditionDescription Invalid condition id : UX DEVICE CLASS RTOS Condition cause : null
2025-09-25 17:19:39,386 [WARN] PackLoader:240 - Cannot read IP mode file for STMicroelectronics.X-CUBE-AZRTOS-WB.2.0.0
2025-09-25 17:19:39,387 [WARN] ConditionMgr:1044 - genDependencies : Invalid condition id : UX DEVICE CLASS RTOS Condition cause : null
2025-09-25 17:19:39,387 [WARN] ConditionMgr:1044 - genDependencies : Invalid condition id : UX DEVICE CLASS RTOS Condition cause : null
2025-09-25 17:19:39,388 [WARN] ConditionMgr:1044 - genDependencies : Invalid condition id : UX DEVICE CLASS RTOS Condition cause : null
2025-09-25 17:19:39,388 [WARN] ConditionMgr:1044 - genDependencies : Invalid condition id : UX DEVICE CLASS RTOS Condition cause : null
2025-09-25 17:19:39,388 [WARN] ConditionMgr:1044 - genDependencies : Invalid condition id : UX DEVICE CLASS RTOS Condition cause : null
2025-09-25 17:19:39,397 [WARN] PackLoader:240 - Cannot read IP mode file for STMicroelectronics.X-CUBE-GNSS1.7.0.1
2025-09-25 17:19:39,404 [WARN] PackLoader:240 - Cannot read IP mode file for STMicroelectronics.X-CUBE-TOUCHGFX.4.25.0
2025-09-25 17:19:39,409 [WARN] ConditionMgr:438 - getConditionDescription Invalid condition id : Cortex-A Device cause : null
2025-09-25 17:19:39,422 [WARN] ConditionMgr:1044 - genDependencies : Invalid condition id : Cortex-A Device cause : null
2025-09-25 17:19:39,423 [WARN] ConditionMgr:1044 - genDependencies : Invalid condition id : Cortex-A Device cause : null
2025-09-25 17:19:39,423 [WARN] ConditionMgr:1044 - genDependencies : Invalid condition id : Cortex-A Device cause : null
2025-09-25 17:19:39,441 [WARN] PackLoader:240 - Cannot read IP mode file for STMicroelectronics.X-CUBE-SUBG2.5.0.0
2025-09-25 17:19:39,472 [WARN] PackLoader:240 - Cannot read IP mode file for STMicroelectronics.X-CUBE-AZRTOS-H7RS.1.1.0
2025-09-25 17:19:39,520 [WARN] PackLoader:240 - Cannot read IP mode file for STMicroelectronics.X-CUBE-AZRTOS-G4.2.0.0
2025-09-25 17:19:39,528 [WARN] PackLoader:240 - Cannot read IP mode file for wolfSSL.I-CUBE-wolfSSH.1.4.20
2025-09-25 17:19:39,534 [WARN] PackLoader:240 - Cannot read IP mode file for STMicroelectronics.X-CUBE-NFC7.2.0.0
2025-09-25 17:19:39,554 [WARN] PackLoader:240 - Cannot read IP mode file for STMicroelectronics.X-CUBE-IPS.3.1.0
2025-09-25 17:19:39,567 [WARN] PackLoader:240 - Cannot read IP mode file for STMicroelectronics.X-CUBE-ALS.1.0.2
2025-09-25 17:19:39,577 [WARN] PackLoader:240 - Cannot read IP mode file for STMicroelectronics.X-CUBE-STSE01.1.0.0
2025-09-25 17:19:39,594 [WARN] PackLoader:240 - Cannot read IP mode file for STMicroelectronics.X-CUBE-TOF1.3.4.3
2025-09-25 17:19:39,610 [INFO] ThirdParty:978 - Integrity check success = true
2025-09-25 17:19:39,610 [INFO] IntegrityCheckThread:100 - exiting critical section [integrity check]
2025-09-25 17:19:39,610 [INFO] IntegrityCheckThread:103 - End integrity checks thread
2025-09-25 18:17:35,788 [INFO] WebApp:194 - Connection lost
2025-09-25 19:01:03,774 [INFO] WebApp:191 - Connection restablished
2025-09-25 23:06:27,548 [INFO] WebApp:194 - Connection lost
2025-09-25 23:41:06,647 [ERROR] ConfigurationRetriever:142 - IOException on connection: sw-center.st.com
2025-09-25 23:41:06,655 [ERROR] ConfigurationRetriever:142 - IOException on connection: sw-center.st.com
2025-09-25 23:41:06,658 [ERROR] ConfigurationRetriever:142 - IOException on connection: sw-center.st.com
2025-09-25 23:41:08,749 [ERROR] LogOutputStream:75 - [STDERR_REDIRECT] 
2025-09-25 23:41:08,754 [ERROR] LogOutputStream:75 - [STDERR_REDIRECT] 
