2026-02-05 11:17:40,140 [INFO] Activator:176 - 


2026-02-05 11:17:40,149 [INFO] Activator:177 - !SESSION log4j initialized
2026-02-05 11:17:51,891 [INFO] LogOutputStream:77 - [STDOUT_REDIRECT] 
2026-02-05 11:17:53,946 [INFO] ApplicationProperties:184 - Using Application install path: D:\Install\STM32CubeIDE_1.18.1\STM32CubeIDE\plugins\com.st.stm32cube.common.mx_6.14.1.202504091515
2026-02-05 11:17:53,968 [INFO] DbMcusXml:78 - Set database path to: D:\Install\STM32CubeIDE_1.18.1\STM32CubeIDE\plugins\com.st.stm32cube.common.mx_6.14.1.202504091515\\db\/mcu/
2026-02-05 11:17:53,968 [INFO] ApiDb:274 - Set plugin database path to: D:\Install\STM32CubeIDE_1.18.1\STM32CubeIDE\plugins\com.st.stm32cube.common.mx_6.14.1.202504091515\\db\/plugins/boardmanager/
2026-02-05 11:17:53,969 [WARN] ApiDb:259 - Overriding images path with different value:  => D:\Install\STM32CubeIDE_1.18.1\STM32CubeIDE\plugins\com.st.stm32cube.common.mx_6.14.1.202504091515\\db\/plugins/mcufinder/images/
2026-02-05 11:17:53,985 [INFO] ApiDb:250 - Set database path to: C:\Users\DELL\.stmcufinder\plugins\mcufinder//mcu/
2026-02-05 11:17:53,986 [INFO] DbMcusAds:125 - Set database path to: C:\Users\DELL\.stmcufinder\plugins\mcufinder//mcu/
2026-02-05 11:17:53,991 [INFO] CrossReferenceDbSqlite:203 - Set database path to: C:\Users\DELL\.stmcufinder\plugins\mcufinder//mcu/cs/
2026-02-05 11:17:54,161 [INFO] RulesReader:64 - Compatibility file has been processed (302 Rules)
2026-02-05 11:17:54,286 [INFO] DbMcusXml:78 - Set database path to: D:\Install\STM32CubeIDE_1.18.1\STM32CubeIDE\plugins\com.st.stm32cube.common.mx_6.14.1.202504091515\\db\/mcu/
2026-02-05 11:17:54,286 [INFO] ApiDb:274 - Set plugin database path to: D:\Install\STM32CubeIDE_1.18.1\STM32CubeIDE\plugins\com.st.stm32cube.common.mx_6.14.1.202504091515\\db\/plugins/boardmanager/
2026-02-05 11:17:54,286 [INFO] ApiDb:261 - Set plugin images path to: D:\Install\STM32CubeIDE_1.18.1\STM32CubeIDE\plugins\com.st.stm32cube.common.mx_6.14.1.202504091515\\db\/plugins/mcufinder/images/
2026-02-05 11:17:54,286 [WARN] DbFile:41 - Overriding database path with different value: C:\Users\DELL\.stmcufinder\plugins\mcufinder/ => C:\Users\DELL\.stmcufinder\plugins\mcufinder
2026-02-05 11:17:54,286 [INFO] ApiDb:250 - Set database path to: C:\Users\DELL\.stmcufinder\plugins\mcufinder//mcu/
2026-02-05 11:17:54,287 [WARN] DbFile:41 - Overriding database path with different value: C:\Users\DELL\.stmcufinder\plugins\mcufinder/ => C:\Users\DELL\.stmcufinder\plugins\mcufinder
2026-02-05 11:17:54,287 [INFO] DbMcusAds:125 - Set database path to: C:\Users\DELL\.stmcufinder\plugins\mcufinder//mcu/
2026-02-05 11:17:54,287 [WARN] DbFile:41 - Overriding database path with different value: C:\Users\DELL\.stmcufinder\plugins\mcufinder/ => C:\Users\DELL\.stmcufinder\plugins\mcufinder
2026-02-05 11:17:54,287 [WARN] DbFile:41 - Overriding database path with different value: C:\Users\DELL\.stmcufinder\plugins\mcufinder/ => C:\Users\DELL\.stmcufinder\plugins\mcufinder
2026-02-05 11:17:54,287 [INFO] CrossReferenceDbSqlite:203 - Set database path to: C:\Users\DELL\.stmcufinder\plugins\mcufinder//mcu/cs/
2026-02-05 11:17:54,410 [INFO] MainPanel:272 - HeapMemory: 268435456
2026-02-05 11:17:54,578 [INFO] DbMcusXml:78 - Set database path to: D:\Install\STM32CubeIDE_1.18.1\STM32CubeIDE\plugins\com.st.stm32cube.common.mx_6.14.1.202504091515\\db\/mcu/
2026-02-05 11:17:54,578 [INFO] ApiDb:274 - Set plugin database path to: D:\Install\STM32CubeIDE_1.18.1\STM32CubeIDE\plugins\com.st.stm32cube.common.mx_6.14.1.202504091515\\db\/plugins/boardmanager/
2026-02-05 11:17:54,578 [INFO] ApiDb:261 - Set plugin images path to: D:\Install\STM32CubeIDE_1.18.1\STM32CubeIDE\plugins\com.st.stm32cube.common.mx_6.14.1.202504091515\\db\/plugins/mcufinder/images/
2026-02-05 11:17:54,579 [WARN] DbFile:41 - Overriding database path with different value: C:\Users\DELL\.stmcufinder\plugins\mcufinder/ => C:\Users\DELL\.stmcufinder\plugins\mcufinder
2026-02-05 11:17:54,579 [INFO] ApiDb:250 - Set database path to: C:\Users\DELL\.stmcufinder\plugins\mcufinder//mcu/
2026-02-05 11:17:54,580 [WARN] DbFile:41 - Overriding database path with different value: C:\Users\DELL\.stmcufinder\plugins\mcufinder/ => C:\Users\DELL\.stmcufinder\plugins\mcufinder
2026-02-05 11:17:54,580 [INFO] DbMcusAds:125 - Set database path to: C:\Users\DELL\.stmcufinder\plugins\mcufinder//mcu/
2026-02-05 11:17:54,580 [WARN] DbFile:41 - Overriding database path with different value: C:\Users\DELL\.stmcufinder\plugins\mcufinder/ => C:\Users\DELL\.stmcufinder\plugins\mcufinder
2026-02-05 11:17:54,580 [WARN] DbFile:41 - Overriding database path with different value: C:\Users\DELL\.stmcufinder\plugins\mcufinder/ => C:\Users\DELL\.stmcufinder\plugins\mcufinder
2026-02-05 11:17:54,580 [INFO] CrossReferenceDbSqlite:203 - Set database path to: C:\Users\DELL\.stmcufinder\plugins\mcufinder//mcu/cs/
2026-02-05 11:17:54,611 [INFO] ApplicationProperties:184 - Using Application install path: D:\Install\STM32CubeIDE_1.18.1\STM32CubeIDE\plugins\com.st.stm32cube.common.mx_6.14.1.202504091515
2026-02-05 11:17:54,613 [INFO] PluginManage:196 - Search for loadable plugins [exclusion list=, ]
2026-02-05 11:17:54,615 [INFO] PluginManage:310 - Check plugin analytics
2026-02-05 11:17:54,935 [INFO] AnalyticsPlugin:253 - Accepted Software Licenses: STM32CubeMX.6.14.1
2026-02-05 11:17:54,935 [INFO] AnalyticsPlugin:255 - Accepted CMSIS Pack Licenses: 
2026-02-05 11:17:54,935 [INFO] AnalyticsPlugin:257 - Accepted Firmware Licenses: FW.WL.1.3.0,FW.L4.1.18.0,FW.F4.1.28.0
2026-02-05 11:17:54,939 [INFO] PluginManage:359 - Loaded plugin analytics (category:tool,tabindex:-1)
2026-02-05 11:17:54,939 [INFO] PluginManage:310 - Check plugin cadmodel
2026-02-05 11:17:54,947 [INFO] CADModel:105 - Init CAD model plugin
2026-02-05 11:17:54,947 [INFO] PluginManage:359 - Loaded plugin cadmodel (category:power,tabindex:5)
2026-02-05 11:17:54,948 [INFO] PluginManage:310 - Check plugin clock
2026-02-05 11:17:54,963 [INFO] PluginManage:359 - Loaded plugin clock (category:base,tabindex:2)
2026-02-05 11:17:54,964 [INFO] PluginManage:310 - Check plugin ddr
2026-02-05 11:17:54,968 [INFO] PluginManage:359 - Loaded plugin ddr (category:tool,tabindex:6)
2026-02-05 11:17:54,968 [INFO] PluginManage:310 - Check plugin filemanager
2026-02-05 11:17:55,219 [INFO] PluginManage:359 - Loaded plugin filemanager (category:base,tabindex:10)
2026-02-05 11:17:55,219 [INFO] PluginManage:310 - Check plugin ipmanager
2026-02-05 11:17:55,228 [INFO] PluginManage:359 - Loaded plugin ipmanager (category:base,tabindex:5)
2026-02-05 11:17:55,228 [INFO] PluginManage:310 - Check plugin lpbam
2026-02-05 11:17:55,238 [INFO] PluginManage:359 - Loaded plugin lpbam (category:base,tabindex:0)
2026-02-05 11:17:55,239 [INFO] PluginManage:310 - Check plugin memorymap
2026-02-05 11:17:55,259 [INFO] PluginManage:359 - Loaded plugin memorymap (category:base,tabindex:4)
2026-02-05 11:17:55,259 [INFO] PluginManage:310 - Check plugin pinoutandconfiguration
2026-02-05 11:17:55,276 [INFO] PluginManage:359 - Loaded plugin pinoutandconfiguration (category:base,tabindex:1)
2026-02-05 11:17:55,276 [INFO] PluginManage:310 - Check plugin pinoutconfig
2026-02-05 11:17:55,456 [WARN] SupportedApi:132 - Cannot load RTOS API schema: s4s-elt-must-match.1: The content of 'definitions' must match (annotation?, (simpleType | complexType)?, (unique | key | keyref)*)). A problem was found starting at: attribute.
2026-02-05 11:17:55,687 [INFO] PluginManage:359 - Loaded plugin pinoutconfig (category:base,tabindex:0)
2026-02-05 11:17:55,687 [INFO] PluginManage:310 - Check plugin power
2026-02-05 11:17:55,705 [INFO] PluginManage:359 - Loaded plugin power (category:power,tabindex:4)
2026-02-05 11:17:55,705 [INFO] PluginManage:310 - Check plugin projectmanager
2026-02-05 11:17:55,725 [INFO] PluginManage:359 - Loaded plugin projectmanager (category:projectmanager,tabindex:4)
2026-02-05 11:17:55,725 [INFO] PluginManage:310 - Check plugin rif
2026-02-05 11:17:55,735 [INFO] PluginManage:359 - Loaded plugin rif (category:base,tabindex:3)
2026-02-05 11:17:55,735 [INFO] PluginManage:310 - Check plugin thirdparty
2026-02-05 11:17:55,950 [INFO] PluginManage:359 - Loaded plugin thirdparty (category:base,tabindex:-1)
2026-02-05 11:17:55,950 [INFO] PluginManage:310 - Check plugin tools
2026-02-05 11:17:55,951 [WARN] IntegrityCheckThread:84 - waiting for thirdparty lock release [integrity check]
2026-02-05 11:17:55,952 [INFO] IntegrityCheckThread:86 - entering critical section [integrity check]
2026-02-05 11:17:55,953 [INFO] ThirdPartyUpdaterWithRetryManager:70 - Updater plugin not ready yet. [1/15]
2026-02-05 11:17:55,955 [INFO] PluginManage:359 - Loaded plugin tools (category:base,tabindex:7)
2026-02-05 11:17:55,955 [INFO] PluginManage:310 - Check plugin tutovideos
2026-02-05 11:17:56,205 [INFO] PluginManage:359 - Loaded plugin tutovideos (category:base,tabindex:-1)
2026-02-05 11:17:56,205 [INFO] PluginManage:310 - Check plugin updater
2026-02-05 11:17:56,238 [INFO] PluginManage:359 - Loaded plugin updater (category:base,tabindex:12)
2026-02-05 11:17:56,239 [INFO] PluginManage:310 - Check plugin userauth
2026-02-05 11:17:56,245 [INFO] UserAuth:118 - Init User Auth plugin
2026-02-05 11:17:56,246 [INFO] PluginManage:359 - Loaded plugin userauth (category:base,tabindex:14)
2026-02-05 11:17:56,247 [INFO] PluginManage:283 - PluginManage : Loaded plugins [18]
2026-02-05 11:17:56,635 [INFO] PinOutPanel:1589 - setPackage(No Configuration,No Configuration)
2026-02-05 11:17:56,779 [INFO] CADModel:165 - CPN selected for project level
2026-02-05 11:17:56,779 [INFO] CADModel:114 - Register for checkConnection events
2026-02-05 11:17:56,810 [INFO] IPUIPlugin:80 - create IPUIPlugin
2026-02-05 11:17:56,810 [INFO] PluginManager:220 - loadIPPluginJar : add adc
2026-02-05 11:17:56,815 [INFO] IPUIPlugin:80 - create IPUIPlugin
2026-02-05 11:17:56,815 [INFO] PluginManager:220 - loadIPPluginJar : add aes
2026-02-05 11:17:56,820 [INFO] IPUIPlugin:80 - create IPUIPlugin
2026-02-05 11:17:56,821 [INFO] PluginManager:220 - loadIPPluginJar : add can
2026-02-05 11:17:56,824 [INFO] IPUIPlugin:80 - create IPUIPlugin
2026-02-05 11:17:56,824 [INFO] PluginManager:220 - loadIPPluginJar : add comp
2026-02-05 11:17:56,829 [INFO] IPUIPlugin:80 - create IPUIPlugin
2026-02-05 11:17:56,829 [INFO] PluginManager:220 - loadIPPluginJar : add cryp
2026-02-05 11:17:56,834 [INFO] IPUIPlugin:80 - create IPUIPlugin
2026-02-05 11:17:56,834 [INFO] PluginManager:220 - loadIPPluginJar : add ddr_ctrl_phy
2026-02-05 11:17:56,839 [INFO] IPUIPlugin:80 - create IPUIPlugin
2026-02-05 11:17:56,839 [INFO] PluginManager:220 - loadIPPluginJar : add dfsdm
2026-02-05 11:17:56,848 [INFO] IPUIPlugin:80 - create IPUIPlugin
2026-02-05 11:17:56,848 [INFO] PluginManager:220 - loadIPPluginJar : add dma
2026-02-05 11:17:56,853 [INFO] IPUIPlugin:80 - create IPUIPlugin
2026-02-05 11:17:56,853 [INFO] PluginManager:220 - loadIPPluginJar : add dma3
2026-02-05 11:17:56,857 [INFO] IPUIPlugin:80 - create IPUIPlugin
2026-02-05 11:17:56,857 [INFO] PluginManager:220 - loadIPPluginJar : add extmemmanager
2026-02-05 11:17:56,860 [INFO] IPUIPlugin:80 - create IPUIPlugin
2026-02-05 11:17:56,860 [INFO] PluginManager:220 - loadIPPluginJar : add fatfs
2026-02-05 11:17:56,868 [INFO] IPUIPlugin:80 - create IPUIPlugin
2026-02-05 11:17:56,868 [INFO] PluginManager:220 - loadIPPluginJar : add fmc
2026-02-05 11:17:56,879 [INFO] IPUIPlugin:80 - create IPUIPlugin
2026-02-05 11:17:56,879 [INFO] PluginManager:220 - loadIPPluginJar : add freertos
2026-02-05 11:17:56,882 [INFO] IPUIPlugin:80 - create IPUIPlugin
2026-02-05 11:17:56,882 [INFO] PluginManager:220 - loadIPPluginJar : add genericplugin
2026-02-05 11:17:56,886 [INFO] IPUIPlugin:80 - create IPUIPlugin
2026-02-05 11:17:56,886 [INFO] PluginManager:220 - loadIPPluginJar : add gfxmmu
2026-02-05 11:17:56,893 [INFO] IPUIPlugin:80 - create IPUIPlugin
2026-02-05 11:17:56,894 [INFO] PluginManager:220 - loadIPPluginJar : add gic
2026-02-05 11:17:56,900 [INFO] IPUIPlugin:80 - create IPUIPlugin
2026-02-05 11:17:56,901 [INFO] PluginManager:220 - loadIPPluginJar : add gpio
2026-02-05 11:17:56,905 [INFO] IPUIPlugin:80 - create IPUIPlugin
2026-02-05 11:17:56,905 [INFO] PluginManager:220 - loadIPPluginJar : add gtzc
2026-02-05 11:17:56,909 [INFO] IPUIPlugin:80 - create IPUIPlugin
2026-02-05 11:17:56,910 [INFO] PluginManager:220 - loadIPPluginJar : add hash
2026-02-05 11:17:56,914 [INFO] IPUIPlugin:80 - create IPUIPlugin
2026-02-05 11:17:56,914 [INFO] PluginManager:220 - loadIPPluginJar : add i2c
2026-02-05 11:17:56,918 [INFO] IPUIPlugin:80 - create IPUIPlugin
2026-02-05 11:17:56,918 [INFO] PluginManager:220 - loadIPPluginJar : add i2s
2026-02-05 11:17:56,923 [INFO] IPUIPlugin:80 - create IPUIPlugin
2026-02-05 11:17:56,923 [INFO] PluginManager:220 - loadIPPluginJar : add i3c
2026-02-05 11:17:56,927 [INFO] IPUIPlugin:80 - create IPUIPlugin
2026-02-05 11:17:56,928 [INFO] PluginManager:220 - loadIPPluginJar : add ipddr
2026-02-05 11:17:56,937 [INFO] IPUIPlugin:80 - create IPUIPlugin
2026-02-05 11:17:56,937 [INFO] PluginManager:220 - loadIPPluginJar : add linkedlist
2026-02-05 11:17:56,942 [INFO] IPUIPlugin:80 - create IPUIPlugin
2026-02-05 11:17:56,942 [INFO] PluginManager:220 - loadIPPluginJar : add lorawan
2026-02-05 11:17:56,945 [INFO] IPUIPlugin:80 - create IPUIPlugin
2026-02-05 11:17:56,945 [INFO] PluginManager:220 - loadIPPluginJar : add ltdc
2026-02-05 11:17:56,954 [INFO] IPUIPlugin:80 - create IPUIPlugin
2026-02-05 11:17:56,954 [INFO] PluginManager:220 - loadIPPluginJar : add mdma
2026-02-05 11:17:56,960 [INFO] IPUIPlugin:80 - create IPUIPlugin
2026-02-05 11:17:56,960 [INFO] PluginManager:220 - loadIPPluginJar : add nvic
2026-02-05 11:17:56,966 [INFO] IPUIPlugin:80 - create IPUIPlugin
2026-02-05 11:17:56,967 [INFO] PluginManager:220 - loadIPPluginJar : add opamp
2026-02-05 11:17:56,971 [INFO] IPUIPlugin:80 - create IPUIPlugin
2026-02-05 11:17:56,972 [INFO] PluginManager:220 - loadIPPluginJar : add openamp
2026-02-05 11:17:56,976 [INFO] IPUIPlugin:80 - create IPUIPlugin
2026-02-05 11:17:56,977 [INFO] PluginManager:220 - loadIPPluginJar : add pdm2pcm
2026-02-05 11:17:56,986 [INFO] IPUIPlugin:80 - create IPUIPlugin
2026-02-05 11:17:56,990 [INFO] PluginManager:220 - loadIPPluginJar : add plateformsettings
2026-02-05 11:17:56,993 [INFO] IPUIPlugin:80 - create IPUIPlugin
2026-02-05 11:17:56,993 [INFO] PluginManager:220 - loadIPPluginJar : add quadspi
2026-02-05 11:17:56,997 [INFO] IPUIPlugin:80 - create IPUIPlugin
2026-02-05 11:17:56,998 [INFO] PluginManager:220 - loadIPPluginJar : add radio
2026-02-05 11:17:57,005 [INFO] IPUIPlugin:80 - create IPUIPlugin
2026-02-05 11:17:57,005 [INFO] PluginManager:220 - loadIPPluginJar : add resmgrutility
2026-02-05 11:17:57,011 [INFO] IPUIPlugin:80 - create IPUIPlugin
2026-02-05 11:17:57,011 [INFO] PluginManager:220 - loadIPPluginJar : add sai
2026-02-05 11:17:57,017 [INFO] IPUIPlugin:80 - create IPUIPlugin
2026-02-05 11:17:57,017 [INFO] PluginManager:220 - loadIPPluginJar : add spi
2026-02-05 11:17:57,028 [INFO] IPUIPlugin:80 - create IPUIPlugin
2026-02-05 11:17:57,028 [INFO] PluginManager:220 - loadIPPluginJar : add stm32_wpan
2026-02-05 11:17:57,032 [INFO] IPUIPlugin:80 - create IPUIPlugin
2026-02-05 11:17:57,032 [INFO] PluginManager:220 - loadIPPluginJar : add tim
2026-02-05 11:17:57,038 [INFO] IPUIPlugin:80 - create IPUIPlugin
2026-02-05 11:17:57,038 [INFO] PluginManager:220 - loadIPPluginJar : add touchsensing
2026-02-05 11:17:57,042 [INFO] IPUIPlugin:80 - create IPUIPlugin
2026-02-05 11:17:57,042 [INFO] PluginManager:220 - loadIPPluginJar : add tracer_emb
2026-02-05 11:17:57,046 [INFO] IPUIPlugin:80 - create IPUIPlugin
2026-02-05 11:17:57,046 [INFO] PluginManager:220 - loadIPPluginJar : add ts
2026-02-05 11:17:57,049 [INFO] IPUIPlugin:80 - create IPUIPlugin
2026-02-05 11:17:57,049 [INFO] PluginManager:220 - loadIPPluginJar : add tsc
2026-02-05 11:17:57,052 [INFO] IPUIPlugin:80 - create IPUIPlugin
2026-02-05 11:17:57,052 [INFO] PluginManager:220 - loadIPPluginJar : add ucpd
2026-02-05 11:17:57,057 [INFO] IPUIPlugin:80 - create IPUIPlugin
2026-02-05 11:17:57,057 [INFO] PluginManager:220 - loadIPPluginJar : add usart
2026-02-05 11:17:57,062 [INFO] IPUIPlugin:80 - create IPUIPlugin
2026-02-05 11:17:57,063 [INFO] PluginManager:220 - loadIPPluginJar : add usbx
2026-02-05 11:17:57,228 [FATAL] Updater:351 - Updater called before beeing initialized
2026-02-05 11:17:57,267 [INFO] RulesReader:64 - Compatibility file has been processed (302 Rules)
2026-02-05 11:17:57,285 [INFO] RulesReader:64 - Compatibility file has been processed (302 Rules)
2026-02-05 11:17:57,295 [INFO] CADModel:165 - CPN selected for project level
2026-02-05 11:17:57,295 [INFO] CADModel:114 - Register for checkConnection events
2026-02-05 11:17:57,296 [FATAL] Updater:351 - Updater called before beeing initialized
2026-02-05 11:17:57,296 [ERROR] CADModel:125 - Updater not yet initialized, retry later 
2026-02-05 11:17:57,527 [FATAL] Updater:351 - Updater called before beeing initialized
2026-02-05 11:17:57,530 [INFO] CADModel:165 - CPN selected for project level
2026-02-05 11:17:57,530 [INFO] CADModel:114 - Register for checkConnection events
2026-02-05 11:17:57,530 [FATAL] Updater:351 - Updater called before beeing initialized
2026-02-05 11:17:57,530 [ERROR] CADModel:125 - Updater not yet initialized, retry later 
2026-02-05 11:17:57,537 [FATAL] Updater:351 - Updater called before beeing initialized
2026-02-05 11:17:57,725 [FATAL] Updater:351 - Updater called before beeing initialized
2026-02-05 11:17:57,732 [INFO] DbMcusAds:53 - JSON generation date=Thu Jan 08 20:56:32 PKT 2026 (1767887792457)
2026-02-05 11:17:57,732 [FATAL] Updater:351 - Updater called before beeing initialized
2026-02-05 11:17:57,810 [WARN] DetailPanel:346 - Failed to get advertising image, set to default
2026-02-05 11:17:58,282 [FATAL] Updater:351 - Updater called before beeing initialized
2026-02-05 11:17:58,286 [FATAL] Updater:351 - Updater called before beeing initialized
2026-02-05 11:17:58,286 [FATAL] Updater:351 - Updater called before beeing initialized
2026-02-05 11:17:58,286 [WARN] DetailPanel:346 - Failed to get advertising image, set to default
2026-02-05 11:17:58,288 [FATAL] Updater:351 - Updater called before beeing initialized
2026-02-05 11:17:58,368 [ERROR] Updater:1198 - MainUpdater not yet initialized. External WinMGr cannot be set.
2026-02-05 11:17:58,371 [INFO] Updater:1134 - Updater Version found : 6.14.1
2026-02-05 11:17:58,402 [INFO] ApplicationProperties:184 - Using Application install path: D:\Install\STM32CubeIDE_1.18.1\STM32CubeIDE\plugins\com.st.stm32cube.common.mx_6.14.1.202504091515
2026-02-05 11:17:58,954 [INFO] ThirdPartyUpdaterWithRetryManager:70 - Updater plugin not ready yet. [2/15]
2026-02-05 11:17:59,982 [ERROR] LogOutputStream:75 - [STDERR_REDIRECT] Feb 05, 2026 11:17:59 AM java.util.prefs.WindowsPreferences <init>
2026-02-05 11:17:59,985 [ERROR] LogOutputStream:75 - [STDERR_REDIRECT] WARNING: Could not open/create prefs root node Software\JavaSoft\Prefs at root 0xffffffff80000002. Windows RegCreateKeyEx(...) returned error code 5.
2026-02-05 11:17:59,986 [ERROR] LogOutputStream:75 - [STDERR_REDIRECT] 
2026-02-05 11:18:00,611 [INFO] MainUpdater:2872 - connection check result : 10
2026-02-05 11:18:00,611 [INFO] MainUpdater:3566 - Updater definition file requires update
2026-02-05 11:18:00,612 [INFO] MainUpdater:289 - Updater Check For Update Now.
2026-02-05 11:18:00,612 [INFO] MicroXplorer:498 - Change Database Version : DB.6.0.141
2026-02-05 11:18:00,619 [INFO] McuFinderGlobals:63 - Set McuFinder mode to 2 (CubeIDE integrated)
2026-02-05 11:18:00,621 [INFO] UserAuth:484 - Internet connection configuration mode: 1
2026-02-05 11:18:00,647 [INFO] JxBrowserEngine:152 - Initiate JxBrowser Engine with user profile folder
2026-02-05 11:18:01,126 [INFO] ServerAccessManage:473 - Download File updaters.zip
2026-02-05 11:18:01,679 [INFO] FileExtend:242 - Unzip File : updaters.zip
2026-02-05 11:18:01,679 [INFO] FileExtend:257 - Standard Zip Deflate
2026-02-05 11:18:02,208 [WARN] MainUpdater:1193 - Updater busy. Cannot search thirdparties
2026-02-05 11:18:02,209 [INFO] ThirdPartyUpdaterWithRetryManager:96 - Updater plugin is busy. [1/15]
2026-02-05 11:18:03,233 [INFO] WebApp:169 - Instantiating new browser for Auth
2026-02-05 11:18:03,384 [INFO] ServerAccessManage:473 - Download File PacksControlFlags.xml
2026-02-05 11:18:04,058 [INFO] ServerAccessManage:473 - Download File cubemx.pidx
2026-02-05 11:18:04,268 [INFO] LoadServerUpdatesThread:375 - End of LoadServerUpdate Thread
2026-02-05 11:18:04,657 [INFO] CheckServerUpdateThread:120 - End of CheckServer Thread
2026-02-05 11:18:05,059 [INFO] WebApp:463 - Apply proxy settings
2026-02-05 11:18:05,060 [INFO] WebApp:548 - Chromium requires no authentication
2026-02-05 11:18:05,075 [INFO] WebApp:491 - Direct internet connection detected
2026-02-05 11:18:05,119 [INFO] WebApp:894 - Register for checkConnection events
2026-02-05 11:18:05,119 [INFO] WebApp:463 - Apply proxy settings
2026-02-05 11:18:05,119 [INFO] WebApp:548 - Chromium requires no authentication
2026-02-05 11:18:05,120 [INFO] WebApp:491 - Direct internet connection detected
2026-02-05 11:18:05,481 [INFO] WebApp:225 - Starting web application
2026-02-05 11:18:05,481 [INFO] WebApp:593 - Web application path used D:\Install\STM32CubeIDE_1.18.1\STM32CubeIDE\plugins\com.st.stm32cube.common.mx_6.14.1.202504091515\db\plugins\mcufinder\reactClient1\index.html
2026-02-05 11:18:05,730 [WARN] PackLoader:240 - Cannot read IP mode file for STMicroelectronics.FP-SNS-MOTENVWB1.1.4.0
2026-02-05 11:18:05,750 [WARN] PackLoader:240 - Cannot read IP mode file for STMicroelectronics.FP-ATR-ASTRA1.2.0.2
2026-02-05 11:18:05,763 [WARN] PackLoader:240 - Cannot read IP mode file for STMicroelectronics.X-CUBE-SMBUS.2.1.0
2026-02-05 11:18:05,771 [WARN] PackLoader:240 - Cannot read IP mode file for STMicroelectronics.X-CUBE-ST60.1.0.0
2026-02-05 11:18:05,832 [WARN] PackLoader:240 - Cannot read IP mode file for STMicroelectronics.X-CUBE-AZRTOS-F7.1.1.0
2026-02-05 11:18:05,846 [WARN] PackLoader:240 - Cannot read IP mode file for Cesanta.I-CUBE-Mongoose.7.19.0
2026-02-05 11:18:05,850 [ERROR] Engine:466 - C:\Users\DELL\.stm32cubemx\thirdparties\pdsc\STMicroelectronics.FP-SNS-MOTENV1.5.1.0.pdsc: PDSC version is not supported
2026-02-05 11:18:05,855 [ERROR] Engine:466 - C:\Users\DELL\.stm32cubemx\thirdparties\pdsc\WES.I-CUBE-Cesium.1.4.0.pdsc: PDSC version is not supported
2026-02-05 11:18:05,898 [WARN] PackLoader:240 - Cannot read IP mode file for Infineon.AIROC-Wi-Fi-Bluetooth-STM32.1.7.1
2026-02-05 11:18:05,964 [INFO] WebApp:191 - Connection restablished
2026-02-05 11:18:06,026 [WARN] PackLoader:240 - Cannot read IP mode file for STMicroelectronics.X-CUBE-AZRTOS-H7.3.4.0
2026-02-05 11:18:06,051 [WARN] PackLoader:240 - Cannot read IP mode file for STMicroelectronics.X-CUBE-DISPLAY.3.0.0
2026-02-05 11:18:06,073 [WARN] PackLoader:240 - Cannot read IP mode file for STMicroelectronics.X-CUBE-NFC10.1.0.0
2026-02-05 11:18:06,084 [WARN] PackLoader:240 - Cannot read IP mode file for STMicroelectronics.X-CUBE-ST60.1.1.0
2026-02-05 11:18:06,101 [WARN] PackLoader:240 - Cannot read IP mode file for emotas.I-CUBE-CANOPEN.1.3.0
2026-02-05 11:18:06,119 [WARN] PackLoader:240 - Cannot read IP mode file for STMicroelectronics.X-CUBE-GNSS1.7.1.0
2026-02-05 11:18:06,127 [ERROR] Engine:466 - C:\Users\DELL\.stm32cubemx\thirdparties\pdsc\STMicroelectronics.FP-SNS-STBOX1.2.1.0.pdsc: PDSC version is not supported
2026-02-05 11:18:06,133 [WARN] PackLoader:240 - Cannot read IP mode file for STMicroelectronics.FP-SNS-SMARTAG2.1.2.0
2026-02-05 11:18:06,140 [WARN] PackLoader:240 - Cannot read IP mode file for STMicroelectronics.FP-SNS-FLIGHT1.5.1.0
2026-02-05 11:18:06,158 [INFO] LogOutputStream:77 - [STDOUT_REDIRECT] 1 : Invalid condition id : UX_CORESTACK_Condition cause : null
2026-02-05 11:18:06,159 [INFO] LogOutputStream:77 - [STDOUT_REDIRECT] 1 : Invalid condition id : UX_CORESTACK_Condition cause : null
2026-02-05 11:18:06,161 [INFO] LogOutputStream:77 - [STDOUT_REDIRECT] 1 : Invalid condition id : UX_CORESTACK_Condition cause : null
2026-02-05 11:18:06,163 [INFO] LogOutputStream:77 - [STDOUT_REDIRECT] 1 : Invalid condition id : UX_CORESTACK_Condition cause : null
2026-02-05 11:18:06,166 [INFO] LogOutputStream:77 - [STDOUT_REDIRECT] 1 : Invalid condition id : UX_CORESTACK_Condition cause : null
2026-02-05 11:18:06,172 [WARN] PackLoader:240 - Cannot read IP mode file for STMicroelectronics.X-CUBE-AZRTOS-WL.2.0.0
2026-02-05 11:18:06,182 [WARN] PackLoader:240 - Cannot read IP mode file for STMicroelectronics.FP-SNS-MOTENV1.5.0.0
2026-02-05 11:18:06,237 [WARN] PackLoader:240 - Cannot read IP mode file for STMicroelectronics.X-CUBE-AZRTOS-H7RS.1.2.0
2026-02-05 11:18:06,254 [WARN] PackLoader:240 - Cannot read IP mode file for STMicroelectronics.X-CUBE-BLE2.3.3.0
2026-02-05 11:18:06,285 [WARN] PackLoader:240 - Cannot read IP mode file for STMicroelectronics.X-CUBE-NFC9.1.0.0
2026-02-05 11:18:06,296 [WARN] PackLoader:240 - Cannot read IP mode file for wolfSSL.I-CUBE-wolfSSL.5.8.2
2026-02-05 11:18:06,306 [WARN] PackLoader:240 - Cannot read IP mode file for STMicroelectronics.X-CUBE-BLE1.7.1.0
2026-02-05 11:18:06,312 [WARN] PackLoader:240 - Cannot read IP mode file for wolfSSL.I-CUBE-wolfMQTT.1.19.2
2026-02-05 11:18:06,318 [ERROR] Engine:466 - C:\Users\DELL\.stm32cubemx\thirdparties\pdsc\STMicroelectronics.X-CUBE-FREERTOS.1.4.0.pdsc: PDSC version is not supported
2026-02-05 11:18:06,326 [WARN] PackLoader:240 - Cannot read IP mode file for STMicroelectronics.X-CUBE-EEPRMA1.5.2.0
2026-02-05 11:18:06,365 [ERROR] Engine:466 - C:\Users\DELL\.stm32cubemx\thirdparties\pdsc\STMicroelectronics.X-CUBE-ST67W61.1.1.0.pdsc: PDSC version is not supported
2026-02-05 11:18:06,501 [WARN] PackLoader:240 - Cannot read IP mode file for STMicroelectronics.X-CUBE-MEMS1.12.0.0
2026-02-05 11:18:06,819 [WARN] PackLoader:240 - Cannot read IP mode file for STMicroelectronics.X-CUBE-AZRTOS-G0.1.1.0
2026-02-05 11:18:06,830 [WARN] PackLoader:240 - Cannot read IP mode file for STMicroelectronics.X-CUBE-SAFEA1.1.2.2
2026-02-05 11:18:06,840 [WARN] PackLoader:240 - Cannot read IP mode file for STMicroelectronics.X-CUBE-NFC4.3.0.0
2026-02-05 11:18:06,857 [WARN] PackLoader:240 - Cannot read IP mode file for EmbeddedOffice.I-CUBE-FS-RTOS.1.0.1
2026-02-05 11:18:06,870 [WARN] PackLoader:240 - Cannot read IP mode file for STMicroelectronics.X-CUBE-WB05N.2.0.0
2026-02-05 11:18:06,877 [WARN] PackLoader:240 - Cannot read IP mode file for wolfSSL.I-CUBE-wolfTPM.3.8.0
2026-02-05 11:18:06,887 [WARN] PackLoader:240 - Cannot read IP mode file for STMicroelectronics.X-CUBE-TCPP.4.2.0
2026-02-05 11:18:06,927 [WARN] PackLoader:240 - Cannot read IP mode file for RealThread.X-CUBE-RT-Thread_Nano.4.1.1
2026-02-05 11:18:06,935 [WARN] PackLoader:240 - Cannot read IP mode file for STMicroelectronics.FP-ATR-SIGFOX1.3.2.0
2026-02-05 11:18:06,947 [WARN] PackLoader:240 - Cannot read IP mode file for ITTIA_DB.I-CUBE-ITTIADB.8.9.0
2026-02-05 11:18:06,958 [WARN] PackLoader:240 - Cannot read IP mode file for STMicroelectronics.X-CUBE-NFC6.3.2.0
2026-02-05 11:18:06,973 [WARN] PackLoader:240 - Cannot read IP mode file for STMicroelectronics.X-CUBE-ST67W61.1.0.0
2026-02-05 11:18:06,984 [WARN] PackLoader:240 - Cannot read IP mode file for STMicroelectronics.X-CUBE-AI.10.2.0
2026-02-05 11:18:07,069 [WARN] PackLoader:240 - Cannot read IP mode file for SEGGER.I-CUBE-embOS.1.3.1
2026-02-05 11:18:07,147 [WARN] PackLoader:240 - Cannot read IP mode file for STMicroelectronics.X-CUBE-ALGOBUILD.1.4.0
2026-02-05 11:18:07,286 [WARN] PackLoader:240 - Cannot read IP mode file for STMicroelectronics.X-CUBE-MEMS1.11.3.0
2026-02-05 11:18:07,573 [WARN] PackLoader:240 - Cannot read IP mode file for STMicroelectronics.X-CUBE-PM33A1.1.0.0
2026-02-05 11:18:07,619 [WARN] PackLoader:240 - Cannot read IP mode file for STMicroelectronics.X-CUBE-AZRTOS-F4.1.1.0
2026-02-05 11:18:07,630 [WARN] PackLoader:240 - Cannot read IP mode file for Avnet-IotConnect.X-CUBE-IoTC-DA16k-PMOD.1.0.0
2026-02-05 11:18:07,635 [WARN] PackLoader:240 - Cannot read IP mode file for STMicroelectronics.X-CUBE-ISPU.2.1.0
2026-02-05 11:18:07,644 [ERROR] Engine:466 - C:\Users\DELL\.stm32cubemx\thirdparties\pdsc\STMicroelectronics.X-CUBE-IPS.3.2.0.pdsc: PDSC version is not supported
2026-02-05 11:18:07,653 [WARN] PackLoader:240 - Cannot read IP mode file for STMicroelectronics.X-CUBE-NFC12.1.0.0
2026-02-05 11:18:07,681 [WARN] PackLoader:240 - Cannot read IP mode file for STMicroelectronics.X-CUBE-AZRTOS-L5.2.0.0
2026-02-05 11:18:07,695 [WARN] PackLoader:240 - Cannot read IP mode file for STMicroelectronics.X-CUBE-NFC6.3.1.0
2026-02-05 11:18:07,705 [WARN] PackLoader:240 - Cannot read IP mode file for STMicroelectronics.X-CUBE-FREERTOS.1.3.1
2026-02-05 11:18:07,713 [WARN] PackLoader:240 - Cannot read IP mode file for STMicroelectronics.X-CUBE-TOUCHGFX.4.26.0
2026-02-05 11:18:07,738 [WARN] PackLoader:240 - Cannot read IP mode file for STMicroelectronics.FP-SNS-STAIOTCFT.1.0.0
2026-02-05 11:18:07,747 [WARN] PackLoader:240 - Cannot read IP mode file for STMicroelectronics.X-CUBE-DPower.1.3.0
2026-02-05 11:18:07,775 [WARN] ConditionMgr:438 - getConditionDescription Invalid condition id : LAN8742 Phy interface Condition cause : null
2026-02-05 11:18:07,777 [WARN] PackLoader:240 - Cannot read IP mode file for STMicroelectronics.X-CUBE-AZRTOS-L4.2.0.0
2026-02-05 11:18:07,779 [WARN] ConditionMgr:1044 - genDependencies : Invalid condition id : LAN8742 Phy interface Condition cause : null
2026-02-05 11:18:07,779 [WARN] ConditionMgr:1044 - genDependencies : Invalid condition id : LAN8742 Phy interface Condition cause : null
2026-02-05 11:18:07,780 [WARN] ConditionMgr:1044 - genDependencies : Invalid condition id : LAN8742 Phy interface Condition cause : null
2026-02-05 11:18:07,796 [WARN] PackLoader:240 - Cannot read IP mode file for STMicroelectronics.X-CUBE-SFXS2LP1.4.0.0
2026-02-05 11:18:07,802 [ERROR] Engine:466 - C:\Users\DELL\.stm32cubemx\thirdparties\pdsc\STMicroelectronics.X-CUBE-ST67W61.1.2.0.pdsc: PDSC version is not supported
2026-02-05 11:18:07,818 [WARN] PackLoader:240 - Cannot read IP mode file for STMicroelectronics.X-CUBE-BLEMGR.4.1.0
2026-02-05 11:18:07,864 [WARN] ConditionMgr:438 - getConditionDescription Invalid condition id : UX DEVICE CLASS RTOS Condition cause : null
2026-02-05 11:18:07,865 [WARN] ConditionMgr:438 - getConditionDescription Invalid condition id : UX DEVICE CLASS RTOS Condition cause : null
2026-02-05 11:18:07,868 [WARN] PackLoader:240 - Cannot read IP mode file for STMicroelectronics.X-CUBE-AZRTOS-WB.2.0.0
2026-02-05 11:18:07,869 [WARN] ConditionMgr:1044 - genDependencies : Invalid condition id : UX DEVICE CLASS RTOS Condition cause : null
2026-02-05 11:18:07,869 [WARN] ConditionMgr:1044 - genDependencies : Invalid condition id : UX DEVICE CLASS RTOS Condition cause : null
2026-02-05 11:18:07,870 [WARN] ConditionMgr:1044 - genDependencies : Invalid condition id : UX DEVICE CLASS RTOS Condition cause : null
2026-02-05 11:18:07,870 [WARN] ConditionMgr:1044 - genDependencies : Invalid condition id : UX DEVICE CLASS RTOS Condition cause : null
2026-02-05 11:18:07,870 [WARN] ConditionMgr:1044 - genDependencies : Invalid condition id : UX DEVICE CLASS RTOS Condition cause : null
2026-02-05 11:18:07,881 [WARN] PackLoader:240 - Cannot read IP mode file for STMicroelectronics.X-CUBE-GNSS1.7.0.1
2026-02-05 11:18:07,886 [WARN] PackLoader:240 - Cannot read IP mode file for STMicroelectronics.X-CUBE-TOUCHGFX.4.25.0
2026-02-05 11:18:07,893 [WARN] ConditionMgr:438 - getConditionDescription Invalid condition id : Cortex-A Device cause : null
2026-02-05 11:18:07,901 [WARN] ConditionMgr:1044 - genDependencies : Invalid condition id : Cortex-A Device cause : null
2026-02-05 11:18:07,902 [WARN] ConditionMgr:1044 - genDependencies : Invalid condition id : Cortex-A Device cause : null
2026-02-05 11:18:07,902 [WARN] ConditionMgr:1044 - genDependencies : Invalid condition id : Cortex-A Device cause : null
2026-02-05 11:18:07,913 [WARN] PackLoader:240 - Cannot read IP mode file for STMicroelectronics.X-CUBE-STSE01.2.0.0
2026-02-05 11:18:07,928 [WARN] PackLoader:240 - Cannot read IP mode file for STMicroelectronics.X-CUBE-SUBG2.5.0.0
2026-02-05 11:18:07,959 [WARN] PackLoader:240 - Cannot read IP mode file for STMicroelectronics.X-CUBE-AZRTOS-H7RS.1.1.0
2026-02-05 11:18:08,004 [WARN] PackLoader:240 - Cannot read IP mode file for STMicroelectronics.X-CUBE-AZRTOS-G4.2.0.0
2026-02-05 11:18:08,014 [WARN] PackLoader:240 - Cannot read IP mode file for wolfSSL.I-CUBE-wolfSSH.1.4.20
2026-02-05 11:18:08,021 [WARN] PackLoader:240 - Cannot read IP mode file for STMicroelectronics.X-CUBE-NFC7.2.0.0
2026-02-05 11:18:08,039 [WARN] PackLoader:240 - Cannot read IP mode file for STMicroelectronics.X-CUBE-IPS.3.1.0
2026-02-05 11:18:08,053 [WARN] PackLoader:240 - Cannot read IP mode file for STMicroelectronics.X-CUBE-ALS.1.0.2
2026-02-05 11:18:08,063 [WARN] PackLoader:240 - Cannot read IP mode file for STMicroelectronics.X-CUBE-STSE01.1.0.0
2026-02-05 11:18:08,079 [WARN] PackLoader:240 - Cannot read IP mode file for STMicroelectronics.X-CUBE-TOF1.3.4.3
2026-02-05 11:18:08,117 [INFO] ThirdParty:978 - Integrity check success = true
2026-02-05 11:18:08,117 [INFO] IntegrityCheckThread:100 - exiting critical section [integrity check]
2026-02-05 11:18:08,117 [INFO] IntegrityCheckThread:103 - End integrity checks thread
2026-02-05 11:18:08,474 [INFO] UserAuth:484 - Internet connection configuration mode: 1
2026-02-05 11:30:56,177 [INFO] McuFinderGlobals:63 - Set McuFinder mode to 2 (CubeIDE integrated)
2026-02-05 11:30:56,183 [INFO] MainUpdater:2872 - connection check result : 10
2026-02-05 11:30:56,187 [INFO] McuFinderGlobals:76 - Set McuFinderConnectedMode to true
2026-02-05 11:30:56,922 [INFO] ServerAccessManage:473 - Download File mcusAds.json._tmp_
2026-02-05 11:30:57,040 [INFO] LoadUrlFilesThread:156 - End of LoadUrlFiles Thread
2026-02-05 11:30:58,722 [INFO] ServerAccessManage:473 - Download File cube-finder-db.zip
2026-02-05 11:32:36,216 [INFO] FileExtend:242 - Unzip File : cube-finder-db.zip
2026-02-05 11:32:36,217 [INFO] FileExtend:257 - Standard Zip Deflate
2026-02-05 11:32:38,184 [INFO] LoadUrlFilesThread:156 - End of LoadUrlFiles Thread
2026-02-05 11:32:39,090 [INFO] ServerAccessManage:473 - Download File crdb.zip
2026-02-05 11:32:40,009 [INFO] FileExtend:242 - Unzip File : crdb.zip
2026-02-05 11:32:40,010 [INFO] FileExtend:257 - Standard Zip Deflate
2026-02-05 11:32:40,151 [INFO] LoadUrlFilesThread:156 - End of LoadUrlFiles Thread
2026-02-05 11:32:40,537 [INFO] ServerAccessManage:473 - Download File tutoVideoDB.zip
2026-02-05 11:32:40,994 [INFO] FileExtend:242 - Unzip File : tutoVideoDB.zip
2026-02-05 11:32:40,994 [INFO] FileExtend:257 - Standard Zip Deflate
2026-02-05 11:32:41,105 [INFO] LoadUrlFilesThread:156 - End of LoadUrlFiles Thread
2026-02-05 11:32:41,114 [WARN] DbFile:41 - Overriding database path with different value: C:\Users\DELL\.stmcufinder\plugins\mcufinder/ => C:\Users\DELL\.stmcufinder\plugins\mcufinder
2026-02-05 11:32:41,264 [INFO] ServerAccessManage:473 - Download File api_config.json
2026-02-05 11:32:41,375 [INFO] LoadUrlFilesThread:156 - End of LoadUrlFiles Thread
2026-02-05 11:32:41,388 [INFO] DbMcusAds:53 - JSON generation date=Thu Jan 08 20:57:51 PKT 2026 (1767887871456)
2026-02-05 11:32:41,564 [INFO] LoadUrlFilesThread:185 - End of LoadServerUrlFiles without Thread
2026-02-05 11:32:41,568 [INFO] TargetSelectorAdapter:259 - Refresh data is successful
2026-02-05 11:32:41,861 [INFO] ApiDb:581 - Connected to CubeFinder SQLite database (C:\Users\DELL\.stmcufinder\plugins\mcufinder\mcu\cube-finder-db.db)
2026-02-05 11:32:42,120 [INFO] ApiDb:668 - CubeFinder database Data Model version=2.1
2026-02-05 11:32:42,121 [INFO] ApiDb:669 - CubeFinder database Configuration version=3.0.39
2026-02-05 11:32:42,121 [INFO] ApiDb:670 - CubeFinder database generation date=2025-12-22 (1766407740)
2026-02-05 11:32:42,121 [INFO] ApiDb:671 - CubeFinder database FW Pack versions=[FP-ATR-ASTRA1_V2.0.0, FP-SNS-FLIGHT1_V5.1.0, FP-SNS-MOTENV1_V5.1.0, FP-SNS-MOTENVWB1_V1.4.0, FP-SNS-SMARTAG2_V1.2.0, FP-SNS-STBOX1_V2.1.0, STM32Cube_FW_C0_V1.4.0, STM32Cube_FW_F4_V1.28.3, STM32Cube_FW_F7_V1.17.4, STM32Cube_FW_G0_V1.6.2, STM32Cube_FW_G4_V1.6.1, STM32Cube_FW_H5_V1.5.1, STM32Cube_FW_H7RS_V1.3.0, STM32Cube_FW_H7_V1.12.1, STM32Cube_FW_L0_V1.12.2, STM32Cube_FW_L4_V1.18.1, STM32Cube_FW_L5_V1.6.0, STM32Cube_FW_N6_V1.3.0, STM32Cube_FW_U0_V1.3.0, STM32Cube_FW_U3_V1.2.1, STM32Cube_FW_U5_V1.8.0, STM32Cube_FW_WB0_V1.4.0, STM32Cube_FW_WBA_V1.8.0, STM32Cube_FW_WB_V1.24.0, STM32Cube_FW_WL3_V1.3.0, STM32Cube_FW_WL_V1.4.0, X-CUBE-ALGOBUILD_V1.4.0, X-CUBE-ALS_V1.0.2, X-CUBE-AZRTOS-F4_V1.1.0, X-CUBE-AZRTOS-F7_V1.1.0, X-CUBE-AZRTOS-G0_V1.1.0, X-CUBE-AZRTOS-G4_V2.0.0, X-CUBE-AZRTOS-H7RS_V1.1.0, X-CUBE-AZRTOS-H7_V3.4.0, X-CUBE-AZRTOS-L4_V2.0.0, X-CUBE-AZRTOS-L5_V2.0.0, X-CUBE-AZRTOS-WB_V2.0.0, X-CUBE-AZRTOS-WL_V2.0.0, X-CUBE-BLE1_V7.1.0, X-CUBE-BLE2_V3.3.0, X-CUBE-BLEMGR_V4.1.0, X-CUBE-EEPRMA1_V5.2.0, X-CUBE-FREERTOS_V1.3.1, X-CUBE-GNSS1_V6.0.0, X-CUBE-MEMS1_V12.0.0, X-CUBE-NFC4_V3.0.0, X-CUBE-NFC7_V2.0.0, X-CUBE-SFXS2LP1_V4.0.0, X-CUBE-ST67W61_V1.1.0, X-CUBE-SUBG2_V5.0.0, X-CUBE-TOF1_V3.4.3]
2026-02-05 11:32:53,919 [INFO] ApiDb:240 - Found 895 in-development CPN: [B-G473E-ZEST1S, B-WB1M-WPAN1, B-WBA5M-WPAN, B-WL5M-SUBG1, NUCLEO-C031C6, NUCLEO-C051C8, NUCLEO-C071RB, NUCLEO-C092RC, NUCLEO-H503RB, NUCLEO-H533RE, NUCLEO-H563ZI, NUCLEO-H7S3L8, NUCLEO-N657X0-Q, NUCLEO-U031R8, NUCLEO-U083RC, NUCLEO-U385RG-Q, NUCLEO-U545RE-Q, NUCLEO-U5A5ZJ-Q, NUCLEO-WB05KZ, NUCLEO-WB07CC, NUCLEO-WB09KE, NUCLEO-WBA52CG, NUCLEO-WBA55CG, NUCLEO-WBA65RI, NUCLEO-WL33CC1, NUCLEO-WL33CC2, STEVAL-PROTEUS1, STEVAL-SMARTAG2, STEVAL-STWINBX1, STM320518-EVAL, STM32C0116-DK, STM32C011D6Y3TR, STM32C011D6Y6TR, STM32C011F4P3, STM32C011F4P6, STM32C011F4U3, STM32C011F4U6TR, STM32C011F6P3, STM32C011F6P6, STM32C011F6U3, STM32C011F6U6TR, STM32C011J4M3, STM32C011J4M6, STM32C011J6M3, STM32C011J6M6, STM32C0316-DK, STM32C031C4T3, STM32C031C4T6, STM32C031C4U3, STM32C031C4U6, STM32C031C6T3, STM32C031C6T6, STM32C031C6U3, STM32C031C6U6, STM32C031F4P3, STM32C031F4P6, STM32C031F6P3, STM32C031F6P6, STM32C031G4U3, STM32C031G4U6, STM32C031G6U3, STM32C031G6U6, STM32C031K4T3, STM32C031K4T6, STM32C031K4U3, STM32C031K4U6, STM32C031K6T3, STM32C031K6T6, STM32C031K6U3, STM32C031K6U6, STM32C051C6T6, STM32C051C6U6, STM32C051C8T6, STM32C051C8U6, STM32C051D8Y6TR, STM32C051F6P6, STM32C051F8P6, STM32C051G6U6, STM32C051G8U6, STM32C051K6T6, STM32C051K6U6, STM32C051K8T6, STM32C071C8T6, STM32C071C8T6N, STM32C071C8U6, STM32C071C8U6N, STM32C071CBT6, STM32C071CBT6N, STM32C071CBU6, STM32C071CBU6N, STM32C071F8P6, STM32C071F8P6N, STM32C071FBP6, STM32C071FBP6N, STM32C071FBY6TR, STM32C071G8U6, STM32C071G8U6N, STM32C071GBU6, STM32C071GBU6N, STM32C071K8T6, STM32C071K8T6N, STM32C071K8U6, STM32C071K8U6N, STM32C071KBT6, STM32C071KBT6N, STM32C071KBU6, STM32C071KBU6N, STM32C071R8T6, STM32C071R8T6N, STM32C071RBI6N, STM32C071RBT6, STM32C071RBT6N, STM32C091CBT6, STM32C091CBU6, STM32C091CCT6, STM32C091CCU6, STM32C091ECY6TR, STM32C091FBP6, STM32C091FCP6, STM32C091GBU6, STM32C091GCU6, STM32C091KBT6, STM32C091KBU6, STM32C091KCT6, STM32C091KCU6, STM32C091RBT6, STM32C091RCI6, STM32C091RCT6, STM32C092CBT6, STM32C092CBU6, STM32C092CCT6, STM32C092CCU6, STM32C092ECY6TR, STM32C092FBP6, STM32C092FCP6, STM32C092GBU6, STM32C092GCU6, STM32C092KBT6, STM32C092KBU6, STM32C092KCT6, STM32C092KCU6, STM32C092RBT6, STM32C092RCI6, STM32C092RCT6, STM32G071K8TXN, STM32G071K8UXN, STM32G081GBU6N, STM32G081KBT6N, STM32G081KBUXN, STM32G0B1CCT6N, STM32G0B1KCT6, STM32G0B1NEY6TR, STM32G0B1RCT6N, STM32G0C1CCT6, STM32G0C1CCT6N, STM32G0C1CCU6N, STM32G0C1CET6N, STM32G0C1CEU6N, STM32G0C1KCT6, STM32G0C1NEY6TR, STM32G0C1RCI6N, STM32G0C1RCT6N, STM32G0C1REI6N, STM32G0C1RET6N, STM32G0C1VCI6, STM32G0C1VEI6, STM32G411C6T3, STM32G411C6T6, STM32G411C6U3, STM32G411C6U6, STM32G411C8T3, STM32G411C8T6, STM32G411C8U3, STM32G411C8U6, STM32G411CBT3, STM32G411CBT6, STM32G411CBU3, STM32G411CBU6, STM32G411CCT3, STM32G411CCT6, STM32G411CCU3, STM32G411CCU6, STM32G411K6T3, STM32G411K6T6, STM32G411K6U3, STM32G411K6U6, STM32G411K8T3, STM32G411K8T6, STM32G411K8U3, STM32G411K8U6, STM32G411KBT3, STM32G411KBT6, STM32G411KBU3, STM32G411KBU6, STM32G411M6T3, STM32G411M6T6, STM32G411M8T3, STM32G411M8T6, STM32G411MBT3, STM32G411MBT6, STM32G411MCT3, STM32G411MCT6, STM32G411R6T3, STM32G411R6T6, STM32G411R8T3, STM32G411R8T6, STM32G411RBT3, STM32G411RBT6, STM32G411RCT3, STM32G411RCT6, STM32G414CBT3, STM32G414CBT6, STM32G414CBU3, STM32G414CBU6, STM32G414CCT3, STM32G414CCT6, STM32G414CCU3, STM32G414CCU6, STM32G414MBT3, STM32G414MBT6, STM32G414MCT3, STM32G414MCT6, STM32G414RBT3, STM32G414RBT6, STM32G414RCT3, STM32G414RCT6, STM32G414VBT3, STM32G414VBT6, STM32G414VCT3, STM32G414VCT6, STM32G431CBT3Z, STM32G431RBT3Z, STM32G471CCT6, STM32G471CCU6, STM32G471CET3, STM32G471CET6, STM32G471CEU3, STM32G471CEU6, STM32G471MCT6, STM32G471MET3, STM32G471MET6, STM32G471MEY6TR, STM32G471QCT6, STM32G471QET3, STM32G471RCT6, STM32G471RET3, STM32G471RET6, STM32G471VCH6, STM32G471VCI6, STM32G471VCT6, STM32G471VEH3, STM32G471VEH6, STM32G471VEI3, STM32G471VEI6, STM32G471VET3, STM32G471VET6, STM32G473QET3Z, STM32G473RET3Z, STM32G474CCT6, STM32G491RET3Z, STM32H503CBT6, STM32H503CBU6, STM32H503EBY6TR, STM32H503KBU6, STM32H503RBT6, STM32H523CCT6, STM32H523CCU6, STM32H523CET6, STM32H523CEU6, STM32H523HEY6TR, STM32H523RCT6, STM32H523RET6, STM32H523VCI6, STM32H523VCT6, STM32H523VEI6, STM32H523VET6, STM32H523ZCJ6, STM32H523ZCT6, STM32H523ZEJ6, STM32H523ZET6, STM32H533CET6, STM32H533CEU6, STM32H533HEY6TR, STM32H533RET6, STM32H533VEI6, STM32H533VET6, STM32H533ZEJ6, STM32H533ZET6, STM32H562AGI6, STM32H562AII6, STM32H562IGK6, STM32H562IGT6, STM32H562IIK6, STM32H562IIT6, STM32H562RGT6, STM32H562RGV6, STM32H562RIT6, STM32H562RIV6, STM32H562VGT6, STM32H562VIT6, STM32H562ZGT6, STM32H562ZIT6, STM32H563AGI6, STM32H563AII3Q, STM32H563AII6, STM32H563IGK6, STM32H563IGT6, STM32H563IIK3Q, STM32H563IIK6, STM32H563IIT3Q, STM32H563IIT6, STM32H563MIY3QTR, STM32H563RGT6, STM32H563RGV6, STM32H563RIT6, STM32H563RIV6, STM32H563VGT6, STM32H563VIT3Q, STM32H563VIT6, STM32H563ZGT6, STM32H563ZIT3Q, STM32H563ZIT6, STM32H573AII3Q, STM32H573AII6, STM32H573I-DK, STM32H573IIK3Q, STM32H573IIK6, STM32H573IIT3Q, STM32H573IIT6, STM32H573MIY3QTR, STM32H573RIT6, STM32H573RIV6, STM32H573VIT3Q, STM32H573VIT6, STM32H573ZIT3Q, STM32H573ZIT6, STM32H7R3A8I6, STM32H7R3I8K6, STM32H7R3I8T6, STM32H7R3L8H6, STM32H7R3L8H6H, STM32H7R3R8V6, STM32H7R3V8H6, STM32H7R3V8T6, STM32H7R3V8Y6TR, STM32H7R3Z8J6, STM32H7R3Z8T6, STM32H7R7A8I6, STM32H7R7I8K6, STM32H7R7I8T6, STM32H7R7L8H6, STM32H7R7L8H6H, STM32H7R7Z8J6, STM32H7S3A8I6, STM32H7S3I8K6, STM32H7S3I8T6, STM32H7S3L8H6, STM32H7S3L8H6H, STM32H7S3R8V6, STM32H7S3V8H6, STM32H7S3V8T6, STM32H7S3V8Y6TR, STM32H7S3Z8J6, STM32H7S3Z8T6, STM32H7S78-DK, STM32H7S7A8I6, STM32H7S7I8K6, STM32H7S7I8T6, STM32H7S7L8H6, STM32H7S7L8H6H, STM32H7S7Z8J6, STM32L4R5QGI6STR, STM32MP131AAE3, STM32MP131AAF3, STM32MP131AAG3, STM32MP131CAE3, STM32MP131CAF3, STM32MP131CAG3, STM32MP131DAE7, STM32MP131DAF7, STM32MP131DAG7, STM32MP131FAE7, STM32MP131FAF7, STM32MP131FAG7, STM32MP133AAE3, STM32MP133AAF3, STM32MP133AAG3, STM32MP133CAE3, STM32MP133CAF3, STM32MP133CAG3, STM32MP133DAE7, STM32MP133DAF7, STM32MP133DAG7, STM32MP133FAE7, STM32MP133FAF7, STM32MP133FAG7, STM32MP135AAE3, STM32MP135AAF3, STM32MP135AAG3, STM32MP135CAE3, STM32MP135CAF3, STM32MP135CAG3, STM32MP135DAE7, STM32MP135DAF7, STM32MP135DAG7, STM32MP135F-DK, STM32MP135FAE7, STM32MP135FAF7, STM32MP135FAF7T, STM32MP135FAF7U, STM32MP135FAG7, STM32MP231AAJ3, STM32MP231AAK3, STM32MP231AAL3, STM32MP231CAJ3, STM32MP231CAK3, STM32MP231CAL3, STM32MP231DAJ3, STM32MP231DAK3, STM32MP231DAL3, STM32MP231FAJ3, STM32MP231FAK3, STM32MP231FAL3, STM32MP233AAJ3, STM32MP233AAK3, STM32MP233AAL3, STM32MP233CAJ3, STM32MP233CAK3, STM32MP233CAL3, STM32MP233DAJ3, STM32MP233DAK3, STM32MP233DAL3, STM32MP233FAJ3, STM32MP233FAK3, STM32MP233FAL3, STM32MP235AAJ3, STM32MP235AAK3, STM32MP235AAL3, STM32MP235CAJ3, STM32MP235CAK3, STM32MP235CAL3, STM32MP235DAJ3, STM32MP235DAK3, STM32MP235DAL3, STM32MP235FAJ3, STM32MP235FAK3, STM32MP235FAL3, STM32MP251AAI3, STM32MP251AAJ3, STM32MP251AAK3, STM32MP251AAL3, STM32MP251CAI3, STM32MP251CAJ3, STM32MP251CAK3, STM32MP251CAL3, STM32MP251DAI3, STM32MP251DAJ3, STM32MP251DAK3, STM32MP251DAL3, STM32MP251FAI3, STM32MP251FAJ3, STM32MP251FAK3, STM32MP251FAL3, STM32MP253AAI3, STM32MP253AAJ3, STM32MP253AAK3, STM32MP253AAL3, STM32MP253CAI3, STM32MP253CAJ3, STM32MP253CAK3, STM32MP253CAL3, STM32MP253DAI3, STM32MP253DAJ3, STM32MP253DAK3, STM32MP253DAL3, STM32MP253FAI3, STM32MP253FAJ3, STM32MP253FAK3, STM32MP253FAL3, STM32MP255AAI3, STM32MP255AAJ3, STM32MP255AAK3, STM32MP255AAL3, STM32MP255CAI3, STM32MP255CAJ3, STM32MP255CAK3, STM32MP255CAL3, STM32MP255DAI3, STM32MP255DAJ3, STM32MP255DAK3, STM32MP255DAL3, STM32MP255FAI3, STM32MP255FAJ3, STM32MP255FAK3, STM32MP255FAL3, STM32MP257AAI3, STM32MP257AAJ3, STM32MP257AAK3, STM32MP257AAL3, STM32MP257CAI3, STM32MP257CAJ3, STM32MP257CAK3, STM32MP257CAL3, STM32MP257DAI3, STM32MP257DAJ3, STM32MP257DAK3, STM32MP257DAL3, STM32MP257F-DK, STM32MP257F-EV1, STM32MP257FAI3, STM32MP257FAJ3, STM32MP257FAK3, STM32MP257FAL3, STM32N645A0H3Q, STM32N645B0H3Q, STM32N645I0H3Q, STM32N645L0H3Q, STM32N645X0H3Q, STM32N645Z0H3Q, STM32N647A0H3Q, STM32N647B0H3Q, STM32N647I0H3Q, STM32N647L0H3Q, STM32N647X0H3Q, STM32N647Z0H3Q, STM32N655A0H3Q, STM32N655B0H3Q, STM32N655I0H3Q, STM32N655L0H3Q, STM32N655X0H3Q, STM32N655Z0H3Q, STM32N6570-DK, STM32N657A0H3Q, STM32N657B0H3Q, STM32N657I0H3Q, STM32N657L0H3Q, STM32N657X0H3Q, STM32N657Z0H3Q, STM32U031C6T6, STM32U031C6U6, STM32U031C8T6, STM32U031C8U6, STM32U031F4P6, STM32U031F6P6, STM32U031F8P6, STM32U031G6Y6TR, STM32U031G8Y6TR, STM32U031K4U6, STM32U031K6U6, STM32U031K8U6, STM32U031R6I6, STM32U031R6T6, STM32U031R8I6, STM32U031R8T6, STM32U073C8T6, STM32U073C8U6, STM32U073CBT6, STM32U073CBU6, STM32U073CCT6, STM32U073CCU6, STM32U073H8Y6TR, STM32U073HBY6TR, STM32U073HCY6TR, STM32U073K8U6, STM32U073KBU6, STM32U073KCU6, STM32U073M8I6, STM32U073M8T6, STM32U073MBI6, STM32U073MBT6, STM32U073MCI6, STM32U073MCT6, STM32U073R8I6, STM32U073R8T6, STM32U073RBI6, STM32U073RBT6, STM32U073RCI6, STM32U073RCT6, STM32U083C-DK, STM32U083CCT6, STM32U083CCU6, STM32U083HCY6TR, STM32U083KCU6, STM32U083MCI6, STM32U083MCT6, STM32U083RCI6, STM32U083RCT6, STM32U375CET6, STM32U375CET6Q, STM32U375CEU6, STM32U375CEU6Q, STM32U375CEY6QTR, STM32U375CGT6, STM32U375CGT6Q, STM32U375CGU6, STM32U375CGU6Q, STM32U375CGY6QTR, STM32U375KEU6, STM32U375KGU6, STM32U375REI6, STM32U375REI6Q, STM32U375RET6, STM32U375RET6Q, STM32U375REY6GTR, STM32U375REY6QTR, STM32U375RGI6, STM32U375RGI6Q, STM32U375RGT6, STM32U375RGT6Q, STM32U375RGY6GTR, STM32U375RGY6QTR, STM32U375VEI6, STM32U375VEI6Q, STM32U375VET6, STM32U375VET6Q, STM32U375VGI6, STM32U375VGI6Q, STM32U375VGT6, STM32U375VGT6Q, STM32U385CGT6, STM32U385CGT6Q, STM32U385CGU6, STM32U385CGU6Q, STM32U385CGY6QTR, STM32U385KGU6, STM32U385RGI6, STM32U385RGI6Q, STM32U385RGT6, STM32U385RGT6Q, STM32U385RGY6GTR, STM32U385RGY6QTR, STM32U385VGI6, STM32U385VGI6Q, STM32U385VGT6, STM32U385VGT6Q, STM32U535CBT6, STM32U535CBT6Q, STM32U535CBU6, STM32U535CBU6Q, STM32U535CCT6, STM32U535CCT6Q, STM32U535CCU6, STM32U535CCU6Q, STM32U535CET6, STM32U535CET6Q, STM32U535CEU6, STM32U535CEU6Q, STM32U535JEY6QTR, STM32U535NCY6QTR, STM32U535NEY6QTR, STM32U535RBI6, STM32U535RBI6Q, STM32U535RBT6, STM32U535RBT6Q, STM32U535RCI6, STM32U535RCI6Q, STM32U535RCT6, STM32U535RCT6Q, STM32U535REI6, STM32U535REI6Q, STM32U535RET6, STM32U535RET6Q, STM32U535VCI6, STM32U535VCI6Q, STM32U535VCT6, STM32U535VCT6Q, STM32U535VEI6, STM32U535VEI6Q, STM32U535VET6, STM32U535VET6Q, STM32U545CET6, STM32U545CET6Q, STM32U545CEU6, STM32U545CEU6Q, STM32U545JEY6QTR, STM32U545NEY6QTR, STM32U545REI6, STM32U545REI6Q, STM32U545RET6, STM32U545RET6Q, STM32U545VEI6, STM32U545VEI6Q, STM32U545VET6, STM32U545VET6Q, STM32U595AIH6, STM32U595AIH6Q, STM32U595AJH6, STM32U595AJH6Q, STM32U595QII6, STM32U595QII6Q, STM32U595QJI6, STM32U595QJI6Q, STM32U595RIT6, STM32U595RIT6Q, STM32U595RJT6, STM32U595RJT6Q, STM32U595VIT6, STM32U595VIT6Q, STM32U595VJT6, STM32U595VJT6Q, STM32U595ZIT6, STM32U595ZIT6Q, STM32U595ZIY6QTR, STM32U595ZJT6, STM32U595ZJT6Q, STM32U595ZJY6QTR, STM32U599BJY6QTR, STM32U599NIH6Q, STM32U599NJH6Q, STM32U599VIT6Q, STM32U599VJT6, STM32U599VJT6Q, STM32U599ZIT6Q, STM32U599ZIY6QTR, STM32U599ZJT6Q, STM32U599ZJY6QTR, STM32U5A5AJH6, STM32U5A5AJH6Q, STM32U5A5QII3Q , STM32U5A5QJI6, STM32U5A5QJI6Q, STM32U5A5RJT6, STM32U5A5RJT6Q, STM32U5A5VJT6, STM32U5A5VJT6Q, STM32U5A5ZJT6, STM32U5A5ZJT6Q, STM32U5A5ZJY6QTR, STM32U5A9BJY6QTR, STM32U5A9J-DK, STM32U5A9NJH6Q, STM32U5A9VJT6Q, STM32U5A9ZJT6Q, STM32U5A9ZJY6QTR, STM32U5F7VIT6, STM32U5F7VIT6Q, STM32U5F7VJT6, STM32U5F7VJT6Q, STM32U5F9BJY6QTR, STM32U5F9NJH6Q, STM32U5F9VIT6Q, STM32U5F9VJT6Q, STM32U5F9ZIJ6QTR, STM32U5F9ZIT6Q, STM32U5F9ZJJ6QTR, STM32U5F9ZJT6Q, STM32U5G7VJT6, STM32U5G7VJT6Q, STM32U5G9BJY6QTR, STM32U5G9J-DK1, STM32U5G9J-DK2, STM32U5G9NJH6Q, STM32U5G9VJT6Q, STM32U5G9ZJJ6QTR, STM32U5G9ZJT6Q, STM32WB05KZV6TR, STM32WB05KZV7TR, STM32WB05TZF6TR, STM32WB05TZF7TR, STM32WB06CCF6TR, STM32WB06CCF7TR, STM32WB06CCV6TR, STM32WB06CCV7TR, STM32WB06KCV6TR, STM32WB06KCV7TR, STM32WB07CCF6TR, STM32WB07CCF7TR, STM32WB07CCV6TR, STM32WB07CCV7TR, STM32WB07KCV6TR, STM32WB07KCV7TR, STM32WB09KEV6TR, STM32WB09KEV7TR, STM32WB09TEF6TR, STM32WB09TEF7TR, STM32WB1MMCH6, STM32WBA50KGU6, STM32WBA50KGU6TR, STM32WBA52CEU6, STM32WBA52CEU6TR, STM32WBA52CEU7, STM32WBA52CEU7TR, STM32WBA52CGU6, STM32WBA52CGU6TR, STM32WBA52CGU6U, STM32WBA52CGU7, STM32WBA52CGU7TR, STM32WBA52KEU6, STM32WBA52KEU6TR, STM32WBA52KGU6, STM32WBA52KGU6TR, STM32WBA54CEU6, STM32WBA54CEU6TR, STM32WBA54CEU7, STM32WBA54CEU7TR, STM32WBA54CGU6, STM32WBA54CGU6TR, STM32WBA54CGU7, STM32WBA54CGU7TR, STM32WBA54KEU6, STM32WBA54KEU6TR, STM32WBA54KEU7, STM32WBA54KEU7TR, STM32WBA54KGU6, STM32WBA54KGU6TR, STM32WBA54KGU7, STM32WBA54KGU7TR, STM32WBA55CEU6, STM32WBA55CEU6TR, STM32WBA55CEU7, STM32WBA55CEU7TR, STM32WBA55CGU6, STM32WBA55CGU6TR, STM32WBA55CGU6U, STM32WBA55CGU7, STM32WBA55CGU7TR, STM32WBA55G-DK1, STM32WBA55HEF6, STM32WBA55HEF7, STM32WBA55HGF6, STM32WBA55HGF7, STM32WBA55UEI6, STM32WBA55UEI6TR, STM32WBA55UEI7, STM32WBA55UEI7TR, STM32WBA55UGI6, STM32WBA55UGI6TR, STM32WBA55UGI7, STM32WBA55UGI7TR, STM32WBA5MJGH6TR, STM32WBA62CGU6, STM32WBA62CIU6, STM32WBA62MGF6, STM32WBA62MIF6, STM32WBA62PGI6, STM32WBA62PII6, STM32WBA63CGU6, STM32WBA63CGU7, STM32WBA63CIU6, STM32WBA63CIU7, STM32WBA64CGU6, STM32WBA64CGU7, STM32WBA64CIU6, STM32WBA64CIU7, STM32WBA65CGU6, STM32WBA65CGU7, STM32WBA65CIU6, STM32WBA65CIU7, STM32WBA65I-DK1, STM32WBA65MGF6, STM32WBA65MGF7, STM32WBA65MIF6, STM32WBA65MIF7, STM32WBA65PGI6, STM32WBA65PGI7, STM32WBA65PII6, STM32WBA65PII7, STM32WBA65RGV6, STM32WBA65RGV7, STM32WBA65RIV6, STM32WBA65RIV7, STM32WL30K8V6, STM32WL30KBV6, STM32WL31C8V6, STM32WL31CBV6, STM32WL31K8V6, STM32WL31KBV6, STM32WL33C8V6, STM32WL33C8V6TR, STM32WL33C8V7, STM32WL33C8V7TR, STM32WL33CBV6, STM32WL33CBV6TR, STM32WL33CBV7, STM32WL33CBV7TR, STM32WL33CCV6, STM32WL33CCV6TR, STM32WL33CCV7, STM32WL33CCV7A, STM32WL33CCV7ATR, STM32WL33CCV7TR, STM32WL33K8V6, STM32WL33K8V6TR, STM32WL33K8V7, STM32WL33K8V7TR, STM32WL33KBV6, STM32WL33KBV6TR, STM32WL33KBV7, STM32WL33KBV7TR, STM32WL33KCV6, STM32WL33KCV6TR, STM32WL33KCV7, STM32WL33KCV7TR, STM32WL5MOCH6, STM32WL5MOCH6TR]
2026-02-05 11:32:53,940 [INFO] DbMcus:218 - Found 4822 MCUs, 4822 are supported
2026-02-05 11:32:53,945 [INFO] ApiDb:423 - Load user favorites file C:\Users\DELL/.stm32cubeide/favorites.mcus.txt: 0 item(s)
2026-02-05 11:32:53,946 [INFO] ApiDb:427 - User favorites MCUs=[]
2026-02-05 11:32:53,946 [INFO] DbMcus:224 - Set 0 / 0 favorites MCUs
2026-02-05 11:32:55,615 [INFO] ApiDb:668 - CubeFinder database Data Model version=2.1
2026-02-05 11:32:55,615 [INFO] ApiDb:669 - CubeFinder database Configuration version=3.0.39
2026-02-05 11:32:55,615 [INFO] ApiDb:670 - CubeFinder database generation date=2025-12-22 (1766407740)
2026-02-05 11:32:55,615 [INFO] ApiDb:671 - CubeFinder database FW Pack versions=[FP-ATR-ASTRA1_V2.0.0, FP-SNS-FLIGHT1_V5.1.0, FP-SNS-MOTENV1_V5.1.0, FP-SNS-MOTENVWB1_V1.4.0, FP-SNS-SMARTAG2_V1.2.0, FP-SNS-STBOX1_V2.1.0, STM32Cube_FW_C0_V1.4.0, STM32Cube_FW_F4_V1.28.3, STM32Cube_FW_F7_V1.17.4, STM32Cube_FW_G0_V1.6.2, STM32Cube_FW_G4_V1.6.1, STM32Cube_FW_H5_V1.5.1, STM32Cube_FW_H7RS_V1.3.0, STM32Cube_FW_H7_V1.12.1, STM32Cube_FW_L0_V1.12.2, STM32Cube_FW_L4_V1.18.1, STM32Cube_FW_L5_V1.6.0, STM32Cube_FW_N6_V1.3.0, STM32Cube_FW_U0_V1.3.0, STM32Cube_FW_U3_V1.2.1, STM32Cube_FW_U5_V1.8.0, STM32Cube_FW_WB0_V1.4.0, STM32Cube_FW_WBA_V1.8.0, STM32Cube_FW_WB_V1.24.0, STM32Cube_FW_WL3_V1.3.0, STM32Cube_FW_WL_V1.4.0, X-CUBE-ALGOBUILD_V1.4.0, X-CUBE-ALS_V1.0.2, X-CUBE-AZRTOS-F4_V1.1.0, X-CUBE-AZRTOS-F7_V1.1.0, X-CUBE-AZRTOS-G0_V1.1.0, X-CUBE-AZRTOS-G4_V2.0.0, X-CUBE-AZRTOS-H7RS_V1.1.0, X-CUBE-AZRTOS-H7_V3.4.0, X-CUBE-AZRTOS-L4_V2.0.0, X-CUBE-AZRTOS-L5_V2.0.0, X-CUBE-AZRTOS-WB_V2.0.0, X-CUBE-AZRTOS-WL_V2.0.0, X-CUBE-BLE1_V7.1.0, X-CUBE-BLE2_V3.3.0, X-CUBE-BLEMGR_V4.1.0, X-CUBE-EEPRMA1_V5.2.0, X-CUBE-FREERTOS_V1.3.1, X-CUBE-GNSS1_V6.0.0, X-CUBE-MEMS1_V12.0.0, X-CUBE-NFC4_V3.0.0, X-CUBE-NFC7_V2.0.0, X-CUBE-SFXS2LP1_V4.0.0, X-CUBE-ST67W61_V1.1.0, X-CUBE-SUBG2_V5.0.0, X-CUBE-TOF1_V3.4.3]
2026-02-05 11:32:55,791 [INFO] DbBoardsSqlite:226 - include board P-NUCLEO-WB55-NUCLEO as a kit item of type 'Nucleo-64'
2026-02-05 11:32:55,791 [INFO] DbBoardsSqlite:226 - include board P-NUCLEO-WB55-USBDONGLE as a kit item of type 'Nucleo USB Dongle'
2026-02-05 11:32:55,792 [INFO] DbBoardsSqlite:226 - include board STEVAL-IDP005V1 as a kit item of type 'Evaluation Board'
2026-02-05 11:32:55,793 [INFO] DbBoardsSqlite:226 - include board STEVAL-IDP005V2 as a kit item of type 'Evaluation Board'
2026-02-05 11:32:56,066 [INFO] ApiDb:240 - Found 895 in-development CPN: [B-G473E-ZEST1S, B-WB1M-WPAN1, B-WBA5M-WPAN, B-WL5M-SUBG1, NUCLEO-C031C6, NUCLEO-C051C8, NUCLEO-C071RB, NUCLEO-C092RC, NUCLEO-H503RB, NUCLEO-H533RE, NUCLEO-H563ZI, NUCLEO-H7S3L8, NUCLEO-N657X0-Q, NUCLEO-U031R8, NUCLEO-U083RC, NUCLEO-U385RG-Q, NUCLEO-U545RE-Q, NUCLEO-U5A5ZJ-Q, NUCLEO-WB05KZ, NUCLEO-WB07CC, NUCLEO-WB09KE, NUCLEO-WBA52CG, NUCLEO-WBA55CG, NUCLEO-WBA65RI, NUCLEO-WL33CC1, NUCLEO-WL33CC2, STEVAL-PROTEUS1, STEVAL-SMARTAG2, STEVAL-STWINBX1, STM320518-EVAL, STM32C0116-DK, STM32C011D6Y3TR, STM32C011D6Y6TR, STM32C011F4P3, STM32C011F4P6, STM32C011F4U3, STM32C011F4U6TR, STM32C011F6P3, STM32C011F6P6, STM32C011F6U3, STM32C011F6U6TR, STM32C011J4M3, STM32C011J4M6, STM32C011J6M3, STM32C011J6M6, STM32C0316-DK, STM32C031C4T3, STM32C031C4T6, STM32C031C4U3, STM32C031C4U6, STM32C031C6T3, STM32C031C6T6, STM32C031C6U3, STM32C031C6U6, STM32C031F4P3, STM32C031F4P6, STM32C031F6P3, STM32C031F6P6, STM32C031G4U3, STM32C031G4U6, STM32C031G6U3, STM32C031G6U6, STM32C031K4T3, STM32C031K4T6, STM32C031K4U3, STM32C031K4U6, STM32C031K6T3, STM32C031K6T6, STM32C031K6U3, STM32C031K6U6, STM32C051C6T6, STM32C051C6U6, STM32C051C8T6, STM32C051C8U6, STM32C051D8Y6TR, STM32C051F6P6, STM32C051F8P6, STM32C051G6U6, STM32C051G8U6, STM32C051K6T6, STM32C051K6U6, STM32C051K8T6, STM32C071C8T6, STM32C071C8T6N, STM32C071C8U6, STM32C071C8U6N, STM32C071CBT6, STM32C071CBT6N, STM32C071CBU6, STM32C071CBU6N, STM32C071F8P6, STM32C071F8P6N, STM32C071FBP6, STM32C071FBP6N, STM32C071FBY6TR, STM32C071G8U6, STM32C071G8U6N, STM32C071GBU6, STM32C071GBU6N, STM32C071K8T6, STM32C071K8T6N, STM32C071K8U6, STM32C071K8U6N, STM32C071KBT6, STM32C071KBT6N, STM32C071KBU6, STM32C071KBU6N, STM32C071R8T6, STM32C071R8T6N, STM32C071RBI6N, STM32C071RBT6, STM32C071RBT6N, STM32C091CBT6, STM32C091CBU6, STM32C091CCT6, STM32C091CCU6, STM32C091ECY6TR, STM32C091FBP6, STM32C091FCP6, STM32C091GBU6, STM32C091GCU6, STM32C091KBT6, STM32C091KBU6, STM32C091KCT6, STM32C091KCU6, STM32C091RBT6, STM32C091RCI6, STM32C091RCT6, STM32C092CBT6, STM32C092CBU6, STM32C092CCT6, STM32C092CCU6, STM32C092ECY6TR, STM32C092FBP6, STM32C092FCP6, STM32C092GBU6, STM32C092GCU6, STM32C092KBT6, STM32C092KBU6, STM32C092KCT6, STM32C092KCU6, STM32C092RBT6, STM32C092RCI6, STM32C092RCT6, STM32G071K8TXN, STM32G071K8UXN, STM32G081GBU6N, STM32G081KBT6N, STM32G081KBUXN, STM32G0B1CCT6N, STM32G0B1KCT6, STM32G0B1NEY6TR, STM32G0B1RCT6N, STM32G0C1CCT6, STM32G0C1CCT6N, STM32G0C1CCU6N, STM32G0C1CET6N, STM32G0C1CEU6N, STM32G0C1KCT6, STM32G0C1NEY6TR, STM32G0C1RCI6N, STM32G0C1RCT6N, STM32G0C1REI6N, STM32G0C1RET6N, STM32G0C1VCI6, STM32G0C1VEI6, STM32G411C6T3, STM32G411C6T6, STM32G411C6U3, STM32G411C6U6, STM32G411C8T3, STM32G411C8T6, STM32G411C8U3, STM32G411C8U6, STM32G411CBT3, STM32G411CBT6, STM32G411CBU3, STM32G411CBU6, STM32G411CCT3, STM32G411CCT6, STM32G411CCU3, STM32G411CCU6, STM32G411K6T3, STM32G411K6T6, STM32G411K6U3, STM32G411K6U6, STM32G411K8T3, STM32G411K8T6, STM32G411K8U3, STM32G411K8U6, STM32G411KBT3, STM32G411KBT6, STM32G411KBU3, STM32G411KBU6, STM32G411M6T3, STM32G411M6T6, STM32G411M8T3, STM32G411M8T6, STM32G411MBT3, STM32G411MBT6, STM32G411MCT3, STM32G411MCT6, STM32G411R6T3, STM32G411R6T6, STM32G411R8T3, STM32G411R8T6, STM32G411RBT3, STM32G411RBT6, STM32G411RCT3, STM32G411RCT6, STM32G414CBT3, STM32G414CBT6, STM32G414CBU3, STM32G414CBU6, STM32G414CCT3, STM32G414CCT6, STM32G414CCU3, STM32G414CCU6, STM32G414MBT3, STM32G414MBT6, STM32G414MCT3, STM32G414MCT6, STM32G414RBT3, STM32G414RBT6, STM32G414RCT3, STM32G414RCT6, STM32G414VBT3, STM32G414VBT6, STM32G414VCT3, STM32G414VCT6, STM32G431CBT3Z, STM32G431RBT3Z, STM32G471CCT6, STM32G471CCU6, STM32G471CET3, STM32G471CET6, STM32G471CEU3, STM32G471CEU6, STM32G471MCT6, STM32G471MET3, STM32G471MET6, STM32G471MEY6TR, STM32G471QCT6, STM32G471QET3, STM32G471RCT6, STM32G471RET3, STM32G471RET6, STM32G471VCH6, STM32G471VCI6, STM32G471VCT6, STM32G471VEH3, STM32G471VEH6, STM32G471VEI3, STM32G471VEI6, STM32G471VET3, STM32G471VET6, STM32G473QET3Z, STM32G473RET3Z, STM32G474CCT6, STM32G491RET3Z, STM32H503CBT6, STM32H503CBU6, STM32H503EBY6TR, STM32H503KBU6, STM32H503RBT6, STM32H523CCT6, STM32H523CCU6, STM32H523CET6, STM32H523CEU6, STM32H523HEY6TR, STM32H523RCT6, STM32H523RET6, STM32H523VCI6, STM32H523VCT6, STM32H523VEI6, STM32H523VET6, STM32H523ZCJ6, STM32H523ZCT6, STM32H523ZEJ6, STM32H523ZET6, STM32H533CET6, STM32H533CEU6, STM32H533HEY6TR, STM32H533RET6, STM32H533VEI6, STM32H533VET6, STM32H533ZEJ6, STM32H533ZET6, STM32H562AGI6, STM32H562AII6, STM32H562IGK6, STM32H562IGT6, STM32H562IIK6, STM32H562IIT6, STM32H562RGT6, STM32H562RGV6, STM32H562RIT6, STM32H562RIV6, STM32H562VGT6, STM32H562VIT6, STM32H562ZGT6, STM32H562ZIT6, STM32H563AGI6, STM32H563AII3Q, STM32H563AII6, STM32H563IGK6, STM32H563IGT6, STM32H563IIK3Q, STM32H563IIK6, STM32H563IIT3Q, STM32H563IIT6, STM32H563MIY3QTR, STM32H563RGT6, STM32H563RGV6, STM32H563RIT6, STM32H563RIV6, STM32H563VGT6, STM32H563VIT3Q, STM32H563VIT6, STM32H563ZGT6, STM32H563ZIT3Q, STM32H563ZIT6, STM32H573AII3Q, STM32H573AII6, STM32H573I-DK, STM32H573IIK3Q, STM32H573IIK6, STM32H573IIT3Q, STM32H573IIT6, STM32H573MIY3QTR, STM32H573RIT6, STM32H573RIV6, STM32H573VIT3Q, STM32H573VIT6, STM32H573ZIT3Q, STM32H573ZIT6, STM32H7R3A8I6, STM32H7R3I8K6, STM32H7R3I8T6, STM32H7R3L8H6, STM32H7R3L8H6H, STM32H7R3R8V6, STM32H7R3V8H6, STM32H7R3V8T6, STM32H7R3V8Y6TR, STM32H7R3Z8J6, STM32H7R3Z8T6, STM32H7R7A8I6, STM32H7R7I8K6, STM32H7R7I8T6, STM32H7R7L8H6, STM32H7R7L8H6H, STM32H7R7Z8J6, STM32H7S3A8I6, STM32H7S3I8K6, STM32H7S3I8T6, STM32H7S3L8H6, STM32H7S3L8H6H, STM32H7S3R8V6, STM32H7S3V8H6, STM32H7S3V8T6, STM32H7S3V8Y6TR, STM32H7S3Z8J6, STM32H7S3Z8T6, STM32H7S78-DK, STM32H7S7A8I6, STM32H7S7I8K6, STM32H7S7I8T6, STM32H7S7L8H6, STM32H7S7L8H6H, STM32H7S7Z8J6, STM32L4R5QGI6STR, STM32MP131AAE3, STM32MP131AAF3, STM32MP131AAG3, STM32MP131CAE3, STM32MP131CAF3, STM32MP131CAG3, STM32MP131DAE7, STM32MP131DAF7, STM32MP131DAG7, STM32MP131FAE7, STM32MP131FAF7, STM32MP131FAG7, STM32MP133AAE3, STM32MP133AAF3, STM32MP133AAG3, STM32MP133CAE3, STM32MP133CAF3, STM32MP133CAG3, STM32MP133DAE7, STM32MP133DAF7, STM32MP133DAG7, STM32MP133FAE7, STM32MP133FAF7, STM32MP133FAG7, STM32MP135AAE3, STM32MP135AAF3, STM32MP135AAG3, STM32MP135CAE3, STM32MP135CAF3, STM32MP135CAG3, STM32MP135DAE7, STM32MP135DAF7, STM32MP135DAG7, STM32MP135F-DK, STM32MP135FAE7, STM32MP135FAF7, STM32MP135FAF7T, STM32MP135FAF7U, STM32MP135FAG7, STM32MP231AAJ3, STM32MP231AAK3, STM32MP231AAL3, STM32MP231CAJ3, STM32MP231CAK3, STM32MP231CAL3, STM32MP231DAJ3, STM32MP231DAK3, STM32MP231DAL3, STM32MP231FAJ3, STM32MP231FAK3, STM32MP231FAL3, STM32MP233AAJ3, STM32MP233AAK3, STM32MP233AAL3, STM32MP233CAJ3, STM32MP233CAK3, STM32MP233CAL3, STM32MP233DAJ3, STM32MP233DAK3, STM32MP233DAL3, STM32MP233FAJ3, STM32MP233FAK3, STM32MP233FAL3, STM32MP235AAJ3, STM32MP235AAK3, STM32MP235AAL3, STM32MP235CAJ3, STM32MP235CAK3, STM32MP235CAL3, STM32MP235DAJ3, STM32MP235DAK3, STM32MP235DAL3, STM32MP235FAJ3, STM32MP235FAK3, STM32MP235FAL3, STM32MP251AAI3, STM32MP251AAJ3, STM32MP251AAK3, STM32MP251AAL3, STM32MP251CAI3, STM32MP251CAJ3, STM32MP251CAK3, STM32MP251CAL3, STM32MP251DAI3, STM32MP251DAJ3, STM32MP251DAK3, STM32MP251DAL3, STM32MP251FAI3, STM32MP251FAJ3, STM32MP251FAK3, STM32MP251FAL3, STM32MP253AAI3, STM32MP253AAJ3, STM32MP253AAK3, STM32MP253AAL3, STM32MP253CAI3, STM32MP253CAJ3, STM32MP253CAK3, STM32MP253CAL3, STM32MP253DAI3, STM32MP253DAJ3, STM32MP253DAK3, STM32MP253DAL3, STM32MP253FAI3, STM32MP253FAJ3, STM32MP253FAK3, STM32MP253FAL3, STM32MP255AAI3, STM32MP255AAJ3, STM32MP255AAK3, STM32MP255AAL3, STM32MP255CAI3, STM32MP255CAJ3, STM32MP255CAK3, STM32MP255CAL3, STM32MP255DAI3, STM32MP255DAJ3, STM32MP255DAK3, STM32MP255DAL3, STM32MP255FAI3, STM32MP255FAJ3, STM32MP255FAK3, STM32MP255FAL3, STM32MP257AAI3, STM32MP257AAJ3, STM32MP257AAK3, STM32MP257AAL3, STM32MP257CAI3, STM32MP257CAJ3, STM32MP257CAK3, STM32MP257CAL3, STM32MP257DAI3, STM32MP257DAJ3, STM32MP257DAK3, STM32MP257DAL3, STM32MP257F-DK, STM32MP257F-EV1, STM32MP257FAI3, STM32MP257FAJ3, STM32MP257FAK3, STM32MP257FAL3, STM32N645A0H3Q, STM32N645B0H3Q, STM32N645I0H3Q, STM32N645L0H3Q, STM32N645X0H3Q, STM32N645Z0H3Q, STM32N647A0H3Q, STM32N647B0H3Q, STM32N647I0H3Q, STM32N647L0H3Q, STM32N647X0H3Q, STM32N647Z0H3Q, STM32N655A0H3Q, STM32N655B0H3Q, STM32N655I0H3Q, STM32N655L0H3Q, STM32N655X0H3Q, STM32N655Z0H3Q, STM32N6570-DK, STM32N657A0H3Q, STM32N657B0H3Q, STM32N657I0H3Q, STM32N657L0H3Q, STM32N657X0H3Q, STM32N657Z0H3Q, STM32U031C6T6, STM32U031C6U6, STM32U031C8T6, STM32U031C8U6, STM32U031F4P6, STM32U031F6P6, STM32U031F8P6, STM32U031G6Y6TR, STM32U031G8Y6TR, STM32U031K4U6, STM32U031K6U6, STM32U031K8U6, STM32U031R6I6, STM32U031R6T6, STM32U031R8I6, STM32U031R8T6, STM32U073C8T6, STM32U073C8U6, STM32U073CBT6, STM32U073CBU6, STM32U073CCT6, STM32U073CCU6, STM32U073H8Y6TR, STM32U073HBY6TR, STM32U073HCY6TR, STM32U073K8U6, STM32U073KBU6, STM32U073KCU6, STM32U073M8I6, STM32U073M8T6, STM32U073MBI6, STM32U073MBT6, STM32U073MCI6, STM32U073MCT6, STM32U073R8I6, STM32U073R8T6, STM32U073RBI6, STM32U073RBT6, STM32U073RCI6, STM32U073RCT6, STM32U083C-DK, STM32U083CCT6, STM32U083CCU6, STM32U083HCY6TR, STM32U083KCU6, STM32U083MCI6, STM32U083MCT6, STM32U083RCI6, STM32U083RCT6, STM32U375CET6, STM32U375CET6Q, STM32U375CEU6, STM32U375CEU6Q, STM32U375CEY6QTR, STM32U375CGT6, STM32U375CGT6Q, STM32U375CGU6, STM32U375CGU6Q, STM32U375CGY6QTR, STM32U375KEU6, STM32U375KGU6, STM32U375REI6, STM32U375REI6Q, STM32U375RET6, STM32U375RET6Q, STM32U375REY6GTR, STM32U375REY6QTR, STM32U375RGI6, STM32U375RGI6Q, STM32U375RGT6, STM32U375RGT6Q, STM32U375RGY6GTR, STM32U375RGY6QTR, STM32U375VEI6, STM32U375VEI6Q, STM32U375VET6, STM32U375VET6Q, STM32U375VGI6, STM32U375VGI6Q, STM32U375VGT6, STM32U375VGT6Q, STM32U385CGT6, STM32U385CGT6Q, STM32U385CGU6, STM32U385CGU6Q, STM32U385CGY6QTR, STM32U385KGU6, STM32U385RGI6, STM32U385RGI6Q, STM32U385RGT6, STM32U385RGT6Q, STM32U385RGY6GTR, STM32U385RGY6QTR, STM32U385VGI6, STM32U385VGI6Q, STM32U385VGT6, STM32U385VGT6Q, STM32U535CBT6, STM32U535CBT6Q, STM32U535CBU6, STM32U535CBU6Q, STM32U535CCT6, STM32U535CCT6Q, STM32U535CCU6, STM32U535CCU6Q, STM32U535CET6, STM32U535CET6Q, STM32U535CEU6, STM32U535CEU6Q, STM32U535JEY6QTR, STM32U535NCY6QTR, STM32U535NEY6QTR, STM32U535RBI6, STM32U535RBI6Q, STM32U535RBT6, STM32U535RBT6Q, STM32U535RCI6, STM32U535RCI6Q, STM32U535RCT6, STM32U535RCT6Q, STM32U535REI6, STM32U535REI6Q, STM32U535RET6, STM32U535RET6Q, STM32U535VCI6, STM32U535VCI6Q, STM32U535VCT6, STM32U535VCT6Q, STM32U535VEI6, STM32U535VEI6Q, STM32U535VET6, STM32U535VET6Q, STM32U545CET6, STM32U545CET6Q, STM32U545CEU6, STM32U545CEU6Q, STM32U545JEY6QTR, STM32U545NEY6QTR, STM32U545REI6, STM32U545REI6Q, STM32U545RET6, STM32U545RET6Q, STM32U545VEI6, STM32U545VEI6Q, STM32U545VET6, STM32U545VET6Q, STM32U595AIH6, STM32U595AIH6Q, STM32U595AJH6, STM32U595AJH6Q, STM32U595QII6, STM32U595QII6Q, STM32U595QJI6, STM32U595QJI6Q, STM32U595RIT6, STM32U595RIT6Q, STM32U595RJT6, STM32U595RJT6Q, STM32U595VIT6, STM32U595VIT6Q, STM32U595VJT6, STM32U595VJT6Q, STM32U595ZIT6, STM32U595ZIT6Q, STM32U595ZIY6QTR, STM32U595ZJT6, STM32U595ZJT6Q, STM32U595ZJY6QTR, STM32U599BJY6QTR, STM32U599NIH6Q, STM32U599NJH6Q, STM32U599VIT6Q, STM32U599VJT6, STM32U599VJT6Q, STM32U599ZIT6Q, STM32U599ZIY6QTR, STM32U599ZJT6Q, STM32U599ZJY6QTR, STM32U5A5AJH6, STM32U5A5AJH6Q, STM32U5A5QII3Q , STM32U5A5QJI6, STM32U5A5QJI6Q, STM32U5A5RJT6, STM32U5A5RJT6Q, STM32U5A5VJT6, STM32U5A5VJT6Q, STM32U5A5ZJT6, STM32U5A5ZJT6Q, STM32U5A5ZJY6QTR, STM32U5A9BJY6QTR, STM32U5A9J-DK, STM32U5A9NJH6Q, STM32U5A9VJT6Q, STM32U5A9ZJT6Q, STM32U5A9ZJY6QTR, STM32U5F7VIT6, STM32U5F7VIT6Q, STM32U5F7VJT6, STM32U5F7VJT6Q, STM32U5F9BJY6QTR, STM32U5F9NJH6Q, STM32U5F9VIT6Q, STM32U5F9VJT6Q, STM32U5F9ZIJ6QTR, STM32U5F9ZIT6Q, STM32U5F9ZJJ6QTR, STM32U5F9ZJT6Q, STM32U5G7VJT6, STM32U5G7VJT6Q, STM32U5G9BJY6QTR, STM32U5G9J-DK1, STM32U5G9J-DK2, STM32U5G9NJH6Q, STM32U5G9VJT6Q, STM32U5G9ZJJ6QTR, STM32U5G9ZJT6Q, STM32WB05KZV6TR, STM32WB05KZV7TR, STM32WB05TZF6TR, STM32WB05TZF7TR, STM32WB06CCF6TR, STM32WB06CCF7TR, STM32WB06CCV6TR, STM32WB06CCV7TR, STM32WB06KCV6TR, STM32WB06KCV7TR, STM32WB07CCF6TR, STM32WB07CCF7TR, STM32WB07CCV6TR, STM32WB07CCV7TR, STM32WB07KCV6TR, STM32WB07KCV7TR, STM32WB09KEV6TR, STM32WB09KEV7TR, STM32WB09TEF6TR, STM32WB09TEF7TR, STM32WB1MMCH6, STM32WBA50KGU6, STM32WBA50KGU6TR, STM32WBA52CEU6, STM32WBA52CEU6TR, STM32WBA52CEU7, STM32WBA52CEU7TR, STM32WBA52CGU6, STM32WBA52CGU6TR, STM32WBA52CGU6U, STM32WBA52CGU7, STM32WBA52CGU7TR, STM32WBA52KEU6, STM32WBA52KEU6TR, STM32WBA52KGU6, STM32WBA52KGU6TR, STM32WBA54CEU6, STM32WBA54CEU6TR, STM32WBA54CEU7, STM32WBA54CEU7TR, STM32WBA54CGU6, STM32WBA54CGU6TR, STM32WBA54CGU7, STM32WBA54CGU7TR, STM32WBA54KEU6, STM32WBA54KEU6TR, STM32WBA54KEU7, STM32WBA54KEU7TR, STM32WBA54KGU6, STM32WBA54KGU6TR, STM32WBA54KGU7, STM32WBA54KGU7TR, STM32WBA55CEU6, STM32WBA55CEU6TR, STM32WBA55CEU7, STM32WBA55CEU7TR, STM32WBA55CGU6, STM32WBA55CGU6TR, STM32WBA55CGU6U, STM32WBA55CGU7, STM32WBA55CGU7TR, STM32WBA55G-DK1, STM32WBA55HEF6, STM32WBA55HEF7, STM32WBA55HGF6, STM32WBA55HGF7, STM32WBA55UEI6, STM32WBA55UEI6TR, STM32WBA55UEI7, STM32WBA55UEI7TR, STM32WBA55UGI6, STM32WBA55UGI6TR, STM32WBA55UGI7, STM32WBA55UGI7TR, STM32WBA5MJGH6TR, STM32WBA62CGU6, STM32WBA62CIU6, STM32WBA62MGF6, STM32WBA62MIF6, STM32WBA62PGI6, STM32WBA62PII6, STM32WBA63CGU6, STM32WBA63CGU7, STM32WBA63CIU6, STM32WBA63CIU7, STM32WBA64CGU6, STM32WBA64CGU7, STM32WBA64CIU6, STM32WBA64CIU7, STM32WBA65CGU6, STM32WBA65CGU7, STM32WBA65CIU6, STM32WBA65CIU7, STM32WBA65I-DK1, STM32WBA65MGF6, STM32WBA65MGF7, STM32WBA65MIF6, STM32WBA65MIF7, STM32WBA65PGI6, STM32WBA65PGI7, STM32WBA65PII6, STM32WBA65PII7, STM32WBA65RGV6, STM32WBA65RGV7, STM32WBA65RIV6, STM32WBA65RIV7, STM32WL30K8V6, STM32WL30KBV6, STM32WL31C8V6, STM32WL31CBV6, STM32WL31K8V6, STM32WL31KBV6, STM32WL33C8V6, STM32WL33C8V6TR, STM32WL33C8V7, STM32WL33C8V7TR, STM32WL33CBV6, STM32WL33CBV6TR, STM32WL33CBV7, STM32WL33CBV7TR, STM32WL33CCV6, STM32WL33CCV6TR, STM32WL33CCV7, STM32WL33CCV7A, STM32WL33CCV7ATR, STM32WL33CCV7TR, STM32WL33K8V6, STM32WL33K8V6TR, STM32WL33K8V7, STM32WL33K8V7TR, STM32WL33KBV6, STM32WL33KBV6TR, STM32WL33KBV7, STM32WL33KBV7TR, STM32WL33KCV6, STM32WL33KCV6TR, STM32WL33KCV7, STM32WL33KCV7TR, STM32WL5MOCH6, STM32WL5MOCH6TR]
2026-02-05 11:32:56,660 [INFO] BoardInfo:889 - No configuration file found for board P-NUCLEO-WB55
2026-02-05 11:32:56,662 [INFO] DbBoards:161 - Kit is not supported: P-NUCLEO-WB55
2026-02-05 11:32:56,699 [INFO] BoardInfo:889 - No configuration file found for board STEVAL-BFA001V1B
2026-02-05 11:32:56,701 [INFO] DbBoards:161 - Kit is not supported: STEVAL-BFA001V1B
2026-02-05 11:32:56,705 [INFO] BoardInfo:889 - No configuration file found for board STEVAL-BFA001V2B
2026-02-05 11:32:56,706 [INFO] DbBoards:161 - Kit is not supported: STEVAL-BFA001V2B
2026-02-05 11:32:57,224 [INFO] DbBoards:168 - Found 211 boards, 208 are supported
2026-02-05 11:32:57,226 [INFO] DbBoards:169 - Found 211 boards, 43 of them is supported for  Bsp
2026-02-05 11:32:57,238 [INFO] ApiDb:423 - Load user favorites file C:\Users\DELL/.stm32cubeide/favorites.boards.txt: 0 item(s)
2026-02-05 11:32:57,239 [INFO] ApiDb:427 - User favorites Boards=[]
2026-02-05 11:32:57,239 [INFO] DbBoards:198 - Set 0 / 0 favorites Boards
2026-02-05 11:32:57,246 [INFO] ApiDb:668 - CubeFinder database Data Model version=2.1
2026-02-05 11:32:57,246 [INFO] ApiDb:669 - CubeFinder database Configuration version=3.0.39
2026-02-05 11:32:57,246 [INFO] ApiDb:670 - CubeFinder database generation date=2025-12-22 (1766407740)
2026-02-05 11:32:57,246 [INFO] ApiDb:671 - CubeFinder database FW Pack versions=[FP-ATR-ASTRA1_V2.0.0, FP-SNS-FLIGHT1_V5.1.0, FP-SNS-MOTENV1_V5.1.0, FP-SNS-MOTENVWB1_V1.4.0, FP-SNS-SMARTAG2_V1.2.0, FP-SNS-STBOX1_V2.1.0, STM32Cube_FW_C0_V1.4.0, STM32Cube_FW_F4_V1.28.3, STM32Cube_FW_F7_V1.17.4, STM32Cube_FW_G0_V1.6.2, STM32Cube_FW_G4_V1.6.1, STM32Cube_FW_H5_V1.5.1, STM32Cube_FW_H7RS_V1.3.0, STM32Cube_FW_H7_V1.12.1, STM32Cube_FW_L0_V1.12.2, STM32Cube_FW_L4_V1.18.1, STM32Cube_FW_L5_V1.6.0, STM32Cube_FW_N6_V1.3.0, STM32Cube_FW_U0_V1.3.0, STM32Cube_FW_U3_V1.2.1, STM32Cube_FW_U5_V1.8.0, STM32Cube_FW_WB0_V1.4.0, STM32Cube_FW_WBA_V1.8.0, STM32Cube_FW_WB_V1.24.0, STM32Cube_FW_WL3_V1.3.0, STM32Cube_FW_WL_V1.4.0, X-CUBE-ALGOBUILD_V1.4.0, X-CUBE-ALS_V1.0.2, X-CUBE-AZRTOS-F4_V1.1.0, X-CUBE-AZRTOS-F7_V1.1.0, X-CUBE-AZRTOS-G0_V1.1.0, X-CUBE-AZRTOS-G4_V2.0.0, X-CUBE-AZRTOS-H7RS_V1.1.0, X-CUBE-AZRTOS-H7_V3.4.0, X-CUBE-AZRTOS-L4_V2.0.0, X-CUBE-AZRTOS-L5_V2.0.0, X-CUBE-AZRTOS-WB_V2.0.0, X-CUBE-AZRTOS-WL_V2.0.0, X-CUBE-BLE1_V7.1.0, X-CUBE-BLE2_V3.3.0, X-CUBE-BLEMGR_V4.1.0, X-CUBE-EEPRMA1_V5.2.0, X-CUBE-FREERTOS_V1.3.1, X-CUBE-GNSS1_V6.0.0, X-CUBE-MEMS1_V12.0.0, X-CUBE-NFC4_V3.0.0, X-CUBE-NFC7_V2.0.0, X-CUBE-SFXS2LP1_V4.0.0, X-CUBE-ST67W61_V1.1.0, X-CUBE-SUBG2_V5.0.0, X-CUBE-TOF1_V3.4.3]
2026-02-05 11:33:03,529 [ERROR] DbExamplesSqlite:437 - Missing JSON key: board_cpn
2026-02-05 11:33:03,566 [ERROR] DbExamplesSqlite:437 - Missing JSON key: board_cpn
2026-02-05 11:33:03,567 [ERROR] DbExamplesSqlite:437 - Missing JSON key: board_cpn
2026-02-05 11:33:03,568 [ERROR] DbExamplesSqlite:437 - Missing JSON key: board_cpn
2026-02-05 11:33:05,828 [ERROR] DbExamplesSqlite:437 - Missing JSON key: board_cpn
2026-02-05 11:33:05,829 [ERROR] DbExamplesSqlite:437 - Missing JSON key: board_cpn
2026-02-05 11:33:05,885 [INFO] DbExamplesSqlite:395 - Ignored 42 examples not supported by CubeIDE
2026-02-05 11:33:05,885 [INFO] DbExamplesSqlite:396 - Found 10819 examples active
2026-02-05 11:33:05,888 [INFO] DbExamplesSqlite:397 - Found 0 examples obsolete
2026-02-05 11:33:05,888 [INFO] DbExamplesSqlite:398 - Found 0 examples under development
2026-02-05 11:33:05,888 [INFO] DbExamplesSqlite:399 - Found 85 examples not building
2026-02-05 11:33:05,891 [INFO] DbExamples:125 - Found 10862 examples
2026-02-05 11:33:06,033 [ERROR] DbExamples:208 - Found 73 examples with invalid data (board or MCU)
2026-02-05 11:33:06,037 [INFO] DbExamples:222 - Found 134 boards with related examples
2026-02-05 11:33:06,042 [INFO] DbExamples:235 - Found 111 MCUs with related examples
2026-02-05 11:33:06,110 [INFO] ApiDb:414 - User favorites file not found: C:\Users\DELL/.stm32cubeide/favorites.examples.txt
2026-02-05 11:33:06,111 [INFO] DbExamples:250 - Set 0 / 0 favorites Examples
2026-02-05 11:33:06,571 [INFO] McuFinderGlobals:76 - Set McuFinderConnectedMode to true
2026-02-05 11:33:06,583 [INFO] MultiScanPanel:200 - Auto-refresh data requested => check proxy status ongoing
2026-02-05 11:33:06,588 [INFO] FinderPluginLoader:95 - Searching for filters in installed packs
2026-02-05 11:33:12,378 [INFO] LoadUrlFilesThread:185 - End of LoadServerUrlFiles without Thread
2026-02-05 11:33:12,536 [INFO] DetailPanel:341 - Set advertising image to C:/Users/DELL/STM32Cube/Repository/\en.prom-stm32mp21-0126.png
2026-02-05 11:33:32,044 [INFO] MultiScanPanel:200 - Auto-refresh data requested => check proxy status ongoing
2026-02-05 11:33:32,275 [INFO] LoadUrlFilesThread:185 - End of LoadServerUrlFiles without Thread
2026-02-05 11:33:32,275 [INFO] DetailPanel:341 - Set advertising image to C:/Users/DELL/STM32Cube/Repository/\en.prom-stm32mp21-0126.png
2026-02-05 11:33:32,293 [INFO] DbBoards:642 - Loading board mini-images...
2026-02-05 11:33:37,418 [INFO] DbBoards:665 - Loaded 211 board mini-images
2026-02-05 11:35:25,116 [INFO] McuFinderGlobals:76 - Set McuFinderConnectedMode to true
2026-02-05 11:35:25,120 [INFO] ApiDb:448 - Save user favorites file C:\Users\DELL/.stm32cubeide/favorites.mcus.txt: 0 item(s)
2026-02-05 11:35:25,120 [INFO] ApiDb:452 - User favorites MCUs=[]
2026-02-05 11:35:25,122 [INFO] ApiDb:448 - Save user favorites file C:\Users\DELL/.stm32cubeide/favorites.boards.txt: 0 item(s)
2026-02-05 11:35:25,122 [INFO] ApiDb:452 - User favorites Boards=[]
2026-02-05 16:15:22,138 [INFO] WebApp:194 - Connection lost
2026-02-05 16:15:23,866 [INFO] WebApp:191 - Connection restablished
2026-02-05 16:15:24,641 [INFO] WebApp:194 - Connection lost
2026-02-05 16:15:25,026 [INFO] WebApp:191 - Connection restablished
2026-02-05 16:15:26,734 [INFO] WebApp:194 - Connection lost
2026-02-05 16:15:27,055 [INFO] WebApp:191 - Connection restablished
2026-02-05 16:16:33,879 [INFO] WebApp:194 - Connection lost
2026-02-05 16:16:34,321 [INFO] WebApp:191 - Connection restablished
2026-02-05 16:16:36,575 [INFO] WebApp:194 - Connection lost
2026-02-05 16:16:36,917 [INFO] WebApp:191 - Connection restablished
2026-02-05 16:25:20,020 [ERROR] ConfigurationRetriever:142 - IOException on connection: Read timed out
2026-02-05 16:25:26,081 [ERROR] AdobePublisher:162 - Exception while opening the connection: java.net.SocketTimeoutException: Read timed out
2026-02-05 16:25:28,084 [ERROR] AdobePublisher:162 - Exception while opening the connection: java.net.SocketTimeoutException: Connect timed out
2026-02-05 16:25:33,259 [ERROR] LogOutputStream:75 - [STDERR_REDIRECT] 
2026-02-05 16:25:33,260 [ERROR] LogOutputStream:75 - [STDERR_REDIRECT] 
2026-02-05 16:35:44,278 [INFO] Activator:176 - 


2026-02-05 16:35:44,282 [INFO] Activator:177 - !SESSION log4j initialized
2026-02-05 16:35:54,351 [INFO] LogOutputStream:77 - [STDOUT_REDIRECT] 
2026-02-05 16:35:56,671 [INFO] ApplicationProperties:184 - Using Application install path: D:\Install\STM32CubeIDE_1.18.1\STM32CubeIDE\plugins\com.st.stm32cube.common.mx_6.14.1.202504091515
2026-02-05 16:35:56,733 [INFO] DbMcusXml:78 - Set database path to: D:\Install\STM32CubeIDE_1.18.1\STM32CubeIDE\plugins\com.st.stm32cube.common.mx_6.14.1.202504091515\\db\/mcu/
2026-02-05 16:35:56,734 [INFO] ApiDb:274 - Set plugin database path to: D:\Install\STM32CubeIDE_1.18.1\STM32CubeIDE\plugins\com.st.stm32cube.common.mx_6.14.1.202504091515\\db\/plugins/boardmanager/
2026-02-05 16:35:56,734 [WARN] ApiDb:259 - Overriding images path with different value:  => D:\Install\STM32CubeIDE_1.18.1\STM32CubeIDE\plugins\com.st.stm32cube.common.mx_6.14.1.202504091515\\db\/plugins/mcufinder/images/
2026-02-05 16:35:56,754 [INFO] ApiDb:250 - Set database path to: C:\Users\DELL\.stmcufinder\plugins\mcufinder//mcu/
2026-02-05 16:35:56,756 [INFO] DbMcusAds:125 - Set database path to: C:\Users\DELL\.stmcufinder\plugins\mcufinder//mcu/
2026-02-05 16:35:56,760 [INFO] CrossReferenceDbSqlite:203 - Set database path to: C:\Users\DELL\.stmcufinder\plugins\mcufinder//mcu/cs/
2026-02-05 16:35:57,026 [INFO] RulesReader:64 - Compatibility file has been processed (302 Rules)
2026-02-05 16:35:57,201 [INFO] DbMcusXml:78 - Set database path to: D:\Install\STM32CubeIDE_1.18.1\STM32CubeIDE\plugins\com.st.stm32cube.common.mx_6.14.1.202504091515\\db\/mcu/
2026-02-05 16:35:57,201 [INFO] ApiDb:274 - Set plugin database path to: D:\Install\STM32CubeIDE_1.18.1\STM32CubeIDE\plugins\com.st.stm32cube.common.mx_6.14.1.202504091515\\db\/plugins/boardmanager/
2026-02-05 16:35:57,202 [INFO] ApiDb:261 - Set plugin images path to: D:\Install\STM32CubeIDE_1.18.1\STM32CubeIDE\plugins\com.st.stm32cube.common.mx_6.14.1.202504091515\\db\/plugins/mcufinder/images/
2026-02-05 16:35:57,202 [WARN] DbFile:41 - Overriding database path with different value: C:\Users\DELL\.stmcufinder\plugins\mcufinder/ => C:\Users\DELL\.stmcufinder\plugins\mcufinder
2026-02-05 16:35:57,202 [INFO] ApiDb:250 - Set database path to: C:\Users\DELL\.stmcufinder\plugins\mcufinder//mcu/
2026-02-05 16:35:57,202 [WARN] DbFile:41 - Overriding database path with different value: C:\Users\DELL\.stmcufinder\plugins\mcufinder/ => C:\Users\DELL\.stmcufinder\plugins\mcufinder
2026-02-05 16:35:57,202 [INFO] DbMcusAds:125 - Set database path to: C:\Users\DELL\.stmcufinder\plugins\mcufinder//mcu/
2026-02-05 16:35:57,202 [WARN] DbFile:41 - Overriding database path with different value: C:\Users\DELL\.stmcufinder\plugins\mcufinder/ => C:\Users\DELL\.stmcufinder\plugins\mcufinder
2026-02-05 16:35:57,203 [WARN] DbFile:41 - Overriding database path with different value: C:\Users\DELL\.stmcufinder\plugins\mcufinder/ => C:\Users\DELL\.stmcufinder\plugins\mcufinder
2026-02-05 16:35:57,203 [INFO] CrossReferenceDbSqlite:203 - Set database path to: C:\Users\DELL\.stmcufinder\plugins\mcufinder//mcu/cs/
2026-02-05 16:35:57,363 [INFO] MainPanel:272 - HeapMemory: 268435456
2026-02-05 16:35:57,586 [INFO] DbMcusXml:78 - Set database path to: D:\Install\STM32CubeIDE_1.18.1\STM32CubeIDE\plugins\com.st.stm32cube.common.mx_6.14.1.202504091515\\db\/mcu/
2026-02-05 16:35:57,586 [INFO] ApiDb:274 - Set plugin database path to: D:\Install\STM32CubeIDE_1.18.1\STM32CubeIDE\plugins\com.st.stm32cube.common.mx_6.14.1.202504091515\\db\/plugins/boardmanager/
2026-02-05 16:35:57,586 [INFO] ApiDb:261 - Set plugin images path to: D:\Install\STM32CubeIDE_1.18.1\STM32CubeIDE\plugins\com.st.stm32cube.common.mx_6.14.1.202504091515\\db\/plugins/mcufinder/images/
2026-02-05 16:35:57,587 [WARN] DbFile:41 - Overriding database path with different value: C:\Users\DELL\.stmcufinder\plugins\mcufinder/ => C:\Users\DELL\.stmcufinder\plugins\mcufinder
2026-02-05 16:35:57,587 [INFO] ApiDb:250 - Set database path to: C:\Users\DELL\.stmcufinder\plugins\mcufinder//mcu/
2026-02-05 16:35:57,588 [WARN] DbFile:41 - Overriding database path with different value: C:\Users\DELL\.stmcufinder\plugins\mcufinder/ => C:\Users\DELL\.stmcufinder\plugins\mcufinder
2026-02-05 16:35:57,588 [INFO] DbMcusAds:125 - Set database path to: C:\Users\DELL\.stmcufinder\plugins\mcufinder//mcu/
2026-02-05 16:35:57,588 [WARN] DbFile:41 - Overriding database path with different value: C:\Users\DELL\.stmcufinder\plugins\mcufinder/ => C:\Users\DELL\.stmcufinder\plugins\mcufinder
2026-02-05 16:35:57,588 [WARN] DbFile:41 - Overriding database path with different value: C:\Users\DELL\.stmcufinder\plugins\mcufinder/ => C:\Users\DELL\.stmcufinder\plugins\mcufinder
2026-02-05 16:35:57,588 [INFO] CrossReferenceDbSqlite:203 - Set database path to: C:\Users\DELL\.stmcufinder\plugins\mcufinder//mcu/cs/
2026-02-05 16:35:57,620 [INFO] ApplicationProperties:184 - Using Application install path: D:\Install\STM32CubeIDE_1.18.1\STM32CubeIDE\plugins\com.st.stm32cube.common.mx_6.14.1.202504091515
2026-02-05 16:35:57,623 [INFO] PluginManage:196 - Search for loadable plugins [exclusion list=, ]
2026-02-05 16:35:57,626 [INFO] PluginManage:310 - Check plugin analytics
2026-02-05 16:35:57,902 [INFO] AnalyticsPlugin:253 - Accepted Software Licenses: STM32CubeMX.6.14.1
2026-02-05 16:35:57,902 [INFO] AnalyticsPlugin:255 - Accepted CMSIS Pack Licenses: 
2026-02-05 16:35:57,903 [INFO] AnalyticsPlugin:257 - Accepted Firmware Licenses: FW.WL.1.3.0,FW.L4.1.18.0,FW.F4.1.28.0
2026-02-05 16:35:57,908 [INFO] PluginManage:359 - Loaded plugin analytics (category:tool,tabindex:-1)
2026-02-05 16:35:57,909 [INFO] PluginManage:310 - Check plugin cadmodel
2026-02-05 16:35:57,918 [INFO] CADModel:105 - Init CAD model plugin
2026-02-05 16:35:57,918 [INFO] PluginManage:359 - Loaded plugin cadmodel (category:power,tabindex:5)
2026-02-05 16:35:57,918 [INFO] PluginManage:310 - Check plugin clock
2026-02-05 16:35:57,936 [INFO] PluginManage:359 - Loaded plugin clock (category:base,tabindex:2)
2026-02-05 16:35:57,936 [INFO] PluginManage:310 - Check plugin ddr
2026-02-05 16:35:57,940 [INFO] PluginManage:359 - Loaded plugin ddr (category:tool,tabindex:6)
2026-02-05 16:35:57,940 [INFO] PluginManage:310 - Check plugin filemanager
2026-02-05 16:35:58,162 [INFO] PluginManage:359 - Loaded plugin filemanager (category:base,tabindex:10)
2026-02-05 16:35:58,162 [INFO] PluginManage:310 - Check plugin ipmanager
2026-02-05 16:35:58,172 [INFO] PluginManage:359 - Loaded plugin ipmanager (category:base,tabindex:5)
2026-02-05 16:35:58,173 [INFO] PluginManage:310 - Check plugin lpbam
2026-02-05 16:35:58,185 [INFO] PluginManage:359 - Loaded plugin lpbam (category:base,tabindex:0)
2026-02-05 16:35:58,186 [INFO] PluginManage:310 - Check plugin memorymap
2026-02-05 16:35:58,209 [INFO] PluginManage:359 - Loaded plugin memorymap (category:base,tabindex:4)
2026-02-05 16:35:58,209 [INFO] PluginManage:310 - Check plugin pinoutandconfiguration
2026-02-05 16:35:58,223 [INFO] PluginManage:359 - Loaded plugin pinoutandconfiguration (category:base,tabindex:1)
2026-02-05 16:35:58,224 [INFO] PluginManage:310 - Check plugin pinoutconfig
2026-02-05 16:35:58,352 [WARN] SupportedApi:132 - Cannot load RTOS API schema: s4s-elt-must-match.1: The content of 'definitions' must match (annotation?, (simpleType | complexType)?, (unique | key | keyref)*)). A problem was found starting at: attribute.
2026-02-05 16:35:58,547 [INFO] PluginManage:359 - Loaded plugin pinoutconfig (category:base,tabindex:0)
2026-02-05 16:35:58,547 [INFO] PluginManage:310 - Check plugin power
2026-02-05 16:35:58,561 [INFO] PluginManage:359 - Loaded plugin power (category:power,tabindex:4)
2026-02-05 16:35:58,561 [INFO] PluginManage:310 - Check plugin projectmanager
2026-02-05 16:35:58,585 [INFO] PluginManage:359 - Loaded plugin projectmanager (category:projectmanager,tabindex:4)
2026-02-05 16:35:58,585 [INFO] PluginManage:310 - Check plugin rif
2026-02-05 16:35:58,597 [INFO] PluginManage:359 - Loaded plugin rif (category:base,tabindex:3)
2026-02-05 16:35:58,597 [INFO] PluginManage:310 - Check plugin thirdparty
2026-02-05 16:35:58,799 [INFO] PluginManage:359 - Loaded plugin thirdparty (category:base,tabindex:-1)
2026-02-05 16:35:58,799 [INFO] PluginManage:310 - Check plugin tools
2026-02-05 16:35:58,802 [WARN] IntegrityCheckThread:84 - waiting for thirdparty lock release [integrity check]
2026-02-05 16:35:58,802 [INFO] IntegrityCheckThread:86 - entering critical section [integrity check]
2026-02-05 16:35:58,803 [INFO] PluginManage:359 - Loaded plugin tools (category:base,tabindex:7)
2026-02-05 16:35:58,804 [INFO] ThirdPartyUpdaterWithRetryManager:70 - Updater plugin not ready yet. [1/15]
2026-02-05 16:35:58,804 [INFO] PluginManage:310 - Check plugin tutovideos
2026-02-05 16:35:59,079 [INFO] PluginManage:359 - Loaded plugin tutovideos (category:base,tabindex:-1)
2026-02-05 16:35:59,080 [INFO] PluginManage:310 - Check plugin updater
2026-02-05 16:35:59,116 [INFO] PluginManage:359 - Loaded plugin updater (category:base,tabindex:12)
2026-02-05 16:35:59,116 [INFO] PluginManage:310 - Check plugin userauth
2026-02-05 16:35:59,122 [INFO] UserAuth:118 - Init User Auth plugin
2026-02-05 16:35:59,123 [INFO] PluginManage:359 - Loaded plugin userauth (category:base,tabindex:14)
2026-02-05 16:35:59,124 [INFO] PluginManage:283 - PluginManage : Loaded plugins [18]
2026-02-05 16:35:59,555 [INFO] PinOutPanel:1589 - setPackage(No Configuration,No Configuration)
2026-02-05 16:35:59,723 [INFO] CADModel:165 - CPN selected for project level
2026-02-05 16:35:59,723 [INFO] CADModel:114 - Register for checkConnection events
2026-02-05 16:35:59,750 [INFO] IPUIPlugin:80 - create IPUIPlugin
2026-02-05 16:35:59,750 [INFO] PluginManager:220 - loadIPPluginJar : add adc
2026-02-05 16:35:59,754 [INFO] IPUIPlugin:80 - create IPUIPlugin
2026-02-05 16:35:59,755 [INFO] PluginManager:220 - loadIPPluginJar : add aes
2026-02-05 16:35:59,759 [INFO] IPUIPlugin:80 - create IPUIPlugin
2026-02-05 16:35:59,759 [INFO] PluginManager:220 - loadIPPluginJar : add can
2026-02-05 16:35:59,761 [INFO] IPUIPlugin:80 - create IPUIPlugin
2026-02-05 16:35:59,762 [INFO] PluginManager:220 - loadIPPluginJar : add comp
2026-02-05 16:35:59,765 [INFO] IPUIPlugin:80 - create IPUIPlugin
2026-02-05 16:35:59,765 [INFO] PluginManager:220 - loadIPPluginJar : add cryp
2026-02-05 16:35:59,769 [INFO] IPUIPlugin:80 - create IPUIPlugin
2026-02-05 16:35:59,769 [INFO] PluginManager:220 - loadIPPluginJar : add ddr_ctrl_phy
2026-02-05 16:35:59,773 [INFO] IPUIPlugin:80 - create IPUIPlugin
2026-02-05 16:35:59,773 [INFO] PluginManager:220 - loadIPPluginJar : add dfsdm
2026-02-05 16:35:59,780 [INFO] IPUIPlugin:80 - create IPUIPlugin
2026-02-05 16:35:59,780 [INFO] PluginManager:220 - loadIPPluginJar : add dma
2026-02-05 16:35:59,784 [INFO] IPUIPlugin:80 - create IPUIPlugin
2026-02-05 16:35:59,784 [INFO] PluginManager:220 - loadIPPluginJar : add dma3
2026-02-05 16:35:59,788 [INFO] IPUIPlugin:80 - create IPUIPlugin
2026-02-05 16:35:59,788 [INFO] PluginManager:220 - loadIPPluginJar : add extmemmanager
2026-02-05 16:35:59,791 [INFO] IPUIPlugin:80 - create IPUIPlugin
2026-02-05 16:35:59,791 [INFO] PluginManager:220 - loadIPPluginJar : add fatfs
2026-02-05 16:35:59,797 [INFO] IPUIPlugin:80 - create IPUIPlugin
2026-02-05 16:35:59,797 [INFO] PluginManager:220 - loadIPPluginJar : add fmc
2026-02-05 16:35:59,805 [INFO] IPUIPlugin:80 - create IPUIPlugin
2026-02-05 16:35:59,806 [INFO] PluginManager:220 - loadIPPluginJar : add freertos
2026-02-05 16:35:59,809 [INFO] IPUIPlugin:80 - create IPUIPlugin
2026-02-05 16:35:59,809 [INFO] PluginManager:220 - loadIPPluginJar : add genericplugin
2026-02-05 16:35:59,812 [INFO] IPUIPlugin:80 - create IPUIPlugin
2026-02-05 16:35:59,812 [INFO] PluginManager:220 - loadIPPluginJar : add gfxmmu
2026-02-05 16:35:59,817 [INFO] IPUIPlugin:80 - create IPUIPlugin
2026-02-05 16:35:59,818 [INFO] PluginManager:220 - loadIPPluginJar : add gic
2026-02-05 16:35:59,823 [INFO] IPUIPlugin:80 - create IPUIPlugin
2026-02-05 16:35:59,823 [INFO] PluginManager:220 - loadIPPluginJar : add gpio
2026-02-05 16:35:59,828 [INFO] IPUIPlugin:80 - create IPUIPlugin
2026-02-05 16:35:59,828 [INFO] PluginManager:220 - loadIPPluginJar : add gtzc
2026-02-05 16:35:59,832 [INFO] IPUIPlugin:80 - create IPUIPlugin
2026-02-05 16:35:59,832 [INFO] PluginManager:220 - loadIPPluginJar : add hash
2026-02-05 16:35:59,836 [INFO] IPUIPlugin:80 - create IPUIPlugin
2026-02-05 16:35:59,836 [INFO] PluginManager:220 - loadIPPluginJar : add i2c
2026-02-05 16:35:59,840 [INFO] IPUIPlugin:80 - create IPUIPlugin
2026-02-05 16:35:59,840 [INFO] PluginManager:220 - loadIPPluginJar : add i2s
2026-02-05 16:35:59,845 [INFO] IPUIPlugin:80 - create IPUIPlugin
2026-02-05 16:35:59,845 [INFO] PluginManager:220 - loadIPPluginJar : add i3c
2026-02-05 16:35:59,849 [INFO] IPUIPlugin:80 - create IPUIPlugin
2026-02-05 16:35:59,850 [INFO] PluginManager:220 - loadIPPluginJar : add ipddr
2026-02-05 16:35:59,858 [INFO] IPUIPlugin:80 - create IPUIPlugin
2026-02-05 16:35:59,859 [INFO] PluginManager:220 - loadIPPluginJar : add linkedlist
2026-02-05 16:35:59,863 [INFO] IPUIPlugin:80 - create IPUIPlugin
2026-02-05 16:35:59,863 [INFO] PluginManager:220 - loadIPPluginJar : add lorawan
2026-02-05 16:35:59,866 [INFO] IPUIPlugin:80 - create IPUIPlugin
2026-02-05 16:35:59,866 [INFO] PluginManager:220 - loadIPPluginJar : add ltdc
2026-02-05 16:35:59,874 [INFO] IPUIPlugin:80 - create IPUIPlugin
2026-02-05 16:35:59,874 [INFO] PluginManager:220 - loadIPPluginJar : add mdma
2026-02-05 16:35:59,878 [INFO] IPUIPlugin:80 - create IPUIPlugin
2026-02-05 16:35:59,879 [INFO] PluginManager:220 - loadIPPluginJar : add nvic
2026-02-05 16:35:59,883 [INFO] IPUIPlugin:80 - create IPUIPlugin
2026-02-05 16:35:59,883 [INFO] PluginManager:220 - loadIPPluginJar : add opamp
2026-02-05 16:35:59,887 [INFO] IPUIPlugin:80 - create IPUIPlugin
2026-02-05 16:35:59,887 [INFO] PluginManager:220 - loadIPPluginJar : add openamp
2026-02-05 16:35:59,891 [INFO] IPUIPlugin:80 - create IPUIPlugin
2026-02-05 16:35:59,892 [INFO] PluginManager:220 - loadIPPluginJar : add pdm2pcm
2026-02-05 16:35:59,899 [INFO] IPUIPlugin:80 - create IPUIPlugin
2026-02-05 16:35:59,902 [INFO] PluginManager:220 - loadIPPluginJar : add plateformsettings
2026-02-05 16:35:59,904 [INFO] IPUIPlugin:80 - create IPUIPlugin
2026-02-05 16:35:59,904 [INFO] PluginManager:220 - loadIPPluginJar : add quadspi
2026-02-05 16:35:59,907 [INFO] IPUIPlugin:80 - create IPUIPlugin
2026-02-05 16:35:59,908 [INFO] PluginManager:220 - loadIPPluginJar : add radio
2026-02-05 16:35:59,915 [INFO] IPUIPlugin:80 - create IPUIPlugin
2026-02-05 16:35:59,915 [INFO] PluginManager:220 - loadIPPluginJar : add resmgrutility
2026-02-05 16:35:59,923 [INFO] IPUIPlugin:80 - create IPUIPlugin
2026-02-05 16:35:59,924 [INFO] PluginManager:220 - loadIPPluginJar : add sai
2026-02-05 16:35:59,928 [INFO] IPUIPlugin:80 - create IPUIPlugin
2026-02-05 16:35:59,928 [INFO] PluginManager:220 - loadIPPluginJar : add spi
2026-02-05 16:35:59,939 [INFO] IPUIPlugin:80 - create IPUIPlugin
2026-02-05 16:35:59,939 [INFO] PluginManager:220 - loadIPPluginJar : add stm32_wpan
2026-02-05 16:35:59,945 [INFO] IPUIPlugin:80 - create IPUIPlugin
2026-02-05 16:35:59,947 [INFO] PluginManager:220 - loadIPPluginJar : add tim
2026-02-05 16:35:59,953 [INFO] IPUIPlugin:80 - create IPUIPlugin
2026-02-05 16:35:59,954 [INFO] PluginManager:220 - loadIPPluginJar : add touchsensing
2026-02-05 16:35:59,958 [INFO] IPUIPlugin:80 - create IPUIPlugin
2026-02-05 16:35:59,958 [INFO] PluginManager:220 - loadIPPluginJar : add tracer_emb
2026-02-05 16:35:59,961 [INFO] IPUIPlugin:80 - create IPUIPlugin
2026-02-05 16:35:59,961 [INFO] PluginManager:220 - loadIPPluginJar : add ts
2026-02-05 16:35:59,965 [INFO] IPUIPlugin:80 - create IPUIPlugin
2026-02-05 16:35:59,965 [INFO] PluginManager:220 - loadIPPluginJar : add tsc
2026-02-05 16:35:59,968 [INFO] IPUIPlugin:80 - create IPUIPlugin
2026-02-05 16:35:59,968 [INFO] PluginManager:220 - loadIPPluginJar : add ucpd
2026-02-05 16:35:59,971 [INFO] IPUIPlugin:80 - create IPUIPlugin
2026-02-05 16:35:59,971 [INFO] PluginManager:220 - loadIPPluginJar : add usart
2026-02-05 16:35:59,976 [INFO] IPUIPlugin:80 - create IPUIPlugin
2026-02-05 16:35:59,976 [INFO] PluginManager:220 - loadIPPluginJar : add usbx
2026-02-05 16:36:00,136 [FATAL] Updater:351 - Updater called before beeing initialized
2026-02-05 16:36:00,183 [INFO] RulesReader:64 - Compatibility file has been processed (302 Rules)
2026-02-05 16:36:00,201 [INFO] RulesReader:64 - Compatibility file has been processed (302 Rules)
2026-02-05 16:36:00,212 [INFO] CADModel:165 - CPN selected for project level
2026-02-05 16:36:00,212 [INFO] CADModel:114 - Register for checkConnection events
2026-02-05 16:36:00,212 [FATAL] Updater:351 - Updater called before beeing initialized
2026-02-05 16:36:00,212 [ERROR] CADModel:125 - Updater not yet initialized, retry later 
2026-02-05 16:36:00,496 [FATAL] Updater:351 - Updater called before beeing initialized
2026-02-05 16:36:00,499 [INFO] CADModel:165 - CPN selected for project level
2026-02-05 16:36:00,499 [INFO] CADModel:114 - Register for checkConnection events
2026-02-05 16:36:00,500 [FATAL] Updater:351 - Updater called before beeing initialized
2026-02-05 16:36:00,500 [ERROR] CADModel:125 - Updater not yet initialized, retry later 
2026-02-05 16:36:00,507 [FATAL] Updater:351 - Updater called before beeing initialized
2026-02-05 16:36:00,852 [FATAL] Updater:351 - Updater called before beeing initialized
2026-02-05 16:36:00,860 [INFO] DbMcusAds:53 - JSON generation date=Thu Jan 08 20:57:51 PKT 2026 (1767887871456)
2026-02-05 16:36:00,860 [FATAL] Updater:351 - Updater called before beeing initialized
2026-02-05 16:36:00,913 [WARN] DetailPanel:346 - Failed to get advertising image, set to default
2026-02-05 16:36:01,219 [FATAL] Updater:351 - Updater called before beeing initialized
2026-02-05 16:36:01,224 [FATAL] Updater:351 - Updater called before beeing initialized
2026-02-05 16:36:01,224 [FATAL] Updater:351 - Updater called before beeing initialized
2026-02-05 16:36:01,224 [WARN] DetailPanel:346 - Failed to get advertising image, set to default
2026-02-05 16:36:01,225 [FATAL] Updater:351 - Updater called before beeing initialized
2026-02-05 16:36:01,294 [ERROR] Updater:1198 - MainUpdater not yet initialized. External WinMGr cannot be set.
2026-02-05 16:36:01,296 [INFO] Updater:1134 - Updater Version found : 6.14.1
2026-02-05 16:36:01,325 [INFO] ApplicationProperties:184 - Using Application install path: D:\Install\STM32CubeIDE_1.18.1\STM32CubeIDE\plugins\com.st.stm32cube.common.mx_6.14.1.202504091515
2026-02-05 16:36:01,804 [INFO] ThirdPartyUpdaterWithRetryManager:70 - Updater plugin not ready yet. [2/15]
2026-02-05 16:36:02,921 [ERROR] LogOutputStream:75 - [STDERR_REDIRECT] Feb 05, 2026 4:36:02 PM java.util.prefs.WindowsPreferences <init>
2026-02-05 16:36:02,928 [ERROR] LogOutputStream:75 - [STDERR_REDIRECT] WARNING: Could not open/create prefs root node Software\JavaSoft\Prefs at root 0xffffffff80000002. Windows RegCreateKeyEx(...) returned error code 5.
2026-02-05 16:36:02,929 [ERROR] LogOutputStream:75 - [STDERR_REDIRECT] 
2026-02-05 16:36:04,806 [FATAL] Updater:351 - Updater called before beeing initialized
2026-02-05 16:36:04,806 [ERROR] IntegrityCheckThread:130 - Cannot retrieve database content from updater: error 21
2026-02-05 16:36:04,806 [INFO] ThirdParty:978 - Integrity check success = false
2026-02-05 16:36:04,806 [INFO] IntegrityCheckThread:100 - exiting critical section [integrity check]
2026-02-05 16:36:04,807 [INFO] IntegrityCheckThread:103 - End integrity checks thread
2026-02-05 16:36:05,532 [INFO] MainUpdater:2872 - connection check result : 10
2026-02-05 16:36:05,532 [INFO] MainUpdater:289 - Updater Check For Update Now.
2026-02-05 16:36:05,533 [INFO] MicroXplorer:498 - Change Database Version : DB.6.0.141
2026-02-05 16:36:05,542 [INFO] McuFinderGlobals:63 - Set McuFinder mode to 2 (CubeIDE integrated)
2026-02-05 16:36:05,544 [INFO] UserAuth:484 - Internet connection configuration mode: 1
2026-02-05 16:36:05,581 [INFO] JxBrowserEngine:152 - Initiate JxBrowser Engine with user profile folder
2026-02-05 16:36:05,909 [INFO] CheckServerUpdateThread:120 - End of CheckServer Thread
2026-02-05 16:36:07,995 [INFO] WebApp:169 - Instantiating new browser for Auth
2026-02-05 16:36:09,795 [INFO] WebApp:463 - Apply proxy settings
2026-02-05 16:36:09,796 [INFO] WebApp:548 - Chromium requires no authentication
2026-02-05 16:36:09,824 [INFO] WebApp:491 - Direct internet connection detected
2026-02-05 16:36:09,883 [INFO] WebApp:894 - Register for checkConnection events
2026-02-05 16:36:09,884 [INFO] WebApp:463 - Apply proxy settings
2026-02-05 16:36:09,884 [INFO] WebApp:548 - Chromium requires no authentication
2026-02-05 16:36:09,885 [INFO] WebApp:491 - Direct internet connection detected
2026-02-05 16:36:10,266 [INFO] WebApp:225 - Starting web application
2026-02-05 16:36:10,266 [INFO] WebApp:593 - Web application path used D:\Install\STM32CubeIDE_1.18.1\STM32CubeIDE\plugins\com.st.stm32cube.common.mx_6.14.1.202504091515\db\plugins\mcufinder\reactClient1\index.html
2026-02-05 16:36:10,663 [INFO] UserAuth:484 - Internet connection configuration mode: 1
2026-02-05 16:36:10,705 [INFO] WebApp:191 - Connection restablished
2026-02-05 18:59:59,630 [INFO] WebApp:194 - Connection lost
2026-02-05 19:00:00,772 [INFO] WebApp:191 - Connection restablished
2026-02-05 20:35:18,618 [INFO] WebApp:194 - Connection lost
2026-02-05 20:35:19,851 [INFO] WebApp:191 - Connection restablished
2026-02-05 20:35:21,059 [INFO] WebApp:194 - Connection lost
2026-02-05 20:35:21,332 [INFO] WebApp:191 - Connection restablished
2026-02-05 21:09:37,864 [ERROR] LogOutputStream:75 - [STDERR_REDIRECT] 
