2025-10-16 06:33:15,878 [INFO] WebApp:194 - Connection lost
2025-10-16 06:33:16,746 [INFO] WebApp:191 - Connection restablished
2025-10-16 06:33:18,540 [INFO] WebApp:194 - Connection lost
2025-10-16 06:33:18,889 [INFO] WebApp:191 - Connection restablished
2025-10-16 06:35:17,331 [INFO] WebApp:194 - Connection lost
2025-10-16 06:35:17,675 [INFO] WebApp:191 - Connection restablished
2025-10-16 09:29:14,636 [INFO] Activator:176 - 


2025-10-16 09:29:14,639 [INFO] Activator:177 - !SESSION log4j initialized
2025-10-16 09:29:23,410 [INFO] LogOutputStream:77 - [STDOUT_REDIRECT] 
2025-10-16 09:29:25,290 [INFO] ApplicationProperties:184 - Using Application install path: D:\Install\STM32CubeIDE_1.18.1\STM32CubeIDE\plugins\com.st.stm32cube.common.mx_6.14.1.202504091515
2025-10-16 09:29:25,336 [INFO] DbMcusXml:78 - Set database path to: D:\Install\STM32CubeIDE_1.18.1\STM32CubeIDE\plugins\com.st.stm32cube.common.mx_6.14.1.202504091515\\db\/mcu/
2025-10-16 09:29:25,337 [INFO] ApiDb:274 - Set plugin database path to: D:\Install\STM32CubeIDE_1.18.1\STM32CubeIDE\plugins\com.st.stm32cube.common.mx_6.14.1.202504091515\\db\/plugins/boardmanager/
2025-10-16 09:29:25,337 [WARN] ApiDb:259 - Overriding images path with different value:  => D:\Install\STM32CubeIDE_1.18.1\STM32CubeIDE\plugins\com.st.stm32cube.common.mx_6.14.1.202504091515\\db\/plugins/mcufinder/images/
2025-10-16 09:29:25,358 [INFO] ApiDb:250 - Set database path to: C:\Users\DELL\.stmcufinder\plugins\mcufinder//mcu/
2025-10-16 09:29:25,360 [INFO] DbMcusAds:125 - Set database path to: C:\Users\DELL\.stmcufinder\plugins\mcufinder//mcu/
2025-10-16 09:29:25,364 [INFO] CrossReferenceDbSqlite:203 - Set database path to: C:\Users\DELL\.stmcufinder\plugins\mcufinder//mcu/cs/
2025-10-16 09:29:25,659 [INFO] RulesReader:64 - Compatibility file has been processed (302 Rules)
2025-10-16 09:29:25,898 [INFO] DbMcusXml:78 - Set database path to: D:\Install\STM32CubeIDE_1.18.1\STM32CubeIDE\plugins\com.st.stm32cube.common.mx_6.14.1.202504091515\\db\/mcu/
2025-10-16 09:29:25,898 [INFO] ApiDb:274 - Set plugin database path to: D:\Install\STM32CubeIDE_1.18.1\STM32CubeIDE\plugins\com.st.stm32cube.common.mx_6.14.1.202504091515\\db\/plugins/boardmanager/
2025-10-16 09:29:25,898 [INFO] ApiDb:261 - Set plugin images path to: D:\Install\STM32CubeIDE_1.18.1\STM32CubeIDE\plugins\com.st.stm32cube.common.mx_6.14.1.202504091515\\db\/plugins/mcufinder/images/
2025-10-16 09:29:25,899 [WARN] DbFile:41 - Overriding database path with different value: C:\Users\DELL\.stmcufinder\plugins\mcufinder/ => C:\Users\DELL\.stmcufinder\plugins\mcufinder
2025-10-16 09:29:25,899 [INFO] ApiDb:250 - Set database path to: C:\Users\DELL\.stmcufinder\plugins\mcufinder//mcu/
2025-10-16 09:29:25,900 [WARN] DbFile:41 - Overriding database path with different value: C:\Users\DELL\.stmcufinder\plugins\mcufinder/ => C:\Users\DELL\.stmcufinder\plugins\mcufinder
2025-10-16 09:29:25,900 [INFO] DbMcusAds:125 - Set database path to: C:\Users\DELL\.stmcufinder\plugins\mcufinder//mcu/
2025-10-16 09:29:25,900 [WARN] DbFile:41 - Overriding database path with different value: C:\Users\DELL\.stmcufinder\plugins\mcufinder/ => C:\Users\DELL\.stmcufinder\plugins\mcufinder
2025-10-16 09:29:25,900 [WARN] DbFile:41 - Overriding database path with different value: C:\Users\DELL\.stmcufinder\plugins\mcufinder/ => C:\Users\DELL\.stmcufinder\plugins\mcufinder
2025-10-16 09:29:25,900 [INFO] CrossReferenceDbSqlite:203 - Set database path to: C:\Users\DELL\.stmcufinder\plugins\mcufinder//mcu/cs/
2025-10-16 09:29:26,039 [INFO] MainPanel:272 - HeapMemory: 268435456
2025-10-16 09:29:26,236 [INFO] DbMcusXml:78 - Set database path to: D:\Install\STM32CubeIDE_1.18.1\STM32CubeIDE\plugins\com.st.stm32cube.common.mx_6.14.1.202504091515\\db\/mcu/
2025-10-16 09:29:26,237 [INFO] ApiDb:274 - Set plugin database path to: D:\Install\STM32CubeIDE_1.18.1\STM32CubeIDE\plugins\com.st.stm32cube.common.mx_6.14.1.202504091515\\db\/plugins/boardmanager/
2025-10-16 09:29:26,237 [INFO] ApiDb:261 - Set plugin images path to: D:\Install\STM32CubeIDE_1.18.1\STM32CubeIDE\plugins\com.st.stm32cube.common.mx_6.14.1.202504091515\\db\/plugins/mcufinder/images/
2025-10-16 09:29:26,237 [WARN] DbFile:41 - Overriding database path with different value: C:\Users\DELL\.stmcufinder\plugins\mcufinder/ => C:\Users\DELL\.stmcufinder\plugins\mcufinder
2025-10-16 09:29:26,238 [INFO] ApiDb:250 - Set database path to: C:\Users\DELL\.stmcufinder\plugins\mcufinder//mcu/
2025-10-16 09:29:26,238 [WARN] DbFile:41 - Overriding database path with different value: C:\Users\DELL\.stmcufinder\plugins\mcufinder/ => C:\Users\DELL\.stmcufinder\plugins\mcufinder
2025-10-16 09:29:26,238 [INFO] DbMcusAds:125 - Set database path to: C:\Users\DELL\.stmcufinder\plugins\mcufinder//mcu/
2025-10-16 09:29:26,238 [WARN] DbFile:41 - Overriding database path with different value: C:\Users\DELL\.stmcufinder\plugins\mcufinder/ => C:\Users\DELL\.stmcufinder\plugins\mcufinder
2025-10-16 09:29:26,238 [WARN] DbFile:41 - Overriding database path with different value: C:\Users\DELL\.stmcufinder\plugins\mcufinder/ => C:\Users\DELL\.stmcufinder\plugins\mcufinder
2025-10-16 09:29:26,238 [INFO] CrossReferenceDbSqlite:203 - Set database path to: C:\Users\DELL\.stmcufinder\plugins\mcufinder//mcu/cs/
2025-10-16 09:29:26,282 [INFO] ApplicationProperties:184 - Using Application install path: D:\Install\STM32CubeIDE_1.18.1\STM32CubeIDE\plugins\com.st.stm32cube.common.mx_6.14.1.202504091515
2025-10-16 09:29:26,284 [INFO] PluginManage:196 - Search for loadable plugins [exclusion list=, ]
2025-10-16 09:29:26,287 [INFO] PluginManage:310 - Check plugin analytics
2025-10-16 09:29:26,606 [INFO] AnalyticsPlugin:253 - Accepted Software Licenses: STM32CubeMX.6.14.1
2025-10-16 09:29:26,606 [INFO] AnalyticsPlugin:255 - Accepted CMSIS Pack Licenses: 
2025-10-16 09:29:26,607 [INFO] AnalyticsPlugin:257 - Accepted Firmware Licenses: FW.WL.1.3.0,FW.L4.1.18.0
2025-10-16 09:29:26,610 [INFO] PluginManage:359 - Loaded plugin analytics (category:tool,tabindex:-1)
2025-10-16 09:29:26,610 [INFO] PluginManage:310 - Check plugin cadmodel
2025-10-16 09:29:26,619 [INFO] CADModel:105 - Init CAD model plugin
2025-10-16 09:29:26,620 [INFO] PluginManage:359 - Loaded plugin cadmodel (category:power,tabindex:5)
2025-10-16 09:29:26,620 [INFO] PluginManage:310 - Check plugin clock
2025-10-16 09:29:26,641 [INFO] PluginManage:359 - Loaded plugin clock (category:base,tabindex:2)
2025-10-16 09:29:26,641 [INFO] PluginManage:310 - Check plugin ddr
2025-10-16 09:29:26,646 [INFO] PluginManage:359 - Loaded plugin ddr (category:tool,tabindex:6)
2025-10-16 09:29:26,646 [INFO] PluginManage:310 - Check plugin filemanager
2025-10-16 09:29:26,913 [INFO] PluginManage:359 - Loaded plugin filemanager (category:base,tabindex:10)
2025-10-16 09:29:26,914 [INFO] PluginManage:310 - Check plugin ipmanager
2025-10-16 09:29:26,925 [INFO] PluginManage:359 - Loaded plugin ipmanager (category:base,tabindex:5)
2025-10-16 09:29:26,925 [INFO] PluginManage:310 - Check plugin lpbam
2025-10-16 09:29:26,940 [INFO] PluginManage:359 - Loaded plugin lpbam (category:base,tabindex:0)
2025-10-16 09:29:26,941 [INFO] PluginManage:310 - Check plugin memorymap
2025-10-16 09:29:26,962 [INFO] PluginManage:359 - Loaded plugin memorymap (category:base,tabindex:4)
2025-10-16 09:29:26,962 [INFO] PluginManage:310 - Check plugin pinoutandconfiguration
2025-10-16 09:29:26,976 [INFO] PluginManage:359 - Loaded plugin pinoutandconfiguration (category:base,tabindex:1)
2025-10-16 09:29:26,976 [INFO] PluginManage:310 - Check plugin pinoutconfig
2025-10-16 09:29:27,092 [WARN] SupportedApi:132 - Cannot load RTOS API schema: s4s-elt-must-match.1: The content of 'definitions' must match (annotation?, (simpleType | complexType)?, (unique | key | keyref)*)). A problem was found starting at: attribute.
2025-10-16 09:29:27,297 [INFO] PluginManage:359 - Loaded plugin pinoutconfig (category:base,tabindex:0)
2025-10-16 09:29:27,297 [INFO] PluginManage:310 - Check plugin power
2025-10-16 09:29:27,320 [INFO] PluginManage:359 - Loaded plugin power (category:power,tabindex:4)
2025-10-16 09:29:27,321 [INFO] PluginManage:310 - Check plugin projectmanager
2025-10-16 09:29:27,393 [INFO] PluginManage:359 - Loaded plugin projectmanager (category:projectmanager,tabindex:4)
2025-10-16 09:29:27,393 [INFO] PluginManage:310 - Check plugin rif
2025-10-16 09:29:27,411 [INFO] PluginManage:359 - Loaded plugin rif (category:base,tabindex:3)
2025-10-16 09:29:27,412 [INFO] PluginManage:310 - Check plugin thirdparty
2025-10-16 09:29:27,609 [INFO] PluginManage:359 - Loaded plugin thirdparty (category:base,tabindex:-1)
2025-10-16 09:29:27,609 [INFO] PluginManage:310 - Check plugin tools
2025-10-16 09:29:27,614 [INFO] PluginManage:359 - Loaded plugin tools (category:base,tabindex:7)
2025-10-16 09:29:27,614 [INFO] PluginManage:310 - Check plugin tutovideos
2025-10-16 09:29:27,613 [WARN] IntegrityCheckThread:84 - waiting for thirdparty lock release [integrity check]
2025-10-16 09:29:27,615 [INFO] IntegrityCheckThread:86 - entering critical section [integrity check]
2025-10-16 09:29:27,615 [INFO] ThirdPartyUpdaterWithRetryManager:70 - Updater plugin not ready yet. [1/15]
2025-10-16 09:29:27,882 [INFO] PluginManage:359 - Loaded plugin tutovideos (category:base,tabindex:-1)
2025-10-16 09:29:27,882 [INFO] PluginManage:310 - Check plugin updater
2025-10-16 09:29:27,920 [INFO] PluginManage:359 - Loaded plugin updater (category:base,tabindex:12)
2025-10-16 09:29:27,921 [INFO] PluginManage:310 - Check plugin userauth
2025-10-16 09:29:27,928 [INFO] UserAuth:118 - Init User Auth plugin
2025-10-16 09:29:27,929 [INFO] PluginManage:359 - Loaded plugin userauth (category:base,tabindex:14)
2025-10-16 09:29:27,929 [INFO] PluginManage:283 - PluginManage : Loaded plugins [18]
2025-10-16 09:29:28,229 [INFO] PinOutPanel:1589 - setPackage(No Configuration,No Configuration)
2025-10-16 09:29:28,354 [INFO] CADModel:165 - CPN selected for project level
2025-10-16 09:29:28,354 [INFO] CADModel:114 - Register for checkConnection events
2025-10-16 09:29:28,382 [INFO] IPUIPlugin:80 - create IPUIPlugin
2025-10-16 09:29:28,382 [INFO] PluginManager:220 - loadIPPluginJar : add adc
2025-10-16 09:29:28,387 [INFO] IPUIPlugin:80 - create IPUIPlugin
2025-10-16 09:29:28,387 [INFO] PluginManager:220 - loadIPPluginJar : add aes
2025-10-16 09:29:28,391 [INFO] IPUIPlugin:80 - create IPUIPlugin
2025-10-16 09:29:28,392 [INFO] PluginManager:220 - loadIPPluginJar : add can
2025-10-16 09:29:28,394 [INFO] IPUIPlugin:80 - create IPUIPlugin
2025-10-16 09:29:28,394 [INFO] PluginManager:220 - loadIPPluginJar : add comp
2025-10-16 09:29:28,399 [INFO] IPUIPlugin:80 - create IPUIPlugin
2025-10-16 09:29:28,399 [INFO] PluginManager:220 - loadIPPluginJar : add cryp
2025-10-16 09:29:28,404 [INFO] IPUIPlugin:80 - create IPUIPlugin
2025-10-16 09:29:28,405 [INFO] PluginManager:220 - loadIPPluginJar : add ddr_ctrl_phy
2025-10-16 09:29:28,409 [INFO] IPUIPlugin:80 - create IPUIPlugin
2025-10-16 09:29:28,409 [INFO] PluginManager:220 - loadIPPluginJar : add dfsdm
2025-10-16 09:29:28,418 [INFO] IPUIPlugin:80 - create IPUIPlugin
2025-10-16 09:29:28,418 [INFO] PluginManager:220 - loadIPPluginJar : add dma
2025-10-16 09:29:28,422 [INFO] IPUIPlugin:80 - create IPUIPlugin
2025-10-16 09:29:28,422 [INFO] PluginManager:220 - loadIPPluginJar : add dma3
2025-10-16 09:29:28,425 [INFO] IPUIPlugin:80 - create IPUIPlugin
2025-10-16 09:29:28,425 [INFO] PluginManager:220 - loadIPPluginJar : add extmemmanager
2025-10-16 09:29:28,427 [INFO] IPUIPlugin:80 - create IPUIPlugin
2025-10-16 09:29:28,427 [INFO] PluginManager:220 - loadIPPluginJar : add fatfs
2025-10-16 09:29:28,433 [INFO] IPUIPlugin:80 - create IPUIPlugin
2025-10-16 09:29:28,433 [INFO] PluginManager:220 - loadIPPluginJar : add fmc
2025-10-16 09:29:28,442 [INFO] IPUIPlugin:80 - create IPUIPlugin
2025-10-16 09:29:28,442 [INFO] PluginManager:220 - loadIPPluginJar : add freertos
2025-10-16 09:29:28,444 [INFO] IPUIPlugin:80 - create IPUIPlugin
2025-10-16 09:29:28,444 [INFO] PluginManager:220 - loadIPPluginJar : add genericplugin
2025-10-16 09:29:28,447 [INFO] IPUIPlugin:80 - create IPUIPlugin
2025-10-16 09:29:28,447 [INFO] PluginManager:220 - loadIPPluginJar : add gfxmmu
2025-10-16 09:29:28,452 [INFO] IPUIPlugin:80 - create IPUIPlugin
2025-10-16 09:29:28,452 [INFO] PluginManager:220 - loadIPPluginJar : add gic
2025-10-16 09:29:28,459 [INFO] IPUIPlugin:80 - create IPUIPlugin
2025-10-16 09:29:28,459 [INFO] PluginManager:220 - loadIPPluginJar : add gpio
2025-10-16 09:29:28,463 [INFO] IPUIPlugin:80 - create IPUIPlugin
2025-10-16 09:29:28,463 [INFO] PluginManager:220 - loadIPPluginJar : add gtzc
2025-10-16 09:29:28,468 [INFO] IPUIPlugin:80 - create IPUIPlugin
2025-10-16 09:29:28,469 [INFO] PluginManager:220 - loadIPPluginJar : add hash
2025-10-16 09:29:28,473 [INFO] IPUIPlugin:80 - create IPUIPlugin
2025-10-16 09:29:28,473 [INFO] PluginManager:220 - loadIPPluginJar : add i2c
2025-10-16 09:29:28,477 [INFO] IPUIPlugin:80 - create IPUIPlugin
2025-10-16 09:29:28,477 [INFO] PluginManager:220 - loadIPPluginJar : add i2s
2025-10-16 09:29:28,481 [INFO] IPUIPlugin:80 - create IPUIPlugin
2025-10-16 09:29:28,481 [INFO] PluginManager:220 - loadIPPluginJar : add i3c
2025-10-16 09:29:28,486 [INFO] IPUIPlugin:80 - create IPUIPlugin
2025-10-16 09:29:28,486 [INFO] PluginManager:220 - loadIPPluginJar : add ipddr
2025-10-16 09:29:28,495 [INFO] IPUIPlugin:80 - create IPUIPlugin
2025-10-16 09:29:28,495 [INFO] PluginManager:220 - loadIPPluginJar : add linkedlist
2025-10-16 09:29:28,500 [INFO] IPUIPlugin:80 - create IPUIPlugin
2025-10-16 09:29:28,500 [INFO] PluginManager:220 - loadIPPluginJar : add lorawan
2025-10-16 09:29:28,503 [INFO] IPUIPlugin:80 - create IPUIPlugin
2025-10-16 09:29:28,503 [INFO] PluginManager:220 - loadIPPluginJar : add ltdc
2025-10-16 09:29:28,510 [INFO] IPUIPlugin:80 - create IPUIPlugin
2025-10-16 09:29:28,511 [INFO] PluginManager:220 - loadIPPluginJar : add mdma
2025-10-16 09:29:28,516 [INFO] IPUIPlugin:80 - create IPUIPlugin
2025-10-16 09:29:28,517 [INFO] PluginManager:220 - loadIPPluginJar : add nvic
2025-10-16 09:29:28,521 [INFO] IPUIPlugin:80 - create IPUIPlugin
2025-10-16 09:29:28,522 [INFO] PluginManager:220 - loadIPPluginJar : add opamp
2025-10-16 09:29:28,527 [INFO] IPUIPlugin:80 - create IPUIPlugin
2025-10-16 09:29:28,527 [INFO] PluginManager:220 - loadIPPluginJar : add openamp
2025-10-16 09:29:28,532 [INFO] IPUIPlugin:80 - create IPUIPlugin
2025-10-16 09:29:28,532 [INFO] PluginManager:220 - loadIPPluginJar : add pdm2pcm
2025-10-16 09:29:28,542 [INFO] IPUIPlugin:80 - create IPUIPlugin
2025-10-16 09:29:28,545 [INFO] PluginManager:220 - loadIPPluginJar : add plateformsettings
2025-10-16 09:29:28,548 [INFO] IPUIPlugin:80 - create IPUIPlugin
2025-10-16 09:29:28,548 [INFO] PluginManager:220 - loadIPPluginJar : add quadspi
2025-10-16 09:29:28,551 [INFO] IPUIPlugin:80 - create IPUIPlugin
2025-10-16 09:29:28,552 [INFO] PluginManager:220 - loadIPPluginJar : add radio
2025-10-16 09:29:28,557 [INFO] IPUIPlugin:80 - create IPUIPlugin
2025-10-16 09:29:28,557 [INFO] PluginManager:220 - loadIPPluginJar : add resmgrutility
2025-10-16 09:29:28,561 [INFO] IPUIPlugin:80 - create IPUIPlugin
2025-10-16 09:29:28,561 [INFO] PluginManager:220 - loadIPPluginJar : add sai
2025-10-16 09:29:28,564 [INFO] IPUIPlugin:80 - create IPUIPlugin
2025-10-16 09:29:28,564 [INFO] PluginManager:220 - loadIPPluginJar : add spi
2025-10-16 09:29:28,571 [INFO] IPUIPlugin:80 - create IPUIPlugin
2025-10-16 09:29:28,572 [INFO] PluginManager:220 - loadIPPluginJar : add stm32_wpan
2025-10-16 09:29:28,574 [INFO] IPUIPlugin:80 - create IPUIPlugin
2025-10-16 09:29:28,574 [INFO] PluginManager:220 - loadIPPluginJar : add tim
2025-10-16 09:29:28,579 [INFO] IPUIPlugin:80 - create IPUIPlugin
2025-10-16 09:29:28,579 [INFO] PluginManager:220 - loadIPPluginJar : add touchsensing
2025-10-16 09:29:28,583 [INFO] IPUIPlugin:80 - create IPUIPlugin
2025-10-16 09:29:28,583 [INFO] PluginManager:220 - loadIPPluginJar : add tracer_emb
2025-10-16 09:29:28,586 [INFO] IPUIPlugin:80 - create IPUIPlugin
2025-10-16 09:29:28,586 [INFO] PluginManager:220 - loadIPPluginJar : add ts
2025-10-16 09:29:28,589 [INFO] IPUIPlugin:80 - create IPUIPlugin
2025-10-16 09:29:28,589 [INFO] PluginManager:220 - loadIPPluginJar : add tsc
2025-10-16 09:29:28,591 [INFO] IPUIPlugin:80 - create IPUIPlugin
2025-10-16 09:29:28,591 [INFO] PluginManager:220 - loadIPPluginJar : add ucpd
2025-10-16 09:29:28,595 [INFO] IPUIPlugin:80 - create IPUIPlugin
2025-10-16 09:29:28,596 [INFO] PluginManager:220 - loadIPPluginJar : add usart
2025-10-16 09:29:28,600 [INFO] IPUIPlugin:80 - create IPUIPlugin
2025-10-16 09:29:28,600 [INFO] PluginManager:220 - loadIPPluginJar : add usbx
2025-10-16 09:29:28,746 [FATAL] Updater:351 - Updater called before beeing initialized
2025-10-16 09:29:28,795 [INFO] RulesReader:64 - Compatibility file has been processed (302 Rules)
2025-10-16 09:29:28,816 [INFO] RulesReader:64 - Compatibility file has been processed (302 Rules)
2025-10-16 09:29:28,826 [INFO] CADModel:165 - CPN selected for project level
2025-10-16 09:29:28,826 [INFO] CADModel:114 - Register for checkConnection events
2025-10-16 09:29:28,826 [FATAL] Updater:351 - Updater called before beeing initialized
2025-10-16 09:29:28,827 [ERROR] CADModel:125 - Updater not yet initialized, retry later 
2025-10-16 09:29:29,019 [FATAL] Updater:351 - Updater called before beeing initialized
2025-10-16 09:29:29,022 [INFO] CADModel:165 - CPN selected for project level
2025-10-16 09:29:29,022 [INFO] CADModel:114 - Register for checkConnection events
2025-10-16 09:29:29,022 [FATAL] Updater:351 - Updater called before beeing initialized
2025-10-16 09:29:29,022 [ERROR] CADModel:125 - Updater not yet initialized, retry later 
2025-10-16 09:29:29,027 [FATAL] Updater:351 - Updater called before beeing initialized
2025-10-16 09:29:29,202 [FATAL] Updater:351 - Updater called before beeing initialized
2025-10-16 09:29:29,211 [INFO] DbMcusAds:53 - JSON generation date=Thu Sep 30 11:55:09 PKT 2021 (1632984909247)
2025-10-16 09:29:29,211 [FATAL] Updater:351 - Updater called before beeing initialized
2025-10-16 09:29:29,270 [WARN] DetailPanel:346 - Failed to get advertising image, set to default
2025-10-16 09:29:29,638 [FATAL] Updater:351 - Updater called before beeing initialized
2025-10-16 09:29:29,640 [FATAL] Updater:351 - Updater called before beeing initialized
2025-10-16 09:29:29,640 [FATAL] Updater:351 - Updater called before beeing initialized
2025-10-16 09:29:29,640 [WARN] DetailPanel:346 - Failed to get advertising image, set to default
2025-10-16 09:29:29,642 [FATAL] Updater:351 - Updater called before beeing initialized
2025-10-16 09:29:29,703 [ERROR] Updater:1198 - MainUpdater not yet initialized. External WinMGr cannot be set.
2025-10-16 09:29:29,705 [INFO] Updater:1134 - Updater Version found : 6.14.1
2025-10-16 09:29:29,735 [INFO] ApplicationProperties:184 - Using Application install path: D:\Install\STM32CubeIDE_1.18.1\STM32CubeIDE\plugins\com.st.stm32cube.common.mx_6.14.1.202504091515
2025-10-16 09:29:30,618 [INFO] ThirdPartyUpdaterWithRetryManager:70 - Updater plugin not ready yet. [2/15]
2025-10-16 09:29:31,338 [ERROR] LogOutputStream:75 - [STDERR_REDIRECT] Oct 16, 2025 9:29:31 AM java.util.prefs.WindowsPreferences <init>
2025-10-16 09:29:31,341 [ERROR] LogOutputStream:75 - [STDERR_REDIRECT] WARNING: Could not open/create prefs root node Software\JavaSoft\Prefs at root 0xffffffff80000002. Windows RegCreateKeyEx(...) returned error code 5.
2025-10-16 09:29:31,341 [ERROR] LogOutputStream:75 - [STDERR_REDIRECT] 
2025-10-16 09:29:32,122 [INFO] MainUpdater:2872 - connection check result : 10
2025-10-16 09:29:32,123 [INFO] MainUpdater:289 - Updater Check For Update Now.
2025-10-16 09:29:32,123 [INFO] MicroXplorer:498 - Change Database Version : DB.6.0.141
2025-10-16 09:29:32,131 [INFO] McuFinderGlobals:63 - Set McuFinder mode to 2 (CubeIDE integrated)
2025-10-16 09:29:32,131 [INFO] UserAuth:171 - activating auth plugin
2025-10-16 09:29:32,137 [INFO] UserAuth:484 - Internet connection configuration mode: 1
2025-10-16 09:29:32,169 [INFO] JxBrowserEngine:152 - Initiate JxBrowser Engine with user profile folder
2025-10-16 09:29:32,408 [INFO] CheckServerUpdateThread:120 - End of CheckServer Thread
2025-10-16 09:29:34,231 [WARN] PackLoader:240 - Cannot read IP mode file for STMicroelectronics.FP-SNS-MOTENVWB1.1.4.0
2025-10-16 09:29:34,245 [WARN] PackLoader:240 - Cannot read IP mode file for STMicroelectronics.FP-ATR-ASTRA1.2.0.2
2025-10-16 09:29:34,264 [WARN] PackLoader:240 - Cannot read IP mode file for STMicroelectronics.X-CUBE-SMBUS.2.1.0
2025-10-16 09:29:34,274 [WARN] PackLoader:240 - Cannot read IP mode file for STMicroelectronics.X-CUBE-ST60.1.0.0
2025-10-16 09:29:34,327 [WARN] PackLoader:240 - Cannot read IP mode file for STMicroelectronics.X-CUBE-AZRTOS-F7.1.1.0
2025-10-16 09:29:34,359 [WARN] PackLoader:240 - Cannot read IP mode file for Cesanta.I-CUBE-Mongoose.7.19.0
2025-10-16 09:29:34,366 [ERROR] Engine:466 - C:\Users\DELL\.stm32cubemx\thirdparties\pdsc\WES.I-CUBE-Cesium.1.4.0.pdsc: PDSC version is not supported
2025-10-16 09:29:34,405 [WARN] PackLoader:240 - Cannot read IP mode file for Infineon.AIROC-Wi-Fi-Bluetooth-STM32.1.7.1
2025-10-16 09:29:34,478 [WARN] PackLoader:240 - Cannot read IP mode file for STMicroelectronics.X-CUBE-AZRTOS-H7.3.4.0
2025-10-16 09:29:34,500 [WARN] PackLoader:240 - Cannot read IP mode file for STMicroelectronics.X-CUBE-DISPLAY.3.0.0
2025-10-16 09:29:34,522 [WARN] PackLoader:240 - Cannot read IP mode file for STMicroelectronics.X-CUBE-NFC10.1.0.0
2025-10-16 09:29:34,532 [WARN] PackLoader:240 - Cannot read IP mode file for emotas.I-CUBE-CANOPEN.1.3.0
2025-10-16 09:29:34,539 [ERROR] Engine:466 - C:\Users\DELL\.stm32cubemx\thirdparties\pdsc\STMicroelectronics.FP-SNS-STBOX1.2.1.0.pdsc: PDSC version is not supported
2025-10-16 09:29:34,545 [WARN] PackLoader:240 - Cannot read IP mode file for STMicroelectronics.FP-SNS-SMARTAG2.1.2.0
2025-10-16 09:29:34,552 [WARN] PackLoader:240 - Cannot read IP mode file for STMicroelectronics.FP-SNS-FLIGHT1.5.1.0
2025-10-16 09:29:34,569 [INFO] LogOutputStream:77 - [STDOUT_REDIRECT] 1 : Invalid condition id : UX_CORESTACK_Condition cause : null
2025-10-16 09:29:34,570 [INFO] LogOutputStream:77 - [STDOUT_REDIRECT] 1 : Invalid condition id : UX_CORESTACK_Condition cause : null
2025-10-16 09:29:34,572 [INFO] LogOutputStream:77 - [STDOUT_REDIRECT] 1 : Invalid condition id : UX_CORESTACK_Condition cause : null
2025-10-16 09:29:34,574 [INFO] LogOutputStream:77 - [STDOUT_REDIRECT] 1 : Invalid condition id : UX_CORESTACK_Condition cause : null
2025-10-16 09:29:34,577 [INFO] LogOutputStream:77 - [STDOUT_REDIRECT] 1 : Invalid condition id : UX_CORESTACK_Condition cause : null
2025-10-16 09:29:34,603 [WARN] PackLoader:240 - Cannot read IP mode file for STMicroelectronics.X-CUBE-AZRTOS-WL.2.0.0
2025-10-16 09:29:34,613 [WARN] PackLoader:240 - Cannot read IP mode file for STMicroelectronics.FP-SNS-MOTENV1.5.0.0
2025-10-16 09:29:34,641 [WARN] PackLoader:240 - Cannot read IP mode file for STMicroelectronics.X-CUBE-BLE2.3.3.0
2025-10-16 09:29:34,652 [WARN] PackLoader:240 - Cannot read IP mode file for STMicroelectronics.X-CUBE-NFC9.1.0.0
2025-10-16 09:29:34,662 [WARN] PackLoader:240 - Cannot read IP mode file for wolfSSL.I-CUBE-wolfSSL.5.8.2
2025-10-16 09:29:34,671 [WARN] PackLoader:240 - Cannot read IP mode file for STMicroelectronics.X-CUBE-BLE1.7.1.0
2025-10-16 09:29:34,679 [WARN] PackLoader:240 - Cannot read IP mode file for wolfSSL.I-CUBE-wolfMQTT.1.19.2
2025-10-16 09:29:34,688 [WARN] PackLoader:240 - Cannot read IP mode file for STMicroelectronics.X-CUBE-EEPRMA1.5.2.0
2025-10-16 09:29:34,699 [ERROR] Engine:466 - C:\Users\DELL\.stm32cubemx\thirdparties\pdsc\STMicroelectronics.X-CUBE-ST67W61.1.1.0.pdsc: PDSC version is not supported
2025-10-16 09:29:34,727 [WARN] PackLoader:240 - Cannot read IP mode file for STMicroelectronics.X-CUBE-AZRTOS-G0.1.1.0
2025-10-16 09:29:34,754 [WARN] PackLoader:240 - Cannot read IP mode file for STMicroelectronics.X-CUBE-SAFEA1.1.2.2
2025-10-16 09:29:34,763 [WARN] PackLoader:240 - Cannot read IP mode file for STMicroelectronics.X-CUBE-NFC4.3.0.0
2025-10-16 09:29:34,777 [WARN] PackLoader:240 - Cannot read IP mode file for EmbeddedOffice.I-CUBE-FS-RTOS.1.0.1
2025-10-16 09:29:34,786 [WARN] PackLoader:240 - Cannot read IP mode file for STMicroelectronics.X-CUBE-WB05N.2.0.0
2025-10-16 09:29:34,792 [WARN] PackLoader:240 - Cannot read IP mode file for wolfSSL.I-CUBE-wolfTPM.3.8.0
2025-10-16 09:29:34,800 [WARN] PackLoader:240 - Cannot read IP mode file for STMicroelectronics.X-CUBE-TCPP.4.2.0
2025-10-16 09:29:34,814 [WARN] PackLoader:240 - Cannot read IP mode file for RealThread.X-CUBE-RT-Thread_Nano.4.1.1
2025-10-16 09:29:34,821 [WARN] PackLoader:240 - Cannot read IP mode file for STMicroelectronics.FP-ATR-SIGFOX1.3.2.0
2025-10-16 09:29:34,830 [WARN] PackLoader:240 - Cannot read IP mode file for ITTIA_DB.I-CUBE-ITTIADB.8.9.0
2025-10-16 09:29:34,846 [WARN] PackLoader:240 - Cannot read IP mode file for STMicroelectronics.X-CUBE-ST67W61.1.0.0
2025-10-16 09:29:34,852 [WARN] PackLoader:240 - Cannot read IP mode file for STMicroelectronics.X-CUBE-AI.10.2.0
2025-10-16 09:29:34,912 [WARN] PackLoader:240 - Cannot read IP mode file for SEGGER.I-CUBE-embOS.1.3.1
2025-10-16 09:29:35,130 [WARN] PackLoader:240 - Cannot read IP mode file for STMicroelectronics.X-CUBE-ALGOBUILD.1.4.0
2025-10-16 09:29:35,323 [WARN] PackLoader:240 - Cannot read IP mode file for STMicroelectronics.X-CUBE-MEMS1.11.3.0
2025-10-16 09:29:35,518 [INFO] WebApp:169 - Instantiating new browser for Auth
2025-10-16 09:29:35,668 [WARN] PackLoader:240 - Cannot read IP mode file for STMicroelectronics.X-CUBE-PM33A1.1.0.0
2025-10-16 09:29:35,701 [WARN] PackLoader:240 - Cannot read IP mode file for STMicroelectronics.X-CUBE-AZRTOS-F4.1.1.0
2025-10-16 09:29:35,708 [WARN] PackLoader:240 - Cannot read IP mode file for Avnet-IotConnect.X-CUBE-IoTC-DA16k-PMOD.1.0.0
2025-10-16 09:29:35,713 [WARN] PackLoader:240 - Cannot read IP mode file for STMicroelectronics.X-CUBE-ISPU.2.1.0
2025-10-16 09:29:35,721 [ERROR] Engine:466 - C:\Users\DELL\.stm32cubemx\thirdparties\pdsc\STMicroelectronics.X-CUBE-IPS.3.2.0.pdsc: PDSC version is not supported
2025-10-16 09:29:35,729 [WARN] PackLoader:240 - Cannot read IP mode file for STMicroelectronics.X-CUBE-NFC12.1.0.0
2025-10-16 09:29:35,752 [WARN] PackLoader:240 - Cannot read IP mode file for STMicroelectronics.X-CUBE-AZRTOS-L5.2.0.0
2025-10-16 09:29:35,795 [WARN] PackLoader:240 - Cannot read IP mode file for STMicroelectronics.X-CUBE-NFC6.3.1.0
2025-10-16 09:29:35,806 [WARN] PackLoader:240 - Cannot read IP mode file for STMicroelectronics.X-CUBE-FREERTOS.1.3.1
2025-10-16 09:29:35,814 [WARN] PackLoader:240 - Cannot read IP mode file for STMicroelectronics.X-CUBE-TOUCHGFX.4.26.0
2025-10-16 09:29:35,820 [WARN] PackLoader:240 - Cannot read IP mode file for STMicroelectronics.FP-SNS-STAIOTCFT.1.0.0
2025-10-16 09:29:35,828 [WARN] PackLoader:240 - Cannot read IP mode file for STMicroelectronics.X-CUBE-DPower.1.3.0
2025-10-16 09:29:35,851 [WARN] ConditionMgr:438 - getConditionDescription Invalid condition id : LAN8742 Phy interface Condition cause : null
2025-10-16 09:29:35,852 [WARN] PackLoader:240 - Cannot read IP mode file for STMicroelectronics.X-CUBE-AZRTOS-L4.2.0.0
2025-10-16 09:29:35,853 [WARN] ConditionMgr:1044 - genDependencies : Invalid condition id : LAN8742 Phy interface Condition cause : null
2025-10-16 09:29:35,854 [WARN] ConditionMgr:1044 - genDependencies : Invalid condition id : LAN8742 Phy interface Condition cause : null
2025-10-16 09:29:35,854 [WARN] ConditionMgr:1044 - genDependencies : Invalid condition id : LAN8742 Phy interface Condition cause : null
2025-10-16 09:29:35,865 [WARN] PackLoader:240 - Cannot read IP mode file for STMicroelectronics.X-CUBE-SFXS2LP1.4.0.0
2025-10-16 09:29:35,880 [WARN] PackLoader:240 - Cannot read IP mode file for STMicroelectronics.X-CUBE-BLEMGR.4.1.0
2025-10-16 09:29:35,926 [WARN] ConditionMgr:438 - getConditionDescription Invalid condition id : UX DEVICE CLASS RTOS Condition cause : null
2025-10-16 09:29:35,927 [WARN] ConditionMgr:438 - getConditionDescription Invalid condition id : UX DEVICE CLASS RTOS Condition cause : null
2025-10-16 09:29:35,930 [WARN] PackLoader:240 - Cannot read IP mode file for STMicroelectronics.X-CUBE-AZRTOS-WB.2.0.0
2025-10-16 09:29:35,931 [WARN] ConditionMgr:1044 - genDependencies : Invalid condition id : UX DEVICE CLASS RTOS Condition cause : null
2025-10-16 09:29:35,932 [WARN] ConditionMgr:1044 - genDependencies : Invalid condition id : UX DEVICE CLASS RTOS Condition cause : null
2025-10-16 09:29:35,932 [WARN] ConditionMgr:1044 - genDependencies : Invalid condition id : UX DEVICE CLASS RTOS Condition cause : null
2025-10-16 09:29:35,932 [WARN] ConditionMgr:1044 - genDependencies : Invalid condition id : UX DEVICE CLASS RTOS Condition cause : null
2025-10-16 09:29:35,932 [WARN] ConditionMgr:1044 - genDependencies : Invalid condition id : UX DEVICE CLASS RTOS Condition cause : null
2025-10-16 09:29:35,941 [WARN] PackLoader:240 - Cannot read IP mode file for STMicroelectronics.X-CUBE-GNSS1.7.0.1
2025-10-16 09:29:35,946 [WARN] PackLoader:240 - Cannot read IP mode file for STMicroelectronics.X-CUBE-TOUCHGFX.4.25.0
2025-10-16 09:29:35,953 [WARN] ConditionMgr:438 - getConditionDescription Invalid condition id : Cortex-A Device cause : null
2025-10-16 09:29:35,967 [WARN] ConditionMgr:1044 - genDependencies : Invalid condition id : Cortex-A Device cause : null
2025-10-16 09:29:35,967 [WARN] ConditionMgr:1044 - genDependencies : Invalid condition id : Cortex-A Device cause : null
2025-10-16 09:29:35,968 [WARN] ConditionMgr:1044 - genDependencies : Invalid condition id : Cortex-A Device cause : null
2025-10-16 09:29:35,982 [WARN] PackLoader:240 - Cannot read IP mode file for STMicroelectronics.X-CUBE-SUBG2.5.0.0
2025-10-16 09:29:36,012 [WARN] PackLoader:240 - Cannot read IP mode file for STMicroelectronics.X-CUBE-AZRTOS-H7RS.1.1.0
2025-10-16 09:29:36,058 [WARN] PackLoader:240 - Cannot read IP mode file for STMicroelectronics.X-CUBE-AZRTOS-G4.2.0.0
2025-10-16 09:29:36,065 [WARN] PackLoader:240 - Cannot read IP mode file for wolfSSL.I-CUBE-wolfSSH.1.4.20
2025-10-16 09:29:36,073 [WARN] PackLoader:240 - Cannot read IP mode file for STMicroelectronics.X-CUBE-NFC7.2.0.0
2025-10-16 09:29:36,094 [WARN] PackLoader:240 - Cannot read IP mode file for STMicroelectronics.X-CUBE-IPS.3.1.0
2025-10-16 09:29:36,108 [WARN] PackLoader:240 - Cannot read IP mode file for STMicroelectronics.X-CUBE-ALS.1.0.2
2025-10-16 09:29:36,118 [WARN] PackLoader:240 - Cannot read IP mode file for STMicroelectronics.X-CUBE-STSE01.1.0.0
2025-10-16 09:29:36,134 [WARN] PackLoader:240 - Cannot read IP mode file for STMicroelectronics.X-CUBE-TOF1.3.4.3
2025-10-16 09:29:36,150 [INFO] ThirdParty:978 - Integrity check success = true
2025-10-16 09:29:36,150 [INFO] IntegrityCheckThread:100 - exiting critical section [integrity check]
2025-10-16 09:29:36,150 [INFO] IntegrityCheckThread:103 - End integrity checks thread
2025-10-16 09:29:37,422 [INFO] WebApp:463 - Apply proxy settings
2025-10-16 09:29:37,422 [INFO] WebApp:548 - Chromium requires no authentication
2025-10-16 09:29:37,440 [INFO] WebApp:491 - Direct internet connection detected
2025-10-16 09:29:37,483 [INFO] WebApp:894 - Register for checkConnection events
2025-10-16 09:29:37,483 [INFO] WebApp:463 - Apply proxy settings
2025-10-16 09:29:37,483 [INFO] WebApp:548 - Chromium requires no authentication
2025-10-16 09:29:37,484 [INFO] WebApp:491 - Direct internet connection detected
2025-10-16 09:29:37,775 [INFO] WebApp:225 - Starting web application
2025-10-16 09:29:37,776 [INFO] WebApp:593 - Web application path used D:\Install\STM32CubeIDE_1.18.1\STM32CubeIDE\plugins\com.st.stm32cube.common.mx_6.14.1.202504091515\db\plugins\mcufinder\reactClient1\index.html
2025-10-16 09:29:38,034 [INFO] WebApp:191 - Connection restablished
2025-10-16 11:56:48,494 [INFO] WebApp:194 - Connection lost
2025-10-16 11:56:49,023 [INFO] WebApp:191 - Connection restablished
2025-10-16 12:15:13,782 [ERROR] LogOutputStream:75 - [STDERR_REDIRECT] 
2025-10-16 12:15:13,785 [ERROR] LogOutputStream:75 - [STDERR_REDIRECT] 
