2025-10-18 10:13:04,885 [ERROR] LogOutputStream:75 - [STDERR_REDIRECT] 
2025-10-18 10:13:04,899 [ERROR] LogOutputStream:75 - [STDERR_REDIRECT] 
2025-10-18 20:59:42,388 [INFO] Activator:176 - 


2025-10-18 20:59:42,391 [INFO] Activator:177 - !SESSION log4j initialized
2025-10-18 20:59:51,514 [INFO] LogOutputStream:77 - [STDOUT_REDIRECT] 
2025-10-18 20:59:53,421 [INFO] ApplicationProperties:184 - Using Application install path: D:\Install\STM32CubeIDE_1.18.1\STM32CubeIDE\plugins\com.st.stm32cube.common.mx_6.14.1.202504091515
2025-10-18 20:59:53,464 [INFO] DbMcusXml:78 - Set database path to: D:\Install\STM32CubeIDE_1.18.1\STM32CubeIDE\plugins\com.st.stm32cube.common.mx_6.14.1.202504091515\\db\/mcu/
2025-10-18 20:59:53,464 [INFO] ApiDb:274 - Set plugin database path to: D:\Install\STM32CubeIDE_1.18.1\STM32CubeIDE\plugins\com.st.stm32cube.common.mx_6.14.1.202504091515\\db\/plugins/boardmanager/
2025-10-18 20:59:53,465 [WARN] ApiDb:259 - Overriding images path with different value:  => D:\Install\STM32CubeIDE_1.18.1\STM32CubeIDE\plugins\com.st.stm32cube.common.mx_6.14.1.202504091515\\db\/plugins/mcufinder/images/
2025-10-18 20:59:53,486 [INFO] ApiDb:250 - Set database path to: C:\Users\DELL\.stmcufinder\plugins\mcufinder//mcu/
2025-10-18 20:59:53,488 [INFO] DbMcusAds:125 - Set database path to: C:\Users\DELL\.stmcufinder\plugins\mcufinder//mcu/
2025-10-18 20:59:53,492 [INFO] CrossReferenceDbSqlite:203 - Set database path to: C:\Users\DELL\.stmcufinder\plugins\mcufinder//mcu/cs/
2025-10-18 20:59:53,779 [INFO] RulesReader:64 - Compatibility file has been processed (302 Rules)
2025-10-18 20:59:53,950 [INFO] DbMcusXml:78 - Set database path to: D:\Install\STM32CubeIDE_1.18.1\STM32CubeIDE\plugins\com.st.stm32cube.common.mx_6.14.1.202504091515\\db\/mcu/
2025-10-18 20:59:53,950 [INFO] ApiDb:274 - Set plugin database path to: D:\Install\STM32CubeIDE_1.18.1\STM32CubeIDE\plugins\com.st.stm32cube.common.mx_6.14.1.202504091515\\db\/plugins/boardmanager/
2025-10-18 20:59:53,950 [INFO] ApiDb:261 - Set plugin images path to: D:\Install\STM32CubeIDE_1.18.1\STM32CubeIDE\plugins\com.st.stm32cube.common.mx_6.14.1.202504091515\\db\/plugins/mcufinder/images/
2025-10-18 20:59:53,951 [WARN] DbFile:41 - Overriding database path with different value: C:\Users\DELL\.stmcufinder\plugins\mcufinder/ => C:\Users\DELL\.stmcufinder\plugins\mcufinder
2025-10-18 20:59:53,951 [INFO] ApiDb:250 - Set database path to: C:\Users\DELL\.stmcufinder\plugins\mcufinder//mcu/
2025-10-18 20:59:53,951 [WARN] DbFile:41 - Overriding database path with different value: C:\Users\DELL\.stmcufinder\plugins\mcufinder/ => C:\Users\DELL\.stmcufinder\plugins\mcufinder
2025-10-18 20:59:53,952 [INFO] DbMcusAds:125 - Set database path to: C:\Users\DELL\.stmcufinder\plugins\mcufinder//mcu/
2025-10-18 20:59:53,952 [WARN] DbFile:41 - Overriding database path with different value: C:\Users\DELL\.stmcufinder\plugins\mcufinder/ => C:\Users\DELL\.stmcufinder\plugins\mcufinder
2025-10-18 20:59:53,952 [WARN] DbFile:41 - Overriding database path with different value: C:\Users\DELL\.stmcufinder\plugins\mcufinder/ => C:\Users\DELL\.stmcufinder\plugins\mcufinder
2025-10-18 20:59:53,952 [INFO] CrossReferenceDbSqlite:203 - Set database path to: C:\Users\DELL\.stmcufinder\plugins\mcufinder//mcu/cs/
2025-10-18 20:59:54,106 [INFO] MainPanel:272 - HeapMemory: 268435456
2025-10-18 20:59:54,389 [INFO] DbMcusXml:78 - Set database path to: D:\Install\STM32CubeIDE_1.18.1\STM32CubeIDE\plugins\com.st.stm32cube.common.mx_6.14.1.202504091515\\db\/mcu/
2025-10-18 20:59:54,389 [INFO] ApiDb:274 - Set plugin database path to: D:\Install\STM32CubeIDE_1.18.1\STM32CubeIDE\plugins\com.st.stm32cube.common.mx_6.14.1.202504091515\\db\/plugins/boardmanager/
2025-10-18 20:59:54,389 [INFO] ApiDb:261 - Set plugin images path to: D:\Install\STM32CubeIDE_1.18.1\STM32CubeIDE\plugins\com.st.stm32cube.common.mx_6.14.1.202504091515\\db\/plugins/mcufinder/images/
2025-10-18 20:59:54,390 [WARN] DbFile:41 - Overriding database path with different value: C:\Users\DELL\.stmcufinder\plugins\mcufinder/ => C:\Users\DELL\.stmcufinder\plugins\mcufinder
2025-10-18 20:59:54,390 [INFO] ApiDb:250 - Set database path to: C:\Users\DELL\.stmcufinder\plugins\mcufinder//mcu/
2025-10-18 20:59:54,391 [WARN] DbFile:41 - Overriding database path with different value: C:\Users\DELL\.stmcufinder\plugins\mcufinder/ => C:\Users\DELL\.stmcufinder\plugins\mcufinder
2025-10-18 20:59:54,391 [INFO] DbMcusAds:125 - Set database path to: C:\Users\DELL\.stmcufinder\plugins\mcufinder//mcu/
2025-10-18 20:59:54,391 [WARN] DbFile:41 - Overriding database path with different value: C:\Users\DELL\.stmcufinder\plugins\mcufinder/ => C:\Users\DELL\.stmcufinder\plugins\mcufinder
2025-10-18 20:59:54,391 [WARN] DbFile:41 - Overriding database path with different value: C:\Users\DELL\.stmcufinder\plugins\mcufinder/ => C:\Users\DELL\.stmcufinder\plugins\mcufinder
2025-10-18 20:59:54,391 [INFO] CrossReferenceDbSqlite:203 - Set database path to: C:\Users\DELL\.stmcufinder\plugins\mcufinder//mcu/cs/
2025-10-18 20:59:54,425 [INFO] ApplicationProperties:184 - Using Application install path: D:\Install\STM32CubeIDE_1.18.1\STM32CubeIDE\plugins\com.st.stm32cube.common.mx_6.14.1.202504091515
2025-10-18 20:59:54,428 [INFO] PluginManage:196 - Search for loadable plugins [exclusion list=, ]
2025-10-18 20:59:54,431 [INFO] PluginManage:310 - Check plugin analytics
2025-10-18 20:59:54,790 [INFO] AnalyticsPlugin:253 - Accepted Software Licenses: STM32CubeMX.6.14.1
2025-10-18 20:59:54,790 [INFO] AnalyticsPlugin:255 - Accepted CMSIS Pack Licenses: 
2025-10-18 20:59:54,791 [INFO] AnalyticsPlugin:257 - Accepted Firmware Licenses: FW.WL.1.3.0,FW.L4.1.18.0
2025-10-18 20:59:54,795 [INFO] PluginManage:359 - Loaded plugin analytics (category:tool,tabindex:-1)
2025-10-18 20:59:54,795 [INFO] PluginManage:310 - Check plugin cadmodel
2025-10-18 20:59:54,804 [INFO] CADModel:105 - Init CAD model plugin
2025-10-18 20:59:54,804 [INFO] PluginManage:359 - Loaded plugin cadmodel (category:power,tabindex:5)
2025-10-18 20:59:54,804 [INFO] PluginManage:310 - Check plugin clock
2025-10-18 20:59:54,820 [INFO] PluginManage:359 - Loaded plugin clock (category:base,tabindex:2)
2025-10-18 20:59:54,820 [INFO] PluginManage:310 - Check plugin ddr
2025-10-18 20:59:54,824 [INFO] PluginManage:359 - Loaded plugin ddr (category:tool,tabindex:6)
2025-10-18 20:59:54,824 [INFO] PluginManage:310 - Check plugin filemanager
2025-10-18 20:59:55,292 [INFO] PluginManage:359 - Loaded plugin filemanager (category:base,tabindex:10)
2025-10-18 20:59:55,293 [INFO] PluginManage:310 - Check plugin ipmanager
2025-10-18 20:59:55,304 [INFO] PluginManage:359 - Loaded plugin ipmanager (category:base,tabindex:5)
2025-10-18 20:59:55,305 [INFO] PluginManage:310 - Check plugin lpbam
2025-10-18 20:59:55,319 [INFO] PluginManage:359 - Loaded plugin lpbam (category:base,tabindex:0)
2025-10-18 20:59:55,319 [INFO] PluginManage:310 - Check plugin memorymap
2025-10-18 20:59:55,347 [INFO] PluginManage:359 - Loaded plugin memorymap (category:base,tabindex:4)
2025-10-18 20:59:55,348 [INFO] PluginManage:310 - Check plugin pinoutandconfiguration
2025-10-18 20:59:55,414 [INFO] PluginManage:359 - Loaded plugin pinoutandconfiguration (category:base,tabindex:1)
2025-10-18 20:59:55,415 [INFO] PluginManage:310 - Check plugin pinoutconfig
2025-10-18 20:59:55,595 [WARN] SupportedApi:132 - Cannot load RTOS API schema: s4s-elt-must-match.1: The content of 'definitions' must match (annotation?, (simpleType | complexType)?, (unique | key | keyref)*)). A problem was found starting at: attribute.
2025-10-18 20:59:55,869 [INFO] PluginManage:359 - Loaded plugin pinoutconfig (category:base,tabindex:0)
2025-10-18 20:59:55,869 [INFO] PluginManage:310 - Check plugin power
2025-10-18 20:59:55,893 [INFO] PluginManage:359 - Loaded plugin power (category:power,tabindex:4)
2025-10-18 20:59:55,893 [INFO] PluginManage:310 - Check plugin projectmanager
2025-10-18 20:59:55,940 [INFO] PluginManage:359 - Loaded plugin projectmanager (category:projectmanager,tabindex:4)
2025-10-18 20:59:55,941 [INFO] PluginManage:310 - Check plugin rif
2025-10-18 20:59:55,971 [INFO] PluginManage:359 - Loaded plugin rif (category:base,tabindex:3)
2025-10-18 20:59:55,972 [INFO] PluginManage:310 - Check plugin thirdparty
2025-10-18 20:59:56,360 [INFO] PluginManage:359 - Loaded plugin thirdparty (category:base,tabindex:-1)
2025-10-18 20:59:56,361 [INFO] PluginManage:310 - Check plugin tools
2025-10-18 20:59:56,365 [INFO] PluginManage:359 - Loaded plugin tools (category:base,tabindex:7)
2025-10-18 20:59:56,366 [WARN] IntegrityCheckThread:84 - waiting for thirdparty lock release [integrity check]
2025-10-18 20:59:56,366 [INFO] PluginManage:310 - Check plugin tutovideos
2025-10-18 20:59:56,366 [INFO] IntegrityCheckThread:86 - entering critical section [integrity check]
2025-10-18 20:59:56,366 [INFO] ThirdPartyUpdaterWithRetryManager:70 - Updater plugin not ready yet. [1/15]
2025-10-18 20:59:56,642 [INFO] PluginManage:359 - Loaded plugin tutovideos (category:base,tabindex:-1)
2025-10-18 20:59:56,643 [INFO] PluginManage:310 - Check plugin updater
2025-10-18 20:59:56,676 [INFO] PluginManage:359 - Loaded plugin updater (category:base,tabindex:12)
2025-10-18 20:59:56,676 [INFO] PluginManage:310 - Check plugin userauth
2025-10-18 20:59:56,681 [INFO] UserAuth:118 - Init User Auth plugin
2025-10-18 20:59:56,682 [INFO] PluginManage:359 - Loaded plugin userauth (category:base,tabindex:14)
2025-10-18 20:59:56,683 [INFO] PluginManage:283 - PluginManage : Loaded plugins [18]
2025-10-18 20:59:57,018 [INFO] PinOutPanel:1589 - setPackage(No Configuration,No Configuration)
2025-10-18 20:59:57,168 [INFO] CADModel:165 - CPN selected for project level
2025-10-18 20:59:57,168 [INFO] CADModel:114 - Register for checkConnection events
2025-10-18 20:59:57,196 [INFO] IPUIPlugin:80 - create IPUIPlugin
2025-10-18 20:59:57,196 [INFO] PluginManager:220 - loadIPPluginJar : add adc
2025-10-18 20:59:57,200 [INFO] IPUIPlugin:80 - create IPUIPlugin
2025-10-18 20:59:57,201 [INFO] PluginManager:220 - loadIPPluginJar : add aes
2025-10-18 20:59:57,204 [INFO] IPUIPlugin:80 - create IPUIPlugin
2025-10-18 20:59:57,205 [INFO] PluginManager:220 - loadIPPluginJar : add can
2025-10-18 20:59:57,207 [INFO] IPUIPlugin:80 - create IPUIPlugin
2025-10-18 20:59:57,207 [INFO] PluginManager:220 - loadIPPluginJar : add comp
2025-10-18 20:59:57,210 [INFO] IPUIPlugin:80 - create IPUIPlugin
2025-10-18 20:59:57,211 [INFO] PluginManager:220 - loadIPPluginJar : add cryp
2025-10-18 20:59:57,216 [INFO] IPUIPlugin:80 - create IPUIPlugin
2025-10-18 20:59:57,216 [INFO] PluginManager:220 - loadIPPluginJar : add ddr_ctrl_phy
2025-10-18 20:59:57,221 [INFO] IPUIPlugin:80 - create IPUIPlugin
2025-10-18 20:59:57,221 [INFO] PluginManager:220 - loadIPPluginJar : add dfsdm
2025-10-18 20:59:57,229 [INFO] IPUIPlugin:80 - create IPUIPlugin
2025-10-18 20:59:57,230 [INFO] PluginManager:220 - loadIPPluginJar : add dma
2025-10-18 20:59:57,234 [INFO] IPUIPlugin:80 - create IPUIPlugin
2025-10-18 20:59:57,234 [INFO] PluginManager:220 - loadIPPluginJar : add dma3
2025-10-18 20:59:57,238 [INFO] IPUIPlugin:80 - create IPUIPlugin
2025-10-18 20:59:57,239 [INFO] PluginManager:220 - loadIPPluginJar : add extmemmanager
2025-10-18 20:59:57,240 [INFO] IPUIPlugin:80 - create IPUIPlugin
2025-10-18 20:59:57,240 [INFO] PluginManager:220 - loadIPPluginJar : add fatfs
2025-10-18 20:59:57,246 [INFO] IPUIPlugin:80 - create IPUIPlugin
2025-10-18 20:59:57,246 [INFO] PluginManager:220 - loadIPPluginJar : add fmc
2025-10-18 20:59:57,254 [INFO] IPUIPlugin:80 - create IPUIPlugin
2025-10-18 20:59:57,255 [INFO] PluginManager:220 - loadIPPluginJar : add freertos
2025-10-18 20:59:57,257 [INFO] IPUIPlugin:80 - create IPUIPlugin
2025-10-18 20:59:57,257 [INFO] PluginManager:220 - loadIPPluginJar : add genericplugin
2025-10-18 20:59:57,260 [INFO] IPUIPlugin:80 - create IPUIPlugin
2025-10-18 20:59:57,260 [INFO] PluginManager:220 - loadIPPluginJar : add gfxmmu
2025-10-18 20:59:57,267 [INFO] IPUIPlugin:80 - create IPUIPlugin
2025-10-18 20:59:57,268 [INFO] PluginManager:220 - loadIPPluginJar : add gic
2025-10-18 20:59:57,273 [INFO] IPUIPlugin:80 - create IPUIPlugin
2025-10-18 20:59:57,273 [INFO] PluginManager:220 - loadIPPluginJar : add gpio
2025-10-18 20:59:57,277 [INFO] IPUIPlugin:80 - create IPUIPlugin
2025-10-18 20:59:57,277 [INFO] PluginManager:220 - loadIPPluginJar : add gtzc
2025-10-18 20:59:57,281 [INFO] IPUIPlugin:80 - create IPUIPlugin
2025-10-18 20:59:57,281 [INFO] PluginManager:220 - loadIPPluginJar : add hash
2025-10-18 20:59:57,284 [INFO] IPUIPlugin:80 - create IPUIPlugin
2025-10-18 20:59:57,285 [INFO] PluginManager:220 - loadIPPluginJar : add i2c
2025-10-18 20:59:57,288 [INFO] IPUIPlugin:80 - create IPUIPlugin
2025-10-18 20:59:57,288 [INFO] PluginManager:220 - loadIPPluginJar : add i2s
2025-10-18 20:59:57,292 [INFO] IPUIPlugin:80 - create IPUIPlugin
2025-10-18 20:59:57,292 [INFO] PluginManager:220 - loadIPPluginJar : add i3c
2025-10-18 20:59:57,297 [INFO] IPUIPlugin:80 - create IPUIPlugin
2025-10-18 20:59:57,297 [INFO] PluginManager:220 - loadIPPluginJar : add ipddr
2025-10-18 20:59:57,306 [INFO] IPUIPlugin:80 - create IPUIPlugin
2025-10-18 20:59:57,307 [INFO] PluginManager:220 - loadIPPluginJar : add linkedlist
2025-10-18 20:59:57,312 [INFO] IPUIPlugin:80 - create IPUIPlugin
2025-10-18 20:59:57,312 [INFO] PluginManager:220 - loadIPPluginJar : add lorawan
2025-10-18 20:59:57,315 [INFO] IPUIPlugin:80 - create IPUIPlugin
2025-10-18 20:59:57,315 [INFO] PluginManager:220 - loadIPPluginJar : add ltdc
2025-10-18 20:59:57,324 [INFO] IPUIPlugin:80 - create IPUIPlugin
2025-10-18 20:59:57,324 [INFO] PluginManager:220 - loadIPPluginJar : add mdma
2025-10-18 20:59:57,331 [INFO] IPUIPlugin:80 - create IPUIPlugin
2025-10-18 20:59:57,332 [INFO] PluginManager:220 - loadIPPluginJar : add nvic
2025-10-18 20:59:57,337 [INFO] IPUIPlugin:80 - create IPUIPlugin
2025-10-18 20:59:57,338 [INFO] PluginManager:220 - loadIPPluginJar : add opamp
2025-10-18 20:59:57,343 [INFO] IPUIPlugin:80 - create IPUIPlugin
2025-10-18 20:59:57,343 [INFO] PluginManager:220 - loadIPPluginJar : add openamp
2025-10-18 20:59:57,347 [INFO] IPUIPlugin:80 - create IPUIPlugin
2025-10-18 20:59:57,347 [INFO] PluginManager:220 - loadIPPluginJar : add pdm2pcm
2025-10-18 20:59:57,354 [INFO] IPUIPlugin:80 - create IPUIPlugin
2025-10-18 20:59:57,357 [INFO] PluginManager:220 - loadIPPluginJar : add plateformsettings
2025-10-18 20:59:57,360 [INFO] IPUIPlugin:80 - create IPUIPlugin
2025-10-18 20:59:57,361 [INFO] PluginManager:220 - loadIPPluginJar : add quadspi
2025-10-18 20:59:57,363 [INFO] IPUIPlugin:80 - create IPUIPlugin
2025-10-18 20:59:57,364 [INFO] PluginManager:220 - loadIPPluginJar : add radio
2025-10-18 20:59:57,370 [INFO] IPUIPlugin:80 - create IPUIPlugin
2025-10-18 20:59:57,370 [INFO] PluginManager:220 - loadIPPluginJar : add resmgrutility
2025-10-18 20:59:57,376 [INFO] IPUIPlugin:80 - create IPUIPlugin
2025-10-18 20:59:57,376 [INFO] PluginManager:220 - loadIPPluginJar : add sai
2025-10-18 20:59:57,380 [INFO] IPUIPlugin:80 - create IPUIPlugin
2025-10-18 20:59:57,380 [INFO] PluginManager:220 - loadIPPluginJar : add spi
2025-10-18 20:59:57,389 [INFO] IPUIPlugin:80 - create IPUIPlugin
2025-10-18 20:59:57,389 [INFO] PluginManager:220 - loadIPPluginJar : add stm32_wpan
2025-10-18 20:59:57,392 [INFO] IPUIPlugin:80 - create IPUIPlugin
2025-10-18 20:59:57,392 [INFO] PluginManager:220 - loadIPPluginJar : add tim
2025-10-18 20:59:57,397 [INFO] IPUIPlugin:80 - create IPUIPlugin
2025-10-18 20:59:57,398 [INFO] PluginManager:220 - loadIPPluginJar : add touchsensing
2025-10-18 20:59:57,401 [INFO] IPUIPlugin:80 - create IPUIPlugin
2025-10-18 20:59:57,402 [INFO] PluginManager:220 - loadIPPluginJar : add tracer_emb
2025-10-18 20:59:57,405 [INFO] IPUIPlugin:80 - create IPUIPlugin
2025-10-18 20:59:57,405 [INFO] PluginManager:220 - loadIPPluginJar : add ts
2025-10-18 20:59:57,408 [INFO] IPUIPlugin:80 - create IPUIPlugin
2025-10-18 20:59:57,408 [INFO] PluginManager:220 - loadIPPluginJar : add tsc
2025-10-18 20:59:57,411 [INFO] IPUIPlugin:80 - create IPUIPlugin
2025-10-18 20:59:57,411 [INFO] PluginManager:220 - loadIPPluginJar : add ucpd
2025-10-18 20:59:57,415 [INFO] IPUIPlugin:80 - create IPUIPlugin
2025-10-18 20:59:57,415 [INFO] PluginManager:220 - loadIPPluginJar : add usart
2025-10-18 20:59:57,420 [INFO] IPUIPlugin:80 - create IPUIPlugin
2025-10-18 20:59:57,420 [INFO] PluginManager:220 - loadIPPluginJar : add usbx
2025-10-18 20:59:57,579 [FATAL] Updater:351 - Updater called before beeing initialized
2025-10-18 20:59:57,644 [INFO] RulesReader:64 - Compatibility file has been processed (302 Rules)
2025-10-18 20:59:57,660 [INFO] RulesReader:64 - Compatibility file has been processed (302 Rules)
2025-10-18 20:59:57,670 [INFO] CADModel:165 - CPN selected for project level
2025-10-18 20:59:57,670 [INFO] CADModel:114 - Register for checkConnection events
2025-10-18 20:59:57,670 [FATAL] Updater:351 - Updater called before beeing initialized
2025-10-18 20:59:57,670 [ERROR] CADModel:125 - Updater not yet initialized, retry later 
2025-10-18 20:59:57,874 [FATAL] Updater:351 - Updater called before beeing initialized
2025-10-18 20:59:57,876 [INFO] CADModel:165 - CPN selected for project level
2025-10-18 20:59:57,877 [INFO] CADModel:114 - Register for checkConnection events
2025-10-18 20:59:57,877 [FATAL] Updater:351 - Updater called before beeing initialized
2025-10-18 20:59:57,877 [ERROR] CADModel:125 - Updater not yet initialized, retry later 
2025-10-18 20:59:57,882 [FATAL] Updater:351 - Updater called before beeing initialized
2025-10-18 20:59:58,048 [FATAL] Updater:351 - Updater called before beeing initialized
2025-10-18 20:59:58,054 [INFO] DbMcusAds:53 - JSON generation date=Thu Oct 02 14:36:05 PKT 2025 (1759397765645)
2025-10-18 20:59:58,055 [FATAL] Updater:351 - Updater called before beeing initialized
2025-10-18 20:59:58,108 [WARN] DetailPanel:346 - Failed to get advertising image, set to default
2025-10-18 20:59:58,476 [FATAL] Updater:351 - Updater called before beeing initialized
2025-10-18 20:59:58,480 [FATAL] Updater:351 - Updater called before beeing initialized
2025-10-18 20:59:58,480 [FATAL] Updater:351 - Updater called before beeing initialized
2025-10-18 20:59:58,480 [WARN] DetailPanel:346 - Failed to get advertising image, set to default
2025-10-18 20:59:58,481 [FATAL] Updater:351 - Updater called before beeing initialized
2025-10-18 20:59:58,560 [ERROR] Updater:1198 - MainUpdater not yet initialized. External WinMGr cannot be set.
2025-10-18 20:59:58,563 [INFO] Updater:1134 - Updater Version found : 6.14.1
2025-10-18 20:59:58,594 [INFO] ApplicationProperties:184 - Using Application install path: D:\Install\STM32CubeIDE_1.18.1\STM32CubeIDE\plugins\com.st.stm32cube.common.mx_6.14.1.202504091515
2025-10-18 20:59:59,368 [INFO] ThirdPartyUpdaterWithRetryManager:70 - Updater plugin not ready yet. [2/15]
2025-10-18 21:00:00,179 [ERROR] LogOutputStream:75 - [STDERR_REDIRECT] Oct 18, 2025 9:00:00 PM java.util.prefs.WindowsPreferences <init>
2025-10-18 21:00:00,182 [ERROR] LogOutputStream:75 - [STDERR_REDIRECT] WARNING: Could not open/create prefs root node Software\JavaSoft\Prefs at root 0xffffffff80000002. Windows RegCreateKeyEx(...) returned error code 5.
2025-10-18 21:00:00,182 [ERROR] LogOutputStream:75 - [STDERR_REDIRECT] 
2025-10-18 21:00:00,990 [INFO] MainUpdater:2872 - connection check result : 10
2025-10-18 21:00:00,991 [INFO] MainUpdater:289 - Updater Check For Update Now.
2025-10-18 21:00:00,991 [INFO] MicroXplorer:498 - Change Database Version : DB.6.0.141
2025-10-18 21:00:01,002 [INFO] McuFinderGlobals:63 - Set McuFinder mode to 2 (CubeIDE integrated)
2025-10-18 21:00:01,003 [INFO] UserAuth:171 - activating auth plugin
2025-10-18 21:00:01,008 [INFO] UserAuth:484 - Internet connection configuration mode: 1
2025-10-18 21:00:01,068 [INFO] JxBrowserEngine:152 - Initiate JxBrowser Engine with user profile folder
2025-10-18 21:00:01,267 [INFO] CheckServerUpdateThread:120 - End of CheckServer Thread
2025-10-18 21:00:02,696 [WARN] PackLoader:240 - Cannot read IP mode file for STMicroelectronics.FP-SNS-MOTENVWB1.1.4.0
2025-10-18 21:00:02,710 [WARN] PackLoader:240 - Cannot read IP mode file for STMicroelectronics.FP-ATR-ASTRA1.2.0.2
2025-10-18 21:00:02,727 [WARN] PackLoader:240 - Cannot read IP mode file for STMicroelectronics.X-CUBE-SMBUS.2.1.0
2025-10-18 21:00:02,734 [WARN] PackLoader:240 - Cannot read IP mode file for STMicroelectronics.X-CUBE-ST60.1.0.0
2025-10-18 21:00:02,787 [WARN] PackLoader:240 - Cannot read IP mode file for STMicroelectronics.X-CUBE-AZRTOS-F7.1.1.0
2025-10-18 21:00:02,814 [WARN] PackLoader:240 - Cannot read IP mode file for Cesanta.I-CUBE-Mongoose.7.19.0
2025-10-18 21:00:02,821 [ERROR] Engine:466 - C:\Users\DELL\.stm32cubemx\thirdparties\pdsc\WES.I-CUBE-Cesium.1.4.0.pdsc: PDSC version is not supported
2025-10-18 21:00:02,862 [WARN] PackLoader:240 - Cannot read IP mode file for Infineon.AIROC-Wi-Fi-Bluetooth-STM32.1.7.1
2025-10-18 21:00:02,928 [WARN] PackLoader:240 - Cannot read IP mode file for STMicroelectronics.X-CUBE-AZRTOS-H7.3.4.0
2025-10-18 21:00:02,947 [WARN] PackLoader:240 - Cannot read IP mode file for STMicroelectronics.X-CUBE-DISPLAY.3.0.0
2025-10-18 21:00:02,972 [WARN] PackLoader:240 - Cannot read IP mode file for STMicroelectronics.X-CUBE-NFC10.1.0.0
2025-10-18 21:00:02,981 [WARN] PackLoader:240 - Cannot read IP mode file for emotas.I-CUBE-CANOPEN.1.3.0
2025-10-18 21:00:02,987 [ERROR] Engine:466 - C:\Users\DELL\.stm32cubemx\thirdparties\pdsc\STMicroelectronics.FP-SNS-STBOX1.2.1.0.pdsc: PDSC version is not supported
2025-10-18 21:00:02,993 [WARN] PackLoader:240 - Cannot read IP mode file for STMicroelectronics.FP-SNS-SMARTAG2.1.2.0
2025-10-18 21:00:03,057 [WARN] PackLoader:240 - Cannot read IP mode file for STMicroelectronics.FP-SNS-FLIGHT1.5.1.0
2025-10-18 21:00:03,091 [INFO] LogOutputStream:77 - [STDOUT_REDIRECT] 1 : Invalid condition id : UX_CORESTACK_Condition cause : null
2025-10-18 21:00:03,092 [INFO] LogOutputStream:77 - [STDOUT_REDIRECT] 1 : Invalid condition id : UX_CORESTACK_Condition cause : null
2025-10-18 21:00:03,098 [INFO] LogOutputStream:77 - [STDOUT_REDIRECT] 1 : Invalid condition id : UX_CORESTACK_Condition cause : null
2025-10-18 21:00:03,101 [INFO] LogOutputStream:77 - [STDOUT_REDIRECT] 1 : Invalid condition id : UX_CORESTACK_Condition cause : null
2025-10-18 21:00:03,103 [INFO] LogOutputStream:77 - [STDOUT_REDIRECT] 1 : Invalid condition id : UX_CORESTACK_Condition cause : null
2025-10-18 21:00:03,151 [WARN] PackLoader:240 - Cannot read IP mode file for STMicroelectronics.X-CUBE-AZRTOS-WL.2.0.0
2025-10-18 21:00:03,189 [WARN] PackLoader:240 - Cannot read IP mode file for STMicroelectronics.FP-SNS-MOTENV1.5.0.0
2025-10-18 21:00:03,203 [WARN] PackLoader:240 - Cannot read IP mode file for STMicroelectronics.X-CUBE-BLE2.3.3.0
2025-10-18 21:00:03,212 [WARN] PackLoader:240 - Cannot read IP mode file for STMicroelectronics.X-CUBE-NFC9.1.0.0
2025-10-18 21:00:03,220 [WARN] PackLoader:240 - Cannot read IP mode file for wolfSSL.I-CUBE-wolfSSL.5.8.2
2025-10-18 21:00:03,227 [WARN] PackLoader:240 - Cannot read IP mode file for STMicroelectronics.X-CUBE-BLE1.7.1.0
2025-10-18 21:00:03,231 [WARN] PackLoader:240 - Cannot read IP mode file for wolfSSL.I-CUBE-wolfMQTT.1.19.2
2025-10-18 21:00:03,239 [WARN] PackLoader:240 - Cannot read IP mode file for STMicroelectronics.X-CUBE-EEPRMA1.5.2.0
2025-10-18 21:00:03,246 [ERROR] Engine:466 - C:\Users\DELL\.stm32cubemx\thirdparties\pdsc\STMicroelectronics.X-CUBE-ST67W61.1.1.0.pdsc: PDSC version is not supported
2025-10-18 21:00:03,275 [WARN] PackLoader:240 - Cannot read IP mode file for STMicroelectronics.X-CUBE-AZRTOS-G0.1.1.0
2025-10-18 21:00:03,339 [WARN] PackLoader:240 - Cannot read IP mode file for STMicroelectronics.X-CUBE-SAFEA1.1.2.2
2025-10-18 21:00:03,357 [WARN] PackLoader:240 - Cannot read IP mode file for STMicroelectronics.X-CUBE-NFC4.3.0.0
2025-10-18 21:00:03,370 [WARN] PackLoader:240 - Cannot read IP mode file for EmbeddedOffice.I-CUBE-FS-RTOS.1.0.1
2025-10-18 21:00:03,377 [WARN] PackLoader:240 - Cannot read IP mode file for STMicroelectronics.X-CUBE-WB05N.2.0.0
2025-10-18 21:00:03,382 [WARN] PackLoader:240 - Cannot read IP mode file for wolfSSL.I-CUBE-wolfTPM.3.8.0
2025-10-18 21:00:03,389 [WARN] PackLoader:240 - Cannot read IP mode file for STMicroelectronics.X-CUBE-TCPP.4.2.0
2025-10-18 21:00:03,401 [WARN] PackLoader:240 - Cannot read IP mode file for RealThread.X-CUBE-RT-Thread_Nano.4.1.1
2025-10-18 21:00:03,414 [WARN] PackLoader:240 - Cannot read IP mode file for STMicroelectronics.FP-ATR-SIGFOX1.3.2.0
2025-10-18 21:00:03,423 [WARN] PackLoader:240 - Cannot read IP mode file for ITTIA_DB.I-CUBE-ITTIADB.8.9.0
2025-10-18 21:00:03,432 [WARN] PackLoader:240 - Cannot read IP mode file for STMicroelectronics.X-CUBE-ST67W61.1.0.0
2025-10-18 21:00:03,439 [WARN] PackLoader:240 - Cannot read IP mode file for STMicroelectronics.X-CUBE-AI.10.2.0
2025-10-18 21:00:03,500 [WARN] PackLoader:240 - Cannot read IP mode file for SEGGER.I-CUBE-embOS.1.3.1
2025-10-18 21:00:03,577 [WARN] PackLoader:240 - Cannot read IP mode file for STMicroelectronics.X-CUBE-ALGOBUILD.1.4.0
2025-10-18 21:00:03,710 [WARN] PackLoader:240 - Cannot read IP mode file for STMicroelectronics.X-CUBE-MEMS1.11.3.0
2025-10-18 21:00:03,802 [INFO] WebApp:169 - Instantiating new browser for Auth
2025-10-18 21:00:03,986 [WARN] PackLoader:240 - Cannot read IP mode file for STMicroelectronics.X-CUBE-PM33A1.1.0.0
2025-10-18 21:00:04,037 [WARN] PackLoader:240 - Cannot read IP mode file for STMicroelectronics.X-CUBE-AZRTOS-F4.1.1.0
2025-10-18 21:00:04,044 [WARN] PackLoader:240 - Cannot read IP mode file for Avnet-IotConnect.X-CUBE-IoTC-DA16k-PMOD.1.0.0
2025-10-18 21:00:04,049 [WARN] PackLoader:240 - Cannot read IP mode file for STMicroelectronics.X-CUBE-ISPU.2.1.0
2025-10-18 21:00:04,057 [ERROR] Engine:466 - C:\Users\DELL\.stm32cubemx\thirdparties\pdsc\STMicroelectronics.X-CUBE-IPS.3.2.0.pdsc: PDSC version is not supported
2025-10-18 21:00:04,066 [WARN] PackLoader:240 - Cannot read IP mode file for STMicroelectronics.X-CUBE-NFC12.1.0.0
2025-10-18 21:00:04,093 [WARN] PackLoader:240 - Cannot read IP mode file for STMicroelectronics.X-CUBE-AZRTOS-L5.2.0.0
2025-10-18 21:00:04,106 [WARN] PackLoader:240 - Cannot read IP mode file for STMicroelectronics.X-CUBE-NFC6.3.1.0
2025-10-18 21:00:04,116 [WARN] PackLoader:240 - Cannot read IP mode file for STMicroelectronics.X-CUBE-FREERTOS.1.3.1
2025-10-18 21:00:04,151 [WARN] PackLoader:240 - Cannot read IP mode file for STMicroelectronics.X-CUBE-TOUCHGFX.4.26.0
2025-10-18 21:00:04,157 [WARN] PackLoader:240 - Cannot read IP mode file for STMicroelectronics.FP-SNS-STAIOTCFT.1.0.0
2025-10-18 21:00:04,164 [WARN] PackLoader:240 - Cannot read IP mode file for STMicroelectronics.X-CUBE-DPower.1.3.0
2025-10-18 21:00:04,187 [WARN] ConditionMgr:438 - getConditionDescription Invalid condition id : LAN8742 Phy interface Condition cause : null
2025-10-18 21:00:04,188 [WARN] PackLoader:240 - Cannot read IP mode file for STMicroelectronics.X-CUBE-AZRTOS-L4.2.0.0
2025-10-18 21:00:04,190 [WARN] ConditionMgr:1044 - genDependencies : Invalid condition id : LAN8742 Phy interface Condition cause : null
2025-10-18 21:00:04,191 [WARN] ConditionMgr:1044 - genDependencies : Invalid condition id : LAN8742 Phy interface Condition cause : null
2025-10-18 21:00:04,192 [WARN] ConditionMgr:1044 - genDependencies : Invalid condition id : LAN8742 Phy interface Condition cause : null
2025-10-18 21:00:04,201 [WARN] PackLoader:240 - Cannot read IP mode file for STMicroelectronics.X-CUBE-SFXS2LP1.4.0.0
2025-10-18 21:00:04,218 [WARN] PackLoader:240 - Cannot read IP mode file for STMicroelectronics.X-CUBE-BLEMGR.4.1.0
2025-10-18 21:00:04,274 [WARN] ConditionMgr:438 - getConditionDescription Invalid condition id : UX DEVICE CLASS RTOS Condition cause : null
2025-10-18 21:00:04,274 [WARN] ConditionMgr:438 - getConditionDescription Invalid condition id : UX DEVICE CLASS RTOS Condition cause : null
2025-10-18 21:00:04,277 [WARN] PackLoader:240 - Cannot read IP mode file for STMicroelectronics.X-CUBE-AZRTOS-WB.2.0.0
2025-10-18 21:00:04,278 [WARN] ConditionMgr:1044 - genDependencies : Invalid condition id : UX DEVICE CLASS RTOS Condition cause : null
2025-10-18 21:00:04,278 [WARN] ConditionMgr:1044 - genDependencies : Invalid condition id : UX DEVICE CLASS RTOS Condition cause : null
2025-10-18 21:00:04,279 [WARN] ConditionMgr:1044 - genDependencies : Invalid condition id : UX DEVICE CLASS RTOS Condition cause : null
2025-10-18 21:00:04,279 [WARN] ConditionMgr:1044 - genDependencies : Invalid condition id : UX DEVICE CLASS RTOS Condition cause : null
2025-10-18 21:00:04,279 [WARN] ConditionMgr:1044 - genDependencies : Invalid condition id : UX DEVICE CLASS RTOS Condition cause : null
2025-10-18 21:00:04,323 [WARN] PackLoader:240 - Cannot read IP mode file for STMicroelectronics.X-CUBE-GNSS1.7.0.1
2025-10-18 21:00:04,333 [WARN] PackLoader:240 - Cannot read IP mode file for STMicroelectronics.X-CUBE-TOUCHGFX.4.25.0
2025-10-18 21:00:04,355 [WARN] ConditionMgr:438 - getConditionDescription Invalid condition id : Cortex-A Device cause : null
2025-10-18 21:00:04,378 [WARN] ConditionMgr:1044 - genDependencies : Invalid condition id : Cortex-A Device cause : null
2025-10-18 21:00:04,379 [WARN] ConditionMgr:1044 - genDependencies : Invalid condition id : Cortex-A Device cause : null
2025-10-18 21:00:04,379 [WARN] ConditionMgr:1044 - genDependencies : Invalid condition id : Cortex-A Device cause : null
2025-10-18 21:00:04,390 [WARN] PackLoader:240 - Cannot read IP mode file for STMicroelectronics.X-CUBE-SUBG2.5.0.0
2025-10-18 21:00:04,427 [WARN] PackLoader:240 - Cannot read IP mode file for STMicroelectronics.X-CUBE-AZRTOS-H7RS.1.1.0
2025-10-18 21:00:04,456 [WARN] PackLoader:240 - Cannot read IP mode file for STMicroelectronics.X-CUBE-AZRTOS-G4.2.0.0
2025-10-18 21:00:04,481 [WARN] PackLoader:240 - Cannot read IP mode file for wolfSSL.I-CUBE-wolfSSH.1.4.20
2025-10-18 21:00:04,486 [WARN] PackLoader:240 - Cannot read IP mode file for STMicroelectronics.X-CUBE-NFC7.2.0.0
2025-10-18 21:00:04,504 [WARN] PackLoader:240 - Cannot read IP mode file for STMicroelectronics.X-CUBE-IPS.3.1.0
2025-10-18 21:00:04,517 [WARN] PackLoader:240 - Cannot read IP mode file for STMicroelectronics.X-CUBE-ALS.1.0.2
2025-10-18 21:00:04,528 [WARN] PackLoader:240 - Cannot read IP mode file for STMicroelectronics.X-CUBE-STSE01.1.0.0
2025-10-18 21:00:04,548 [WARN] PackLoader:240 - Cannot read IP mode file for STMicroelectronics.X-CUBE-TOF1.3.4.3
2025-10-18 21:00:04,567 [INFO] ThirdParty:978 - Integrity check success = true
2025-10-18 21:00:04,567 [INFO] IntegrityCheckThread:100 - exiting critical section [integrity check]
2025-10-18 21:00:04,567 [INFO] IntegrityCheckThread:103 - End integrity checks thread
2025-10-18 21:00:06,151 [INFO] WebApp:463 - Apply proxy settings
2025-10-18 21:00:06,152 [INFO] WebApp:548 - Chromium requires no authentication
2025-10-18 21:00:06,177 [INFO] WebApp:491 - Direct internet connection detected
2025-10-18 21:00:06,227 [INFO] WebApp:894 - Register for checkConnection events
2025-10-18 21:00:06,227 [INFO] WebApp:463 - Apply proxy settings
2025-10-18 21:00:06,227 [INFO] WebApp:548 - Chromium requires no authentication
2025-10-18 21:00:06,228 [INFO] WebApp:491 - Direct internet connection detected
2025-10-18 21:00:06,538 [INFO] WebApp:225 - Starting web application
2025-10-18 21:00:06,538 [INFO] WebApp:593 - Web application path used D:\Install\STM32CubeIDE_1.18.1\STM32CubeIDE\plugins\com.st.stm32cube.common.mx_6.14.1.202504091515\db\plugins\mcufinder\reactClient1\index.html
2025-10-18 21:00:07,506 [INFO] WebApp:191 - Connection restablished
2025-10-18 21:30:53,857 [INFO] WebApp:194 - Connection lost
2025-10-18 21:31:10,894 [INFO] WebApp:191 - Connection restablished
2025-10-18 21:31:12,795 [INFO] WebApp:194 - Connection lost
2025-10-18 21:31:13,372 [INFO] WebApp:191 - Connection restablished
2025-10-18 21:31:15,281 [INFO] WebApp:194 - Connection lost
2025-10-18 21:31:15,563 [INFO] WebApp:191 - Connection restablished
2025-10-18 21:33:00,902 [INFO] WebApp:194 - Connection lost
2025-10-18 21:33:01,739 [INFO] WebApp:191 - Connection restablished
2025-10-18 23:02:10,372 [INFO] WebApp:194 - Connection lost
2025-10-18 23:02:10,638 [INFO] WebApp:191 - Connection restablished
2025-10-18 23:02:20,678 [ERROR] LogOutputStream:75 - [STDERR_REDIRECT] 
2025-10-18 23:02:20,696 [ERROR] LogOutputStream:75 - [STDERR_REDIRECT] 
